============================== Prover9 ===============================
Prover9 (64) version 2009-11A, November 2009.
Process 4419 was started by aidin12 on aidin12-HP-Pavilion-dv7-Notebook-PC,
Fri Sep 18 01:29:53 2020
The command was "/home/aidin12/macleod/Reasoning/prover9_bin/prover9 -t100 -f /home/aidin12/macleod/ontologies/after2/Axioms/conversions/P_axioms.all.p9".
============================== end of head ===========================

============================== INPUT =================================

% Reading from file /home/aidin12/macleod/ontologies/after2/Axioms/conversions/P_axioms.all.p9


formulas(assumptions).
(all x (x = null | P(x,x))).
(all x all y (-(P(x,y) & P(y,x)) | x = y)).
(all x all y all z (-(P(x,y) & P(y,z)) | P(x,z))).
(all x ((x != null | (all y (-P(y,x) & -P(x,y)))) & (-(all y (-P(y,x) & -P(x,y))) | x = null))).
end_of_list.

============================== end of input ==========================

% From the command line: assign(max_seconds, 100).

============================== PROCESS NON-CLAUSAL FORMULAS ==========

% Formulas that are not ordinary clauses:
1 (all x (x = null | P(x,x))) # label(non_clause).  [assumption].
2 (all x all y (-(P(x,y) & P(y,x)) | x = y)) # label(non_clause).  [assumption].
3 (all x all y all z (-(P(x,y) & P(y,z)) | P(x,z))) # label(non_clause).  [assumption].
4 (all x ((x != null | (all y (-P(y,x) & -P(x,y)))) & (-(all y (-P(y,x) & -P(x,y))) | x = null))) # label(non_clause).  [assumption].

============================== end of process non-clausal formulas ===

============================== PROCESS INITIAL CLAUSES ===============

% Clauses before input processing:

formulas(usable).
end_of_list.

formulas(sos).
null = x | P(x,x).  [clausify(1)].
-P(x,y) | -P(y,x) | y = x.  [clausify(2)].
-P(x,y) | -P(y,z) | P(x,z).  [clausify(3)].
null != x | -P(y,x).  [clausify(4)].
null != x | -P(x,y).  [clausify(4)].
P(f1(x),x) | P(x,f1(x)) | null = x.  [clausify(4)].
end_of_list.

formulas(demodulators).
end_of_list.

============================== PREDICATE ELIMINATION =================

No predicates eliminated.

============================== end predicate elimination =============

Auto_denials:  (non-Horn, no changes).

Term ordering decisions:
Predicate symbol precedence:  predicate_order([ =, P ]).
Function symbol precedence:  function_order([ null, f1 ]).
After inverse_order:  (no changes).
Unfolding symbols: (none).

Auto_inference settings:
  % set(paramodulation).  % (positive equality literals)
  % set(binary_resolution).  % (non-Horn)
  % set(neg_ur_resolution).  % (non-Horn, less than 100 clauses)

Auto_process settings:
  % set(factor).  % (non-Horn)
  % set(unit_deletion).  % (non-Horn)

kept:      5 null = x | P(x,x).  [clausify(1)].
kept:      6 -P(x,y) | -P(y,x) | y = x.  [clausify(2)].
kept:      7 -P(x,y) | -P(y,z) | P(x,z).  [clausify(3)].
kept:      8 null != x | -P(y,x).  [clausify(4)].
kept:      9 null != x | -P(x,y).  [clausify(4)].
kept:      10 P(f1(x),x) | P(x,f1(x)) | null = x.  [clausify(4)].

============================== end of process initial clauses ========

============================== CLAUSES FOR SEARCH ====================

% Clauses after input processing:

formulas(usable).
end_of_list.

formulas(sos).
5 null = x | P(x,x).  [clausify(1)].
6 -P(x,y) | -P(y,x) | y = x.  [clausify(2)].
7 -P(x,y) | -P(y,z) | P(x,z).  [clausify(3)].
8 null != x | -P(y,x).  [clausify(4)].
9 null != x | -P(x,y).  [clausify(4)].
10 P(f1(x),x) | P(x,f1(x)) | null = x.  [clausify(4)].
end_of_list.

formulas(demodulators).
end_of_list.

============================== end of clauses for search =============

============================== SEARCH ================================

% Starting search at 0.01 seconds.

given #1 (I,wt=6): 5 null = x | P(x,x).  [clausify(1)].

given #2 (I,wt=9): 6 -P(x,y) | -P(y,x) | y = x.  [clausify(2)].

given #3 (I,wt=9): 7 -P(x,y) | -P(y,z) | P(x,z).  [clausify(3)].

given #4 (I,wt=6): 8 null != x | -P(y,x).  [clausify(4)].

given #5 (I,wt=6): 9 null != x | -P(x,y).  [clausify(4)].

given #6 (I,wt=11): 10 P(f1(x),x) | P(x,f1(x)) | null = x.  [clausify(4)].

given #7 (A,wt=3): 11 -P(x,null).  [ur(8,a,xx)].

given #8 (F,wt=3): 12 -P(null,x).  [ur(9,a,xx)].

given #9 (T,wt=11): 13 P(x,f1(x)) | null = x | f1(x) != null.  [resolve(10,a,9,b),flip(c)].

given #10 (T,wt=14): 14 P(x,f1(x)) | null = x | -P(y,f1(x)) | P(y,x).  [resolve(10,a,7,b)].

given #11 (T,wt=14): 15 P(x,f1(x)) | null = x | -P(x,y) | P(f1(x),y).  [resolve(10,a,7,a)].

given #12 (T,wt=22): 16 P(x,f1(x)) | null = x | P(f1(f1(x)),x) | P(f1(x),f1(f1(x))) | f1(x) = null.  [resolve(14,c,10,a),flip(e)].

given #13 (A,wt=36): 17 P(x,f1(x)) | null = x | P(f1(x),f1(f1(x))) | f1(x) = null | P(f1(f1(x)),f1(f1(f1(x)))) | f1(f1(x)) = null | P(f1(f1(f1(x))),x).  [resolve(16,c,15,c),flip(f)].

given #14 (T,wt=22): 18 P(x,f1(x)) | null = x | P(f1(x),f1(f1(x))) | f1(x) = null | f1(f1(x)) != null.  [resolve(16,c,9,b),flip(e)].

given #15 (T,wt=25): 19 P(x,f1(x)) | null = x | P(f1(x),f1(f1(x))) | f1(x) = null | -P(y,f1(f1(x))) | P(y,x).  [resolve(16,c,7,b)].

given #16 (T,wt=25): 20 P(x,f1(x)) | null = x | P(f1(x),f1(f1(x))) | f1(x) = null | -P(x,y) | P(f1(f1(x)),y).  [resolve(16,c,7,a)].

given #17 (T,wt=36): 22 P(x,f1(x)) | null = x | P(f1(x),f1(f1(x))) | f1(x) = null | P(f1(f1(x)),f1(f1(f1(x)))) | f1(f1(x)) = null | f1(f1(f1(x))) != null.  [resolve(17,g,9,b),flip(g)].

given #18 (A,wt=53): 21 P(x,f1(x)) | null = x | P(f1(x),f1(f1(x))) | f1(x) = null | P(f1(f1(x)),f1(f1(f1(x)))) | f1(f1(x)) = null | P(f1(f1(f1(x))),f1(f1(f1(f1(x))))) | f1(f1(f1(x))) = null | P(f1(f1(f1(f1(x)))),x).  [resolve(17,g,15,c),flip(h)].

given #19 (T,wt=39): 23 P(x,f1(x)) | null = x | P(f1(x),f1(f1(x))) | f1(x) = null | P(f1(f1(x)),f1(f1(f1(x)))) | f1(f1(x)) = null | -P(y,f1(f1(f1(x)))) | P(y,x).  [resolve(17,g,7,b)].

given #20 (T,wt=39): 24 P(x,f1(x)) | null = x | P(f1(x),f1(f1(x))) | f1(x) = null | P(f1(f1(x)),f1(f1(f1(x)))) | f1(f1(x)) = null | -P(x,y) | P(f1(f1(f1(x))),y).  [resolve(17,g,7,a)].

given #21 (T,wt=53): 27 P(x,f1(x)) | null = x | P(f1(x),f1(f1(x))) | f1(x) = null | P(f1(f1(x)),f1(f1(f1(x)))) | f1(f1(x)) = null | P(f1(f1(f1(x))),f1(f1(f1(f1(x))))) | f1(f1(f1(x))) = null | f1(f1(f1(f1(x)))) != null.  [resolve(21,i,9,b),flip(i)].

given #22 (T,wt=56): 28 P(x,f1(x)) | null = x | P(f1(x),f1(f1(x))) | f1(x) = null | P(f1(f1(x)),f1(f1(f1(x)))) | f1(f1(x)) = null | P(f1(f1(f1(x))),f1(f1(f1(f1(x))))) | f1(f1(f1(x))) = null | -P(y,f1(f1(f1(f1(x))))) | P(y,x).  [resolve(21,i,7,b)].

given #23 (A,wt=73): 25 P(x,f1(x)) | null = x | P(f1(x),f1(f1(x))) | f1(x) = null | P(f1(f1(f1(f1(f1(x))))),x) | P(f1(f1(x)),f1(f1(f1(x)))) | f1(f1(x)) = null | P(f1(f1(f1(x))),f1(f1(f1(f1(x))))) | f1(f1(f1(x))) = null | P(f1(f1(f1(f1(x)))),f1(f1(f1(f1(f1(x)))))) | f1(f1(f1(f1(x)))) = null.  [resolve(19,e,17,g),flip(g)].

given #24 (T,wt=56): 29 P(x,f1(x)) | null = x | P(f1(x),f1(f1(x))) | f1(x) = null | P(f1(f1(x)),f1(f1(f1(x)))) | f1(f1(x)) = null | P(f1(f1(f1(x))),f1(f1(f1(f1(x))))) | f1(f1(f1(x))) = null | -P(x,y) | P(f1(f1(f1(f1(x)))),y).  [resolve(21,i,7,a)].

given #25 (T,wt=73): 30 P(x,f1(x)) | null = x | P(f1(x),f1(f1(x))) | f1(x) = null | P(f1(f1(x)),f1(f1(f1(x)))) | f1(f1(x)) = null | P(f1(f1(f1(x))),f1(f1(f1(f1(x))))) | f1(f1(f1(x))) = null | P(f1(f1(f1(f1(x)))),f1(f1(f1(f1(f1(x)))))) | f1(f1(f1(f1(x)))) = null | f1(f1(f1(f1(f1(x))))) != null.  [resolve(25,e,9,b),flip(k)].

given #26 (T,wt=76): 31 P(x,f1(x)) | null = x | P(f1(x),f1(f1(x))) | f1(x) = null | P(f1(f1(x)),f1(f1(f1(x)))) | f1(f1(x)) = null | P(f1(f1(f1(x))),f1(f1(f1(f1(x))))) | f1(f1(f1(x))) = null | P(f1(f1(f1(f1(x)))),f1(f1(f1(f1(f1(x)))))) | f1(f1(f1(f1(x)))) = null | -P(y,f1(f1(f1(f1(f1(x)))))) | P(y,x).  [resolve(25,e,7,b)].

given #27 (T,wt=76): 32 P(x,f1(x)) | null = x | P(f1(x),f1(f1(x))) | f1(x) = null | P(f1(f1(x)),f1(f1(f1(x)))) | f1(f1(x)) = null | P(f1(f1(f1(x))),f1(f1(f1(f1(x))))) | f1(f1(f1(x))) = null | P(f1(f1(f1(f1(x)))),f1(f1(f1(f1(f1(x)))))) | f1(f1(f1(f1(x)))) = null | -P(x,y) | P(f1(f1(f1(f1(f1(x))))),y).  [resolve(25,e,7,a)].

given #28 (A,wt=96): 26 P(x,f1(x)) | null = x | P(f1(x),f1(f1(x))) | f1(x) = null | P(f1(f1(x)),f1(f1(f1(x)))) | f1(f1(x)) = null | P(f1(f1(f1(x))),f1(f1(f1(f1(x))))) | f1(f1(f1(x))) = null | P(f1(f1(f1(f1(x)))),f1(f1(f1(f1(f1(x)))))) | f1(f1(f1(f1(x)))) = null | P(f1(f1(f1(f1(f1(x))))),f1(f1(f1(f1(f1(f1(x))))))) | f1(f1(f1(f1(f1(x))))) = null | P(f1(f1(f1(f1(f1(f1(x)))))),x).  [resolve(21,i,20,e),flip(j)].

given #29 (T,wt=96): 33 P(x,f1(x)) | null = x | P(f1(x),f1(f1(x))) | f1(x) = null | P(f1(f1(x)),f1(f1(f1(x)))) | f1(f1(x)) = null | P(f1(f1(f1(x))),f1(f1(f1(f1(x))))) | f1(f1(f1(x))) = null | P(f1(f1(f1(f1(x)))),f1(f1(f1(f1(f1(x)))))) | f1(f1(f1(f1(x)))) = null | P(f1(f1(f1(f1(f1(x))))),f1(f1(f1(f1(f1(f1(x))))))) | f1(f1(f1(f1(f1(x))))) = null | f1(f1(f1(f1(f1(f1(x)))))) != null.  [resolve(26,m,9,b),flip(m)].

given #30 (T,wt=99): 34 P(x,f1(x)) | null = x | P(f1(x),f1(f1(x))) | f1(x) = null | P(f1(f1(x)),f1(f1(f1(x)))) | f1(f1(x)) = null | P(f1(f1(f1(x))),f1(f1(f1(f1(x))))) | f1(f1(f1(x))) = null | P(f1(f1(f1(f1(x)))),f1(f1(f1(f1(f1(x)))))) | f1(f1(f1(f1(x)))) = null | P(f1(f1(f1(f1(f1(x))))),f1(f1(f1(f1(f1(f1(x))))))) | f1(f1(f1(f1(f1(x))))) = null | -P(y,f1(f1(f1(f1(f1(f1(x))))))) | P(y,x).  [resolve(26,m,7,b)].

given #31 (T,wt=99): 35 P(x,f1(x)) | null = x | P(f1(x),f1(f1(x))) | f1(x) = null | P(f1(f1(x)),f1(f1(f1(x)))) | f1(f1(x)) = null | P(f1(f1(f1(x))),f1(f1(f1(f1(x))))) | f1(f1(f1(x))) = null | P(f1(f1(f1(f1(x)))),f1(f1(f1(f1(f1(x)))))) | f1(f1(f1(f1(x)))) = null | P(f1(f1(f1(f1(f1(x))))),f1(f1(f1(f1(f1(f1(x))))))) | f1(f1(f1(f1(f1(x))))) = null | -P(x,y) | P(f1(f1(f1(f1(f1(f1(x)))))),y).  [resolve(26,m,7,a)].

============================== STATISTICS ============================

Given=31. Generated=144. Kept=31. proofs=0.
Usable=31. Sos=0. Demods=0. Limbo=0, Disabled=6. Hints=0.
Kept_by_rule=0, Deleted_by_rule=45.
Forward_subsumed=68. Back_subsumed=0.
Sos_limit_deleted=0. Sos_displaced=0. Sos_removed=0.
New_demodulators=0 (0 lex), Back_demodulated=0. Back_unit_deleted=0.
Demod_attempts=0. Demod_rewrites=0.
Res_instance_prunes=0. Para_instance_prunes=0. Basic_paramod_prunes=0.
Nonunit_fsub_feature_tests=411. Nonunit_bsub_feature_tests=36.
Megabytes=0.16.
User_CPU=0.01, System_CPU=0.00, Wall_clock=0.

============================== end of statistics =====================

============================== end of search =========================

SEARCH FAILED

SEARCH FAILED

Exiting with failure.

------ process 4419 exit (sos_empty) ------

Process 4419 exit (sos_empty) Fri Sep 18 01:29:53 2020

========================== MACLEOD SUMMARY ===========================
reasoner: /home/aidin12/macleod/Reasoning/prover9_bin/prover9
status: 
execution finished: Fri Sep 18 01:29:54 2020
total CPU time used: 0
The command was "/home/aidin12/macleod/Reasoning/prover9_bin/prover9 -t100 -f /home/aidin12/macleod/ontologies/after2/Axioms/conversions/P_axioms.all.p9"
============================ end of footer ===========================
