============================== Mace4 =================================
Mace4 (64) version 2009-11A, November 2009.
Process 11294 was started by aidin12 on aidin12-HP-Pavilion-dv7-Notebook-PC,
Sat Sep 19 03:25:33 2020
The command was "/home/aidin12/macleod/Reasoning/prover9_bin/mace4 -v0 -t300 -s60 -n2 -N40 -f /home/aidin12/macleod/ontologies/after2/Axioms/conversions/Universal_axiom2.all.p9".
============================== end of head ===========================

============================== INPUT =================================

% Reading from file /home/aidin12/macleod/ontologies/after2/Axioms/conversions/Universal_axiom2.all.p9


formulas(assumptions).
-(exists x B(x,cuniversal)).
(all x ((x != cuniversal | (all y (y = null | P(y,x)))) & (-(all y (y = null | P(y,x))) | x = cuniversal))).
(all x all y (-B(x,y) | PP(x,y))).
(all x all y all z (-(B(x,y) & B(y,z)) | B(x,z))).
(all x all y all z (-(P(x,y) & B(y,z)) | B(x,z))).
(all x all y all z (-(B(x,y) & P(y,z)) | P(x,z))).
(exists y all x (x = null | P(x,y))).
(all x (x = null | P(x,x))).
(all x all y (-(P(x,y) & P(y,x)) | x = y)).
(all x all y all z (-(P(x,y) & P(y,z)) | P(x,z))).
(all x ((x != null | (all y (-P(y,x) & -P(x,y)))) & (-(all y (-P(y,x) & -P(x,y))) | x = null))).
(all x all y ((-PP(x,y) | P(x,y) & -P(y,x)) & (-(P(x,y) & -P(y,x)) | PP(x,y)))).
end_of_list.

% From the command line: clear(verbose).

% From the command line: assign(max_seconds, 300).

% From the command line: assign(max_seconds_per, 60).
    % assign(domain_size, 2) -> assign(start_size, 2).
    % assign(domain_size, 2) -> assign(end_size, 2).

% From the command line: assign(domain_size, 2).

% From the command line: assign(end_size, 40).

============================== end of input ==========================

============================== PROCESS NON-CLAUSAL FORMULAS ==========

% Formulas that are not ordinary clauses:
1 -(exists x B(x,cuniversal)) # label(non_clause).  [assumption].
2 (all x ((x != cuniversal | (all y (y = null | P(y,x)))) & (-(all y (y = null | P(y,x))) | x = cuniversal))) # label(non_clause).  [assumption].
3 (all x all y (-B(x,y) | PP(x,y))) # label(non_clause).  [assumption].
4 (all x all y all z (-(B(x,y) & B(y,z)) | B(x,z))) # label(non_clause).  [assumption].
5 (all x all y all z (-(P(x,y) & B(y,z)) | B(x,z))) # label(non_clause).  [assumption].
6 (all x all y all z (-(B(x,y) & P(y,z)) | P(x,z))) # label(non_clause).  [assumption].
7 (exists y all x (x = null | P(x,y))) # label(non_clause).  [assumption].
8 (all x (x = null | P(x,x))) # label(non_clause).  [assumption].
9 (all x all y (-(P(x,y) & P(y,x)) | x = y)) # label(non_clause).  [assumption].
10 (all x all y all z (-(P(x,y) & P(y,z)) | P(x,z))) # label(non_clause).  [assumption].
11 (all x ((x != null | (all y (-P(y,x) & -P(x,y)))) & (-(all y (-P(y,x) & -P(x,y))) | x = null))) # label(non_clause).  [assumption].
12 (all x all y ((-PP(x,y) | P(x,y) & -P(y,x)) & (-(P(x,y) & -P(y,x)) | PP(x,y)))) # label(non_clause).  [assumption].

============================== end of process non-clausal formulas ===

============================== CLAUSES FOR SEARCH ====================

formulas(mace4_clauses).
-B(x,cuniversal).
cuniversal != x | null = y | P(y,x).
null != f1(x) | cuniversal = x.
-P(f1(x),x) | cuniversal = x.
-B(x,y) | PP(x,y).
-B(x,y) | -B(y,z) | B(x,z).
-P(x,y) | -B(y,z) | B(x,z).
-B(x,y) | -P(y,z) | P(x,z).
null = x | P(x,c1).
null = x | P(x,x).
-P(x,y) | -P(y,x) | y = x.
-P(x,y) | -P(y,z) | P(x,z).
null != x | -P(y,x).
null != x | -P(x,y).
P(f2(x),x) | P(x,f2(x)) | null = x.
-PP(x,y) | P(x,y).
-PP(x,y) | -P(y,x).
-P(x,y) | P(y,x) | PP(x,y).
end_of_list.

============================== end of clauses for search =============

% There are no natural numbers in the input.

============================== DOMAIN SIZE 2 =========================

=== Mace4 starting on domain size 2. ===

============================== MODEL =================================

interpretation( 2, [number=1, seconds=0], [

        function(cuniversal, [ 0 ]),

        function(null, [ 1 ]),

        function(c1, [ 0 ]),

        function(f1(_), [ 0, 0 ]),

        function(f2(_), [ 0, 0 ]),

        relation(B(_,_), [
			   0, 0,
			   0, 0 ]),

        relation(P(_,_), [
			   1, 0,
			   0, 0 ]),

        relation(PP(_,_), [
			   0, 0,
			   0, 0 ])
]).

============================== end of model ==========================

============================== STATISTICS ============================

For domain size 2.

Current CPU time: 0.00 seconds (total CPU time: 0.01 seconds).
Ground clauses: seen=76, kept=74.
Selections=5, assignments=6, propagations=19, current_models=1.
Rewrite_terms=59, rewrite_bools=129, indexes=2.
Rules_from_neg_clauses=3, cross_offs=3.

============================== end of statistics =====================

------ process 11294 exit (max_models) ------

User_CPU=0.01, System_CPU=0.00, Wall_clock=0.

Exiting with 1 model.

Process 11294 exit (max_models) Sat Sep 19 03:25:33 2020
The process finished Sat Sep 19 03:25:33 2020

========================== MACLEOD SUMMARY ===========================
reasoner: /home/aidin12/macleod/Reasoning/prover9_bin/mace4
status: MODEL
execution finished: Sat Sep 19 03:25:34 2020
total CPU time used: 0
The command was "/home/aidin12/macleod/Reasoning/prover9_bin/mace4 -v0 -t300 -s60 -n2 -N40 -f /home/aidin12/macleod/ontologies/after2/Axioms/conversions/Universal_axiom2.all.p9"
============================ end of footer ===========================
