============================== Prover9 ===============================
Prover9 (64) version 2009-11A, November 2009.
Process 7520 was started by aidin12 on aidin12-HP-Pavilion-dv7-Notebook-PC,
Fri Sep 18 15:07:28 2020
The command was "/home/aidin12/macleod/Reasoning/prover9_bin/prover9 -t100 -f /home/aidin12/macleod/ontologies/after2/Definitions/conversions/D_Proper_part_inverse.all.p9".
============================== end of head ===========================

============================== INPUT =================================

% Reading from file /home/aidin12/macleod/ontologies/after2/Definitions/conversions/D_Proper_part_inverse.all.p9


formulas(assumptions).
(all x all y ((-PPI(x,y) | PP(y,x)) & (-PP(y,x) | PPI(x,y)))).
(all x all y ((-PP(x,y) | P(x,y) & -P(y,x)) & (-(P(x,y) & -P(y,x)) | PP(x,y)))).
(all x (x = null | P(x,x))).
(all x all y (-(P(x,y) & P(y,x)) | x = y)).
(all x all y all z (-(P(x,y) & P(y,z)) | P(x,z))).
(all x ((x != null | (all y (-P(y,x) & -P(x,y)))) & (-(all y (-P(y,x) & -P(x,y))) | x = null))).
end_of_list.

============================== end of input ==========================

% From the command line: assign(max_seconds, 100).

============================== PROCESS NON-CLAUSAL FORMULAS ==========

% Formulas that are not ordinary clauses:
1 (all x all y ((-PPI(x,y) | PP(y,x)) & (-PP(y,x) | PPI(x,y)))) # label(non_clause).  [assumption].
2 (all x all y ((-PP(x,y) | P(x,y) & -P(y,x)) & (-(P(x,y) & -P(y,x)) | PP(x,y)))) # label(non_clause).  [assumption].
3 (all x (x = null | P(x,x))) # label(non_clause).  [assumption].
4 (all x all y (-(P(x,y) & P(y,x)) | x = y)) # label(non_clause).  [assumption].
5 (all x all y all z (-(P(x,y) & P(y,z)) | P(x,z))) # label(non_clause).  [assumption].
6 (all x ((x != null | (all y (-P(y,x) & -P(x,y)))) & (-(all y (-P(y,x) & -P(x,y))) | x = null))) # label(non_clause).  [assumption].

============================== end of process non-clausal formulas ===

============================== PROCESS INITIAL CLAUSES ===============

% Clauses before input processing:

formulas(usable).
end_of_list.

formulas(sos).
-PPI(x,y) | PP(y,x).  [clausify(1)].
-PP(x,y) | PPI(y,x).  [clausify(1)].
-PP(x,y) | P(x,y).  [clausify(2)].
-PP(x,y) | -P(y,x).  [clausify(2)].
-P(x,y) | P(y,x) | PP(x,y).  [clausify(2)].
null = x | P(x,x).  [clausify(3)].
-P(x,y) | -P(y,x) | y = x.  [clausify(4)].
-P(x,y) | -P(y,z) | P(x,z).  [clausify(5)].
null != x | -P(y,x).  [clausify(6)].
null != x | -P(x,y).  [clausify(6)].
P(f1(x),x) | P(x,f1(x)) | null = x.  [clausify(6)].
end_of_list.

formulas(demodulators).
end_of_list.

============================== PREDICATE ELIMINATION =================

Eliminating PPI/2
7 -PP(x,y) | PPI(y,x).  [clausify(1)].
8 -PPI(x,y) | PP(y,x).  [clausify(1)].

Eliminating PP/2
9 -P(x,y) | P(y,x) | PP(x,y).  [clausify(2)].
10 -PP(x,y) | P(x,y).  [clausify(2)].
11 -PP(x,y) | -P(y,x).  [clausify(2)].

============================== end predicate elimination =============

Auto_denials:  (non-Horn, no changes).

Term ordering decisions:
Predicate symbol precedence:  predicate_order([ =, P ]).
Function symbol precedence:  function_order([ null, f1 ]).
After inverse_order:  (no changes).
Unfolding symbols: (none).

Auto_inference settings:
  % set(paramodulation).  % (positive equality literals)
  % set(binary_resolution).  % (non-Horn)
  % set(neg_ur_resolution).  % (non-Horn, less than 100 clauses)

Auto_process settings:
  % set(factor).  % (non-Horn)
  % set(unit_deletion).  % (non-Horn)

kept:      12 null = x | P(x,x).  [clausify(3)].
kept:      13 -P(x,y) | -P(y,x) | y = x.  [clausify(4)].
kept:      14 -P(x,y) | -P(y,z) | P(x,z).  [clausify(5)].
kept:      15 null != x | -P(y,x).  [clausify(6)].
kept:      16 null != x | -P(x,y).  [clausify(6)].
kept:      17 P(f1(x),x) | P(x,f1(x)) | null = x.  [clausify(6)].

============================== end of process initial clauses ========

============================== CLAUSES FOR SEARCH ====================

% Clauses after input processing:

formulas(usable).
end_of_list.

formulas(sos).
12 null = x | P(x,x).  [clausify(3)].
13 -P(x,y) | -P(y,x) | y = x.  [clausify(4)].
14 -P(x,y) | -P(y,z) | P(x,z).  [clausify(5)].
15 null != x | -P(y,x).  [clausify(6)].
16 null != x | -P(x,y).  [clausify(6)].
17 P(f1(x),x) | P(x,f1(x)) | null = x.  [clausify(6)].
end_of_list.

formulas(demodulators).
end_of_list.

============================== end of clauses for search =============

============================== SEARCH ================================

% Starting search at 0.01 seconds.

given #1 (I,wt=6): 12 null = x | P(x,x).  [clausify(3)].

given #2 (I,wt=9): 13 -P(x,y) | -P(y,x) | y = x.  [clausify(4)].

given #3 (I,wt=9): 14 -P(x,y) | -P(y,z) | P(x,z).  [clausify(5)].

given #4 (I,wt=6): 15 null != x | -P(y,x).  [clausify(6)].

given #5 (I,wt=6): 16 null != x | -P(x,y).  [clausify(6)].

given #6 (I,wt=11): 17 P(f1(x),x) | P(x,f1(x)) | null = x.  [clausify(6)].

given #7 (A,wt=3): 18 -P(x,null).  [ur(15,a,xx)].

given #8 (F,wt=3): 19 -P(null,x).  [ur(16,a,xx)].

given #9 (T,wt=11): 20 P(x,f1(x)) | null = x | f1(x) != null.  [resolve(17,a,16,b),flip(c)].

given #10 (T,wt=14): 21 P(x,f1(x)) | null = x | -P(y,f1(x)) | P(y,x).  [resolve(17,a,14,b)].

given #11 (T,wt=14): 22 P(x,f1(x)) | null = x | -P(x,y) | P(f1(x),y).  [resolve(17,a,14,a)].

given #12 (T,wt=22): 23 P(x,f1(x)) | null = x | P(f1(f1(x)),x) | P(f1(x),f1(f1(x))) | f1(x) = null.  [resolve(21,c,17,a),flip(e)].

given #13 (A,wt=36): 24 P(x,f1(x)) | null = x | P(f1(x),f1(f1(x))) | f1(x) = null | P(f1(f1(x)),f1(f1(f1(x)))) | f1(f1(x)) = null | P(f1(f1(f1(x))),x).  [resolve(23,c,22,c),flip(f)].

given #14 (T,wt=22): 25 P(x,f1(x)) | null = x | P(f1(x),f1(f1(x))) | f1(x) = null | f1(f1(x)) != null.  [resolve(23,c,16,b),flip(e)].

given #15 (T,wt=25): 26 P(x,f1(x)) | null = x | P(f1(x),f1(f1(x))) | f1(x) = null | -P(y,f1(f1(x))) | P(y,x).  [resolve(23,c,14,b)].

given #16 (T,wt=25): 27 P(x,f1(x)) | null = x | P(f1(x),f1(f1(x))) | f1(x) = null | -P(x,y) | P(f1(f1(x)),y).  [resolve(23,c,14,a)].

given #17 (T,wt=36): 29 P(x,f1(x)) | null = x | P(f1(x),f1(f1(x))) | f1(x) = null | P(f1(f1(x)),f1(f1(f1(x)))) | f1(f1(x)) = null | f1(f1(f1(x))) != null.  [resolve(24,g,16,b),flip(g)].

given #18 (A,wt=53): 28 P(x,f1(x)) | null = x | P(f1(x),f1(f1(x))) | f1(x) = null | P(f1(f1(x)),f1(f1(f1(x)))) | f1(f1(x)) = null | P(f1(f1(f1(x))),f1(f1(f1(f1(x))))) | f1(f1(f1(x))) = null | P(f1(f1(f1(f1(x)))),x).  [resolve(24,g,22,c),flip(h)].

given #19 (T,wt=39): 30 P(x,f1(x)) | null = x | P(f1(x),f1(f1(x))) | f1(x) = null | P(f1(f1(x)),f1(f1(f1(x)))) | f1(f1(x)) = null | -P(y,f1(f1(f1(x)))) | P(y,x).  [resolve(24,g,14,b)].

given #20 (T,wt=39): 31 P(x,f1(x)) | null = x | P(f1(x),f1(f1(x))) | f1(x) = null | P(f1(f1(x)),f1(f1(f1(x)))) | f1(f1(x)) = null | -P(x,y) | P(f1(f1(f1(x))),y).  [resolve(24,g,14,a)].

given #21 (T,wt=53): 34 P(x,f1(x)) | null = x | P(f1(x),f1(f1(x))) | f1(x) = null | P(f1(f1(x)),f1(f1(f1(x)))) | f1(f1(x)) = null | P(f1(f1(f1(x))),f1(f1(f1(f1(x))))) | f1(f1(f1(x))) = null | f1(f1(f1(f1(x)))) != null.  [resolve(28,i,16,b),flip(i)].

given #22 (T,wt=56): 35 P(x,f1(x)) | null = x | P(f1(x),f1(f1(x))) | f1(x) = null | P(f1(f1(x)),f1(f1(f1(x)))) | f1(f1(x)) = null | P(f1(f1(f1(x))),f1(f1(f1(f1(x))))) | f1(f1(f1(x))) = null | -P(y,f1(f1(f1(f1(x))))) | P(y,x).  [resolve(28,i,14,b)].

given #23 (A,wt=73): 32 P(x,f1(x)) | null = x | P(f1(x),f1(f1(x))) | f1(x) = null | P(f1(f1(f1(f1(f1(x))))),x) | P(f1(f1(x)),f1(f1(f1(x)))) | f1(f1(x)) = null | P(f1(f1(f1(x))),f1(f1(f1(f1(x))))) | f1(f1(f1(x))) = null | P(f1(f1(f1(f1(x)))),f1(f1(f1(f1(f1(x)))))) | f1(f1(f1(f1(x)))) = null.  [resolve(26,e,24,g),flip(g)].

given #24 (T,wt=56): 36 P(x,f1(x)) | null = x | P(f1(x),f1(f1(x))) | f1(x) = null | P(f1(f1(x)),f1(f1(f1(x)))) | f1(f1(x)) = null | P(f1(f1(f1(x))),f1(f1(f1(f1(x))))) | f1(f1(f1(x))) = null | -P(x,y) | P(f1(f1(f1(f1(x)))),y).  [resolve(28,i,14,a)].

given #25 (T,wt=73): 37 P(x,f1(x)) | null = x | P(f1(x),f1(f1(x))) | f1(x) = null | P(f1(f1(x)),f1(f1(f1(x)))) | f1(f1(x)) = null | P(f1(f1(f1(x))),f1(f1(f1(f1(x))))) | f1(f1(f1(x))) = null | P(f1(f1(f1(f1(x)))),f1(f1(f1(f1(f1(x)))))) | f1(f1(f1(f1(x)))) = null | f1(f1(f1(f1(f1(x))))) != null.  [resolve(32,e,16,b),flip(k)].

given #26 (T,wt=76): 38 P(x,f1(x)) | null = x | P(f1(x),f1(f1(x))) | f1(x) = null | P(f1(f1(x)),f1(f1(f1(x)))) | f1(f1(x)) = null | P(f1(f1(f1(x))),f1(f1(f1(f1(x))))) | f1(f1(f1(x))) = null | P(f1(f1(f1(f1(x)))),f1(f1(f1(f1(f1(x)))))) | f1(f1(f1(f1(x)))) = null | -P(y,f1(f1(f1(f1(f1(x)))))) | P(y,x).  [resolve(32,e,14,b)].

given #27 (T,wt=76): 39 P(x,f1(x)) | null = x | P(f1(x),f1(f1(x))) | f1(x) = null | P(f1(f1(x)),f1(f1(f1(x)))) | f1(f1(x)) = null | P(f1(f1(f1(x))),f1(f1(f1(f1(x))))) | f1(f1(f1(x))) = null | P(f1(f1(f1(f1(x)))),f1(f1(f1(f1(f1(x)))))) | f1(f1(f1(f1(x)))) = null | -P(x,y) | P(f1(f1(f1(f1(f1(x))))),y).  [resolve(32,e,14,a)].

given #28 (A,wt=96): 33 P(x,f1(x)) | null = x | P(f1(x),f1(f1(x))) | f1(x) = null | P(f1(f1(x)),f1(f1(f1(x)))) | f1(f1(x)) = null | P(f1(f1(f1(x))),f1(f1(f1(f1(x))))) | f1(f1(f1(x))) = null | P(f1(f1(f1(f1(x)))),f1(f1(f1(f1(f1(x)))))) | f1(f1(f1(f1(x)))) = null | P(f1(f1(f1(f1(f1(x))))),f1(f1(f1(f1(f1(f1(x))))))) | f1(f1(f1(f1(f1(x))))) = null | P(f1(f1(f1(f1(f1(f1(x)))))),x).  [resolve(28,i,27,e),flip(j)].

given #29 (T,wt=96): 40 P(x,f1(x)) | null = x | P(f1(x),f1(f1(x))) | f1(x) = null | P(f1(f1(x)),f1(f1(f1(x)))) | f1(f1(x)) = null | P(f1(f1(f1(x))),f1(f1(f1(f1(x))))) | f1(f1(f1(x))) = null | P(f1(f1(f1(f1(x)))),f1(f1(f1(f1(f1(x)))))) | f1(f1(f1(f1(x)))) = null | P(f1(f1(f1(f1(f1(x))))),f1(f1(f1(f1(f1(f1(x))))))) | f1(f1(f1(f1(f1(x))))) = null | f1(f1(f1(f1(f1(f1(x)))))) != null.  [resolve(33,m,16,b),flip(m)].

given #30 (T,wt=99): 41 P(x,f1(x)) | null = x | P(f1(x),f1(f1(x))) | f1(x) = null | P(f1(f1(x)),f1(f1(f1(x)))) | f1(f1(x)) = null | P(f1(f1(f1(x))),f1(f1(f1(f1(x))))) | f1(f1(f1(x))) = null | P(f1(f1(f1(f1(x)))),f1(f1(f1(f1(f1(x)))))) | f1(f1(f1(f1(x)))) = null | P(f1(f1(f1(f1(f1(x))))),f1(f1(f1(f1(f1(f1(x))))))) | f1(f1(f1(f1(f1(x))))) = null | -P(y,f1(f1(f1(f1(f1(f1(x))))))) | P(y,x).  [resolve(33,m,14,b)].

given #31 (T,wt=99): 42 P(x,f1(x)) | null = x | P(f1(x),f1(f1(x))) | f1(x) = null | P(f1(f1(x)),f1(f1(f1(x)))) | f1(f1(x)) = null | P(f1(f1(f1(x))),f1(f1(f1(f1(x))))) | f1(f1(f1(x))) = null | P(f1(f1(f1(f1(x)))),f1(f1(f1(f1(f1(x)))))) | f1(f1(f1(f1(x)))) = null | P(f1(f1(f1(f1(f1(x))))),f1(f1(f1(f1(f1(f1(x))))))) | f1(f1(f1(f1(f1(x))))) = null | -P(x,y) | P(f1(f1(f1(f1(f1(f1(x)))))),y).  [resolve(33,m,14,a)].

============================== STATISTICS ============================

Given=31. Generated=144. Kept=31. proofs=0.
Usable=31. Sos=0. Demods=0. Limbo=0, Disabled=11. Hints=0.
Kept_by_rule=0, Deleted_by_rule=45.
Forward_subsumed=68. Back_subsumed=0.
Sos_limit_deleted=0. Sos_displaced=0. Sos_removed=0.
New_demodulators=0 (0 lex), Back_demodulated=0. Back_unit_deleted=0.
Demod_attempts=0. Demod_rewrites=0.
Res_instance_prunes=0. Para_instance_prunes=0. Basic_paramod_prunes=0.
Nonunit_fsub_feature_tests=411. Nonunit_bsub_feature_tests=36.
Megabytes=0.17.
User_CPU=0.02, System_CPU=0.01, Wall_clock=0.

============================== end of statistics =====================

============================== end of search =========================

SEARCH FAILED

SEARCH FAILED

Exiting with failure.

------ process 7520 exit (sos_empty) ------

Process 7520 exit (sos_empty) Fri Sep 18 15:07:28 2020

========================== MACLEOD SUMMARY ===========================
reasoner: /home/aidin12/macleod/Reasoning/prover9_bin/prover9
status: 
execution finished: Fri Sep 18 15:07:29 2020
total CPU time used: 0
The command was "/home/aidin12/macleod/Reasoning/prover9_bin/prover9 -t100 -f /home/aidin12/macleod/ontologies/after2/Definitions/conversions/D_Proper_part_inverse.all.p9"
============================ end of footer ===========================
