============================== Mace4 =================================
Mace4 (64) version 2009-11A, November 2009.
Process 18600 was started by aidin12 on aidin12-HP-Pavilion-dv7-Notebook-PC,
Wed May 20 17:20:29 2020
The command was "/home/aidin12/macleod/Reasoning/prover9_bin/mace4 -v0 -t300 -s60 -n2 -N40 -f /home/aidin12/macleod/ontologies/after/Lattice/conversions/LatticeForBoundedAndUnbounded.all.p9".
============================== end of head ===========================

============================== INPUT =================================

% Reading from file /home/aidin12/macleod/ontologies/after/Lattice/conversions/LatticeForBoundedAndUnbounded.all.p9


formulas(assumptions).
-(all x all y (-(-(exists z B(z,x)) & -(exists t B(t,y)) & IMB(x,y) & -IC(x,y) & -OV(x,y)) | EC(x,y))).
(all x (x = null | P(x,x))).
(all x all y (-(P(x,y) & P(y,x)) | x = y)).
(all x all y all z (-(P(x,y) & P(y,z)) | P(x,z))).
(all x ((x != null | (all y (-P(y,x) & -P(x,y)))) & (-(all y (-P(y,x) & -P(x,y))) | x = null))).
(all x all y ((-PI(x,y) | P(y,x)) & (-P(y,x) | PI(x,y)))).
(all x all y (-PP(x,y) | (exists z (P(z,y) & D(z,x))))).
(exists z all x (x = null | P(x,z))).
(all x ((x != cuniversal | (all y (y = null | P(y,x)))) & (-(all y (y = null | P(y,x))) | x = cuniversal))).
(all x (x != cuniversal | -(exists z B(z,x)))).
(all x (x != cuniversal | I(x,x))).
-(exists x B(x,cuniversal)).
(all x ((-Point(x) | x != null & (all y (-P(y,x) | EQ(y,x)))) & (-(x != null & (all y (-P(y,x) | EQ(y,x)))) | Point(x)))).
(all x (-Point(x) | x != cuniversal)).
(all x (x != cuniversal | -Point(x))).
(all x (-Point(x) | -(exists z B(z,x)))).
(all x all y ((-PP(x,y) | P(x,y) & -P(y,x)) & (-(P(x,y) & -P(y,x)) | PP(x,y)))).
(all x all y ((-PPI(x,y) | PP(y,x)) & (-PP(y,x) | PPI(x,y)))).
(all x all y ((-EQ(x,y) | P(y,x) & P(x,y)) & (-(P(y,x) & P(x,y)) | EQ(x,y)))).
(all x all y ((-O(x,y) | (exists z (P(z,x) & P(z,y)))) & (-(exists z (P(z,x) & P(z,y))) | O(x,y)))).
(all x all y ((-D(x,y) | -O(x,y)) & (O(x,y) | D(x,y)))).
(all x all y (-B(x,y) | PP(x,y))).
(all x all y all z (-(B(x,y) & B(y,z)) | B(x,z))).
(all x all y all z (-(P(x,y) & B(y,z)) | B(x,z))).
(all x all y all z (-(B(x,y) & P(y,z)) | P(x,z))).
(all x all y ((-IMB(x,y) | O(x,y) & -P(x,y) & -P(y,x)) & (-(O(x,y) & -P(x,y) & -P(y,x)) | IMB(x,y)))).
(all x all y ((-I(x,y) | P(x,y) & (all z (-B(z,y) | D(z,x)))) & (-(P(x,y) & (all z (-B(z,y) | D(z,x)))) | I(x,y)))).
(all x all y ((-II(x,y) | I(y,x)) & (-I(y,x) | II(x,y)))).
(all x all y ((-IP(x,y) | -(exists t B(t,y)) & I(x,y) & -I(y,x)) & (-(-(exists t B(t,y)) & I(x,y) & -I(y,x)) | IP(x,y)))).
(all x all y ((-IPI(x,y) | IP(y,x)) & (-IP(y,x) | IPI(x,y)))).
(all x all y ((-TPP(x,y) | PP(x,y) & (exists z (P(z,x) & B(z,y)))) & (-(PP(x,y) & (exists z (P(z,x) & B(z,y)))) | TPP(x,y)))).
(all x all y ((-TPPI(x,y) | TPP(y,x)) & (-TPP(y,x) | TPPI(x,y)))).
(all x all y ((-OV(x,y) | IMB(x,y) & (exists p (I(p,x) & I(p,y)))) & (-(IMB(x,y) & (exists p (I(p,x) & I(p,y)))) | OV(x,y)))).
(all x all y ((-EC(x,y) | IMB(x,y) & (all z (-(P(z,x) & P(z,y)) | B(z,x) & B(z,y)))) & (-(IMB(x,y) & (all z (-(P(z,x) & P(z,y)) | B(z,x) & B(z,y)))) | EC(x,y)))).
(all x all y ((-IC(x,y) | IMB(x,y) & -EC(x,y) & -(exists p (I(p,x) & I(p,y)))) & (-(IMB(x,y) & -EC(x,y) & -(exists p (I(p,x) & I(p,y)))) | IC(x,y)))).
(all x (x = null | (exists y I(y,x)))).
(all x ((exists z B(z,x)) | -(exists y EC(y,x)))).
(all x (-(exists z B(z,x)) | (all y (-B(y,x) | -I(y,x))))).
(all x (-(exists z B(z,x)) | (all y (-I(y,x) | -B(y,x))))).
(all x all y (-((exists z B(z,x)) & EQ(x,y)) | (exists t B(t,y)))).
(all x all y (-(-(exists z B(z,x)) & EQ(x,y)) | -(exists t B(t,y)))).
(all x all y (-(-(exists z B(z,x)) & (exists t B(t,y))) | -EQ(x,y))).
(all x all y (-(PP(x,y) & -(exists z B(z,y))) | IP(x,y))).
(all x (x = null | (exists z (I(z,x) & (all u (-I(u,x) | I(u,z))) & -(exists y B(y,z)))))).
(all x (bdy(x) = null | B(bdy(x),x) & (all z (-B(z,x) | P(z,bdy(x)))))).
(all x ((x != null | -P(x,x)) & (P(x,x) | x = null))).
(all x ((-P(x,x) | x != null) & (x = null | P(x,x)))).
end_of_list.

% From the command line: clear(verbose).

% From the command line: assign(max_seconds, 300).

% From the command line: assign(max_seconds_per, 60).
    % assign(domain_size, 2) -> assign(start_size, 2).
    % assign(domain_size, 2) -> assign(end_size, 2).

% From the command line: assign(domain_size, 2).

% From the command line: assign(end_size, 40).

============================== end of input ==========================

============================== PROCESS NON-CLAUSAL FORMULAS ==========

% Formulas that are not ordinary clauses:
1 -(all x all y (-(-(exists z B(z,x)) & -(exists t B(t,y)) & IMB(x,y) & -IC(x,y) & -OV(x,y)) | EC(x,y))) # label(non_clause).  [assumption].
2 (all x (x = null | P(x,x))) # label(non_clause).  [assumption].
3 (all x all y (-(P(x,y) & P(y,x)) | x = y)) # label(non_clause).  [assumption].
4 (all x all y all z (-(P(x,y) & P(y,z)) | P(x,z))) # label(non_clause).  [assumption].
5 (all x ((x != null | (all y (-P(y,x) & -P(x,y)))) & (-(all y (-P(y,x) & -P(x,y))) | x = null))) # label(non_clause).  [assumption].
6 (all x all y ((-PI(x,y) | P(y,x)) & (-P(y,x) | PI(x,y)))) # label(non_clause).  [assumption].
7 (all x all y (-PP(x,y) | (exists z (P(z,y) & D(z,x))))) # label(non_clause).  [assumption].
8 (exists z all x (x = null | P(x,z))) # label(non_clause).  [assumption].
9 (all x ((x != cuniversal | (all y (y = null | P(y,x)))) & (-(all y (y = null | P(y,x))) | x = cuniversal))) # label(non_clause).  [assumption].
10 (all x (x != cuniversal | -(exists z B(z,x)))) # label(non_clause).  [assumption].
11 (all x (x != cuniversal | I(x,x))) # label(non_clause).  [assumption].
12 -(exists x B(x,cuniversal)) # label(non_clause).  [assumption].
13 (all x ((-Point(x) | x != null & (all y (-P(y,x) | EQ(y,x)))) & (-(x != null & (all y (-P(y,x) | EQ(y,x)))) | Point(x)))) # label(non_clause).  [assumption].
14 (all x (-Point(x) | x != cuniversal)) # label(non_clause).  [assumption].
15 (all x (x != cuniversal | -Point(x))) # label(non_clause).  [assumption].
16 (all x (-Point(x) | -(exists z B(z,x)))) # label(non_clause).  [assumption].
17 (all x all y ((-PP(x,y) | P(x,y) & -P(y,x)) & (-(P(x,y) & -P(y,x)) | PP(x,y)))) # label(non_clause).  [assumption].
18 (all x all y ((-PPI(x,y) | PP(y,x)) & (-PP(y,x) | PPI(x,y)))) # label(non_clause).  [assumption].
19 (all x all y ((-EQ(x,y) | P(y,x) & P(x,y)) & (-(P(y,x) & P(x,y)) | EQ(x,y)))) # label(non_clause).  [assumption].
20 (all x all y ((-O(x,y) | (exists z (P(z,x) & P(z,y)))) & (-(exists z (P(z,x) & P(z,y))) | O(x,y)))) # label(non_clause).  [assumption].
21 (all x all y ((-D(x,y) | -O(x,y)) & (O(x,y) | D(x,y)))) # label(non_clause).  [assumption].
22 (all x all y (-B(x,y) | PP(x,y))) # label(non_clause).  [assumption].
23 (all x all y all z (-(B(x,y) & B(y,z)) | B(x,z))) # label(non_clause).  [assumption].
24 (all x all y all z (-(P(x,y) & B(y,z)) | B(x,z))) # label(non_clause).  [assumption].
25 (all x all y all z (-(B(x,y) & P(y,z)) | P(x,z))) # label(non_clause).  [assumption].
26 (all x all y ((-IMB(x,y) | O(x,y) & -P(x,y) & -P(y,x)) & (-(O(x,y) & -P(x,y) & -P(y,x)) | IMB(x,y)))) # label(non_clause).  [assumption].
27 (all x all y ((-I(x,y) | P(x,y) & (all z (-B(z,y) | D(z,x)))) & (-(P(x,y) & (all z (-B(z,y) | D(z,x)))) | I(x,y)))) # label(non_clause).  [assumption].
28 (all x all y ((-II(x,y) | I(y,x)) & (-I(y,x) | II(x,y)))) # label(non_clause).  [assumption].
29 (all x all y ((-IP(x,y) | -(exists t B(t,y)) & I(x,y) & -I(y,x)) & (-(-(exists t B(t,y)) & I(x,y) & -I(y,x)) | IP(x,y)))) # label(non_clause).  [assumption].
30 (all x all y ((-IPI(x,y) | IP(y,x)) & (-IP(y,x) | IPI(x,y)))) # label(non_clause).  [assumption].
31 (all x all y ((-TPP(x,y) | PP(x,y) & (exists z (P(z,x) & B(z,y)))) & (-(PP(x,y) & (exists z (P(z,x) & B(z,y)))) | TPP(x,y)))) # label(non_clause).  [assumption].
32 (all x all y ((-TPPI(x,y) | TPP(y,x)) & (-TPP(y,x) | TPPI(x,y)))) # label(non_clause).  [assumption].
33 (all x all y ((-OV(x,y) | IMB(x,y) & (exists p (I(p,x) & I(p,y)))) & (-(IMB(x,y) & (exists p (I(p,x) & I(p,y)))) | OV(x,y)))) # label(non_clause).  [assumption].
34 (all x all y ((-EC(x,y) | IMB(x,y) & (all z (-(P(z,x) & P(z,y)) | B(z,x) & B(z,y)))) & (-(IMB(x,y) & (all z (-(P(z,x) & P(z,y)) | B(z,x) & B(z,y)))) | EC(x,y)))) # label(non_clause).  [assumption].
35 (all x all y ((-IC(x,y) | IMB(x,y) & -EC(x,y) & -(exists p (I(p,x) & I(p,y)))) & (-(IMB(x,y) & -EC(x,y) & -(exists p (I(p,x) & I(p,y)))) | IC(x,y)))) # label(non_clause).  [assumption].
36 (all x (x = null | (exists y I(y,x)))) # label(non_clause).  [assumption].
37 (all x ((exists z B(z,x)) | -(exists y EC(y,x)))) # label(non_clause).  [assumption].
38 (all x (-(exists z B(z,x)) | (all y (-B(y,x) | -I(y,x))))) # label(non_clause).  [assumption].
39 (all x (-(exists z B(z,x)) | (all y (-I(y,x) | -B(y,x))))) # label(non_clause).  [assumption].
40 (all x all y (-((exists z B(z,x)) & EQ(x,y)) | (exists t B(t,y)))) # label(non_clause).  [assumption].
41 (all x all y (-(-(exists z B(z,x)) & EQ(x,y)) | -(exists t B(t,y)))) # label(non_clause).  [assumption].
42 (all x all y (-(-(exists z B(z,x)) & (exists t B(t,y))) | -EQ(x,y))) # label(non_clause).  [assumption].
43 (all x all y (-(PP(x,y) & -(exists z B(z,y))) | IP(x,y))) # label(non_clause).  [assumption].
44 (all x (x = null | (exists z (I(z,x) & (all u (-I(u,x) | I(u,z))) & -(exists y B(y,z)))))) # label(non_clause).  [assumption].
45 (all x (bdy(x) = null | B(bdy(x),x) & (all z (-B(z,x) | P(z,bdy(x)))))) # label(non_clause).  [assumption].
46 (all x ((x != null | -P(x,x)) & (P(x,x) | x = null))) # label(non_clause).  [assumption].
47 (all x ((-P(x,x) | x != null) & (x = null | P(x,x)))) # label(non_clause).  [assumption].

============================== end of process non-clausal formulas ===

============================== CLAUSES FOR SEARCH ====================

formulas(mace4_clauses).
-B(x,c1).
-B(x,c2).
IMB(c1,c2).
-IC(c1,c2).
-OV(c1,c2).
-EC(c1,c2).
null = x | P(x,x).
-P(x,y) | -P(y,x) | y = x.
-P(x,y) | -P(y,z) | P(x,z).
null != x | -P(y,x).
null != x | -P(x,y).
P(f1(x),x) | P(x,f1(x)) | null = x.
-PI(x,y) | P(y,x).
-P(x,y) | PI(y,x).
-PP(x,y) | P(f2(x,y),y).
-PP(x,y) | D(f2(x,y),x).
null = x | P(x,c3).
cuniversal != x | null = y | P(y,x).
null != f3(x) | cuniversal = x.
-P(f3(x),x) | cuniversal = x.
cuniversal != x | -B(y,x).
cuniversal != x | I(x,x).
-B(x,cuniversal).
-Point(x) | null != x.
-Point(x) | -P(y,x) | EQ(y,x).
null = x | P(f4(x),x) | Point(x).
null = x | -EQ(f4(x),x) | Point(x).
-Point(x) | cuniversal != x.
cuniversal != x | -Point(x).
-Point(x) | -B(y,x).
-PP(x,y) | P(x,y).
-PP(x,y) | -P(y,x).
-P(x,y) | P(y,x) | PP(x,y).
-PPI(x,y) | PP(y,x).
-PP(x,y) | PPI(y,x).
-EQ(x,y) | P(y,x).
-EQ(x,y) | P(x,y).
-P(x,y) | -P(y,x) | EQ(y,x).
-O(x,y) | P(f5(x,y),x).
-O(x,y) | P(f5(x,y),y).
-P(x,y) | -P(x,z) | O(y,z).
-D(x,y) | -O(x,y).
O(x,y) | D(x,y).
-B(x,y) | PP(x,y).
-B(x,y) | -B(y,z) | B(x,z).
-P(x,y) | -B(y,z) | B(x,z).
-B(x,y) | -P(y,z) | P(x,z).
-IMB(x,y) | O(x,y).
-IMB(x,y) | -P(x,y).
-IMB(x,y) | -P(y,x).
-O(x,y) | P(x,y) | P(y,x) | IMB(x,y).
-I(x,y) | P(x,y).
-I(x,y) | -B(z,y) | D(z,x).
-P(x,y) | B(f6(x,y),y) | I(x,y).
-P(x,y) | -D(f6(x,y),x) | I(x,y).
-II(x,y) | I(y,x).
-I(x,y) | II(y,x).
-IP(x,y) | -B(z,y).
-IP(x,y) | I(x,y).
-IP(x,y) | -I(y,x).
B(f7(x,y),y) | -I(x,y) | I(y,x) | IP(x,y).
-IPI(x,y) | IP(y,x).
-IP(x,y) | IPI(y,x).
-TPP(x,y) | PP(x,y).
-TPP(x,y) | P(f8(x,y),x).
-TPP(x,y) | B(f8(x,y),y).
-PP(x,y) | -P(z,x) | -B(z,y) | TPP(x,y).
-TPPI(x,y) | TPP(y,x).
-TPP(x,y) | TPPI(y,x).
-OV(x,y) | IMB(x,y).
-OV(x,y) | I(f9(x,y),x).
-OV(x,y) | I(f9(x,y),y).
-IMB(x,y) | -I(z,x) | -I(z,y) | OV(x,y).
-EC(x,y) | IMB(x,y).
-EC(x,y) | -P(z,x) | -P(z,y) | B(z,x).
-EC(x,y) | -P(z,x) | -P(z,y) | B(z,y).
-IMB(x,y) | P(f10(x,y),x) | EC(x,y).
-IMB(x,y) | P(f10(x,y),y) | EC(x,y).
-IMB(x,y) | -B(f10(x,y),x) | -B(f10(x,y),y) | EC(x,y).
-IC(x,y) | IMB(x,y).
-IC(x,y) | -EC(x,y).
-IC(x,y) | -I(z,x) | -I(z,y).
-IMB(x,y) | EC(x,y) | I(f11(x,y),x) | IC(x,y).
-IMB(x,y) | EC(x,y) | I(f11(x,y),y) | IC(x,y).
null = x | I(f12(x),x).
B(f13(x),x) | -EC(y,x).
-B(x,y) | -B(z,y) | -I(z,y).
-B(x,y) | -I(z,y) | -B(z,y).
-B(x,y) | -EQ(y,z) | B(f14(y,z),z).
B(f15(x,y),x) | -EQ(x,y) | -B(z,y).
B(f16(x,y),x) | -B(z,y) | -EQ(x,y).
-PP(x,y) | B(f17(x,y),y) | IP(x,y).
null = x | I(f18(x),x).
null = x | -I(y,x) | I(y,f18(x)).
null = x | -B(y,f18(x)).
bdy(x) = null | B(bdy(x),x).
bdy(x) = null | -B(y,x) | P(y,bdy(x)).
null != x | -P(x,x).
P(x,x) | null = x.
-P(x,x) | null != x.
null = x | P(x,x).
end_of_list.

============================== end of clauses for search =============

% There are no natural numbers in the input.

============================== DOMAIN SIZE 2 =========================

=== Mace4 starting on domain size 2. ===

============================== STATISTICS ============================

For domain size 2.

Current CPU time: 0.00 seconds (total CPU time: 0.01 seconds).
Ground clauses: seen=418, kept=416.
Selections=1, assignments=1, propagations=63, current_models=0.
Rewrite_terms=85, rewrite_bools=500, indexes=3.
Rules_from_neg_clauses=7, cross_offs=7.

============================== end of statistics =====================

============================== DOMAIN SIZE 3 =========================

=== Mace4 starting on domain size 3. ===

============================== STATISTICS ============================

For domain size 3.

Current CPU time: 0.00 seconds (total CPU time: 0.02 seconds).
Ground clauses: seen=1057, kept=1054.
Selections=2, assignments=3, propagations=136, current_models=0.
Rewrite_terms=164, rewrite_bools=1261, indexes=9.
Rules_from_neg_clauses=8, cross_offs=20.

============================== end of statistics =====================

============================== DOMAIN SIZE 4 =========================

=== Mace4 starting on domain size 4. ===

============================== STATISTICS ============================

For domain size 4.

Current CPU time: 0.00 seconds (total CPU time: 0.02 seconds).
Ground clauses: seen=2120, kept=2116.
Selections=257, assignments=1022, propagations=5465, current_models=0.
Rewrite_terms=9671, rewrite_bools=18857, indexes=2819.
Rules_from_neg_clauses=1014, cross_offs=3052.

============================== end of statistics =====================

============================== DOMAIN SIZE 5 =========================

=== Mace4 starting on domain size 5. ===

============================== STATISTICS ============================

For domain size 5.

Current CPU time: 0.00 seconds (total CPU time: 0.78 seconds).
Ground clauses: seen=3709, kept=3704.
Selections=31396, assignments=156970, propagations=606865, current_models=0.
Rewrite_terms=1214031, rewrite_bools=2248588, indexes=314174.
Rules_from_neg_clauses=89143, cross_offs=399003.

============================== end of statistics =====================

============================== DOMAIN SIZE 6 =========================

=== Mace4 starting on domain size 6. ===

========================== MACLEOD SUMMARY ===========================
reasoner: /home/aidin12/macleod/Reasoning/prover9_bin/mace4
status: 
execution finished: Wed May 20 17:20:32 2020
total CPU time used: 0
The command was "/home/aidin12/macleod/Reasoning/prover9_bin/mace4 -v0 -t300 -s60 -n2 -N40 -f /home/aidin12/macleod/ontologies/after/Lattice/conversions/LatticeForBoundedAndUnbounded.all.p9"
============================ end of footer ===========================
