============================== Prover9 ===============================
Prover9 (64) version 2009-11A, November 2009.
Process 8051 was started by aidin12 on aidin12-HP-Pavilion-dv7-Notebook-PC,
Fri Sep 18 15:45:31 2020
The command was "/home/aidin12/macleod/Reasoning/prover9_bin/prover9 -t100 -f /home/aidin12/macleod/ontologies/after2/Theorems/conversions/Discreteproperties2.all.p9".
============================== end of head ===========================

============================== INPUT =================================

% Reading from file /home/aidin12/macleod/ontologies/after2/Theorems/conversions/Discreteproperties2.all.p9


formulas(assumptions).
-(all x all y (-D(x,y) | D(y,x))).
(all x all y ((-D(x,y) | -O(x,y)) & (O(x,y) | D(x,y)))).
(all x all y ((-O(x,y) | (exists z (P(z,x) & P(z,y)))) & (-(exists z (P(z,x) & P(z,y))) | O(x,y)))).
(all x (x = null | P(x,x))).
(all x all y (-(P(x,y) & P(y,x)) | x = y)).
(all x all y all z (-(P(x,y) & P(y,z)) | P(x,z))).
(all x ((x != null | (all y (-P(y,x) & -P(x,y)))) & (-(all y (-P(y,x) & -P(x,y))) | x = null))).
end_of_list.

============================== end of input ==========================

% From the command line: assign(max_seconds, 100).

============================== PROCESS NON-CLAUSAL FORMULAS ==========

% Formulas that are not ordinary clauses:
1 -(all x all y (-D(x,y) | D(y,x))) # label(non_clause).  [assumption].
2 (all x all y ((-D(x,y) | -O(x,y)) & (O(x,y) | D(x,y)))) # label(non_clause).  [assumption].
3 (all x all y ((-O(x,y) | (exists z (P(z,x) & P(z,y)))) & (-(exists z (P(z,x) & P(z,y))) | O(x,y)))) # label(non_clause).  [assumption].
4 (all x (x = null | P(x,x))) # label(non_clause).  [assumption].
5 (all x all y (-(P(x,y) & P(y,x)) | x = y)) # label(non_clause).  [assumption].
6 (all x all y all z (-(P(x,y) & P(y,z)) | P(x,z))) # label(non_clause).  [assumption].
7 (all x ((x != null | (all y (-P(y,x) & -P(x,y)))) & (-(all y (-P(y,x) & -P(x,y))) | x = null))) # label(non_clause).  [assumption].

============================== end of process non-clausal formulas ===

============================== PROCESS INITIAL CLAUSES ===============

% Clauses before input processing:

formulas(usable).
end_of_list.

formulas(sos).
D(c1,c2).  [clausify(1)].
-D(c2,c1).  [clausify(1)].
-D(x,y) | -O(x,y).  [clausify(2)].
O(x,y) | D(x,y).  [clausify(2)].
-O(x,y) | P(f1(x,y),x).  [clausify(3)].
-O(x,y) | P(f1(x,y),y).  [clausify(3)].
-P(x,y) | -P(x,z) | O(y,z).  [clausify(3)].
null = x | P(x,x).  [clausify(4)].
-P(x,y) | -P(y,x) | y = x.  [clausify(5)].
-P(x,y) | -P(y,z) | P(x,z).  [clausify(6)].
null != x | -P(y,x).  [clausify(7)].
null != x | -P(x,y).  [clausify(7)].
P(f2(x),x) | P(x,f2(x)) | null = x.  [clausify(7)].
end_of_list.

formulas(demodulators).
end_of_list.

============================== PREDICATE ELIMINATION =================

Eliminating O/2
8 O(x,y) | D(x,y).  [clausify(2)].
9 -D(x,y) | -O(x,y).  [clausify(2)].
10 -O(x,y) | P(f1(x,y),x).  [clausify(3)].
Derived: P(f1(x,y),x) | D(x,y).  [resolve(10,a,8,a)].
11 -O(x,y) | P(f1(x,y),y).  [clausify(3)].
Derived: P(f1(x,y),y) | D(x,y).  [resolve(11,a,8,a)].
12 -P(x,y) | -P(x,z) | O(y,z).  [clausify(3)].
Derived: -P(x,y) | -P(x,z) | -D(y,z).  [resolve(12,c,9,b)].
Derived: -P(x,y) | -P(x,z) | P(f1(y,z),y).  [resolve(12,c,10,a)].
Derived: -P(x,y) | -P(x,z) | P(f1(y,z),z).  [resolve(12,c,11,a)].

============================== end predicate elimination =============

Auto_denials:  (non-Horn, no changes).

Term ordering decisions:
Predicate symbol precedence:  predicate_order([ =, P, D ]).
Function symbol precedence:  function_order([ null, c1, c2, f1, f2 ]).
After inverse_order:  (no changes).
Unfolding symbols: (none).

Auto_inference settings:
  % set(paramodulation).  % (positive equality literals)
  % set(binary_resolution).  % (non-Horn)
  % set(neg_ur_resolution).  % (non-Horn, less than 100 clauses)

Auto_process settings:
  % set(factor).  % (non-Horn)
  % set(unit_deletion).  % (non-Horn)

kept:      13 D(c1,c2).  [clausify(1)].
kept:      14 -D(c2,c1).  [clausify(1)].
kept:      15 null = x | P(x,x).  [clausify(4)].
kept:      16 -P(x,y) | -P(y,x) | y = x.  [clausify(5)].
kept:      17 -P(x,y) | -P(y,z) | P(x,z).  [clausify(6)].
kept:      18 null != x | -P(y,x).  [clausify(7)].
kept:      19 null != x | -P(x,y).  [clausify(7)].
kept:      20 P(f2(x),x) | P(x,f2(x)) | null = x.  [clausify(7)].
kept:      21 P(f1(x,y),x) | D(x,y).  [resolve(10,a,8,a)].
kept:      22 P(f1(x,y),y) | D(x,y).  [resolve(11,a,8,a)].
kept:      23 -P(x,y) | -P(x,z) | -D(y,z).  [resolve(12,c,9,b)].
kept:      24 -P(x,y) | -P(x,z) | P(f1(y,z),y).  [resolve(12,c,10,a)].
kept:      25 -P(x,y) | -P(x,z) | P(f1(y,z),z).  [resolve(12,c,11,a)].
kept:      26 -P(x,y) | -D(y,y).  [factor(23,a,b)].
kept:      27 -P(x,y) | P(f1(y,y),y).  [factor(24,a,b)].

============================== end of process initial clauses ========

============================== CLAUSES FOR SEARCH ====================

% Clauses after input processing:

formulas(usable).
end_of_list.

formulas(sos).
13 D(c1,c2).  [clausify(1)].
14 -D(c2,c1).  [clausify(1)].
15 null = x | P(x,x).  [clausify(4)].
16 -P(x,y) | -P(y,x) | y = x.  [clausify(5)].
17 -P(x,y) | -P(y,z) | P(x,z).  [clausify(6)].
18 null != x | -P(y,x).  [clausify(7)].
19 null != x | -P(x,y).  [clausify(7)].
20 P(f2(x),x) | P(x,f2(x)) | null = x.  [clausify(7)].
21 P(f1(x,y),x) | D(x,y).  [resolve(10,a,8,a)].
22 P(f1(x,y),y) | D(x,y).  [resolve(11,a,8,a)].
23 -P(x,y) | -P(x,z) | -D(y,z).  [resolve(12,c,9,b)].
24 -P(x,y) | -P(x,z) | P(f1(y,z),y).  [resolve(12,c,10,a)].
25 -P(x,y) | -P(x,z) | P(f1(y,z),z).  [resolve(12,c,11,a)].
26 -P(x,y) | -D(y,y).  [factor(23,a,b)].
27 -P(x,y) | P(f1(y,y),y).  [factor(24,a,b)].
end_of_list.

formulas(demodulators).
end_of_list.

============================== end of clauses for search =============

============================== SEARCH ================================

% Starting search at 0.01 seconds.

given #1 (I,wt=3): 13 D(c1,c2).  [clausify(1)].

given #2 (I,wt=3): 14 -D(c2,c1).  [clausify(1)].

given #3 (I,wt=6): 15 null = x | P(x,x).  [clausify(4)].

given #4 (I,wt=9): 16 -P(x,y) | -P(y,x) | y = x.  [clausify(5)].

given #5 (I,wt=9): 17 -P(x,y) | -P(y,z) | P(x,z).  [clausify(6)].

given #6 (I,wt=6): 18 null != x | -P(y,x).  [clausify(7)].

given #7 (I,wt=6): 19 null != x | -P(x,y).  [clausify(7)].

given #8 (I,wt=11): 20 P(f2(x),x) | P(x,f2(x)) | null = x.  [clausify(7)].

given #9 (I,wt=8): 21 P(f1(x,y),x) | D(x,y).  [resolve(10,a,8,a)].

given #10 (I,wt=8): 22 P(f1(x,y),y) | D(x,y).  [resolve(11,a,8,a)].

given #11 (I,wt=9): 23 -P(x,y) | -P(x,z) | -D(y,z).  [resolve(12,c,9,b)].

given #12 (I,wt=11): 24 -P(x,y) | -P(x,z) | P(f1(y,z),y).  [resolve(12,c,10,a)].

given #13 (I,wt=11): 25 -P(x,y) | -P(x,z) | P(f1(y,z),z).  [resolve(12,c,11,a)].

given #14 (I,wt=6): 26 -P(x,y) | -D(y,y).  [factor(23,a,b)].

given #15 (I,wt=8): 27 -P(x,y) | P(f1(y,y),y).  [factor(24,a,b)].

given #16 (A,wt=3): 28 -P(x,null).  [ur(18,a,xx)].

given #17 (F,wt=3): 29 -P(null,x).  [ur(19,a,xx)].

given #18 (F,wt=6): 35 -P(x,c1) | -P(x,c2).  [resolve(23,c,13,a)].

given #19 (T,wt=5): 33 P(f1(c2,c1),c2).  [resolve(21,b,14,a)].
-------- Proof 1 -------- 

============================== PROOF =================================

% Proof 1 at 0.01 (+ 0.01) seconds.
% Length of proof is 17.
% Level of proof is 4.
% Maximum clause weight is 9.000.
% Given clauses 19.

1 -(all x all y (-D(x,y) | D(y,x))) # label(non_clause).  [assumption].
2 (all x all y ((-D(x,y) | -O(x,y)) & (O(x,y) | D(x,y)))) # label(non_clause).  [assumption].
3 (all x all y ((-O(x,y) | (exists z (P(z,x) & P(z,y)))) & (-(exists z (P(z,x) & P(z,y))) | O(x,y)))) # label(non_clause).  [assumption].
8 O(x,y) | D(x,y).  [clausify(2)].
9 -D(x,y) | -O(x,y).  [clausify(2)].
10 -O(x,y) | P(f1(x,y),x).  [clausify(3)].
11 -O(x,y) | P(f1(x,y),y).  [clausify(3)].
12 -P(x,y) | -P(x,z) | O(y,z).  [clausify(3)].
13 D(c1,c2).  [clausify(1)].
14 -D(c2,c1).  [clausify(1)].
21 P(f1(x,y),x) | D(x,y).  [resolve(10,a,8,a)].
22 P(f1(x,y),y) | D(x,y).  [resolve(11,a,8,a)].
23 -P(x,y) | -P(x,z) | -D(y,z).  [resolve(12,c,9,b)].
33 P(f1(c2,c1),c2).  [resolve(21,b,14,a)].
34 P(f1(c2,c1),c1).  [resolve(22,b,14,a)].
35 -P(x,c1) | -P(x,c2).  [resolve(23,c,13,a)].
48 $F.  [resolve(33,a,35,b),unit_del(a,34)].

============================== end of proof ==========================

============================== STATISTICS ============================

Given=19. Generated=56. Kept=35. proofs=1.
Usable=19. Sos=15. Demods=0. Limbo=0, Disabled=19. Hints=0.
Kept_by_rule=0, Deleted_by_rule=0.
Forward_subsumed=20. Back_subsumed=1.
Sos_limit_deleted=0. Sos_displaced=0. Sos_removed=0.
New_demodulators=0 (0 lex), Back_demodulated=0. Back_unit_deleted=0.
Demod_attempts=0. Demod_rewrites=0.
Res_instance_prunes=0. Para_instance_prunes=0. Basic_paramod_prunes=0.
Nonunit_fsub_feature_tests=61. Nonunit_bsub_feature_tests=87.
Megabytes=0.10.
User_CPU=0.01, System_CPU=0.01, Wall_clock=0.

============================== end of statistics =====================

============================== end of search =========================

THEOREM PROVED

THEOREM PROVED

Exiting with 1 proof.

------ process 8051 exit (max_proofs) ------

Process 8051 exit (max_proofs) Fri Sep 18 15:45:31 2020

========================== MACLEOD SUMMARY ===========================
reasoner: /home/aidin12/macleod/Reasoning/prover9_bin/prover9
status: PROOF
execution finished: Fri Sep 18 15:45:34 2020
total CPU time used: 0
The command was "/home/aidin12/macleod/Reasoning/prover9_bin/prover9 -t100 -f /home/aidin12/macleod/ontologies/after2/Theorems/conversions/Discreteproperties2.all.p9"
============================ end of footer ===========================
