============================== Mace4 =================================
Mace4 (64) version 2009-11A, November 2009.
Process 7086 was started by aidin12 on aidin12-HP-Pavilion-dv7-Notebook-PC,
Fri Sep 18 14:12:24 2020
The command was "/home/aidin12/macleod/Reasoning/prover9_bin/mace4 -v0 -t300 -s60 -n2 -N40 -f /home/aidin12/macleod/ontologies/after2/Theorems/conversions/EQproperties3.all.p9".
============================== end of head ===========================

============================== INPUT =================================

% Reading from file /home/aidin12/macleod/ontologies/after2/Theorems/conversions/EQproperties3.all.p9


formulas(assumptions).
-(all x all y all z (-(EQ(x,y) & EQ(y,z)) | EQ(x,z))).
(all x all y ((-EQ(x,y) | P(y,x) & P(x,y)) & (-(P(y,x) & P(x,y)) | EQ(x,y)))).
(all x (x = null | P(x,x))).
(all x all y (-(P(x,y) & P(y,x)) | x = y)).
(all x all y all z (-(P(x,y) & P(y,z)) | P(x,z))).
(all x ((x != null | (all y (-P(y,x) & -P(x,y)))) & (-(all y (-P(y,x) & -P(x,y))) | x = null))).
end_of_list.

% From the command line: clear(verbose).

% From the command line: assign(max_seconds, 300).

% From the command line: assign(max_seconds_per, 60).
    % assign(domain_size, 2) -> assign(start_size, 2).
    % assign(domain_size, 2) -> assign(end_size, 2).

% From the command line: assign(domain_size, 2).

% From the command line: assign(end_size, 40).

============================== end of input ==========================

============================== PROCESS NON-CLAUSAL FORMULAS ==========

% Formulas that are not ordinary clauses:
1 -(all x all y all z (-(EQ(x,y) & EQ(y,z)) | EQ(x,z))) # label(non_clause).  [assumption].
2 (all x all y ((-EQ(x,y) | P(y,x) & P(x,y)) & (-(P(y,x) & P(x,y)) | EQ(x,y)))) # label(non_clause).  [assumption].
3 (all x (x = null | P(x,x))) # label(non_clause).  [assumption].
4 (all x all y (-(P(x,y) & P(y,x)) | x = y)) # label(non_clause).  [assumption].
5 (all x all y all z (-(P(x,y) & P(y,z)) | P(x,z))) # label(non_clause).  [assumption].
6 (all x ((x != null | (all y (-P(y,x) & -P(x,y)))) & (-(all y (-P(y,x) & -P(x,y))) | x = null))) # label(non_clause).  [assumption].

============================== end of process non-clausal formulas ===

============================== CLAUSES FOR SEARCH ====================

formulas(mace4_clauses).
EQ(c1,c2).
EQ(c2,c3).
-EQ(c1,c3).
-EQ(x,y) | P(y,x).
-EQ(x,y) | P(x,y).
-P(x,y) | -P(y,x) | EQ(y,x).
null = x | P(x,x).
-P(x,y) | -P(y,x) | y = x.
-P(x,y) | -P(y,z) | P(x,z).
null != x | -P(y,x).
null != x | -P(x,y).
P(f1(x),x) | P(x,f1(x)) | null = x.
end_of_list.

============================== end of clauses for search =============

% There are no natural numbers in the input.

============================== DOMAIN SIZE 2 =========================

=== Mace4 starting on domain size 2. ===

============================== STATISTICS ============================

For domain size 2.

Current CPU time: 0.00 seconds (total CPU time: 0.01 seconds).
Ground clauses: seen=39, kept=37.
Selections=2, assignments=3, propagations=11, current_models=0.
Rewrite_terms=19, rewrite_bools=52, indexes=0.
Rules_from_neg_clauses=3, cross_offs=3.

============================== end of statistics =====================

============================== DOMAIN SIZE 3 =========================

=== Mace4 starting on domain size 3. ===

============================== STATISTICS ============================

For domain size 3.

Current CPU time: 0.00 seconds (total CPU time: 0.01 seconds).
Ground clauses: seen=90, kept=87.
Selections=3, assignments=6, propagations=21, current_models=0.
Rewrite_terms=38, rewrite_bools=114, indexes=2.
Rules_from_neg_clauses=3, cross_offs=6.

============================== end of statistics =====================

============================== DOMAIN SIZE 4 =========================

=== Mace4 starting on domain size 4. ===

============================== STATISTICS ============================

For domain size 4.

Current CPU time: 0.00 seconds (total CPU time: 0.01 seconds).
Ground clauses: seen=171, kept=167.
Selections=4, assignments=9, propagations=25, current_models=0.
Rewrite_terms=55, rewrite_bools=194, indexes=2.
Rules_from_neg_clauses=1, cross_offs=7.

============================== end of statistics =====================

============================== DOMAIN SIZE 5 =========================

=== Mace4 starting on domain size 5. ===

============================== STATISTICS ============================

For domain size 5.

Current CPU time: 0.00 seconds (total CPU time: 0.01 seconds).
Ground clauses: seen=288, kept=283.
Selections=4, assignments=9, propagations=31, current_models=0.
Rewrite_terms=75, rewrite_bools=288, indexes=2.
Rules_from_neg_clauses=1, cross_offs=8.

============================== end of statistics =====================

============================== DOMAIN SIZE 6 =========================

=== Mace4 starting on domain size 6. ===

============================== STATISTICS ============================

For domain size 6.

Current CPU time: 0.00 seconds (total CPU time: 0.01 seconds).
Ground clauses: seen=447, kept=441.
Selections=4, assignments=9, propagations=37, current_models=0.
Rewrite_terms=99, rewrite_bools=400, indexes=2.
Rules_from_neg_clauses=1, cross_offs=9.

============================== end of statistics =====================

============================== DOMAIN SIZE 7 =========================

=== Mace4 starting on domain size 7. ===

============================== STATISTICS ============================

For domain size 7.

Current CPU time: 0.00 seconds (total CPU time: 0.02 seconds).
Ground clauses: seen=654, kept=647.
Selections=4, assignments=9, propagations=43, current_models=0.
Rewrite_terms=127, rewrite_bools=530, indexes=2.
Rules_from_neg_clauses=1, cross_offs=10.

============================== end of statistics =====================

============================== DOMAIN SIZE 8 =========================

=== Mace4 starting on domain size 8. ===

============================== STATISTICS ============================

For domain size 8.

Current CPU time: 0.00 seconds (total CPU time: 0.02 seconds).
Ground clauses: seen=915, kept=907.
Selections=4, assignments=9, propagations=49, current_models=0.
Rewrite_terms=159, rewrite_bools=678, indexes=2.
Rules_from_neg_clauses=1, cross_offs=11.

============================== end of statistics =====================

============================== DOMAIN SIZE 9 =========================

=== Mace4 starting on domain size 9. ===

============================== STATISTICS ============================

For domain size 9.

Current CPU time: 0.00 seconds (total CPU time: 0.02 seconds).
Ground clauses: seen=1236, kept=1227.
Selections=4, assignments=9, propagations=55, current_models=0.
Rewrite_terms=195, rewrite_bools=844, indexes=2.
Rules_from_neg_clauses=1, cross_offs=12.

============================== end of statistics =====================

============================== DOMAIN SIZE 10 ========================

=== Mace4 starting on domain size 10. ===

============================== STATISTICS ============================

For domain size 10.

Current CPU time: 0.00 seconds (total CPU time: 0.02 seconds).
Ground clauses: seen=1623, kept=1613.
Selections=4, assignments=9, propagations=61, current_models=0.
Rewrite_terms=235, rewrite_bools=1028, indexes=2.
Rules_from_neg_clauses=1, cross_offs=13.

============================== end of statistics =====================

============================== DOMAIN SIZE 11 ========================

=== Mace4 starting on domain size 11. ===

============================== STATISTICS ============================

For domain size 11.

Current CPU time: 0.00 seconds (total CPU time: 0.02 seconds).
Ground clauses: seen=2082, kept=2071.
Selections=4, assignments=9, propagations=67, current_models=0.
Rewrite_terms=279, rewrite_bools=1230, indexes=2.
Rules_from_neg_clauses=1, cross_offs=14.

============================== end of statistics =====================

============================== DOMAIN SIZE 12 ========================

=== Mace4 starting on domain size 12. ===

============================== STATISTICS ============================

For domain size 12.

Current CPU time: 0.00 seconds (total CPU time: 0.03 seconds).
Ground clauses: seen=2619, kept=2607.
Selections=4, assignments=9, propagations=73, current_models=0.
Rewrite_terms=327, rewrite_bools=1450, indexes=2.
Rules_from_neg_clauses=1, cross_offs=15.

============================== end of statistics =====================

============================== DOMAIN SIZE 13 ========================

=== Mace4 starting on domain size 13. ===

============================== STATISTICS ============================

For domain size 13.

Current CPU time: 0.00 seconds (total CPU time: 0.03 seconds).
Ground clauses: seen=3240, kept=3227.
Selections=4, assignments=9, propagations=79, current_models=0.
Rewrite_terms=379, rewrite_bools=1688, indexes=2.
Rules_from_neg_clauses=1, cross_offs=16.

============================== end of statistics =====================

============================== DOMAIN SIZE 14 ========================

=== Mace4 starting on domain size 14. ===

============================== STATISTICS ============================

For domain size 14.

Current CPU time: 0.00 seconds (total CPU time: 0.04 seconds).
Ground clauses: seen=3951, kept=3937.
Selections=4, assignments=9, propagations=85, current_models=0.
Rewrite_terms=435, rewrite_bools=1944, indexes=2.
Rules_from_neg_clauses=1, cross_offs=17.

============================== end of statistics =====================

============================== DOMAIN SIZE 15 ========================

=== Mace4 starting on domain size 15. ===

============================== STATISTICS ============================

For domain size 15.

Current CPU time: 0.00 seconds (total CPU time: 0.05 seconds).
Ground clauses: seen=4758, kept=4743.
Selections=4, assignments=9, propagations=91, current_models=0.
Rewrite_terms=495, rewrite_bools=2218, indexes=2.
Rules_from_neg_clauses=1, cross_offs=18.

============================== end of statistics =====================

============================== DOMAIN SIZE 16 ========================

=== Mace4 starting on domain size 16. ===

============================== STATISTICS ============================

For domain size 16.

Current CPU time: 0.00 seconds (total CPU time: 0.06 seconds).
Ground clauses: seen=5667, kept=5651.
Selections=4, assignments=9, propagations=97, current_models=0.
Rewrite_terms=559, rewrite_bools=2510, indexes=2.
Rules_from_neg_clauses=1, cross_offs=19.

============================== end of statistics =====================

============================== DOMAIN SIZE 17 ========================

=== Mace4 starting on domain size 17. ===

============================== STATISTICS ============================

For domain size 17.

Current CPU time: 0.00 seconds (total CPU time: 0.07 seconds).
Ground clauses: seen=6684, kept=6667.
Selections=4, assignments=9, propagations=103, current_models=0.
Rewrite_terms=627, rewrite_bools=2820, indexes=2.
Rules_from_neg_clauses=1, cross_offs=20.

============================== end of statistics =====================

============================== DOMAIN SIZE 18 ========================

=== Mace4 starting on domain size 18. ===

============================== STATISTICS ============================

For domain size 18.

Current CPU time: 0.00 seconds (total CPU time: 0.08 seconds).
Ground clauses: seen=7815, kept=7797.
Selections=4, assignments=9, propagations=109, current_models=0.
Rewrite_terms=699, rewrite_bools=3148, indexes=2.
Rules_from_neg_clauses=1, cross_offs=21.

============================== end of statistics =====================

============================== DOMAIN SIZE 19 ========================

=== Mace4 starting on domain size 19. ===

============================== STATISTICS ============================

For domain size 19.

Current CPU time: 0.00 seconds (total CPU time: 0.09 seconds).
Ground clauses: seen=9066, kept=9047.
Selections=4, assignments=9, propagations=115, current_models=0.
Rewrite_terms=775, rewrite_bools=3494, indexes=2.
Rules_from_neg_clauses=1, cross_offs=22.

============================== end of statistics =====================

============================== DOMAIN SIZE 20 ========================

=== Mace4 starting on domain size 20. ===

============================== STATISTICS ============================

For domain size 20.

Current CPU time: 0.00 seconds (total CPU time: 0.10 seconds).
Ground clauses: seen=10443, kept=10423.
Selections=4, assignments=9, propagations=121, current_models=0.
Rewrite_terms=855, rewrite_bools=3858, indexes=2.
Rules_from_neg_clauses=1, cross_offs=23.

============================== end of statistics =====================

============================== DOMAIN SIZE 21 ========================

=== Mace4 starting on domain size 21. ===

============================== STATISTICS ============================

For domain size 21.

Current CPU time: 0.00 seconds (total CPU time: 0.12 seconds).
Ground clauses: seen=11952, kept=11931.
Selections=4, assignments=9, propagations=127, current_models=0.
Rewrite_terms=939, rewrite_bools=4240, indexes=2.
Rules_from_neg_clauses=1, cross_offs=24.

============================== end of statistics =====================

============================== DOMAIN SIZE 22 ========================

=== Mace4 starting on domain size 22. ===

============================== STATISTICS ============================

For domain size 22.

Current CPU time: 0.00 seconds (total CPU time: 0.14 seconds).
Ground clauses: seen=13599, kept=13577.
Selections=4, assignments=9, propagations=133, current_models=0.
Rewrite_terms=1027, rewrite_bools=4640, indexes=2.
Rules_from_neg_clauses=1, cross_offs=25.

============================== end of statistics =====================

============================== DOMAIN SIZE 23 ========================

=== Mace4 starting on domain size 23. ===

============================== STATISTICS ============================

For domain size 23.

Current CPU time: 0.00 seconds (total CPU time: 0.16 seconds).
Ground clauses: seen=15390, kept=15367.
Selections=4, assignments=9, propagations=139, current_models=0.
Rewrite_terms=1119, rewrite_bools=5058, indexes=2.
Rules_from_neg_clauses=1, cross_offs=26.

============================== end of statistics =====================

============================== DOMAIN SIZE 24 ========================

=== Mace4 starting on domain size 24. ===

============================== STATISTICS ============================

For domain size 24.

Current CPU time: 0.00 seconds (total CPU time: 0.18 seconds).
Ground clauses: seen=17331, kept=17307.
Selections=4, assignments=9, propagations=145, current_models=0.
Rewrite_terms=1215, rewrite_bools=5494, indexes=2.
Rules_from_neg_clauses=1, cross_offs=27.

============================== end of statistics =====================

============================== DOMAIN SIZE 25 ========================

=== Mace4 starting on domain size 25. ===

============================== STATISTICS ============================

For domain size 25.

Current CPU time: 0.00 seconds (total CPU time: 0.21 seconds).
Ground clauses: seen=19428, kept=19403.
Selections=4, assignments=9, propagations=151, current_models=0.
Rewrite_terms=1315, rewrite_bools=5948, indexes=2.
Rules_from_neg_clauses=1, cross_offs=28.

============================== end of statistics =====================

============================== DOMAIN SIZE 26 ========================

=== Mace4 starting on domain size 26. ===

============================== STATISTICS ============================

For domain size 26.

Current CPU time: 0.00 seconds (total CPU time: 0.23 seconds).
Ground clauses: seen=21687, kept=21661.
Selections=4, assignments=9, propagations=157, current_models=0.
Rewrite_terms=1419, rewrite_bools=6420, indexes=2.
Rules_from_neg_clauses=1, cross_offs=29.

============================== end of statistics =====================

============================== DOMAIN SIZE 27 ========================

=== Mace4 starting on domain size 27. ===

============================== STATISTICS ============================

For domain size 27.

Current CPU time: 0.00 seconds (total CPU time: 0.26 seconds).
Ground clauses: seen=24114, kept=24087.
Selections=4, assignments=9, propagations=163, current_models=0.
Rewrite_terms=1527, rewrite_bools=6910, indexes=2.
Rules_from_neg_clauses=1, cross_offs=30.

============================== end of statistics =====================

============================== DOMAIN SIZE 28 ========================

=== Mace4 starting on domain size 28. ===

============================== STATISTICS ============================

For domain size 28.

Current CPU time: 0.00 seconds (total CPU time: 0.29 seconds).
Ground clauses: seen=26715, kept=26687.
Selections=4, assignments=9, propagations=169, current_models=0.
Rewrite_terms=1639, rewrite_bools=7418, indexes=2.
Rules_from_neg_clauses=1, cross_offs=31.

============================== end of statistics =====================

============================== DOMAIN SIZE 29 ========================

=== Mace4 starting on domain size 29. ===

============================== STATISTICS ============================

For domain size 29.

Current CPU time: 0.00 seconds (total CPU time: 0.33 seconds).
Ground clauses: seen=29496, kept=29467.
Selections=4, assignments=9, propagations=175, current_models=0.
Rewrite_terms=1755, rewrite_bools=7944, indexes=2.
Rules_from_neg_clauses=1, cross_offs=32.

============================== end of statistics =====================

============================== DOMAIN SIZE 30 ========================

=== Mace4 starting on domain size 30. ===

============================== STATISTICS ============================

For domain size 30.

Current CPU time: 0.00 seconds (total CPU time: 0.37 seconds).
Ground clauses: seen=32463, kept=32433.
Selections=4, assignments=9, propagations=181, current_models=0.
Rewrite_terms=1875, rewrite_bools=8488, indexes=2.
Rules_from_neg_clauses=1, cross_offs=33.

============================== end of statistics =====================

============================== DOMAIN SIZE 31 ========================

=== Mace4 starting on domain size 31. ===

============================== STATISTICS ============================

For domain size 31.

Current CPU time: 0.00 seconds (total CPU time: 0.41 seconds).
Ground clauses: seen=35622, kept=35591.
Selections=4, assignments=9, propagations=187, current_models=0.
Rewrite_terms=1999, rewrite_bools=9050, indexes=2.
Rules_from_neg_clauses=1, cross_offs=34.

============================== end of statistics =====================

============================== DOMAIN SIZE 32 ========================

=== Mace4 starting on domain size 32. ===

============================== STATISTICS ============================

For domain size 32.

Current CPU time: 0.00 seconds (total CPU time: 0.46 seconds).
Ground clauses: seen=38979, kept=38947.
Selections=4, assignments=9, propagations=193, current_models=0.
Rewrite_terms=2127, rewrite_bools=9630, indexes=2.
Rules_from_neg_clauses=1, cross_offs=35.

============================== end of statistics =====================

============================== DOMAIN SIZE 33 ========================

=== Mace4 starting on domain size 33. ===

============================== STATISTICS ============================

For domain size 33.

Current CPU time: 0.00 seconds (total CPU time: 0.51 seconds).
Ground clauses: seen=42540, kept=42507.
Selections=4, assignments=9, propagations=199, current_models=0.
Rewrite_terms=2259, rewrite_bools=10228, indexes=2.
Rules_from_neg_clauses=1, cross_offs=36.

============================== end of statistics =====================

============================== DOMAIN SIZE 34 ========================

=== Mace4 starting on domain size 34. ===

============================== STATISTICS ============================

For domain size 34.

Current CPU time: 0.00 seconds (total CPU time: 0.57 seconds).
Ground clauses: seen=46311, kept=46277.
Selections=4, assignments=9, propagations=205, current_models=0.
Rewrite_terms=2395, rewrite_bools=10844, indexes=2.
Rules_from_neg_clauses=1, cross_offs=37.

============================== end of statistics =====================

============================== DOMAIN SIZE 35 ========================

=== Mace4 starting on domain size 35. ===

============================== STATISTICS ============================

For domain size 35.

Current CPU time: 0.00 seconds (total CPU time: 0.63 seconds).
Ground clauses: seen=50298, kept=50263.
Selections=4, assignments=9, propagations=211, current_models=0.
Rewrite_terms=2535, rewrite_bools=11478, indexes=2.
Rules_from_neg_clauses=1, cross_offs=38.

============================== end of statistics =====================

============================== DOMAIN SIZE 36 ========================

=== Mace4 starting on domain size 36. ===

============================== STATISTICS ============================

For domain size 36.

Current CPU time: 0.00 seconds (total CPU time: 0.70 seconds).
Ground clauses: seen=54507, kept=54471.
Selections=4, assignments=9, propagations=217, current_models=0.
Rewrite_terms=2679, rewrite_bools=12130, indexes=2.
Rules_from_neg_clauses=1, cross_offs=39.

============================== end of statistics =====================

============================== DOMAIN SIZE 37 ========================

=== Mace4 starting on domain size 37. ===

============================== STATISTICS ============================

For domain size 37.

Current CPU time: 0.00 seconds (total CPU time: 0.77 seconds).
Ground clauses: seen=58944, kept=58907.
Selections=4, assignments=9, propagations=223, current_models=0.
Rewrite_terms=2827, rewrite_bools=12800, indexes=2.
Rules_from_neg_clauses=1, cross_offs=40.

============================== end of statistics =====================

============================== DOMAIN SIZE 38 ========================

=== Mace4 starting on domain size 38. ===

============================== STATISTICS ============================

For domain size 38.

Current CPU time: 0.00 seconds (total CPU time: 0.84 seconds).
Ground clauses: seen=63615, kept=63577.
Selections=4, assignments=9, propagations=229, current_models=0.
Rewrite_terms=2979, rewrite_bools=13488, indexes=2.
Rules_from_neg_clauses=1, cross_offs=41.

============================== end of statistics =====================

============================== DOMAIN SIZE 39 ========================

=== Mace4 starting on domain size 39. ===

============================== STATISTICS ============================

For domain size 39.

Current CPU time: 0.00 seconds (total CPU time: 0.93 seconds).
Ground clauses: seen=68526, kept=68487.
Selections=4, assignments=9, propagations=235, current_models=0.
Rewrite_terms=3135, rewrite_bools=14194, indexes=2.
Rules_from_neg_clauses=1, cross_offs=42.

============================== end of statistics =====================

============================== DOMAIN SIZE 40 ========================

=== Mace4 starting on domain size 40. ===

============================== STATISTICS ============================

For domain size 40.

Current CPU time: 0.00 seconds (total CPU time: 1.02 seconds).
Ground clauses: seen=73683, kept=73643.
Selections=4, assignments=9, propagations=241, current_models=0.
Rewrite_terms=3295, rewrite_bools=14918, indexes=2.
Rules_from_neg_clauses=1, cross_offs=43.

============================== end of statistics =====================

------ process 7086 exit (exhausted) ------

User_CPU=1.02, System_CPU=0.01, Wall_clock=1.

Exiting with failure.

Process 7086 exit (exhausted) Fri Sep 18 14:12:25 2020
The process finished Fri Sep 18 14:12:25 2020

========================== MACLEOD SUMMARY ===========================
reasoner: /home/aidin12/macleod/Reasoning/prover9_bin/mace4
status: 
execution finished: Fri Sep 18 14:12:26 2020
total CPU time used: 0
The command was "/home/aidin12/macleod/Reasoning/prover9_bin/mace4 -v0 -t300 -s60 -n2 -N40 -f /home/aidin12/macleod/ontologies/after2/Theorems/conversions/EQproperties3.all.p9"
============================ end of footer ===========================
