============================== Prover9 ===============================
Prover9 (64) version 2009-11A, November 2009.
Process 7045 was started by aidin12 on aidin12-HP-Pavilion-dv7-Notebook-PC,
Fri Sep 18 14:10:34 2020
The command was "/home/aidin12/macleod/Reasoning/prover9_bin/prover9 -t100 -f /home/aidin12/macleod/ontologies/after2/Theorems/conversions/EQproperties2.all.p9".
============================== end of head ===========================

============================== INPUT =================================

% Reading from file /home/aidin12/macleod/ontologies/after2/Theorems/conversions/EQproperties2.all.p9


formulas(assumptions).
-(all x all y (-EQ(x,y) | EQ(y,x))).
(all x all y ((-EQ(x,y) | P(y,x) & P(x,y)) & (-(P(y,x) & P(x,y)) | EQ(x,y)))).
(all x (x = null | P(x,x))).
(all x all y (-(P(x,y) & P(y,x)) | x = y)).
(all x all y all z (-(P(x,y) & P(y,z)) | P(x,z))).
(all x ((x != null | (all y (-P(y,x) & -P(x,y)))) & (-(all y (-P(y,x) & -P(x,y))) | x = null))).
end_of_list.

============================== end of input ==========================

% From the command line: assign(max_seconds, 100).

============================== PROCESS NON-CLAUSAL FORMULAS ==========

% Formulas that are not ordinary clauses:
1 -(all x all y (-EQ(x,y) | EQ(y,x))) # label(non_clause).  [assumption].
2 (all x all y ((-EQ(x,y) | P(y,x) & P(x,y)) & (-(P(y,x) & P(x,y)) | EQ(x,y)))) # label(non_clause).  [assumption].
3 (all x (x = null | P(x,x))) # label(non_clause).  [assumption].
4 (all x all y (-(P(x,y) & P(y,x)) | x = y)) # label(non_clause).  [assumption].
5 (all x all y all z (-(P(x,y) & P(y,z)) | P(x,z))) # label(non_clause).  [assumption].
6 (all x ((x != null | (all y (-P(y,x) & -P(x,y)))) & (-(all y (-P(y,x) & -P(x,y))) | x = null))) # label(non_clause).  [assumption].

============================== end of process non-clausal formulas ===

============================== PROCESS INITIAL CLAUSES ===============

% Clauses before input processing:

formulas(usable).
end_of_list.

formulas(sos).
EQ(c1,c2).  [clausify(1)].
-EQ(c2,c1).  [clausify(1)].
-EQ(x,y) | P(y,x).  [clausify(2)].
-EQ(x,y) | P(x,y).  [clausify(2)].
-P(x,y) | -P(y,x) | EQ(y,x).  [clausify(2)].
null = x | P(x,x).  [clausify(3)].
-P(x,y) | -P(y,x) | y = x.  [clausify(4)].
-P(x,y) | -P(y,z) | P(x,z).  [clausify(5)].
null != x | -P(y,x).  [clausify(6)].
null != x | -P(x,y).  [clausify(6)].
P(f1(x),x) | P(x,f1(x)) | null = x.  [clausify(6)].
end_of_list.

formulas(demodulators).
end_of_list.

============================== PREDICATE ELIMINATION =================

No predicates eliminated.

============================== end predicate elimination =============

Auto_denials:  (non-Horn, no changes).

Term ordering decisions:
Predicate symbol precedence:  predicate_order([ =, P, EQ ]).
Function symbol precedence:  function_order([ null, c1, c2, f1 ]).
After inverse_order:  (no changes).
Unfolding symbols: (none).

Auto_inference settings:
  % set(paramodulation).  % (positive equality literals)
  % set(binary_resolution).  % (non-Horn)
  % set(neg_ur_resolution).  % (non-Horn, less than 100 clauses)

Auto_process settings:
  % set(factor).  % (non-Horn)
  % set(unit_deletion).  % (non-Horn)

kept:      7 EQ(c1,c2).  [clausify(1)].
kept:      8 -EQ(c2,c1).  [clausify(1)].
kept:      9 -EQ(x,y) | P(y,x).  [clausify(2)].
kept:      10 -EQ(x,y) | P(x,y).  [clausify(2)].
kept:      11 -P(x,y) | -P(y,x) | EQ(y,x).  [clausify(2)].
kept:      12 null = x | P(x,x).  [clausify(3)].
kept:      13 -P(x,y) | -P(y,x) | y = x.  [clausify(4)].
kept:      14 -P(x,y) | -P(y,z) | P(x,z).  [clausify(5)].
kept:      15 null != x | -P(y,x).  [clausify(6)].
kept:      16 null != x | -P(x,y).  [clausify(6)].
kept:      17 P(f1(x),x) | P(x,f1(x)) | null = x.  [clausify(6)].
kept:      18 -P(x,x) | EQ(x,x).  [factor(11,a,b)].

============================== end of process initial clauses ========

============================== CLAUSES FOR SEARCH ====================

% Clauses after input processing:

formulas(usable).
end_of_list.

formulas(sos).
7 EQ(c1,c2).  [clausify(1)].
8 -EQ(c2,c1).  [clausify(1)].
9 -EQ(x,y) | P(y,x).  [clausify(2)].
10 -EQ(x,y) | P(x,y).  [clausify(2)].
11 -P(x,y) | -P(y,x) | EQ(y,x).  [clausify(2)].
12 null = x | P(x,x).  [clausify(3)].
13 -P(x,y) | -P(y,x) | y = x.  [clausify(4)].
14 -P(x,y) | -P(y,z) | P(x,z).  [clausify(5)].
15 null != x | -P(y,x).  [clausify(6)].
16 null != x | -P(x,y).  [clausify(6)].
17 P(f1(x),x) | P(x,f1(x)) | null = x.  [clausify(6)].
18 -P(x,x) | EQ(x,x).  [factor(11,a,b)].
end_of_list.

formulas(demodulators).
end_of_list.

============================== end of clauses for search =============

============================== SEARCH ================================

% Starting search at 0.01 seconds.

given #1 (I,wt=3): 7 EQ(c1,c2).  [clausify(1)].

given #2 (I,wt=3): 8 -EQ(c2,c1).  [clausify(1)].

given #3 (I,wt=6): 9 -EQ(x,y) | P(y,x).  [clausify(2)].

given #4 (I,wt=6): 10 -EQ(x,y) | P(x,y).  [clausify(2)].

given #5 (I,wt=9): 11 -P(x,y) | -P(y,x) | EQ(y,x).  [clausify(2)].

given #6 (I,wt=6): 12 null = x | P(x,x).  [clausify(3)].

given #7 (I,wt=9): 13 -P(x,y) | -P(y,x) | y = x.  [clausify(4)].

given #8 (I,wt=9): 14 -P(x,y) | -P(y,z) | P(x,z).  [clausify(5)].

given #9 (I,wt=6): 15 null != x | -P(y,x).  [clausify(6)].

given #10 (I,wt=6): 16 null != x | -P(x,y).  [clausify(6)].

given #11 (I,wt=11): 17 P(f1(x),x) | P(x,f1(x)) | null = x.  [clausify(6)].

given #12 (I,wt=6): 18 -P(x,x) | EQ(x,x).  [factor(11,a,b)].

given #13 (A,wt=3): 19 P(c2,c1).  [resolve(9,a,7,a)].
-------- Proof 1 -------- 

============================== PROOF =================================

% Proof 1 at 0.01 (+ 0.00) seconds.
% Length of proof is 14.
% Level of proof is 5.
% Maximum clause weight is 9.000.
% Given clauses 13.

1 -(all x all y (-EQ(x,y) | EQ(y,x))) # label(non_clause).  [assumption].
2 (all x all y ((-EQ(x,y) | P(y,x) & P(x,y)) & (-(P(y,x) & P(x,y)) | EQ(x,y)))) # label(non_clause).  [assumption].
4 (all x all y (-(P(x,y) & P(y,x)) | x = y)) # label(non_clause).  [assumption].
7 EQ(c1,c2).  [clausify(1)].
8 -EQ(c2,c1).  [clausify(1)].
9 -EQ(x,y) | P(y,x).  [clausify(2)].
10 -EQ(x,y) | P(x,y).  [clausify(2)].
11 -P(x,y) | -P(y,x) | EQ(y,x).  [clausify(2)].
13 -P(x,y) | -P(y,x) | y = x.  [clausify(4)].
19 P(c2,c1).  [resolve(9,a,7,a)].
20 P(c1,c2).  [resolve(10,a,7,a)].
31 c2 = c1.  [resolve(19,a,13,b),unit_del(a,20)].
32 -P(c1,c1).  [ur(11,b,19,a,c,8,a),rewrite([31(2)])].
33 $F.  [back_rewrite(20),rewrite([31(2)]),unit_del(a,32)].

============================== end of proof ==========================

============================== STATISTICS ============================

Given=13. Generated=50. Kept=26. proofs=1.
Usable=13. Sos=7. Demods=1. Limbo=2, Disabled=15. Hints=0.
Kept_by_rule=0, Deleted_by_rule=0.
Forward_subsumed=23. Back_subsumed=0.
Sos_limit_deleted=0. Sos_displaced=0. Sos_removed=0.
New_demodulators=1 (0 lex), Back_demodulated=4. Back_unit_deleted=0.
Demod_attempts=53. Demod_rewrites=12.
Res_instance_prunes=0. Para_instance_prunes=0. Basic_paramod_prunes=0.
Nonunit_fsub_feature_tests=11. Nonunit_bsub_feature_tests=26.
Megabytes=0.08.
User_CPU=0.01, System_CPU=0.00, Wall_clock=0.

============================== end of statistics =====================

============================== end of search =========================

THEOREM PROVED

THEOREM PROVED

Exiting with 1 proof.

------ process 7045 exit (max_proofs) ------

Process 7045 exit (max_proofs) Fri Sep 18 14:10:34 2020

========================== MACLEOD SUMMARY ===========================
reasoner: /home/aidin12/macleod/Reasoning/prover9_bin/prover9
status: PROOF
execution finished: Fri Sep 18 14:10:35 2020
total CPU time used: 0
The command was "/home/aidin12/macleod/Reasoning/prover9_bin/prover9 -t100 -f /home/aidin12/macleod/ontologies/after2/Theorems/conversions/EQproperties2.all.p9"
============================ end of footer ===========================
