============================== Mace4 =================================
Mace4 (64) version 2009-11A, November 2009.
Process 12572 was started by aidin12 on aidin12-HP-Pavilion-dv7-Notebook-PC,
Sat Sep 19 04:54:53 2020
The command was "/home/aidin12/macleod/Reasoning/prover9_bin/mace4 -v0 -t300 -s60 -n2 -N40 -f /home/aidin12/macleod/ontologies/after2/Theorems/conversions/I_rr_UnBounded.all.p9".
============================== end of head ===========================

============================== INPUT =================================

% Reading from file /home/aidin12/macleod/ontologies/after2/Theorems/conversions/I_rr_UnBounded.all.p9


formulas(assumptions).
-(all x (-(x != null & -(exists z B(z,x))) | I(x,x))).
(all x all y ((-I(x,y) | P(x,y) & (all z (-B(z,y) | D(z,x)))) & (-(P(x,y) & (all z (-B(z,y) | D(z,x)))) | I(x,y)))).
(all x all y (-B(x,y) | PP(x,y))).
(all x all y all z (-(B(x,y) & B(y,z)) | B(x,z))).
(all x all y all z (-(P(x,y) & B(y,z)) | B(x,z))).
(all x all y all z (-(B(x,y) & P(y,z)) | P(x,z))).
(all x (x = null | P(x,x))).
(all x all y (-(P(x,y) & P(y,x)) | x = y)).
(all x all y all z (-(P(x,y) & P(y,z)) | P(x,z))).
(all x ((x != null | (all y (-P(y,x) & -P(x,y)))) & (-(all y (-P(y,x) & -P(x,y))) | x = null))).
(all x all y ((-PP(x,y) | P(x,y) & -P(y,x)) & (-(P(x,y) & -P(y,x)) | PP(x,y)))).
(all x all y ((-D(x,y) | -O(x,y)) & (O(x,y) | D(x,y)))).
(all x all y ((-O(x,y) | (exists z (P(z,x) & P(z,y)))) & (-(exists z (P(z,x) & P(z,y))) | O(x,y)))).
end_of_list.

% From the command line: clear(verbose).

% From the command line: assign(max_seconds, 300).

% From the command line: assign(max_seconds_per, 60).
    % assign(domain_size, 2) -> assign(start_size, 2).
    % assign(domain_size, 2) -> assign(end_size, 2).

% From the command line: assign(domain_size, 2).

% From the command line: assign(end_size, 40).

============================== end of input ==========================

============================== PROCESS NON-CLAUSAL FORMULAS ==========

% Formulas that are not ordinary clauses:
1 -(all x (-(x != null & -(exists z B(z,x))) | I(x,x))) # label(non_clause).  [assumption].
2 (all x all y ((-I(x,y) | P(x,y) & (all z (-B(z,y) | D(z,x)))) & (-(P(x,y) & (all z (-B(z,y) | D(z,x)))) | I(x,y)))) # label(non_clause).  [assumption].
3 (all x all y (-B(x,y) | PP(x,y))) # label(non_clause).  [assumption].
4 (all x all y all z (-(B(x,y) & B(y,z)) | B(x,z))) # label(non_clause).  [assumption].
5 (all x all y all z (-(P(x,y) & B(y,z)) | B(x,z))) # label(non_clause).  [assumption].
6 (all x all y all z (-(B(x,y) & P(y,z)) | P(x,z))) # label(non_clause).  [assumption].
7 (all x (x = null | P(x,x))) # label(non_clause).  [assumption].
8 (all x all y (-(P(x,y) & P(y,x)) | x = y)) # label(non_clause).  [assumption].
9 (all x all y all z (-(P(x,y) & P(y,z)) | P(x,z))) # label(non_clause).  [assumption].
10 (all x ((x != null | (all y (-P(y,x) & -P(x,y)))) & (-(all y (-P(y,x) & -P(x,y))) | x = null))) # label(non_clause).  [assumption].
11 (all x all y ((-PP(x,y) | P(x,y) & -P(y,x)) & (-(P(x,y) & -P(y,x)) | PP(x,y)))) # label(non_clause).  [assumption].
12 (all x all y ((-D(x,y) | -O(x,y)) & (O(x,y) | D(x,y)))) # label(non_clause).  [assumption].
13 (all x all y ((-O(x,y) | (exists z (P(z,x) & P(z,y)))) & (-(exists z (P(z,x) & P(z,y))) | O(x,y)))) # label(non_clause).  [assumption].

============================== end of process non-clausal formulas ===

============================== CLAUSES FOR SEARCH ====================

formulas(mace4_clauses).
null != c1.
-B(x,c1).
-I(c1,c1).
-I(x,y) | P(x,y).
-I(x,y) | -B(z,y) | D(z,x).
-P(x,y) | B(f1(x,y),y) | I(x,y).
-P(x,y) | -D(f1(x,y),x) | I(x,y).
-B(x,y) | PP(x,y).
-B(x,y) | -B(y,z) | B(x,z).
-P(x,y) | -B(y,z) | B(x,z).
-B(x,y) | -P(y,z) | P(x,z).
null = x | P(x,x).
-P(x,y) | -P(y,x) | y = x.
-P(x,y) | -P(y,z) | P(x,z).
null != x | -P(y,x).
null != x | -P(x,y).
P(f2(x),x) | P(x,f2(x)) | null = x.
-PP(x,y) | P(x,y).
-PP(x,y) | -P(y,x).
-P(x,y) | P(y,x) | PP(x,y).
-D(x,y) | -O(x,y).
O(x,y) | D(x,y).
-O(x,y) | P(f3(x,y),x).
-O(x,y) | P(f3(x,y),y).
-P(x,y) | -P(x,z) | O(y,z).
end_of_list.

============================== end of clauses for search =============

% There are no natural numbers in the input.

============================== DOMAIN SIZE 2 =========================

=== Mace4 starting on domain size 2. ===

============================== STATISTICS ============================

For domain size 2.

Current CPU time: 0.00 seconds (total CPU time: 0.02 seconds).
Ground clauses: seen=112, kept=110.
Selections=1, assignments=1, propagations=11, current_models=0.
Rewrite_terms=18, rewrite_bools=60, indexes=3.
Rules_from_neg_clauses=2, cross_offs=2.

============================== end of statistics =====================

============================== DOMAIN SIZE 3 =========================

=== Mace4 starting on domain size 3. ===

============================== STATISTICS ============================

For domain size 3.

Current CPU time: 0.00 seconds (total CPU time: 0.02 seconds).
Ground clauses: seen=299, kept=296.
Selections=2, assignments=3, propagations=33, current_models=0.
Rewrite_terms=37, rewrite_bools=347, indexes=2.
Rules_from_neg_clauses=1, cross_offs=5.

============================== end of statistics =====================

============================== DOMAIN SIZE 4 =========================

=== Mace4 starting on domain size 4. ===

============================== STATISTICS ============================

For domain size 4.

Current CPU time: 0.00 seconds (total CPU time: 0.02 seconds).
Ground clauses: seen=622, kept=618.
Selections=2, assignments=3, propagations=47, current_models=0.
Rewrite_terms=55, rewrite_bools=643, indexes=3.
Rules_from_neg_clauses=1, cross_offs=7.

============================== end of statistics =====================

============================== DOMAIN SIZE 5 =========================

=== Mace4 starting on domain size 5. ===

============================== STATISTICS ============================

For domain size 5.

Current CPU time: 0.00 seconds (total CPU time: 0.02 seconds).
Ground clauses: seen=1117, kept=1112.
Selections=2, assignments=3, propagations=61, current_models=0.
Rewrite_terms=77, rewrite_bools=1033, indexes=4.
Rules_from_neg_clauses=1, cross_offs=9.

============================== end of statistics =====================

============================== DOMAIN SIZE 6 =========================

=== Mace4 starting on domain size 6. ===

============================== STATISTICS ============================

For domain size 6.

Current CPU time: 0.00 seconds (total CPU time: 0.02 seconds).
Ground clauses: seen=1820, kept=1814.
Selections=2, assignments=3, propagations=75, current_models=0.
Rewrite_terms=103, rewrite_bools=1517, indexes=5.
Rules_from_neg_clauses=1, cross_offs=11.

============================== end of statistics =====================

============================== DOMAIN SIZE 7 =========================

=== Mace4 starting on domain size 7. ===

============================== STATISTICS ============================

For domain size 7.

Current CPU time: 0.00 seconds (total CPU time: 0.03 seconds).
Ground clauses: seen=2767, kept=2760.
Selections=2, assignments=3, propagations=89, current_models=0.
Rewrite_terms=133, rewrite_bools=2095, indexes=6.
Rules_from_neg_clauses=1, cross_offs=13.

============================== end of statistics =====================

============================== DOMAIN SIZE 8 =========================

=== Mace4 starting on domain size 8. ===

============================== STATISTICS ============================

For domain size 8.

Current CPU time: 0.00 seconds (total CPU time: 0.03 seconds).
Ground clauses: seen=3994, kept=3986.
Selections=2, assignments=3, propagations=103, current_models=0.
Rewrite_terms=167, rewrite_bools=2767, indexes=7.
Rules_from_neg_clauses=1, cross_offs=15.

============================== end of statistics =====================

============================== DOMAIN SIZE 9 =========================

=== Mace4 starting on domain size 9. ===

============================== STATISTICS ============================

For domain size 9.

Current CPU time: 0.00 seconds (total CPU time: 0.04 seconds).
Ground clauses: seen=5537, kept=5528.
Selections=2, assignments=3, propagations=117, current_models=0.
Rewrite_terms=205, rewrite_bools=3533, indexes=8.
Rules_from_neg_clauses=1, cross_offs=17.

============================== end of statistics =====================

============================== DOMAIN SIZE 10 ========================

=== Mace4 starting on domain size 10. ===

============================== STATISTICS ============================

For domain size 10.

Current CPU time: 0.00 seconds (total CPU time: 0.05 seconds).
Ground clauses: seen=7432, kept=7422.
Selections=2, assignments=3, propagations=131, current_models=0.
Rewrite_terms=247, rewrite_bools=4393, indexes=9.
Rules_from_neg_clauses=1, cross_offs=19.

============================== end of statistics =====================

============================== DOMAIN SIZE 11 ========================

=== Mace4 starting on domain size 11. ===

============================== STATISTICS ============================

For domain size 11.

Current CPU time: 0.00 seconds (total CPU time: 0.07 seconds).
Ground clauses: seen=9715, kept=9704.
Selections=2, assignments=3, propagations=145, current_models=0.
Rewrite_terms=293, rewrite_bools=5347, indexes=10.
Rules_from_neg_clauses=1, cross_offs=21.

============================== end of statistics =====================

============================== DOMAIN SIZE 12 ========================

=== Mace4 starting on domain size 12. ===

============================== STATISTICS ============================

For domain size 12.

Current CPU time: 0.00 seconds (total CPU time: 0.09 seconds).
Ground clauses: seen=12422, kept=12410.
Selections=2, assignments=3, propagations=159, current_models=0.
Rewrite_terms=343, rewrite_bools=6395, indexes=11.
Rules_from_neg_clauses=1, cross_offs=23.

============================== end of statistics =====================

============================== DOMAIN SIZE 13 ========================

=== Mace4 starting on domain size 13. ===

============================== STATISTICS ============================

For domain size 13.

Current CPU time: 0.00 seconds (total CPU time: 0.11 seconds).
Ground clauses: seen=15589, kept=15576.
Selections=2, assignments=3, propagations=173, current_models=0.
Rewrite_terms=397, rewrite_bools=7537, indexes=12.
Rules_from_neg_clauses=1, cross_offs=25.

============================== end of statistics =====================

============================== DOMAIN SIZE 14 ========================

=== Mace4 starting on domain size 14. ===

============================== STATISTICS ============================

For domain size 14.

Current CPU time: 0.00 seconds (total CPU time: 0.14 seconds).
Ground clauses: seen=19252, kept=19238.
Selections=2, assignments=3, propagations=187, current_models=0.
Rewrite_terms=455, rewrite_bools=8773, indexes=13.
Rules_from_neg_clauses=1, cross_offs=27.

============================== end of statistics =====================

============================== DOMAIN SIZE 15 ========================

=== Mace4 starting on domain size 15. ===

============================== STATISTICS ============================

For domain size 15.

Current CPU time: 0.00 seconds (total CPU time: 0.17 seconds).
Ground clauses: seen=23447, kept=23432.
Selections=2, assignments=3, propagations=201, current_models=0.
Rewrite_terms=517, rewrite_bools=10103, indexes=14.
Rules_from_neg_clauses=1, cross_offs=29.

============================== end of statistics =====================

============================== DOMAIN SIZE 16 ========================

=== Mace4 starting on domain size 16. ===

============================== STATISTICS ============================

For domain size 16.

Current CPU time: 0.00 seconds (total CPU time: 0.20 seconds).
Ground clauses: seen=28210, kept=28194.
Selections=2, assignments=3, propagations=215, current_models=0.
Rewrite_terms=583, rewrite_bools=11527, indexes=15.
Rules_from_neg_clauses=1, cross_offs=31.

============================== end of statistics =====================

============================== DOMAIN SIZE 17 ========================

=== Mace4 starting on domain size 17. ===

============================== STATISTICS ============================

For domain size 17.

Current CPU time: 0.00 seconds (total CPU time: 0.25 seconds).
Ground clauses: seen=33577, kept=33560.
Selections=2, assignments=3, propagations=229, current_models=0.
Rewrite_terms=653, rewrite_bools=13045, indexes=16.
Rules_from_neg_clauses=1, cross_offs=33.

============================== end of statistics =====================

============================== DOMAIN SIZE 18 ========================

=== Mace4 starting on domain size 18. ===

============================== STATISTICS ============================

For domain size 18.

Current CPU time: 0.00 seconds (total CPU time: 0.30 seconds).
Ground clauses: seen=39584, kept=39566.
Selections=2, assignments=3, propagations=243, current_models=0.
Rewrite_terms=727, rewrite_bools=14657, indexes=17.
Rules_from_neg_clauses=1, cross_offs=35.

============================== end of statistics =====================

============================== DOMAIN SIZE 19 ========================

=== Mace4 starting on domain size 19. ===

============================== STATISTICS ============================

For domain size 19.

Current CPU time: 0.00 seconds (total CPU time: 0.35 seconds).
Ground clauses: seen=46267, kept=46248.
Selections=2, assignments=3, propagations=257, current_models=0.
Rewrite_terms=805, rewrite_bools=16363, indexes=18.
Rules_from_neg_clauses=1, cross_offs=37.

============================== end of statistics =====================

============================== DOMAIN SIZE 20 ========================

=== Mace4 starting on domain size 20. ===

============================== STATISTICS ============================

For domain size 20.

Current CPU time: 0.00 seconds (total CPU time: 0.42 seconds).
Ground clauses: seen=53662, kept=53642.
Selections=2, assignments=3, propagations=271, current_models=0.
Rewrite_terms=887, rewrite_bools=18163, indexes=19.
Rules_from_neg_clauses=1, cross_offs=39.

============================== end of statistics =====================

============================== DOMAIN SIZE 21 ========================

=== Mace4 starting on domain size 21. ===

============================== STATISTICS ============================

For domain size 21.

Current CPU time: 0.00 seconds (total CPU time: 0.50 seconds).
Ground clauses: seen=61805, kept=61784.
Selections=2, assignments=3, propagations=285, current_models=0.
Rewrite_terms=973, rewrite_bools=20057, indexes=20.
Rules_from_neg_clauses=1, cross_offs=41.

============================== end of statistics =====================

============================== DOMAIN SIZE 22 ========================

=== Mace4 starting on domain size 22. ===

============================== STATISTICS ============================

For domain size 22.

Current CPU time: 0.00 seconds (total CPU time: 0.59 seconds).
Ground clauses: seen=70732, kept=70710.
Selections=2, assignments=3, propagations=299, current_models=0.
Rewrite_terms=1063, rewrite_bools=22045, indexes=21.
Rules_from_neg_clauses=1, cross_offs=43.

============================== end of statistics =====================

============================== DOMAIN SIZE 23 ========================

=== Mace4 starting on domain size 23. ===

============================== STATISTICS ============================

For domain size 23.

Current CPU time: 0.00 seconds (total CPU time: 0.70 seconds).
Ground clauses: seen=80479, kept=80456.
Selections=2, assignments=3, propagations=313, current_models=0.
Rewrite_terms=1157, rewrite_bools=24127, indexes=22.
Rules_from_neg_clauses=1, cross_offs=45.

============================== end of statistics =====================

============================== DOMAIN SIZE 24 ========================

=== Mace4 starting on domain size 24. ===

============================== STATISTICS ============================

For domain size 24.

Current CPU time: 0.00 seconds (total CPU time: 0.82 seconds).
Ground clauses: seen=91082, kept=91058.
Selections=2, assignments=3, propagations=327, current_models=0.
Rewrite_terms=1255, rewrite_bools=26303, indexes=23.
Rules_from_neg_clauses=1, cross_offs=47.

============================== end of statistics =====================

============================== DOMAIN SIZE 25 ========================

=== Mace4 starting on domain size 25. ===

============================== STATISTICS ============================

For domain size 25.

Current CPU time: 0.00 seconds (total CPU time: 0.95 seconds).
Ground clauses: seen=102577, kept=102552.
Selections=2, assignments=3, propagations=341, current_models=0.
Rewrite_terms=1357, rewrite_bools=28573, indexes=24.
Rules_from_neg_clauses=1, cross_offs=49.

============================== end of statistics =====================

============================== DOMAIN SIZE 26 ========================

=== Mace4 starting on domain size 26. ===

============================== STATISTICS ============================

For domain size 26.

Current CPU time: 0.00 seconds (total CPU time: 1.10 seconds).
Ground clauses: seen=115000, kept=114974.
Selections=2, assignments=3, propagations=355, current_models=0.
Rewrite_terms=1463, rewrite_bools=30937, indexes=25.
Rules_from_neg_clauses=1, cross_offs=51.

============================== end of statistics =====================

============================== DOMAIN SIZE 27 ========================

=== Mace4 starting on domain size 27. ===

============================== STATISTICS ============================

For domain size 27.

Current CPU time: 0.00 seconds (total CPU time: 1.29 seconds).
Ground clauses: seen=128387, kept=128360.
Selections=2, assignments=3, propagations=369, current_models=0.
Rewrite_terms=1573, rewrite_bools=33395, indexes=26.
Rules_from_neg_clauses=1, cross_offs=53.

============================== end of statistics =====================

============================== DOMAIN SIZE 28 ========================

=== Mace4 starting on domain size 28. ===

============================== STATISTICS ============================

For domain size 28.

Current CPU time: 0.00 seconds (total CPU time: 1.47 seconds).
Ground clauses: seen=142774, kept=142746.
Selections=2, assignments=3, propagations=383, current_models=0.
Rewrite_terms=1687, rewrite_bools=35947, indexes=27.
Rules_from_neg_clauses=1, cross_offs=55.

============================== end of statistics =====================

============================== DOMAIN SIZE 29 ========================

=== Mace4 starting on domain size 29. ===

============================== STATISTICS ============================

For domain size 29.

Current CPU time: 0.00 seconds (total CPU time: 1.67 seconds).
Ground clauses: seen=158197, kept=158168.
Selections=2, assignments=3, propagations=397, current_models=0.
Rewrite_terms=1805, rewrite_bools=38593, indexes=28.
Rules_from_neg_clauses=1, cross_offs=57.

============================== end of statistics =====================

============================== DOMAIN SIZE 30 ========================

=== Mace4 starting on domain size 30. ===

============================== STATISTICS ============================

For domain size 30.

Current CPU time: 0.00 seconds (total CPU time: 1.90 seconds).
Ground clauses: seen=174692, kept=174662.
Selections=2, assignments=3, propagations=411, current_models=0.
Rewrite_terms=1927, rewrite_bools=41333, indexes=29.
Rules_from_neg_clauses=1, cross_offs=59.

============================== end of statistics =====================

============================== DOMAIN SIZE 31 ========================

=== Mace4 starting on domain size 31. ===

========================== MACLEOD SUMMARY ===========================
reasoner: /home/aidin12/macleod/Reasoning/prover9_bin/mace4
status: 
execution finished: Sat Sep 19 04:54:55 2020
total CPU time used: 0
The command was "/home/aidin12/macleod/Reasoning/prover9_bin/mace4 -v0 -t300 -s60 -n2 -N40 -f /home/aidin12/macleod/ontologies/after2/Theorems/conversions/I_rr_UnBounded.all.p9"
============================ end of footer ===========================
