============================== Prover9 ===============================
Prover9 (64) version 2009-11A, November 2009.
Process 12677 was started by aidin12 on aidin12-HP-Pavilion-dv7-Notebook-PC,
Sat Sep 19 05:01:17 2020
The command was "/home/aidin12/macleod/Reasoning/prover9_bin/prover9 -t100 -f /home/aidin12/macleod/ontologies/after2/Theorems/conversions/I_Trans.all.p9".
============================== end of head ===========================

============================== INPUT =================================

% Reading from file /home/aidin12/macleod/ontologies/after2/Theorems/conversions/I_Trans.all.p9


formulas(assumptions).
-(all x all y all z (-(I(x,y) & I(y,z)) | I(x,z))).
(all x all y ((-I(x,y) | P(x,y) & (all z (-B(z,y) | D(z,x)))) & (-(P(x,y) & (all z (-B(z,y) | D(z,x)))) | I(x,y)))).
(all x (x = null | P(x,x))).
(all x all y (-(P(x,y) & P(y,x)) | x = y)).
(all x all y all z (-(P(x,y) & P(y,z)) | P(x,z))).
(all x ((x != null | (all y (-P(y,x) & -P(x,y)))) & (-(all y (-P(y,x) & -P(x,y))) | x = null))).
(all x all y (-B(x,y) | PP(x,y))).
(all x all y all z (-(B(x,y) & B(y,z)) | B(x,z))).
(all x all y all z (-(P(x,y) & B(y,z)) | B(x,z))).
(all x all y all z (-(B(x,y) & P(y,z)) | P(x,z))).
(all x all y ((-D(x,y) | -O(x,y)) & (O(x,y) | D(x,y)))).
(all x all y ((-O(x,y) | (exists z (P(z,x) & P(z,y)))) & (-(exists z (P(z,x) & P(z,y))) | O(x,y)))).
(all x all y ((-PP(x,y) | P(x,y) & -P(y,x)) & (-(P(x,y) & -P(y,x)) | PP(x,y)))).
end_of_list.

============================== end of input ==========================

% From the command line: assign(max_seconds, 100).

============================== PROCESS NON-CLAUSAL FORMULAS ==========

% Formulas that are not ordinary clauses:
1 -(all x all y all z (-(I(x,y) & I(y,z)) | I(x,z))) # label(non_clause).  [assumption].
2 (all x all y ((-I(x,y) | P(x,y) & (all z (-B(z,y) | D(z,x)))) & (-(P(x,y) & (all z (-B(z,y) | D(z,x)))) | I(x,y)))) # label(non_clause).  [assumption].
3 (all x (x = null | P(x,x))) # label(non_clause).  [assumption].
4 (all x all y (-(P(x,y) & P(y,x)) | x = y)) # label(non_clause).  [assumption].
5 (all x all y all z (-(P(x,y) & P(y,z)) | P(x,z))) # label(non_clause).  [assumption].
6 (all x ((x != null | (all y (-P(y,x) & -P(x,y)))) & (-(all y (-P(y,x) & -P(x,y))) | x = null))) # label(non_clause).  [assumption].
7 (all x all y (-B(x,y) | PP(x,y))) # label(non_clause).  [assumption].
8 (all x all y all z (-(B(x,y) & B(y,z)) | B(x,z))) # label(non_clause).  [assumption].
9 (all x all y all z (-(P(x,y) & B(y,z)) | B(x,z))) # label(non_clause).  [assumption].
10 (all x all y all z (-(B(x,y) & P(y,z)) | P(x,z))) # label(non_clause).  [assumption].
11 (all x all y ((-D(x,y) | -O(x,y)) & (O(x,y) | D(x,y)))) # label(non_clause).  [assumption].
12 (all x all y ((-O(x,y) | (exists z (P(z,x) & P(z,y)))) & (-(exists z (P(z,x) & P(z,y))) | O(x,y)))) # label(non_clause).  [assumption].
13 (all x all y ((-PP(x,y) | P(x,y) & -P(y,x)) & (-(P(x,y) & -P(y,x)) | PP(x,y)))) # label(non_clause).  [assumption].

============================== end of process non-clausal formulas ===

============================== PROCESS INITIAL CLAUSES ===============

% Clauses before input processing:

formulas(usable).
end_of_list.

formulas(sos).
I(c1,c2).  [clausify(1)].
I(c2,c3).  [clausify(1)].
-I(c1,c3).  [clausify(1)].
-I(x,y) | P(x,y).  [clausify(2)].
-I(x,y) | -B(z,y) | D(z,x).  [clausify(2)].
-P(x,y) | B(f1(x,y),y) | I(x,y).  [clausify(2)].
-P(x,y) | -D(f1(x,y),x) | I(x,y).  [clausify(2)].
null = x | P(x,x).  [clausify(3)].
-P(x,y) | -P(y,x) | y = x.  [clausify(4)].
-P(x,y) | -P(y,z) | P(x,z).  [clausify(5)].
null != x | -P(y,x).  [clausify(6)].
null != x | -P(x,y).  [clausify(6)].
P(f2(x),x) | P(x,f2(x)) | null = x.  [clausify(6)].
-B(x,y) | PP(x,y).  [clausify(7)].
-B(x,y) | -B(y,z) | B(x,z).  [clausify(8)].
-P(x,y) | -B(y,z) | B(x,z).  [clausify(9)].
-B(x,y) | -P(y,z) | P(x,z).  [clausify(10)].
-D(x,y) | -O(x,y).  [clausify(11)].
O(x,y) | D(x,y).  [clausify(11)].
-O(x,y) | P(f3(x,y),x).  [clausify(12)].
-O(x,y) | P(f3(x,y),y).  [clausify(12)].
-P(x,y) | -P(x,z) | O(y,z).  [clausify(12)].
-PP(x,y) | P(x,y).  [clausify(13)].
-PP(x,y) | -P(y,x).  [clausify(13)].
-P(x,y) | P(y,x) | PP(x,y).  [clausify(13)].
end_of_list.

formulas(demodulators).
end_of_list.

============================== PREDICATE ELIMINATION =================

Eliminating PP/2
14 -PP(x,y) | P(x,y).  [clausify(13)].
15 -B(x,y) | PP(x,y).  [clausify(7)].
Derived: P(x,y) | -B(x,y).  [resolve(14,a,15,b)].
16 -PP(x,y) | -P(y,x).  [clausify(13)].
Derived: -P(x,y) | -B(y,x).  [resolve(16,a,15,b)].
17 -P(x,y) | P(y,x) | PP(x,y).  [clausify(13)].

Eliminating O/2
18 O(x,y) | D(x,y).  [clausify(11)].
19 -D(x,y) | -O(x,y).  [clausify(11)].
20 -O(x,y) | P(f3(x,y),x).  [clausify(12)].
Derived: P(f3(x,y),x) | D(x,y).  [resolve(20,a,18,a)].
21 -O(x,y) | P(f3(x,y),y).  [clausify(12)].
Derived: P(f3(x,y),y) | D(x,y).  [resolve(21,a,18,a)].
22 -P(x,y) | -P(x,z) | O(y,z).  [clausify(12)].
Derived: -P(x,y) | -P(x,z) | -D(y,z).  [resolve(22,c,19,b)].
Derived: -P(x,y) | -P(x,z) | P(f3(y,z),y).  [resolve(22,c,20,a)].
Derived: -P(x,y) | -P(x,z) | P(f3(y,z),z).  [resolve(22,c,21,a)].

============================== end predicate elimination =============

Auto_denials:  (non-Horn, no changes).

Term ordering decisions:
Predicate symbol precedence:  predicate_order([ =, P, B, I, D ]).
Function symbol precedence:  function_order([ null, c1, c2, c3, f1, f3, f2 ]).
After inverse_order:  (no changes).
Unfolding symbols: (none).

Auto_inference settings:
  % set(paramodulation).  % (positive equality literals)
  % set(binary_resolution).  % (non-Horn)
  % set(neg_ur_resolution).  % (non-Horn, less than 100 clauses)

Auto_process settings:
  % set(factor).  % (non-Horn)
  % set(unit_deletion).  % (non-Horn)

kept:      23 I(c1,c2).  [clausify(1)].
kept:      24 I(c2,c3).  [clausify(1)].
kept:      25 -I(c1,c3).  [clausify(1)].
kept:      26 -I(x,y) | P(x,y).  [clausify(2)].
kept:      27 -I(x,y) | -B(z,y) | D(z,x).  [clausify(2)].
kept:      28 -P(x,y) | B(f1(x,y),y) | I(x,y).  [clausify(2)].
kept:      29 -P(x,y) | -D(f1(x,y),x) | I(x,y).  [clausify(2)].
kept:      30 null = x | P(x,x).  [clausify(3)].
kept:      31 -P(x,y) | -P(y,x) | y = x.  [clausify(4)].
kept:      32 -P(x,y) | -P(y,z) | P(x,z).  [clausify(5)].
kept:      33 null != x | -P(y,x).  [clausify(6)].
kept:      34 null != x | -P(x,y).  [clausify(6)].
kept:      35 P(f2(x),x) | P(x,f2(x)) | null = x.  [clausify(6)].
kept:      36 -B(x,y) | -B(y,z) | B(x,z).  [clausify(8)].
kept:      37 -P(x,y) | -B(y,z) | B(x,z).  [clausify(9)].
kept:      38 -B(x,y) | -P(y,z) | P(x,z).  [clausify(10)].
kept:      39 P(x,y) | -B(x,y).  [resolve(14,a,15,b)].
kept:      40 -P(x,y) | -B(y,x).  [resolve(16,a,15,b)].
kept:      41 P(f3(x,y),x) | D(x,y).  [resolve(20,a,18,a)].
kept:      42 P(f3(x,y),y) | D(x,y).  [resolve(21,a,18,a)].
kept:      43 -P(x,y) | -P(x,z) | -D(y,z).  [resolve(22,c,19,b)].
kept:      44 -P(x,y) | -P(x,z) | P(f3(y,z),y).  [resolve(22,c,20,a)].
kept:      45 -P(x,y) | -P(x,z) | P(f3(y,z),z).  [resolve(22,c,21,a)].
kept:      46 -P(x,y) | -D(y,y).  [factor(43,a,b)].
kept:      47 -P(x,y) | P(f3(y,y),y).  [factor(44,a,b)].

============================== end of process initial clauses ========

============================== CLAUSES FOR SEARCH ====================

% Clauses after input processing:

formulas(usable).
end_of_list.

formulas(sos).
23 I(c1,c2).  [clausify(1)].
24 I(c2,c3).  [clausify(1)].
25 -I(c1,c3).  [clausify(1)].
26 -I(x,y) | P(x,y).  [clausify(2)].
27 -I(x,y) | -B(z,y) | D(z,x).  [clausify(2)].
28 -P(x,y) | B(f1(x,y),y) | I(x,y).  [clausify(2)].
29 -P(x,y) | -D(f1(x,y),x) | I(x,y).  [clausify(2)].
30 null = x | P(x,x).  [clausify(3)].
31 -P(x,y) | -P(y,x) | y = x.  [clausify(4)].
32 -P(x,y) | -P(y,z) | P(x,z).  [clausify(5)].
33 null != x | -P(y,x).  [clausify(6)].
34 null != x | -P(x,y).  [clausify(6)].
35 P(f2(x),x) | P(x,f2(x)) | null = x.  [clausify(6)].
36 -B(x,y) | -B(y,z) | B(x,z).  [clausify(8)].
37 -P(x,y) | -B(y,z) | B(x,z).  [clausify(9)].
38 -B(x,y) | -P(y,z) | P(x,z).  [clausify(10)].
39 P(x,y) | -B(x,y).  [resolve(14,a,15,b)].
40 -P(x,y) | -B(y,x).  [resolve(16,a,15,b)].
41 P(f3(x,y),x) | D(x,y).  [resolve(20,a,18,a)].
42 P(f3(x,y),y) | D(x,y).  [resolve(21,a,18,a)].
43 -P(x,y) | -P(x,z) | -D(y,z).  [resolve(22,c,19,b)].
44 -P(x,y) | -P(x,z) | P(f3(y,z),y).  [resolve(22,c,20,a)].
45 -P(x,y) | -P(x,z) | P(f3(y,z),z).  [resolve(22,c,21,a)].
46 -P(x,y) | -D(y,y).  [factor(43,a,b)].
47 -P(x,y) | P(f3(y,y),y).  [factor(44,a,b)].
end_of_list.

formulas(demodulators).
end_of_list.

============================== end of clauses for search =============

============================== SEARCH ================================

% Starting search at 0.02 seconds.

given #1 (I,wt=3): 23 I(c1,c2).  [clausify(1)].

given #2 (I,wt=3): 24 I(c2,c3).  [clausify(1)].

given #3 (I,wt=3): 25 -I(c1,c3).  [clausify(1)].

given #4 (I,wt=6): 26 -I(x,y) | P(x,y).  [clausify(2)].

given #5 (I,wt=9): 27 -I(x,y) | -B(z,y) | D(z,x).  [clausify(2)].

given #6 (I,wt=11): 28 -P(x,y) | B(f1(x,y),y) | I(x,y).  [clausify(2)].

given #7 (I,wt=11): 29 -P(x,y) | -D(f1(x,y),x) | I(x,y).  [clausify(2)].

given #8 (I,wt=6): 30 null = x | P(x,x).  [clausify(3)].

given #9 (I,wt=9): 31 -P(x,y) | -P(y,x) | y = x.  [clausify(4)].

given #10 (I,wt=9): 32 -P(x,y) | -P(y,z) | P(x,z).  [clausify(5)].

given #11 (I,wt=6): 33 null != x | -P(y,x).  [clausify(6)].

given #12 (I,wt=6): 34 null != x | -P(x,y).  [clausify(6)].

given #13 (I,wt=11): 35 P(f2(x),x) | P(x,f2(x)) | null = x.  [clausify(6)].

given #14 (I,wt=9): 36 -B(x,y) | -B(y,z) | B(x,z).  [clausify(8)].

given #15 (I,wt=9): 37 -P(x,y) | -B(y,z) | B(x,z).  [clausify(9)].

given #16 (I,wt=9): 38 -B(x,y) | -P(y,z) | P(x,z).  [clausify(10)].

given #17 (I,wt=6): 39 P(x,y) | -B(x,y).  [resolve(14,a,15,b)].

given #18 (I,wt=6): 40 -P(x,y) | -B(y,x).  [resolve(16,a,15,b)].

given #19 (I,wt=8): 41 P(f3(x,y),x) | D(x,y).  [resolve(20,a,18,a)].

given #20 (I,wt=8): 42 P(f3(x,y),y) | D(x,y).  [resolve(21,a,18,a)].

given #21 (I,wt=9): 43 -P(x,y) | -P(x,z) | -D(y,z).  [resolve(22,c,19,b)].

given #22 (I,wt=11): 44 -P(x,y) | -P(x,z) | P(f3(y,z),y).  [resolve(22,c,20,a)].

given #23 (I,wt=11): 45 -P(x,y) | -P(x,z) | P(f3(y,z),z).  [resolve(22,c,21,a)].

given #24 (I,wt=6): 46 -P(x,y) | -D(y,y).  [factor(43,a,b)].

given #25 (I,wt=8): 47 -P(x,y) | P(f3(y,y),y).  [factor(44,a,b)].

given #26 (A,wt=3): 48 P(c2,c3).  [resolve(26,a,24,a)].

given #27 (F,wt=3): 53 -P(x,null).  [ur(33,a,xx)].

given #28 (F,wt=3): 54 -P(null,x).  [ur(34,a,xx)].

given #29 (F,wt=3): 76 c2 != null.  [resolve(48,a,34,b),flip(a)].

given #30 (F,wt=3): 77 c3 != null.  [resolve(48,a,33,b),flip(a)].

given #31 (T,wt=3): 49 P(c1,c2).  [resolve(26,a,23,a)].

given #32 (T,wt=5): 71 P(f3(c3,c3),c3).  [resolve(48,a,47,a)].

given #33 (T,wt=5): 87 P(f3(c2,c2),c2).  [resolve(49,a,47,a)].

given #34 (T,wt=6): 50 -B(x,c3) | D(x,c2).  [resolve(27,a,24,a)].

given #35 (A,wt=6): 51 -B(x,c2) | D(x,c1).  [resolve(27,a,23,a)].

given #36 (F,wt=3): 81 -D(c3,c3).  [ur(46,a,48,a)].

given #37 (F,wt=3): 82 -B(c3,c2).  [ur(40,a,48,a)].

given #38 (F,wt=3): 83 -B(x,null).  [ur(39,a,53,a)].

given #39 (F,wt=3): 84 -I(x,null).  [ur(26,b,53,a)].

given #40 (T,wt=6): 78 -P(x,c2) | P(x,c3).  [resolve(48,a,32,b)].

given #41 (T,wt=3): 119 P(c1,c3).  [resolve(78,a,49,a)].

given #42 (T,wt=5): 118 P(f3(c2,c2),c3).  [resolve(78,a,87,a)].

given #43 (T,wt=5): 128 B(f1(c1,c3),c3).  [resolve(119,a,28,a),unit_del(b,25)].

given #44 (A,wt=11): 52 null = x | B(f1(x,x),x) | I(x,x).  [resolve(30,b,28,a)].

given #45 (F,wt=3): 85 -B(null,x).  [ur(39,a,54,a)].

given #46 (F,wt=3): 86 -I(null,x).  [ur(26,b,54,a)].

given #47 (F,wt=3): 92 c1 != null.  [resolve(49,a,34,b),flip(a)].

given #48 (F,wt=3): 96 -D(c2,c2).  [ur(46,a,49,a)].

given #49 (T,wt=5): 142 D(f1(c1,c3),c2).  [resolve(128,a,50,a)].

given #50 (T,wt=5): 144 P(f1(c1,c3),c3).  [resolve(128,a,39,b)].

given #51 (T,wt=6): 79 -P(c3,x) | P(c2,x).  [resolve(48,a,32,a)].

given #52 (T,wt=6): 80 -P(c3,c2) | c3 = c2.  [resolve(48,a,31,b),flip(b)].

given #53 (A,wt=11): 55 P(x,f2(x)) | null = x | f2(x) != null.  [resolve(35,a,34,b),flip(c)].

given #54 (F,wt=3): 97 -B(c2,c1).  [ur(40,a,49,a)].

given #55 (F,wt=3): 129 -D(c2,c3).  [ur(43,a,49,a,b,119,a)].

given #56 (F,wt=3): 130 -D(c3,c2).  [ur(43,a,119,a,b,49,a)].

given #57 (F,wt=3): 131 -B(c3,c1).  [ur(40,a,119,a)].

given #58 (T,wt=5): 162 P(f3(c2,c3),c3).  [resolve(129,a,42,b)].

given #59 (T,wt=5): 163 P(f3(c2,c3),c2).  [resolve(129,a,41,b)].

given #60 (T,wt=5): 164 P(f3(c3,c2),c2).  [resolve(130,a,42,b)].

given #61 (T,wt=5): 165 P(f3(c3,c2),c3).  [resolve(130,a,41,b)].

given #62 (A,wt=14): 56 P(x,f2(x)) | null = x | -P(y,f2(x)) | P(y,x).  [resolve(35,a,32,b)].

given #63 (F,wt=3): 150 -B(c2,c3).  [ur(50,b,96,a)].

given #64 (F,wt=3): 166 -B(c3,c3).  [ur(50,b,130,a)].

given #65 (F,wt=5): 102 f3(c3,c3) != null.  [resolve(71,a,34,b),flip(a)].

given #66 (F,wt=5): 107 -B(c3,f3(c3,c3)).  [ur(40,a,71,a)].

given #67 (T,wt=6): 93 -P(x,c1) | P(x,c2).  [resolve(49,a,32,b)].

given #68 (T,wt=6): 94 -P(c2,x) | P(c1,x).  [resolve(49,a,32,a)].

given #69 (T,wt=6): 95 -P(c2,c1) | c2 = c1.  [resolve(49,a,31,b),flip(b)].

given #70 (T,wt=6): 125 -P(x,c1) | P(x,c3).  [resolve(119,a,32,b)].

given #71 (A,wt=14): 57 P(x,f2(x)) | null = x | -P(x,y) | P(f2(x),y).  [resolve(35,a,32,a)].

given #72 (F,wt=5): 112 f3(c2,c2) != null.  [resolve(87,a,34,b),flip(a)].

given #73 (F,wt=5): 117 -B(c2,f3(c2,c2)).  [ur(40,a,87,a)].

given #74 (F,wt=5): 132 -D(f1(c1,c3),c1).  [ur(29,a,119,a,c,25,a)].

given #75 (F,wt=5): 141 -B(c3,f3(c2,c2)).  [ur(40,a,118,a)].

given #76 (T,wt=6): 126 -P(c3,x) | P(c1,x).  [resolve(119,a,32,a)].

given #77 (T,wt=6): 127 -P(c3,c1) | c3 = c1.  [resolve(119,a,31,b),flip(b)].

given #78 (T,wt=7): 220 P(f3(f1(c1,c3),c1),c1).  [resolve(132,a,42,b)].

given #79 (T,wt=5): 226 P(f3(c1,c1),c1).  [resolve(220,a,47,a)].

given #80 (A,wt=17): 58 P(x,f2(x)) | null = x | B(f1(f2(x),x),x) | I(f2(x),x).  [resolve(35,a,28,a)].

given #81 (F,wt=3): 236 -D(c1,c1).  [ur(46,a,220,a)].

given #82 (F,wt=3): 254 -B(c1,c2).  [ur(51,b,236,a)].

given #83 (F,wt=3): 255 -B(c2,c2).  [ur(37,a,49,a,c,254,a)].

given #84 (F,wt=5): 143 -P(c3,f1(c1,c3)).  [resolve(128,a,40,b)].

given #85 (T,wt=5): 239 P(f3(c1,c1),c3).  [resolve(226,a,125,a)].

given #86 (T,wt=5): 240 P(f3(c1,c1),c2).  [resolve(226,a,93,a)].

given #87 (T,wt=7): 223 P(f3(f1(c1,c3),c1),c3).  [resolve(220,a,125,a)].

given #88 (T,wt=7): 224 P(f3(f1(c1,c3),c1),c2).  [resolve(220,a,93,a)].
-------- Proof 1 -------- 

============================== PROOF =================================

% Proof 1 at 0.03 (+ 0.00) seconds.
% Length of proof is 34.
% Level of proof is 8.
% Maximum clause weight is 11.000.
% Given clauses 88.

1 -(all x all y all z (-(I(x,y) & I(y,z)) | I(x,z))) # label(non_clause).  [assumption].
2 (all x all y ((-I(x,y) | P(x,y) & (all z (-B(z,y) | D(z,x)))) & (-(P(x,y) & (all z (-B(z,y) | D(z,x)))) | I(x,y)))) # label(non_clause).  [assumption].
5 (all x all y all z (-(P(x,y) & P(y,z)) | P(x,z))) # label(non_clause).  [assumption].
11 (all x all y ((-D(x,y) | -O(x,y)) & (O(x,y) | D(x,y)))) # label(non_clause).  [assumption].
12 (all x all y ((-O(x,y) | (exists z (P(z,x) & P(z,y)))) & (-(exists z (P(z,x) & P(z,y))) | O(x,y)))) # label(non_clause).  [assumption].
18 O(x,y) | D(x,y).  [clausify(11)].
19 -D(x,y) | -O(x,y).  [clausify(11)].
20 -O(x,y) | P(f3(x,y),x).  [clausify(12)].
21 -O(x,y) | P(f3(x,y),y).  [clausify(12)].
22 -P(x,y) | -P(x,z) | O(y,z).  [clausify(12)].
23 I(c1,c2).  [clausify(1)].
24 I(c2,c3).  [clausify(1)].
25 -I(c1,c3).  [clausify(1)].
26 -I(x,y) | P(x,y).  [clausify(2)].
27 -I(x,y) | -B(z,y) | D(z,x).  [clausify(2)].
28 -P(x,y) | B(f1(x,y),y) | I(x,y).  [clausify(2)].
29 -P(x,y) | -D(f1(x,y),x) | I(x,y).  [clausify(2)].
32 -P(x,y) | -P(y,z) | P(x,z).  [clausify(5)].
41 P(f3(x,y),x) | D(x,y).  [resolve(20,a,18,a)].
42 P(f3(x,y),y) | D(x,y).  [resolve(21,a,18,a)].
43 -P(x,y) | -P(x,z) | -D(y,z).  [resolve(22,c,19,b)].
48 P(c2,c3).  [resolve(26,a,24,a)].
49 P(c1,c2).  [resolve(26,a,23,a)].
50 -B(x,c3) | D(x,c2).  [resolve(27,a,24,a)].
78 -P(x,c2) | P(x,c3).  [resolve(48,a,32,b)].
93 -P(x,c1) | P(x,c2).  [resolve(49,a,32,b)].
119 P(c1,c3).  [resolve(78,a,49,a)].
128 B(f1(c1,c3),c3).  [resolve(119,a,28,a),unit_del(b,25)].
132 -D(f1(c1,c3),c1).  [ur(29,a,119,a,c,25,a)].
142 D(f1(c1,c3),c2).  [resolve(128,a,50,a)].
220 P(f3(f1(c1,c3),c1),c1).  [resolve(132,a,42,b)].
221 P(f3(f1(c1,c3),c1),f1(c1,c3)).  [resolve(132,a,41,b)].
224 P(f3(f1(c1,c3),c1),c2).  [resolve(220,a,93,a)].
301 $F.  [ur(43,b,224,a,c,142,a),unit_del(a,221)].

============================== end of proof ==========================

============================== STATISTICS ============================

Given=88. Generated=599. Kept=278. proofs=1.
Usable=88. Sos=178. Demods=0. Limbo=9, Disabled=35. Hints=0.
Kept_by_rule=0, Deleted_by_rule=0.
Forward_subsumed=320. Back_subsumed=1.
Sos_limit_deleted=0. Sos_displaced=0. Sos_removed=0.
New_demodulators=0 (0 lex), Back_demodulated=0. Back_unit_deleted=2.
Demod_attempts=0. Demod_rewrites=0.
Res_instance_prunes=0. Para_instance_prunes=0. Basic_paramod_prunes=0.
Nonunit_fsub_feature_tests=600. Nonunit_bsub_feature_tests=527.
Megabytes=0.44.
User_CPU=0.03, System_CPU=0.00, Wall_clock=0.

============================== end of statistics =====================

============================== end of search =========================

THEOREM PROVED

THEOREM PROVED

Exiting with 1 proof.

------ process 12677 exit (max_proofs) ------

Process 12677 exit (max_proofs) Sat Sep 19 05:01:17 2020

========================== MACLEOD SUMMARY ===========================
reasoner: /home/aidin12/macleod/Reasoning/prover9_bin/prover9
status: PROOF
execution finished: Sat Sep 19 05:01:19 2020
total CPU time used: 0
The command was "/home/aidin12/macleod/Reasoning/prover9_bin/prover9 -t100 -f /home/aidin12/macleod/ontologies/after2/Theorems/conversions/I_Trans.all.p9"
============================ end of footer ===========================
