============================== Prover9 ===============================
Prover9 (64) version 2009-11A, November 2009.
Process 7804 was started by aidin12 on aidin12-HP-Pavilion-dv7-Notebook-PC,
Fri Sep 18 15:25:20 2020
The command was "/home/aidin12/macleod/Reasoning/prover9_bin/prover9 -t100 -f /home/aidin12/macleod/ontologies/after2/Theorems/conversions/PartToOverlap.all.p9".
============================== end of head ===========================

============================== INPUT =================================

% Reading from file /home/aidin12/macleod/ontologies/after2/Theorems/conversions/PartToOverlap.all.p9


formulas(assumptions).
-(all x all y (-P(x,y) | (all z (-O(z,x) | O(z,y))))).
(all x all y ((-O(x,y) | (exists z (P(z,x) & P(z,y)))) & (-(exists z (P(z,x) & P(z,y))) | O(x,y)))).
(all x (x = null | P(x,x))).
(all x all y (-(P(x,y) & P(y,x)) | x = y)).
(all x all y all z (-(P(x,y) & P(y,z)) | P(x,z))).
(all x ((x != null | (all y (-P(y,x) & -P(x,y)))) & (-(all y (-P(y,x) & -P(x,y))) | x = null))).
end_of_list.

============================== end of input ==========================

% From the command line: assign(max_seconds, 100).

============================== PROCESS NON-CLAUSAL FORMULAS ==========

% Formulas that are not ordinary clauses:
1 -(all x all y (-P(x,y) | (all z (-O(z,x) | O(z,y))))) # label(non_clause).  [assumption].
2 (all x all y ((-O(x,y) | (exists z (P(z,x) & P(z,y)))) & (-(exists z (P(z,x) & P(z,y))) | O(x,y)))) # label(non_clause).  [assumption].
3 (all x (x = null | P(x,x))) # label(non_clause).  [assumption].
4 (all x all y (-(P(x,y) & P(y,x)) | x = y)) # label(non_clause).  [assumption].
5 (all x all y all z (-(P(x,y) & P(y,z)) | P(x,z))) # label(non_clause).  [assumption].
6 (all x ((x != null | (all y (-P(y,x) & -P(x,y)))) & (-(all y (-P(y,x) & -P(x,y))) | x = null))) # label(non_clause).  [assumption].

============================== end of process non-clausal formulas ===

============================== PROCESS INITIAL CLAUSES ===============

% Clauses before input processing:

formulas(usable).
end_of_list.

formulas(sos).
P(c1,c2).  [clausify(1)].
O(c3,c1).  [clausify(1)].
-O(c3,c2).  [clausify(1)].
-O(x,y) | P(f1(x,y),x).  [clausify(2)].
-O(x,y) | P(f1(x,y),y).  [clausify(2)].
-P(x,y) | -P(x,z) | O(y,z).  [clausify(2)].
null = x | P(x,x).  [clausify(3)].
-P(x,y) | -P(y,x) | y = x.  [clausify(4)].
-P(x,y) | -P(y,z) | P(x,z).  [clausify(5)].
null != x | -P(y,x).  [clausify(6)].
null != x | -P(x,y).  [clausify(6)].
P(f2(x),x) | P(x,f2(x)) | null = x.  [clausify(6)].
end_of_list.

formulas(demodulators).
end_of_list.

============================== PREDICATE ELIMINATION =================

No predicates eliminated.

============================== end predicate elimination =============

Auto_denials:  (non-Horn, no changes).

Term ordering decisions:
Predicate symbol precedence:  predicate_order([ =, P, O ]).
Function symbol precedence:  function_order([ null, c1, c2, c3, f1, f2 ]).
After inverse_order:  (no changes).
Unfolding symbols: (none).

Auto_inference settings:
  % set(paramodulation).  % (positive equality literals)
  % set(binary_resolution).  % (non-Horn)
  % set(neg_ur_resolution).  % (non-Horn, less than 100 clauses)

Auto_process settings:
  % set(factor).  % (non-Horn)
  % set(unit_deletion).  % (non-Horn)

kept:      7 P(c1,c2).  [clausify(1)].
kept:      8 O(c3,c1).  [clausify(1)].
kept:      9 -O(c3,c2).  [clausify(1)].
kept:      10 -O(x,y) | P(f1(x,y),x).  [clausify(2)].
kept:      11 -O(x,y) | P(f1(x,y),y).  [clausify(2)].
kept:      12 -P(x,y) | -P(x,z) | O(y,z).  [clausify(2)].
kept:      13 null = x | P(x,x).  [clausify(3)].
kept:      14 -P(x,y) | -P(y,x) | y = x.  [clausify(4)].
kept:      15 -P(x,y) | -P(y,z) | P(x,z).  [clausify(5)].
kept:      16 null != x | -P(y,x).  [clausify(6)].
kept:      17 null != x | -P(x,y).  [clausify(6)].
kept:      18 P(f2(x),x) | P(x,f2(x)) | null = x.  [clausify(6)].
kept:      19 -P(x,y) | O(y,y).  [factor(12,a,b)].

============================== end of process initial clauses ========

============================== CLAUSES FOR SEARCH ====================

% Clauses after input processing:

formulas(usable).
end_of_list.

formulas(sos).
7 P(c1,c2).  [clausify(1)].
8 O(c3,c1).  [clausify(1)].
9 -O(c3,c2).  [clausify(1)].
10 -O(x,y) | P(f1(x,y),x).  [clausify(2)].
11 -O(x,y) | P(f1(x,y),y).  [clausify(2)].
12 -P(x,y) | -P(x,z) | O(y,z).  [clausify(2)].
13 null = x | P(x,x).  [clausify(3)].
14 -P(x,y) | -P(y,x) | y = x.  [clausify(4)].
15 -P(x,y) | -P(y,z) | P(x,z).  [clausify(5)].
16 null != x | -P(y,x).  [clausify(6)].
17 null != x | -P(x,y).  [clausify(6)].
18 P(f2(x),x) | P(x,f2(x)) | null = x.  [clausify(6)].
19 -P(x,y) | O(y,y).  [factor(12,a,b)].
end_of_list.

formulas(demodulators).
end_of_list.

============================== end of clauses for search =============

============================== SEARCH ================================

% Starting search at 0.01 seconds.

given #1 (I,wt=3): 7 P(c1,c2).  [clausify(1)].

given #2 (I,wt=3): 8 O(c3,c1).  [clausify(1)].

given #3 (I,wt=3): 9 -O(c3,c2).  [clausify(1)].

given #4 (I,wt=8): 10 -O(x,y) | P(f1(x,y),x).  [clausify(2)].

given #5 (I,wt=8): 11 -O(x,y) | P(f1(x,y),y).  [clausify(2)].

given #6 (I,wt=9): 12 -P(x,y) | -P(x,z) | O(y,z).  [clausify(2)].

given #7 (I,wt=6): 13 null = x | P(x,x).  [clausify(3)].

given #8 (I,wt=9): 14 -P(x,y) | -P(y,x) | y = x.  [clausify(4)].

given #9 (I,wt=9): 15 -P(x,y) | -P(y,z) | P(x,z).  [clausify(5)].

given #10 (I,wt=6): 16 null != x | -P(y,x).  [clausify(6)].

given #11 (I,wt=6): 17 null != x | -P(x,y).  [clausify(6)].

given #12 (I,wt=11): 18 P(f2(x),x) | P(x,f2(x)) | null = x.  [clausify(6)].

given #13 (I,wt=6): 19 -P(x,y) | O(y,y).  [factor(12,a,b)].

given #14 (A,wt=5): 20 P(f1(c3,c1),c3).  [resolve(10,a,8,a)].

given #15 (F,wt=3): 24 -P(c1,c3).  [ur(12,b,7,a,c,9,a)].

given #16 (F,wt=3): 30 c2 != null.  [resolve(16,b,7,a),flip(a)].

given #17 (F,wt=3): 31 -P(x,null).  [ur(16,a,xx)].

given #18 (F,wt=3): 32 c1 != null.  [resolve(17,b,7,a),flip(a)].

given #19 (T,wt=3): 41 O(c2,c2).  [resolve(19,a,7,a)].

given #20 (T,wt=3): 42 O(c3,c3).  [resolve(20,a,19,a)].

given #21 (T,wt=5): 21 P(f1(c3,c1),c1).  [resolve(11,a,8,a)].

given #22 (T,wt=3): 57 O(c1,c1).  [resolve(21,a,19,a)].

given #23 (A,wt=6): 22 -P(c1,x) | O(c2,x).  [resolve(12,a,7,a)].

given #24 (F,wt=3): 33 -P(null,x).  [ur(17,a,xx)].

given #25 (F,wt=3): 44 c3 != null.  [resolve(20,a,16,b),flip(a)].

given #26 (F,wt=3): 52 -P(c2,c3).  [ur(15,a,7,a,c,24,a)].

given #27 (F,wt=3): 53 -O(x,null).  [ur(11,b,31,a)].

given #28 (T,wt=3): 63 O(c2,c1).  [resolve(22,a,13,b),flip(b),unit_del(b,32)].

given #29 (T,wt=5): 55 P(f1(c2,c2),c2).  [resolve(41,a,11,a)].

given #30 (T,wt=5): 56 P(f1(c3,c3),c3).  [resolve(42,a,11,a)].

given #31 (T,wt=5): 62 P(f1(c1,c1),c1).  [resolve(57,a,11,a)].

given #32 (A,wt=6): 23 -P(c1,x) | O(x,c2).  [resolve(12,b,7,a)].

given #33 (F,wt=3): 54 -O(null,x).  [ur(10,b,31,a)].

given #34 (F,wt=5): 43 f1(c3,c1) != null.  [resolve(20,a,17,b),flip(a)].

given #35 (F,wt=5): 50 -P(f1(c3,c1),c2).  [ur(12,a,20,a,c,9,a)].
-------- Proof 1 -------- 

============================== PROOF =================================

% Proof 1 at 0.01 (+ 0.00) seconds.
% Length of proof is 14.
% Level of proof is 4.
% Maximum clause weight is 9.000.
% Given clauses 35.

1 -(all x all y (-P(x,y) | (all z (-O(z,x) | O(z,y))))) # label(non_clause).  [assumption].
2 (all x all y ((-O(x,y) | (exists z (P(z,x) & P(z,y)))) & (-(exists z (P(z,x) & P(z,y))) | O(x,y)))) # label(non_clause).  [assumption].
5 (all x all y all z (-(P(x,y) & P(y,z)) | P(x,z))) # label(non_clause).  [assumption].
7 P(c1,c2).  [clausify(1)].
8 O(c3,c1).  [clausify(1)].
9 -O(c3,c2).  [clausify(1)].
10 -O(x,y) | P(f1(x,y),x).  [clausify(2)].
11 -O(x,y) | P(f1(x,y),y).  [clausify(2)].
12 -P(x,y) | -P(x,z) | O(y,z).  [clausify(2)].
15 -P(x,y) | -P(y,z) | P(x,z).  [clausify(5)].
20 P(f1(c3,c1),c3).  [resolve(10,a,8,a)].
21 P(f1(c3,c1),c1).  [resolve(11,a,8,a)].
50 -P(f1(c3,c1),c2).  [ur(12,a,20,a,c,9,a)].
91 $F.  [ur(15,b,7,a,c,50,a),unit_del(a,21)].

============================== end of proof ==========================

============================== STATISTICS ============================

Given=35. Generated=160. Kept=84. proofs=1.
Usable=35. Sos=47. Demods=0. Limbo=1, Disabled=13. Hints=0.
Kept_by_rule=0, Deleted_by_rule=0.
Forward_subsumed=75. Back_subsumed=1.
Sos_limit_deleted=0. Sos_displaced=0. Sos_removed=0.
New_demodulators=0 (0 lex), Back_demodulated=0. Back_unit_deleted=0.
Demod_attempts=0. Demod_rewrites=0.
Res_instance_prunes=0. Para_instance_prunes=0. Basic_paramod_prunes=0.
Nonunit_fsub_feature_tests=43. Nonunit_bsub_feature_tests=82.
Megabytes=0.15.
User_CPU=0.01, System_CPU=0.00, Wall_clock=0.

============================== end of statistics =====================

============================== end of search =========================

THEOREM PROVED

THEOREM PROVED

Exiting with 1 proof.

------ process 7804 exit (max_proofs) ------

Process 7804 exit (max_proofs) Fri Sep 18 15:25:20 2020

========================== MACLEOD SUMMARY ===========================
reasoner: /home/aidin12/macleod/Reasoning/prover9_bin/prover9
status: PROOF
execution finished: Fri Sep 18 15:25:23 2020
total CPU time used: 0
The command was "/home/aidin12/macleod/Reasoning/prover9_bin/prover9 -t100 -f /home/aidin12/macleod/ontologies/after2/Theorems/conversions/PartToOverlap.all.p9"
============================ end of footer ===========================
