============================== Mace4 =================================
Mace4 (64) version 2009-11A, November 2009.
Process 11079 was started by aidin12 on aidin12-HP-Pavilion-dv7-Notebook-PC,
Sat Sep 19 02:54:45 2020
The command was "/home/aidin12/macleod/Reasoning/prover9_bin/mace4 -v0 -t300 -s60 -n2 -N40 -f /home/aidin12/macleod/ontologies/after2/Theorems/conversions/PointTheorem.all.p9".
============================== end of head ===========================

============================== INPUT =================================

% Reading from file /home/aidin12/macleod/ontologies/after2/Theorems/conversions/PointTheorem.all.p9


formulas(assumptions).
-(all x (-Point(x) | -(exists y PP(y,x)))).
(all x ((-Point(x) | (all y (-P(y,x) | EQ(y,x)))) & (-(all y (-P(y,x) | EQ(y,x))) | Point(x)))).
(all x all y ((-PP(x,y) | P(x,y) & -P(y,x)) & (-(P(x,y) & -P(y,x)) | PP(x,y)))).
(all x (x = null | P(x,x))).
(all x all y (-(P(x,y) & P(y,x)) | x = y)).
(all x all y all z (-(P(x,y) & P(y,z)) | P(x,z))).
(all x ((x != null | (all y (-P(y,x) & -P(x,y)))) & (-(all y (-P(y,x) & -P(x,y))) | x = null))).
(all x all y ((-EQ(x,y) | P(y,x) & P(x,y)) & (-(P(y,x) & P(x,y)) | EQ(x,y)))).
end_of_list.

% From the command line: clear(verbose).

% From the command line: assign(max_seconds, 300).

% From the command line: assign(max_seconds_per, 60).
    % assign(domain_size, 2) -> assign(start_size, 2).
    % assign(domain_size, 2) -> assign(end_size, 2).

% From the command line: assign(domain_size, 2).

% From the command line: assign(end_size, 40).

============================== end of input ==========================

============================== PROCESS NON-CLAUSAL FORMULAS ==========

% Formulas that are not ordinary clauses:
1 -(all x (-Point(x) | -(exists y PP(y,x)))) # label(non_clause).  [assumption].
2 (all x ((-Point(x) | (all y (-P(y,x) | EQ(y,x)))) & (-(all y (-P(y,x) | EQ(y,x))) | Point(x)))) # label(non_clause).  [assumption].
3 (all x all y ((-PP(x,y) | P(x,y) & -P(y,x)) & (-(P(x,y) & -P(y,x)) | PP(x,y)))) # label(non_clause).  [assumption].
4 (all x (x = null | P(x,x))) # label(non_clause).  [assumption].
5 (all x all y (-(P(x,y) & P(y,x)) | x = y)) # label(non_clause).  [assumption].
6 (all x all y all z (-(P(x,y) & P(y,z)) | P(x,z))) # label(non_clause).  [assumption].
7 (all x ((x != null | (all y (-P(y,x) & -P(x,y)))) & (-(all y (-P(y,x) & -P(x,y))) | x = null))) # label(non_clause).  [assumption].
8 (all x all y ((-EQ(x,y) | P(y,x) & P(x,y)) & (-(P(y,x) & P(x,y)) | EQ(x,y)))) # label(non_clause).  [assumption].

============================== end of process non-clausal formulas ===

============================== CLAUSES FOR SEARCH ====================

formulas(mace4_clauses).
Point(c1).
PP(c2,c1).
-Point(x) | -P(y,x) | EQ(y,x).
P(f1(x),x) | Point(x).
-EQ(f1(x),x) | Point(x).
-PP(x,y) | P(x,y).
-PP(x,y) | -P(y,x).
-P(x,y) | P(y,x) | PP(x,y).
null = x | P(x,x).
-P(x,y) | -P(y,x) | y = x.
-P(x,y) | -P(y,z) | P(x,z).
null != x | -P(y,x).
null != x | -P(x,y).
P(f2(x),x) | P(x,f2(x)) | null = x.
-EQ(x,y) | P(y,x).
-EQ(x,y) | P(x,y).
-P(x,y) | -P(y,x) | EQ(y,x).
end_of_list.

============================== end of clauses for search =============

% There are no natural numbers in the input.

============================== DOMAIN SIZE 2 =========================

=== Mace4 starting on domain size 2. ===

============================== STATISTICS ============================

For domain size 2.

Current CPU time: 0.00 seconds (total CPU time: 0.01 seconds).
Ground clauses: seen=58, kept=56.
Selections=2, assignments=3, propagations=16, current_models=0.
Rewrite_terms=16, rewrite_bools=80, indexes=2.
Rules_from_neg_clauses=2, cross_offs=2.

============================== end of statistics =====================

============================== DOMAIN SIZE 3 =========================

=== Mace4 starting on domain size 3. ===

============================== STATISTICS ============================

For domain size 3.

Current CPU time: 0.00 seconds (total CPU time: 0.01 seconds).
Ground clauses: seen=131, kept=128.
Selections=2, assignments=3, propagations=30, current_models=0.
Rewrite_terms=29, rewrite_bools=172, indexes=3.
Rules_from_neg_clauses=2, cross_offs=4.

============================== end of statistics =====================

============================== DOMAIN SIZE 4 =========================

=== Mace4 starting on domain size 4. ===

============================== STATISTICS ============================

For domain size 4.

Current CPU time: 0.00 seconds (total CPU time: 0.01 seconds).
Ground clauses: seen=242, kept=238.
Selections=3, assignments=6, propagations=38, current_models=0.
Rewrite_terms=47, rewrite_bools=269, indexes=3.
Rules_from_neg_clauses=1, cross_offs=5.

============================== end of statistics =====================

============================== DOMAIN SIZE 5 =========================

=== Mace4 starting on domain size 5. ===

============================== STATISTICS ============================

For domain size 5.

Current CPU time: 0.00 seconds (total CPU time: 0.01 seconds).
Ground clauses: seen=397, kept=392.
Selections=3, assignments=6, propagations=47, current_models=0.
Rewrite_terms=67, rewrite_bools=382, indexes=3.
Rules_from_neg_clauses=1, cross_offs=6.

============================== end of statistics =====================

============================== DOMAIN SIZE 6 =========================

=== Mace4 starting on domain size 6. ===

============================== STATISTICS ============================

For domain size 6.

Current CPU time: 0.00 seconds (total CPU time: 0.02 seconds).
Ground clauses: seen=602, kept=596.
Selections=3, assignments=6, propagations=56, current_models=0.
Rewrite_terms=91, rewrite_bools=513, indexes=3.
Rules_from_neg_clauses=1, cross_offs=7.

============================== end of statistics =====================

============================== DOMAIN SIZE 7 =========================

=== Mace4 starting on domain size 7. ===

============================== STATISTICS ============================

For domain size 7.

Current CPU time: 0.00 seconds (total CPU time: 0.02 seconds).
Ground clauses: seen=863, kept=856.
Selections=3, assignments=6, propagations=65, current_models=0.
Rewrite_terms=119, rewrite_bools=662, indexes=3.
Rules_from_neg_clauses=1, cross_offs=8.

============================== end of statistics =====================

============================== DOMAIN SIZE 8 =========================

=== Mace4 starting on domain size 8. ===

============================== STATISTICS ============================

For domain size 8.

Current CPU time: 0.00 seconds (total CPU time: 0.02 seconds).
Ground clauses: seen=1186, kept=1178.
Selections=3, assignments=6, propagations=74, current_models=0.
Rewrite_terms=151, rewrite_bools=829, indexes=3.
Rules_from_neg_clauses=1, cross_offs=9.

============================== end of statistics =====================

============================== DOMAIN SIZE 9 =========================

=== Mace4 starting on domain size 9. ===

============================== STATISTICS ============================

For domain size 9.

Current CPU time: 0.00 seconds (total CPU time: 0.02 seconds).
Ground clauses: seen=1577, kept=1568.
Selections=3, assignments=6, propagations=83, current_models=0.
Rewrite_terms=187, rewrite_bools=1014, indexes=3.
Rules_from_neg_clauses=1, cross_offs=10.

============================== end of statistics =====================

============================== DOMAIN SIZE 10 ========================

=== Mace4 starting on domain size 10. ===

============================== STATISTICS ============================

For domain size 10.

Current CPU time: 0.00 seconds (total CPU time: 0.02 seconds).
Ground clauses: seen=2042, kept=2032.
Selections=3, assignments=6, propagations=92, current_models=0.
Rewrite_terms=227, rewrite_bools=1217, indexes=3.
Rules_from_neg_clauses=1, cross_offs=11.

============================== end of statistics =====================

============================== DOMAIN SIZE 11 ========================

=== Mace4 starting on domain size 11. ===

============================== STATISTICS ============================

For domain size 11.

Current CPU time: 0.00 seconds (total CPU time: 0.03 seconds).
Ground clauses: seen=2587, kept=2576.
Selections=3, assignments=6, propagations=101, current_models=0.
Rewrite_terms=271, rewrite_bools=1438, indexes=3.
Rules_from_neg_clauses=1, cross_offs=12.

============================== end of statistics =====================

============================== DOMAIN SIZE 12 ========================

=== Mace4 starting on domain size 12. ===

============================== STATISTICS ============================

For domain size 12.

Current CPU time: 0.00 seconds (total CPU time: 0.03 seconds).
Ground clauses: seen=3218, kept=3206.
Selections=3, assignments=6, propagations=110, current_models=0.
Rewrite_terms=319, rewrite_bools=1677, indexes=3.
Rules_from_neg_clauses=1, cross_offs=13.

============================== end of statistics =====================

============================== DOMAIN SIZE 13 ========================

=== Mace4 starting on domain size 13. ===

============================== STATISTICS ============================

For domain size 13.

Current CPU time: 0.00 seconds (total CPU time: 0.04 seconds).
Ground clauses: seen=3941, kept=3928.
Selections=3, assignments=6, propagations=119, current_models=0.
Rewrite_terms=371, rewrite_bools=1934, indexes=3.
Rules_from_neg_clauses=1, cross_offs=14.

============================== end of statistics =====================

============================== DOMAIN SIZE 14 ========================

=== Mace4 starting on domain size 14. ===

============================== STATISTICS ============================

For domain size 14.

Current CPU time: 0.00 seconds (total CPU time: 0.04 seconds).
Ground clauses: seen=4762, kept=4748.
Selections=3, assignments=6, propagations=128, current_models=0.
Rewrite_terms=427, rewrite_bools=2209, indexes=3.
Rules_from_neg_clauses=1, cross_offs=15.

============================== end of statistics =====================

============================== DOMAIN SIZE 15 ========================

=== Mace4 starting on domain size 15. ===

============================== STATISTICS ============================

For domain size 15.

Current CPU time: 0.00 seconds (total CPU time: 0.05 seconds).
Ground clauses: seen=5687, kept=5672.
Selections=3, assignments=6, propagations=137, current_models=0.
Rewrite_terms=487, rewrite_bools=2502, indexes=3.
Rules_from_neg_clauses=1, cross_offs=16.

============================== end of statistics =====================

============================== DOMAIN SIZE 16 ========================

=== Mace4 starting on domain size 16. ===

============================== STATISTICS ============================

For domain size 16.

Current CPU time: 0.00 seconds (total CPU time: 0.06 seconds).
Ground clauses: seen=6722, kept=6706.
Selections=3, assignments=6, propagations=146, current_models=0.
Rewrite_terms=551, rewrite_bools=2813, indexes=3.
Rules_from_neg_clauses=1, cross_offs=17.

============================== end of statistics =====================

============================== DOMAIN SIZE 17 ========================

=== Mace4 starting on domain size 17. ===

============================== STATISTICS ============================

For domain size 17.

Current CPU time: 0.00 seconds (total CPU time: 0.07 seconds).
Ground clauses: seen=7873, kept=7856.
Selections=3, assignments=6, propagations=155, current_models=0.
Rewrite_terms=619, rewrite_bools=3142, indexes=3.
Rules_from_neg_clauses=1, cross_offs=18.

============================== end of statistics =====================

============================== DOMAIN SIZE 18 ========================

=== Mace4 starting on domain size 18. ===

============================== STATISTICS ============================

For domain size 18.

Current CPU time: 0.00 seconds (total CPU time: 0.08 seconds).
Ground clauses: seen=9146, kept=9128.
Selections=3, assignments=6, propagations=164, current_models=0.
Rewrite_terms=691, rewrite_bools=3489, indexes=3.
Rules_from_neg_clauses=1, cross_offs=19.

============================== end of statistics =====================

============================== DOMAIN SIZE 19 ========================

=== Mace4 starting on domain size 19. ===

============================== STATISTICS ============================

For domain size 19.

Current CPU time: 0.00 seconds (total CPU time: 0.10 seconds).
Ground clauses: seen=10547, kept=10528.
Selections=3, assignments=6, propagations=173, current_models=0.
Rewrite_terms=767, rewrite_bools=3854, indexes=3.
Rules_from_neg_clauses=1, cross_offs=20.

============================== end of statistics =====================

============================== DOMAIN SIZE 20 ========================

=== Mace4 starting on domain size 20. ===

============================== STATISTICS ============================

For domain size 20.

Current CPU time: 0.00 seconds (total CPU time: 0.12 seconds).
Ground clauses: seen=12082, kept=12062.
Selections=3, assignments=6, propagations=182, current_models=0.
Rewrite_terms=847, rewrite_bools=4237, indexes=3.
Rules_from_neg_clauses=1, cross_offs=21.

============================== end of statistics =====================

============================== DOMAIN SIZE 21 ========================

=== Mace4 starting on domain size 21. ===

============================== STATISTICS ============================

For domain size 21.

Current CPU time: 0.00 seconds (total CPU time: 0.13 seconds).
Ground clauses: seen=13757, kept=13736.
Selections=3, assignments=6, propagations=191, current_models=0.
Rewrite_terms=931, rewrite_bools=4638, indexes=3.
Rules_from_neg_clauses=1, cross_offs=22.

============================== end of statistics =====================

============================== DOMAIN SIZE 22 ========================

=== Mace4 starting on domain size 22. ===

============================== STATISTICS ============================

For domain size 22.

Current CPU time: 0.00 seconds (total CPU time: 0.15 seconds).
Ground clauses: seen=15578, kept=15556.
Selections=3, assignments=6, propagations=200, current_models=0.
Rewrite_terms=1019, rewrite_bools=5057, indexes=3.
Rules_from_neg_clauses=1, cross_offs=23.

============================== end of statistics =====================

============================== DOMAIN SIZE 23 ========================

=== Mace4 starting on domain size 23. ===

============================== STATISTICS ============================

For domain size 23.

Current CPU time: 0.00 seconds (total CPU time: 0.17 seconds).
Ground clauses: seen=17551, kept=17528.
Selections=3, assignments=6, propagations=209, current_models=0.
Rewrite_terms=1111, rewrite_bools=5494, indexes=3.
Rules_from_neg_clauses=1, cross_offs=24.

============================== end of statistics =====================

============================== DOMAIN SIZE 24 ========================

=== Mace4 starting on domain size 24. ===

============================== STATISTICS ============================

For domain size 24.

Current CPU time: 0.00 seconds (total CPU time: 0.20 seconds).
Ground clauses: seen=19682, kept=19658.
Selections=3, assignments=6, propagations=218, current_models=0.
Rewrite_terms=1207, rewrite_bools=5949, indexes=3.
Rules_from_neg_clauses=1, cross_offs=25.

============================== end of statistics =====================

============================== DOMAIN SIZE 25 ========================

=== Mace4 starting on domain size 25. ===

============================== STATISTICS ============================

For domain size 25.

Current CPU time: 0.00 seconds (total CPU time: 0.22 seconds).
Ground clauses: seen=21977, kept=21952.
Selections=3, assignments=6, propagations=227, current_models=0.
Rewrite_terms=1307, rewrite_bools=6422, indexes=3.
Rules_from_neg_clauses=1, cross_offs=26.

============================== end of statistics =====================

============================== DOMAIN SIZE 26 ========================

=== Mace4 starting on domain size 26. ===

============================== STATISTICS ============================

For domain size 26.

Current CPU time: 0.00 seconds (total CPU time: 0.26 seconds).
Ground clauses: seen=24442, kept=24416.
Selections=3, assignments=6, propagations=236, current_models=0.
Rewrite_terms=1411, rewrite_bools=6913, indexes=3.
Rules_from_neg_clauses=1, cross_offs=27.

============================== end of statistics =====================

============================== DOMAIN SIZE 27 ========================

=== Mace4 starting on domain size 27. ===

============================== STATISTICS ============================

For domain size 27.

Current CPU time: 0.00 seconds (total CPU time: 0.29 seconds).
Ground clauses: seen=27083, kept=27056.
Selections=3, assignments=6, propagations=245, current_models=0.
Rewrite_terms=1519, rewrite_bools=7422, indexes=3.
Rules_from_neg_clauses=1, cross_offs=28.

============================== end of statistics =====================

============================== DOMAIN SIZE 28 ========================

=== Mace4 starting on domain size 28. ===

============================== STATISTICS ============================

For domain size 28.

Current CPU time: 0.00 seconds (total CPU time: 0.33 seconds).
Ground clauses: seen=29906, kept=29878.
Selections=3, assignments=6, propagations=254, current_models=0.
Rewrite_terms=1631, rewrite_bools=7949, indexes=3.
Rules_from_neg_clauses=1, cross_offs=29.

============================== end of statistics =====================

============================== DOMAIN SIZE 29 ========================

=== Mace4 starting on domain size 29. ===

============================== STATISTICS ============================

For domain size 29.

Current CPU time: 0.00 seconds (total CPU time: 0.37 seconds).
Ground clauses: seen=32917, kept=32888.
Selections=3, assignments=6, propagations=263, current_models=0.
Rewrite_terms=1747, rewrite_bools=8494, indexes=3.
Rules_from_neg_clauses=1, cross_offs=30.

============================== end of statistics =====================

============================== DOMAIN SIZE 30 ========================

=== Mace4 starting on domain size 30. ===

============================== STATISTICS ============================

For domain size 30.

Current CPU time: 0.00 seconds (total CPU time: 0.41 seconds).
Ground clauses: seen=36122, kept=36092.
Selections=3, assignments=6, propagations=272, current_models=0.
Rewrite_terms=1867, rewrite_bools=9057, indexes=3.
Rules_from_neg_clauses=1, cross_offs=31.

============================== end of statistics =====================

============================== DOMAIN SIZE 31 ========================

=== Mace4 starting on domain size 31. ===

============================== STATISTICS ============================

For domain size 31.

Current CPU time: 0.00 seconds (total CPU time: 0.47 seconds).
Ground clauses: seen=39527, kept=39496.
Selections=3, assignments=6, propagations=281, current_models=0.
Rewrite_terms=1991, rewrite_bools=9638, indexes=3.
Rules_from_neg_clauses=1, cross_offs=32.

============================== end of statistics =====================

============================== DOMAIN SIZE 32 ========================

=== Mace4 starting on domain size 32. ===

============================== STATISTICS ============================

For domain size 32.

Current CPU time: 0.00 seconds (total CPU time: 0.52 seconds).
Ground clauses: seen=43138, kept=43106.
Selections=3, assignments=6, propagations=290, current_models=0.
Rewrite_terms=2119, rewrite_bools=10237, indexes=3.
Rules_from_neg_clauses=1, cross_offs=33.

============================== end of statistics =====================

============================== DOMAIN SIZE 33 ========================

=== Mace4 starting on domain size 33. ===

============================== STATISTICS ============================

For domain size 33.

Current CPU time: 0.00 seconds (total CPU time: 0.58 seconds).
Ground clauses: seen=46961, kept=46928.
Selections=3, assignments=6, propagations=299, current_models=0.
Rewrite_terms=2251, rewrite_bools=10854, indexes=3.
Rules_from_neg_clauses=1, cross_offs=34.

============================== end of statistics =====================

============================== DOMAIN SIZE 34 ========================

=== Mace4 starting on domain size 34. ===

============================== STATISTICS ============================

For domain size 34.

Current CPU time: 0.00 seconds (total CPU time: 0.64 seconds).
Ground clauses: seen=51002, kept=50968.
Selections=3, assignments=6, propagations=308, current_models=0.
Rewrite_terms=2387, rewrite_bools=11489, indexes=3.
Rules_from_neg_clauses=1, cross_offs=35.

============================== end of statistics =====================

============================== DOMAIN SIZE 35 ========================

=== Mace4 starting on domain size 35. ===

============================== STATISTICS ============================

For domain size 35.

Current CPU time: 0.00 seconds (total CPU time: 0.70 seconds).
Ground clauses: seen=55267, kept=55232.
Selections=3, assignments=6, propagations=317, current_models=0.
Rewrite_terms=2527, rewrite_bools=12142, indexes=3.
Rules_from_neg_clauses=1, cross_offs=36.

============================== end of statistics =====================

============================== DOMAIN SIZE 36 ========================

=== Mace4 starting on domain size 36. ===

============================== STATISTICS ============================

For domain size 36.

Current CPU time: 0.00 seconds (total CPU time: 0.77 seconds).
Ground clauses: seen=59762, kept=59726.
Selections=3, assignments=6, propagations=326, current_models=0.
Rewrite_terms=2671, rewrite_bools=12813, indexes=3.
Rules_from_neg_clauses=1, cross_offs=37.

============================== end of statistics =====================

============================== DOMAIN SIZE 37 ========================

=== Mace4 starting on domain size 37. ===

============================== STATISTICS ============================

For domain size 37.

Current CPU time: 0.00 seconds (total CPU time: 0.85 seconds).
Ground clauses: seen=64493, kept=64456.
Selections=3, assignments=6, propagations=335, current_models=0.
Rewrite_terms=2819, rewrite_bools=13502, indexes=3.
Rules_from_neg_clauses=1, cross_offs=38.

============================== end of statistics =====================

============================== DOMAIN SIZE 38 ========================

=== Mace4 starting on domain size 38. ===

============================== STATISTICS ============================

For domain size 38.

Current CPU time: 0.00 seconds (total CPU time: 0.94 seconds).
Ground clauses: seen=69466, kept=69428.
Selections=3, assignments=6, propagations=344, current_models=0.
Rewrite_terms=2971, rewrite_bools=14209, indexes=3.
Rules_from_neg_clauses=1, cross_offs=39.

============================== end of statistics =====================

============================== DOMAIN SIZE 39 ========================

=== Mace4 starting on domain size 39. ===

============================== STATISTICS ============================

For domain size 39.

Current CPU time: 0.00 seconds (total CPU time: 1.04 seconds).
Ground clauses: seen=74687, kept=74648.
Selections=3, assignments=6, propagations=353, current_models=0.
Rewrite_terms=3127, rewrite_bools=14934, indexes=3.
Rules_from_neg_clauses=1, cross_offs=40.

============================== end of statistics =====================

============================== DOMAIN SIZE 40 ========================

=== Mace4 starting on domain size 40. ===

============================== STATISTICS ============================

For domain size 40.

Current CPU time: 0.00 seconds (total CPU time: 1.14 seconds).
Ground clauses: seen=80162, kept=80122.
Selections=3, assignments=6, propagations=362, current_models=0.
Rewrite_terms=3287, rewrite_bools=15677, indexes=3.
Rules_from_neg_clauses=1, cross_offs=41.

============================== end of statistics =====================

------ process 11079 exit (exhausted) ------

User_CPU=1.14, System_CPU=0.02, Wall_clock=1.

Exiting with failure.

Process 11079 exit (exhausted) Sat Sep 19 02:54:46 2020
The process finished Sat Sep 19 02:54:46 2020

========================== MACLEOD SUMMARY ===========================
reasoner: /home/aidin12/macleod/Reasoning/prover9_bin/mace4
status: 
execution finished: Sat Sep 19 02:54:47 2020
total CPU time used: 0
The command was "/home/aidin12/macleod/Reasoning/prover9_bin/mace4 -v0 -t300 -s60 -n2 -N40 -f /home/aidin12/macleod/ontologies/after2/Theorems/conversions/PointTheorem.all.p9"
============================ end of footer ===========================
