============================== Mace4 =================================
Mace4 (64) version 2009-11A, November 2009.
Process 8422 was started by aidin12 on aidin12-HP-Pavilion-dv7-Notebook-PC,
Fri Sep 18 16:48:20 2020
The command was "/home/aidin12/macleod/Reasoning/prover9_bin/mace4 -v0 -t300 -s60 -n2 -N40 -f /home/aidin12/macleod/ontologies/after2/Theorems/conversions/Proper_Part_assy.all.p9".
============================== end of head ===========================

============================== INPUT =================================

% Reading from file /home/aidin12/macleod/ontologies/after2/Theorems/conversions/Proper_Part_assy.all.p9


formulas(assumptions).
-(all x all y (-PP(x,y) | -PP(y,x))).
(all x all y ((-PP(x,y) | P(x,y) & -P(y,x)) & (-(P(x,y) & -P(y,x)) | PP(x,y)))).
(all x (x = null | P(x,x))).
(all x all y (-(P(x,y) & P(y,x)) | x = y)).
(all x all y all z (-(P(x,y) & P(y,z)) | P(x,z))).
(all x ((x != null | (all y (-P(y,x) & -P(x,y)))) & (-(all y (-P(y,x) & -P(x,y))) | x = null))).
end_of_list.

% From the command line: clear(verbose).

% From the command line: assign(max_seconds, 300).

% From the command line: assign(max_seconds_per, 60).
    % assign(domain_size, 2) -> assign(start_size, 2).
    % assign(domain_size, 2) -> assign(end_size, 2).

% From the command line: assign(domain_size, 2).

% From the command line: assign(end_size, 40).

============================== end of input ==========================

============================== PROCESS NON-CLAUSAL FORMULAS ==========

% Formulas that are not ordinary clauses:
1 -(all x all y (-PP(x,y) | -PP(y,x))) # label(non_clause).  [assumption].
2 (all x all y ((-PP(x,y) | P(x,y) & -P(y,x)) & (-(P(x,y) & -P(y,x)) | PP(x,y)))) # label(non_clause).  [assumption].
3 (all x (x = null | P(x,x))) # label(non_clause).  [assumption].
4 (all x all y (-(P(x,y) & P(y,x)) | x = y)) # label(non_clause).  [assumption].
5 (all x all y all z (-(P(x,y) & P(y,z)) | P(x,z))) # label(non_clause).  [assumption].
6 (all x ((x != null | (all y (-P(y,x) & -P(x,y)))) & (-(all y (-P(y,x) & -P(x,y))) | x = null))) # label(non_clause).  [assumption].

============================== end of process non-clausal formulas ===

============================== CLAUSES FOR SEARCH ====================

formulas(mace4_clauses).
PP(c1,c2).
PP(c2,c1).
-PP(x,y) | P(x,y).
-PP(x,y) | -P(y,x).
-P(x,y) | P(y,x) | PP(x,y).
null = x | P(x,x).
-P(x,y) | -P(y,x) | y = x.
-P(x,y) | -P(y,z) | P(x,z).
null != x | -P(y,x).
null != x | -P(x,y).
P(f1(x),x) | P(x,f1(x)) | null = x.
end_of_list.

============================== end of clauses for search =============

% There are no natural numbers in the input.

============================== DOMAIN SIZE 2 =========================

=== Mace4 starting on domain size 2. ===

============================== STATISTICS ============================

For domain size 2.

Current CPU time: 0.00 seconds (total CPU time: 0.02 seconds).
Ground clauses: seen=38, kept=36.
Selections=2, assignments=3, propagations=10, current_models=0.
Rewrite_terms=16, rewrite_bools=51, indexes=0.
Rules_from_neg_clauses=2, cross_offs=2.

============================== end of statistics =====================

============================== DOMAIN SIZE 3 =========================

=== Mace4 starting on domain size 3. ===

============================== STATISTICS ============================

For domain size 3.

Current CPU time: 0.00 seconds (total CPU time: 0.02 seconds).
Ground clauses: seen=89, kept=86.
Selections=2, assignments=3, propagations=20, current_models=0.
Rewrite_terms=30, rewrite_bools=117, indexes=2.
Rules_from_neg_clauses=2, cross_offs=4.

============================== end of statistics =====================

============================== DOMAIN SIZE 4 =========================

=== Mace4 starting on domain size 4. ===

============================== STATISTICS ============================

For domain size 4.

Current CPU time: 0.00 seconds (total CPU time: 0.02 seconds).
Ground clauses: seen=170, kept=166.
Selections=3, assignments=6, propagations=25, current_models=0.
Rewrite_terms=48, rewrite_bools=196, indexes=2.
Rules_from_neg_clauses=1, cross_offs=5.

============================== end of statistics =====================

============================== DOMAIN SIZE 5 =========================

=== Mace4 starting on domain size 5. ===

============================== STATISTICS ============================

For domain size 5.

Current CPU time: 0.00 seconds (total CPU time: 0.02 seconds).
Ground clauses: seen=287, kept=282.
Selections=3, assignments=6, propagations=31, current_models=0.
Rewrite_terms=68, rewrite_bools=291, indexes=2.
Rules_from_neg_clauses=1, cross_offs=6.

============================== end of statistics =====================

============================== DOMAIN SIZE 6 =========================

=== Mace4 starting on domain size 6. ===

============================== STATISTICS ============================

For domain size 6.

Current CPU time: 0.00 seconds (total CPU time: 0.02 seconds).
Ground clauses: seen=446, kept=440.
Selections=3, assignments=6, propagations=37, current_models=0.
Rewrite_terms=92, rewrite_bools=404, indexes=2.
Rules_from_neg_clauses=1, cross_offs=7.

============================== end of statistics =====================

============================== DOMAIN SIZE 7 =========================

=== Mace4 starting on domain size 7. ===

============================== STATISTICS ============================

For domain size 7.

Current CPU time: 0.00 seconds (total CPU time: 0.02 seconds).
Ground clauses: seen=653, kept=646.
Selections=3, assignments=6, propagations=43, current_models=0.
Rewrite_terms=120, rewrite_bools=535, indexes=2.
Rules_from_neg_clauses=1, cross_offs=8.

============================== end of statistics =====================

============================== DOMAIN SIZE 8 =========================

=== Mace4 starting on domain size 8. ===

============================== STATISTICS ============================

For domain size 8.

Current CPU time: 0.00 seconds (total CPU time: 0.02 seconds).
Ground clauses: seen=914, kept=906.
Selections=3, assignments=6, propagations=49, current_models=0.
Rewrite_terms=152, rewrite_bools=684, indexes=2.
Rules_from_neg_clauses=1, cross_offs=9.

============================== end of statistics =====================

============================== DOMAIN SIZE 9 =========================

=== Mace4 starting on domain size 9. ===

============================== STATISTICS ============================

For domain size 9.

Current CPU time: 0.00 seconds (total CPU time: 0.02 seconds).
Ground clauses: seen=1235, kept=1226.
Selections=3, assignments=6, propagations=55, current_models=0.
Rewrite_terms=188, rewrite_bools=851, indexes=2.
Rules_from_neg_clauses=1, cross_offs=10.

============================== end of statistics =====================

============================== DOMAIN SIZE 10 ========================

=== Mace4 starting on domain size 10. ===

============================== STATISTICS ============================

For domain size 10.

Current CPU time: 0.00 seconds (total CPU time: 0.03 seconds).
Ground clauses: seen=1622, kept=1612.
Selections=3, assignments=6, propagations=61, current_models=0.
Rewrite_terms=228, rewrite_bools=1036, indexes=2.
Rules_from_neg_clauses=1, cross_offs=11.

============================== end of statistics =====================

============================== DOMAIN SIZE 11 ========================

=== Mace4 starting on domain size 11. ===

============================== STATISTICS ============================

For domain size 11.

Current CPU time: 0.00 seconds (total CPU time: 0.03 seconds).
Ground clauses: seen=2081, kept=2070.
Selections=3, assignments=6, propagations=67, current_models=0.
Rewrite_terms=272, rewrite_bools=1239, indexes=2.
Rules_from_neg_clauses=1, cross_offs=12.

============================== end of statistics =====================

============================== DOMAIN SIZE 12 ========================

=== Mace4 starting on domain size 12. ===

============================== STATISTICS ============================

For domain size 12.

Current CPU time: 0.00 seconds (total CPU time: 0.03 seconds).
Ground clauses: seen=2618, kept=2606.
Selections=3, assignments=6, propagations=73, current_models=0.
Rewrite_terms=320, rewrite_bools=1460, indexes=2.
Rules_from_neg_clauses=1, cross_offs=13.

============================== end of statistics =====================

============================== DOMAIN SIZE 13 ========================

=== Mace4 starting on domain size 13. ===

============================== STATISTICS ============================

For domain size 13.

Current CPU time: 0.00 seconds (total CPU time: 0.04 seconds).
Ground clauses: seen=3239, kept=3226.
Selections=3, assignments=6, propagations=79, current_models=0.
Rewrite_terms=372, rewrite_bools=1699, indexes=2.
Rules_from_neg_clauses=1, cross_offs=14.

============================== end of statistics =====================

============================== DOMAIN SIZE 14 ========================

=== Mace4 starting on domain size 14. ===

============================== STATISTICS ============================

For domain size 14.

Current CPU time: 0.00 seconds (total CPU time: 0.04 seconds).
Ground clauses: seen=3950, kept=3936.
Selections=3, assignments=6, propagations=85, current_models=0.
Rewrite_terms=428, rewrite_bools=1956, indexes=2.
Rules_from_neg_clauses=1, cross_offs=15.

============================== end of statistics =====================

============================== DOMAIN SIZE 15 ========================

=== Mace4 starting on domain size 15. ===

============================== STATISTICS ============================

For domain size 15.

Current CPU time: 0.00 seconds (total CPU time: 0.05 seconds).
Ground clauses: seen=4757, kept=4742.
Selections=3, assignments=6, propagations=91, current_models=0.
Rewrite_terms=488, rewrite_bools=2231, indexes=2.
Rules_from_neg_clauses=1, cross_offs=16.

============================== end of statistics =====================

============================== DOMAIN SIZE 16 ========================

=== Mace4 starting on domain size 16. ===

============================== STATISTICS ============================

For domain size 16.

Current CPU time: 0.00 seconds (total CPU time: 0.05 seconds).
Ground clauses: seen=5666, kept=5650.
Selections=3, assignments=6, propagations=97, current_models=0.
Rewrite_terms=552, rewrite_bools=2524, indexes=2.
Rules_from_neg_clauses=1, cross_offs=17.

============================== end of statistics =====================

============================== DOMAIN SIZE 17 ========================

=== Mace4 starting on domain size 17. ===

============================== STATISTICS ============================

For domain size 17.

Current CPU time: 0.00 seconds (total CPU time: 0.06 seconds).
Ground clauses: seen=6683, kept=6666.
Selections=3, assignments=6, propagations=103, current_models=0.
Rewrite_terms=620, rewrite_bools=2835, indexes=2.
Rules_from_neg_clauses=1, cross_offs=18.

============================== end of statistics =====================

============================== DOMAIN SIZE 18 ========================

=== Mace4 starting on domain size 18. ===

============================== STATISTICS ============================

For domain size 18.

Current CPU time: 0.00 seconds (total CPU time: 0.07 seconds).
Ground clauses: seen=7814, kept=7796.
Selections=3, assignments=6, propagations=109, current_models=0.
Rewrite_terms=692, rewrite_bools=3164, indexes=2.
Rules_from_neg_clauses=1, cross_offs=19.

============================== end of statistics =====================

============================== DOMAIN SIZE 19 ========================

=== Mace4 starting on domain size 19. ===

============================== STATISTICS ============================

For domain size 19.

Current CPU time: 0.00 seconds (total CPU time: 0.08 seconds).
Ground clauses: seen=9065, kept=9046.
Selections=3, assignments=6, propagations=115, current_models=0.
Rewrite_terms=768, rewrite_bools=3511, indexes=2.
Rules_from_neg_clauses=1, cross_offs=20.

============================== end of statistics =====================

============================== DOMAIN SIZE 20 ========================

=== Mace4 starting on domain size 20. ===

============================== STATISTICS ============================

For domain size 20.

Current CPU time: 0.00 seconds (total CPU time: 0.10 seconds).
Ground clauses: seen=10442, kept=10422.
Selections=3, assignments=6, propagations=121, current_models=0.
Rewrite_terms=848, rewrite_bools=3876, indexes=2.
Rules_from_neg_clauses=1, cross_offs=21.

============================== end of statistics =====================

============================== DOMAIN SIZE 21 ========================

=== Mace4 starting on domain size 21. ===

============================== STATISTICS ============================

For domain size 21.

Current CPU time: 0.00 seconds (total CPU time: 0.12 seconds).
Ground clauses: seen=11951, kept=11930.
Selections=3, assignments=6, propagations=127, current_models=0.
Rewrite_terms=932, rewrite_bools=4259, indexes=2.
Rules_from_neg_clauses=1, cross_offs=22.

============================== end of statistics =====================

============================== DOMAIN SIZE 22 ========================

=== Mace4 starting on domain size 22. ===

============================== STATISTICS ============================

For domain size 22.

Current CPU time: 0.00 seconds (total CPU time: 0.14 seconds).
Ground clauses: seen=13598, kept=13576.
Selections=3, assignments=6, propagations=133, current_models=0.
Rewrite_terms=1020, rewrite_bools=4660, indexes=2.
Rules_from_neg_clauses=1, cross_offs=23.

============================== end of statistics =====================

============================== DOMAIN SIZE 23 ========================

=== Mace4 starting on domain size 23. ===

============================== STATISTICS ============================

For domain size 23.

Current CPU time: 0.00 seconds (total CPU time: 0.16 seconds).
Ground clauses: seen=15389, kept=15366.
Selections=3, assignments=6, propagations=139, current_models=0.
Rewrite_terms=1112, rewrite_bools=5079, indexes=2.
Rules_from_neg_clauses=1, cross_offs=24.

============================== end of statistics =====================

============================== DOMAIN SIZE 24 ========================

=== Mace4 starting on domain size 24. ===

============================== STATISTICS ============================

For domain size 24.

Current CPU time: 0.00 seconds (total CPU time: 0.18 seconds).
Ground clauses: seen=17330, kept=17306.
Selections=3, assignments=6, propagations=145, current_models=0.
Rewrite_terms=1208, rewrite_bools=5516, indexes=2.
Rules_from_neg_clauses=1, cross_offs=25.

============================== end of statistics =====================

============================== DOMAIN SIZE 25 ========================

=== Mace4 starting on domain size 25. ===

============================== STATISTICS ============================

For domain size 25.

Current CPU time: 0.00 seconds (total CPU time: 0.21 seconds).
Ground clauses: seen=19427, kept=19402.
Selections=3, assignments=6, propagations=151, current_models=0.
Rewrite_terms=1308, rewrite_bools=5971, indexes=2.
Rules_from_neg_clauses=1, cross_offs=26.

============================== end of statistics =====================

============================== DOMAIN SIZE 26 ========================

=== Mace4 starting on domain size 26. ===

============================== STATISTICS ============================

For domain size 26.

Current CPU time: 0.00 seconds (total CPU time: 0.24 seconds).
Ground clauses: seen=21686, kept=21660.
Selections=3, assignments=6, propagations=157, current_models=0.
Rewrite_terms=1412, rewrite_bools=6444, indexes=2.
Rules_from_neg_clauses=1, cross_offs=27.

============================== end of statistics =====================

============================== DOMAIN SIZE 27 ========================

=== Mace4 starting on domain size 27. ===

============================== STATISTICS ============================

For domain size 27.

Current CPU time: 0.00 seconds (total CPU time: 0.26 seconds).
Ground clauses: seen=24113, kept=24086.
Selections=3, assignments=6, propagations=163, current_models=0.
Rewrite_terms=1520, rewrite_bools=6935, indexes=2.
Rules_from_neg_clauses=1, cross_offs=28.

============================== end of statistics =====================

============================== DOMAIN SIZE 28 ========================

=== Mace4 starting on domain size 28. ===

============================== STATISTICS ============================

For domain size 28.

Current CPU time: 0.00 seconds (total CPU time: 0.30 seconds).
Ground clauses: seen=26714, kept=26686.
Selections=3, assignments=6, propagations=169, current_models=0.
Rewrite_terms=1632, rewrite_bools=7444, indexes=2.
Rules_from_neg_clauses=1, cross_offs=29.

============================== end of statistics =====================

============================== DOMAIN SIZE 29 ========================

=== Mace4 starting on domain size 29. ===

============================== STATISTICS ============================

For domain size 29.

Current CPU time: 0.00 seconds (total CPU time: 0.34 seconds).
Ground clauses: seen=29495, kept=29466.
Selections=3, assignments=6, propagations=175, current_models=0.
Rewrite_terms=1748, rewrite_bools=7971, indexes=2.
Rules_from_neg_clauses=1, cross_offs=30.

============================== end of statistics =====================

============================== DOMAIN SIZE 30 ========================

=== Mace4 starting on domain size 30. ===

============================== STATISTICS ============================

For domain size 30.

Current CPU time: 0.00 seconds (total CPU time: 0.38 seconds).
Ground clauses: seen=32462, kept=32432.
Selections=3, assignments=6, propagations=181, current_models=0.
Rewrite_terms=1868, rewrite_bools=8516, indexes=2.
Rules_from_neg_clauses=1, cross_offs=31.

============================== end of statistics =====================

============================== DOMAIN SIZE 31 ========================

=== Mace4 starting on domain size 31. ===

============================== STATISTICS ============================

For domain size 31.

Current CPU time: 0.00 seconds (total CPU time: 0.42 seconds).
Ground clauses: seen=35621, kept=35590.
Selections=3, assignments=6, propagations=187, current_models=0.
Rewrite_terms=1992, rewrite_bools=9079, indexes=2.
Rules_from_neg_clauses=1, cross_offs=32.

============================== end of statistics =====================

============================== DOMAIN SIZE 32 ========================

=== Mace4 starting on domain size 32. ===

============================== STATISTICS ============================

For domain size 32.

Current CPU time: 0.00 seconds (total CPU time: 0.47 seconds).
Ground clauses: seen=38978, kept=38946.
Selections=3, assignments=6, propagations=193, current_models=0.
Rewrite_terms=2120, rewrite_bools=9660, indexes=2.
Rules_from_neg_clauses=1, cross_offs=33.

============================== end of statistics =====================

============================== DOMAIN SIZE 33 ========================

=== Mace4 starting on domain size 33. ===

============================== STATISTICS ============================

For domain size 33.

Current CPU time: 0.00 seconds (total CPU time: 0.52 seconds).
Ground clauses: seen=42539, kept=42506.
Selections=3, assignments=6, propagations=199, current_models=0.
Rewrite_terms=2252, rewrite_bools=10259, indexes=2.
Rules_from_neg_clauses=1, cross_offs=34.

============================== end of statistics =====================

============================== DOMAIN SIZE 34 ========================

=== Mace4 starting on domain size 34. ===

============================== STATISTICS ============================

For domain size 34.

Current CPU time: 0.00 seconds (total CPU time: 0.57 seconds).
Ground clauses: seen=46310, kept=46276.
Selections=3, assignments=6, propagations=205, current_models=0.
Rewrite_terms=2388, rewrite_bools=10876, indexes=2.
Rules_from_neg_clauses=1, cross_offs=35.

============================== end of statistics =====================

============================== DOMAIN SIZE 35 ========================

=== Mace4 starting on domain size 35. ===

============================== STATISTICS ============================

For domain size 35.

Current CPU time: 0.00 seconds (total CPU time: 0.63 seconds).
Ground clauses: seen=50297, kept=50262.
Selections=3, assignments=6, propagations=211, current_models=0.
Rewrite_terms=2528, rewrite_bools=11511, indexes=2.
Rules_from_neg_clauses=1, cross_offs=36.

============================== end of statistics =====================

============================== DOMAIN SIZE 36 ========================

=== Mace4 starting on domain size 36. ===

============================== STATISTICS ============================

For domain size 36.

Current CPU time: 0.00 seconds (total CPU time: 0.70 seconds).
Ground clauses: seen=54506, kept=54470.
Selections=3, assignments=6, propagations=217, current_models=0.
Rewrite_terms=2672, rewrite_bools=12164, indexes=2.
Rules_from_neg_clauses=1, cross_offs=37.

============================== end of statistics =====================

============================== DOMAIN SIZE 37 ========================

=== Mace4 starting on domain size 37. ===

============================== STATISTICS ============================

For domain size 37.

Current CPU time: 0.00 seconds (total CPU time: 0.78 seconds).
Ground clauses: seen=58943, kept=58906.
Selections=3, assignments=6, propagations=223, current_models=0.
Rewrite_terms=2820, rewrite_bools=12835, indexes=2.
Rules_from_neg_clauses=1, cross_offs=38.

============================== end of statistics =====================

============================== DOMAIN SIZE 38 ========================

=== Mace4 starting on domain size 38. ===

============================== STATISTICS ============================

For domain size 38.

Current CPU time: 0.00 seconds (total CPU time: 0.86 seconds).
Ground clauses: seen=63614, kept=63576.
Selections=3, assignments=6, propagations=229, current_models=0.
Rewrite_terms=2972, rewrite_bools=13524, indexes=2.
Rules_from_neg_clauses=1, cross_offs=39.

============================== end of statistics =====================

============================== DOMAIN SIZE 39 ========================

=== Mace4 starting on domain size 39. ===

============================== STATISTICS ============================

For domain size 39.

Current CPU time: 0.00 seconds (total CPU time: 0.95 seconds).
Ground clauses: seen=68525, kept=68486.
Selections=3, assignments=6, propagations=235, current_models=0.
Rewrite_terms=3128, rewrite_bools=14231, indexes=2.
Rules_from_neg_clauses=1, cross_offs=40.

============================== end of statistics =====================

============================== DOMAIN SIZE 40 ========================

=== Mace4 starting on domain size 40. ===

============================== STATISTICS ============================

For domain size 40.

Current CPU time: 0.00 seconds (total CPU time: 1.04 seconds).
Ground clauses: seen=73682, kept=73642.
Selections=3, assignments=6, propagations=241, current_models=0.
Rewrite_terms=3288, rewrite_bools=14956, indexes=2.
Rules_from_neg_clauses=1, cross_offs=41.

============================== end of statistics =====================

------ process 8422 exit (exhausted) ------

User_CPU=1.04, System_CPU=0.00, Wall_clock=1.

Exiting with failure.

Process 8422 exit (exhausted) Fri Sep 18 16:48:21 2020
The process finished Fri Sep 18 16:48:21 2020

========================== MACLEOD SUMMARY ===========================
reasoner: /home/aidin12/macleod/Reasoning/prover9_bin/mace4
status: 
execution finished: Fri Sep 18 16:48:22 2020
total CPU time used: 0
The command was "/home/aidin12/macleod/Reasoning/prover9_bin/mace4 -v0 -t300 -s60 -n2 -N40 -f /home/aidin12/macleod/ontologies/after2/Theorems/conversions/Proper_Part_assy.all.p9"
============================ end of footer ===========================
