============================== Prover9 ===============================
Prover9 (64) version 2009-11A, November 2009.
Process 11482 was started by aidin12 on aidin12-HP-Pavilion-dv7-Notebook-PC,
Sat Sep 19 03:39:33 2020
The command was "/home/aidin12/macleod/Reasoning/prover9_bin/prover9 -t100 -f /home/aidin12/macleod/ontologies/after2/Theorems/conversions/TPP_assy.all.p9".
============================== end of head ===========================

============================== INPUT =================================

% Reading from file /home/aidin12/macleod/ontologies/after2/Theorems/conversions/TPP_assy.all.p9


formulas(assumptions).
-(all x all y (-TPP(x,y) | -TPP(y,x))).
(all x all y ((-TPP(x,y) | PP(x,y) & (exists z (P(z,x) & B(z,y)))) & (-(PP(x,y) & (exists z (P(z,x) & B(z,y)))) | TPP(x,y)))).
(all x (x = null | P(x,x))).
(all x all y (-(P(x,y) & P(y,x)) | x = y)).
(all x all y all z (-(P(x,y) & P(y,z)) | P(x,z))).
(all x ((x != null | (all y (-P(y,x) & -P(x,y)))) & (-(all y (-P(y,x) & -P(x,y))) | x = null))).
(all x all y (-B(x,y) | PP(x,y))).
(all x all y all z (-(B(x,y) & B(y,z)) | B(x,z))).
(all x all y all z (-(P(x,y) & B(y,z)) | B(x,z))).
(all x all y all z (-(B(x,y) & P(y,z)) | P(x,z))).
(all x all y ((-PP(x,y) | P(x,y) & -P(y,x)) & (-(P(x,y) & -P(y,x)) | PP(x,y)))).
end_of_list.

============================== end of input ==========================

% From the command line: assign(max_seconds, 100).

============================== PROCESS NON-CLAUSAL FORMULAS ==========

% Formulas that are not ordinary clauses:
1 -(all x all y (-TPP(x,y) | -TPP(y,x))) # label(non_clause).  [assumption].
2 (all x all y ((-TPP(x,y) | PP(x,y) & (exists z (P(z,x) & B(z,y)))) & (-(PP(x,y) & (exists z (P(z,x) & B(z,y)))) | TPP(x,y)))) # label(non_clause).  [assumption].
3 (all x (x = null | P(x,x))) # label(non_clause).  [assumption].
4 (all x all y (-(P(x,y) & P(y,x)) | x = y)) # label(non_clause).  [assumption].
5 (all x all y all z (-(P(x,y) & P(y,z)) | P(x,z))) # label(non_clause).  [assumption].
6 (all x ((x != null | (all y (-P(y,x) & -P(x,y)))) & (-(all y (-P(y,x) & -P(x,y))) | x = null))) # label(non_clause).  [assumption].
7 (all x all y (-B(x,y) | PP(x,y))) # label(non_clause).  [assumption].
8 (all x all y all z (-(B(x,y) & B(y,z)) | B(x,z))) # label(non_clause).  [assumption].
9 (all x all y all z (-(P(x,y) & B(y,z)) | B(x,z))) # label(non_clause).  [assumption].
10 (all x all y all z (-(B(x,y) & P(y,z)) | P(x,z))) # label(non_clause).  [assumption].
11 (all x all y ((-PP(x,y) | P(x,y) & -P(y,x)) & (-(P(x,y) & -P(y,x)) | PP(x,y)))) # label(non_clause).  [assumption].

============================== end of process non-clausal formulas ===

============================== PROCESS INITIAL CLAUSES ===============

% Clauses before input processing:

formulas(usable).
end_of_list.

formulas(sos).
TPP(c1,c2).  [clausify(1)].
TPP(c2,c1).  [clausify(1)].
-TPP(x,y) | PP(x,y).  [clausify(2)].
-TPP(x,y) | P(f1(x,y),x).  [clausify(2)].
-TPP(x,y) | B(f1(x,y),y).  [clausify(2)].
-PP(x,y) | -P(z,x) | -B(z,y) | TPP(x,y).  [clausify(2)].
null = x | P(x,x).  [clausify(3)].
-P(x,y) | -P(y,x) | y = x.  [clausify(4)].
-P(x,y) | -P(y,z) | P(x,z).  [clausify(5)].
null != x | -P(y,x).  [clausify(6)].
null != x | -P(x,y).  [clausify(6)].
P(f2(x),x) | P(x,f2(x)) | null = x.  [clausify(6)].
-B(x,y) | PP(x,y).  [clausify(7)].
-B(x,y) | -B(y,z) | B(x,z).  [clausify(8)].
-P(x,y) | -B(y,z) | B(x,z).  [clausify(9)].
-B(x,y) | -P(y,z) | P(x,z).  [clausify(10)].
-PP(x,y) | P(x,y).  [clausify(11)].
-PP(x,y) | -P(y,x).  [clausify(11)].
-P(x,y) | P(y,x) | PP(x,y).  [clausify(11)].
end_of_list.

formulas(demodulators).
end_of_list.

============================== PREDICATE ELIMINATION =================

Eliminating TPP/2
12 -TPP(x,y) | PP(x,y).  [clausify(2)].
13 TPP(c1,c2).  [clausify(1)].
14 TPP(c2,c1).  [clausify(1)].
Derived: PP(c1,c2).  [resolve(12,a,13,a)].
Derived: PP(c2,c1).  [resolve(12,a,14,a)].
15 -TPP(x,y) | P(f1(x,y),x).  [clausify(2)].
Derived: P(f1(c1,c2),c1).  [resolve(15,a,13,a)].
Derived: P(f1(c2,c1),c2).  [resolve(15,a,14,a)].
16 -TPP(x,y) | B(f1(x,y),y).  [clausify(2)].
Derived: B(f1(c1,c2),c2).  [resolve(16,a,13,a)].
Derived: B(f1(c2,c1),c1).  [resolve(16,a,14,a)].
17 -PP(x,y) | -P(z,x) | -B(z,y) | TPP(x,y).  [clausify(2)].
Derived: -PP(x,y) | -P(z,x) | -B(z,y) | P(f1(x,y),x).  [resolve(17,d,15,a)].
Derived: -PP(x,y) | -P(z,x) | -B(z,y) | B(f1(x,y),y).  [resolve(17,d,16,a)].

Eliminating PP/2
18 -PP(x,y) | P(x,y).  [clausify(11)].
19 -B(x,y) | PP(x,y).  [clausify(7)].
Derived: P(x,y) | -B(x,y).  [resolve(18,a,19,b)].
20 -PP(x,y) | -P(y,x).  [clausify(11)].
Derived: -P(x,y) | -B(y,x).  [resolve(20,a,19,b)].
21 -P(x,y) | P(y,x) | PP(x,y).  [clausify(11)].
22 PP(c1,c2).  [resolve(12,a,13,a)].
Derived: P(c1,c2).  [resolve(22,a,18,a)].
Derived: -P(c2,c1).  [resolve(22,a,20,a)].
23 PP(c2,c1).  [resolve(12,a,14,a)].
Derived: P(c2,c1).  [resolve(23,a,18,a)].
Derived: -P(c1,c2).  [resolve(23,a,20,a)].
24 -PP(x,y) | -P(z,x) | -B(z,y) | P(f1(x,y),x).  [resolve(17,d,15,a)].
Derived: -P(x,y) | -B(x,z) | P(f1(y,z),y) | -B(y,z).  [resolve(24,a,19,b)].
Derived: -P(x,y) | -B(x,z) | P(f1(y,z),y) | -P(y,z) | P(z,y).  [resolve(24,a,21,c)].
Derived: -P(x,c1) | -B(x,c2) | P(f1(c1,c2),c1).  [resolve(24,a,22,a)].
Derived: -P(x,c2) | -B(x,c1) | P(f1(c2,c1),c2).  [resolve(24,a,23,a)].
25 -PP(x,y) | -P(z,x) | -B(z,y) | B(f1(x,y),y).  [resolve(17,d,16,a)].
Derived: -P(x,y) | -B(x,z) | B(f1(y,z),z) | -B(y,z).  [resolve(25,a,19,b)].
Derived: -P(x,y) | -B(x,z) | B(f1(y,z),z) | -P(y,z) | P(z,y).  [resolve(25,a,21,c)].
Derived: -P(x,c1) | -B(x,c2) | B(f1(c1,c2),c2).  [resolve(25,a,22,a)].
Derived: -P(x,c2) | -B(x,c1) | B(f1(c2,c1),c1).  [resolve(25,a,23,a)].

============================== end predicate elimination =============

Auto_denials:  (non-Horn, no changes).

Term ordering decisions:
Predicate symbol precedence:  predicate_order([ =, P, B ]).
Function symbol precedence:  function_order([ null, c1, c2, f1, f2 ]).
After inverse_order:  (no changes).
Unfolding symbols: (none).

Auto_inference settings:
  % set(paramodulation).  % (positive equality literals)
  % set(binary_resolution).  % (non-Horn)
  % set(neg_ur_resolution).  % (non-Horn, less than 100 clauses)

Auto_process settings:
  % set(factor).  % (non-Horn)
  % set(unit_deletion).  % (non-Horn)

kept:      26 null = x | P(x,x).  [clausify(3)].
kept:      27 -P(x,y) | -P(y,x) | y = x.  [clausify(4)].
kept:      28 -P(x,y) | -P(y,z) | P(x,z).  [clausify(5)].
kept:      29 null != x | -P(y,x).  [clausify(6)].
kept:      30 null != x | -P(x,y).  [clausify(6)].
kept:      31 P(f2(x),x) | P(x,f2(x)) | null = x.  [clausify(6)].
kept:      32 -B(x,y) | -B(y,z) | B(x,z).  [clausify(8)].
kept:      33 -P(x,y) | -B(y,z) | B(x,z).  [clausify(9)].
kept:      34 -B(x,y) | -P(y,z) | P(x,z).  [clausify(10)].
kept:      35 P(f1(c1,c2),c1).  [resolve(15,a,13,a)].
kept:      36 P(f1(c2,c1),c2).  [resolve(15,a,14,a)].
kept:      37 B(f1(c1,c2),c2).  [resolve(16,a,13,a)].
kept:      38 B(f1(c2,c1),c1).  [resolve(16,a,14,a)].
kept:      39 P(x,y) | -B(x,y).  [resolve(18,a,19,b)].
kept:      40 -P(x,y) | -B(y,x).  [resolve(20,a,19,b)].
kept:      41 P(c1,c2).  [resolve(22,a,18,a)].
kept:      42 -P(c2,c1).  [resolve(22,a,20,a)].
           43 P(c2,c1).  [resolve(23,a,18,a)].
-------- Proof 1 -------- 

============================== PROOF =================================

% Proof 1 at 0.01 (+ 0.00) seconds.
% Length of proof is 13.
% Level of proof is 4.
% Maximum clause weight is 3.000.
% Given clauses 0.

1 -(all x all y (-TPP(x,y) | -TPP(y,x))) # label(non_clause).  [assumption].
2 (all x all y ((-TPP(x,y) | PP(x,y) & (exists z (P(z,x) & B(z,y)))) & (-(PP(x,y) & (exists z (P(z,x) & B(z,y)))) | TPP(x,y)))) # label(non_clause).  [assumption].
11 (all x all y ((-PP(x,y) | P(x,y) & -P(y,x)) & (-(P(x,y) & -P(y,x)) | PP(x,y)))) # label(non_clause).  [assumption].
12 -TPP(x,y) | PP(x,y).  [clausify(2)].
13 TPP(c1,c2).  [clausify(1)].
14 TPP(c2,c1).  [clausify(1)].
18 -PP(x,y) | P(x,y).  [clausify(11)].
20 -PP(x,y) | -P(y,x).  [clausify(11)].
22 PP(c1,c2).  [resolve(12,a,13,a)].
23 PP(c2,c1).  [resolve(12,a,14,a)].
42 -P(c2,c1).  [resolve(22,a,20,a)].
43 P(c2,c1).  [resolve(23,a,18,a)].
44 $F.  [copy(43),unit_del(a,42)].

============================== end of proof ==========================

============================== STATISTICS ============================

Given=0. Generated=18. Kept=17. proofs=1.
Usable=0. Sos=0. Demods=0. Limbo=17, Disabled=32. Hints=0.
Kept_by_rule=0, Deleted_by_rule=0.
Forward_subsumed=0. Back_subsumed=0.
Sos_limit_deleted=0. Sos_displaced=0. Sos_removed=0.
New_demodulators=0 (0 lex), Back_demodulated=0. Back_unit_deleted=0.
Demod_attempts=0. Demod_rewrites=0.
Res_instance_prunes=0. Para_instance_prunes=0. Basic_paramod_prunes=0.
Nonunit_fsub_feature_tests=2. Nonunit_bsub_feature_tests=0.
Megabytes=0.09.
User_CPU=0.01, System_CPU=0.00, Wall_clock=0.

============================== end of statistics =====================

============================== end of search =========================

THEOREM PROVED

THEOREM PROVED

Exiting with 1 proof.

------ process 11482 exit (max_proofs) ------

Process 11482 exit (max_proofs) Sat Sep 19 03:39:33 2020

========================== MACLEOD SUMMARY ===========================
reasoner: /home/aidin12/macleod/Reasoning/prover9_bin/prover9
status: PROOF
execution finished: Sat Sep 19 03:39:35 2020
total CPU time used: 0
The command was "/home/aidin12/macleod/Reasoning/prover9_bin/prover9 -t100 -f /home/aidin12/macleod/ontologies/after2/Theorems/conversions/TPP_assy.all.p9"
============================ end of footer ===========================
