============================== Mace4 =================================
Mace4 (64) version 2009-11A, November 2009.
Process 11687 was started by aidin12 on aidin12-HP-Pavilion-dv7-Notebook-PC,
Sat Sep 19 03:48:01 2020
The command was "/home/aidin12/macleod/Reasoning/prover9_bin/mace4 -v0 -t300 -s60 -n2 -N40 -f /home/aidin12/macleod/ontologies/after2/Theorems/conversions/TPPI_assy.all.p9".
============================== end of head ===========================

============================== INPUT =================================

% Reading from file /home/aidin12/macleod/ontologies/after2/Theorems/conversions/TPPI_assy.all.p9


formulas(assumptions).
-(all x all y (-TPPI(x,y) | -TPPI(y,x))).
(all x all y ((-TPPI(x,y) | TPP(y,x)) & (-TPP(y,x) | TPPI(x,y)))).
(all x all y ((-TPP(x,y) | PP(x,y) & (exists z (P(z,x) & B(z,y)))) & (-(PP(x,y) & (exists z (P(z,x) & B(z,y)))) | TPP(x,y)))).
(all x (x = null | P(x,x))).
(all x all y (-(P(x,y) & P(y,x)) | x = y)).
(all x all y all z (-(P(x,y) & P(y,z)) | P(x,z))).
(all x ((x != null | (all y (-P(y,x) & -P(x,y)))) & (-(all y (-P(y,x) & -P(x,y))) | x = null))).
(all x all y (-B(x,y) | PP(x,y))).
(all x all y all z (-(B(x,y) & B(y,z)) | B(x,z))).
(all x all y all z (-(P(x,y) & B(y,z)) | B(x,z))).
(all x all y all z (-(B(x,y) & P(y,z)) | P(x,z))).
(all x all y ((-PP(x,y) | P(x,y) & -P(y,x)) & (-(P(x,y) & -P(y,x)) | PP(x,y)))).
end_of_list.

% From the command line: clear(verbose).

% From the command line: assign(max_seconds, 300).

% From the command line: assign(max_seconds_per, 60).
    % assign(domain_size, 2) -> assign(start_size, 2).
    % assign(domain_size, 2) -> assign(end_size, 2).

% From the command line: assign(domain_size, 2).

% From the command line: assign(end_size, 40).

============================== end of input ==========================

============================== PROCESS NON-CLAUSAL FORMULAS ==========

% Formulas that are not ordinary clauses:
1 -(all x all y (-TPPI(x,y) | -TPPI(y,x))) # label(non_clause).  [assumption].
2 (all x all y ((-TPPI(x,y) | TPP(y,x)) & (-TPP(y,x) | TPPI(x,y)))) # label(non_clause).  [assumption].
3 (all x all y ((-TPP(x,y) | PP(x,y) & (exists z (P(z,x) & B(z,y)))) & (-(PP(x,y) & (exists z (P(z,x) & B(z,y)))) | TPP(x,y)))) # label(non_clause).  [assumption].
4 (all x (x = null | P(x,x))) # label(non_clause).  [assumption].
5 (all x all y (-(P(x,y) & P(y,x)) | x = y)) # label(non_clause).  [assumption].
6 (all x all y all z (-(P(x,y) & P(y,z)) | P(x,z))) # label(non_clause).  [assumption].
7 (all x ((x != null | (all y (-P(y,x) & -P(x,y)))) & (-(all y (-P(y,x) & -P(x,y))) | x = null))) # label(non_clause).  [assumption].
8 (all x all y (-B(x,y) | PP(x,y))) # label(non_clause).  [assumption].
9 (all x all y all z (-(B(x,y) & B(y,z)) | B(x,z))) # label(non_clause).  [assumption].
10 (all x all y all z (-(P(x,y) & B(y,z)) | B(x,z))) # label(non_clause).  [assumption].
11 (all x all y all z (-(B(x,y) & P(y,z)) | P(x,z))) # label(non_clause).  [assumption].
12 (all x all y ((-PP(x,y) | P(x,y) & -P(y,x)) & (-(P(x,y) & -P(y,x)) | PP(x,y)))) # label(non_clause).  [assumption].

============================== end of process non-clausal formulas ===

============================== CLAUSES FOR SEARCH ====================

formulas(mace4_clauses).
TPPI(c1,c2).
TPPI(c2,c1).
-TPPI(x,y) | TPP(y,x).
-TPP(x,y) | TPPI(y,x).
-TPP(x,y) | PP(x,y).
-TPP(x,y) | P(f1(x,y),x).
-TPP(x,y) | B(f1(x,y),y).
-PP(x,y) | -P(z,x) | -B(z,y) | TPP(x,y).
null = x | P(x,x).
-P(x,y) | -P(y,x) | y = x.
-P(x,y) | -P(y,z) | P(x,z).
null != x | -P(y,x).
null != x | -P(x,y).
P(f2(x),x) | P(x,f2(x)) | null = x.
-B(x,y) | PP(x,y).
-B(x,y) | -B(y,z) | B(x,z).
-P(x,y) | -B(y,z) | B(x,z).
-B(x,y) | -P(y,z) | P(x,z).
-PP(x,y) | P(x,y).
-PP(x,y) | -P(y,x).
-P(x,y) | P(y,x) | PP(x,y).
end_of_list.

============================== end of clauses for search =============

% There are no natural numbers in the input.

============================== DOMAIN SIZE 2 =========================

=== Mace4 starting on domain size 2. ===

============================== STATISTICS ============================

For domain size 2.

Current CPU time: 0.00 seconds (total CPU time: 0.01 seconds).
Ground clauses: seen=94, kept=92.
Selections=2, assignments=3, propagations=22, current_models=0.
Rewrite_terms=16, rewrite_bools=133, indexes=0.
Rules_from_neg_clauses=2, cross_offs=2.

============================== end of statistics =====================

============================== DOMAIN SIZE 3 =========================

=== Mace4 starting on domain size 3. ===

============================== STATISTICS ============================

For domain size 3.

Current CPU time: 0.00 seconds (total CPU time: 0.01 seconds).
Ground clauses: seen=251, kept=248.
Selections=2, assignments=3, propagations=46, current_models=0.
Rewrite_terms=30, rewrite_bools=348, indexes=2.
Rules_from_neg_clauses=2, cross_offs=4.

============================== end of statistics =====================

============================== DOMAIN SIZE 4 =========================

=== Mace4 starting on domain size 4. ===

============================== STATISTICS ============================

For domain size 4.

Current CPU time: 0.00 seconds (total CPU time: 0.01 seconds).
Ground clauses: seen=522, kept=518.
Selections=3, assignments=6, propagations=60, current_models=0.
Rewrite_terms=48, rewrite_bools=615, indexes=2.
Rules_from_neg_clauses=1, cross_offs=5.

============================== end of statistics =====================

============================== DOMAIN SIZE 5 =========================

=== Mace4 starting on domain size 5. ===

============================== STATISTICS ============================

For domain size 5.

Current CPU time: 0.00 seconds (total CPU time: 0.01 seconds).
Ground clauses: seen=937, kept=932.
Selections=3, assignments=6, propagations=75, current_models=0.
Rewrite_terms=68, rewrite_bools=952, indexes=2.
Rules_from_neg_clauses=1, cross_offs=6.

============================== end of statistics =====================

============================== DOMAIN SIZE 6 =========================

=== Mace4 starting on domain size 6. ===

============================== STATISTICS ============================

For domain size 6.

Current CPU time: 0.00 seconds (total CPU time: 0.02 seconds).
Ground clauses: seen=1526, kept=1520.
Selections=3, assignments=6, propagations=90, current_models=0.
Rewrite_terms=92, rewrite_bools=1361, indexes=2.
Rules_from_neg_clauses=1, cross_offs=7.

============================== end of statistics =====================

============================== DOMAIN SIZE 7 =========================

=== Mace4 starting on domain size 7. ===

============================== STATISTICS ============================

For domain size 7.

Current CPU time: 0.00 seconds (total CPU time: 0.02 seconds).
Ground clauses: seen=2319, kept=2312.
Selections=3, assignments=6, propagations=105, current_models=0.
Rewrite_terms=120, rewrite_bools=1842, indexes=2.
Rules_from_neg_clauses=1, cross_offs=8.

============================== end of statistics =====================

============================== DOMAIN SIZE 8 =========================

=== Mace4 starting on domain size 8. ===

============================== STATISTICS ============================

For domain size 8.

Current CPU time: 0.00 seconds (total CPU time: 0.03 seconds).
Ground clauses: seen=3346, kept=3338.
Selections=3, assignments=6, propagations=120, current_models=0.
Rewrite_terms=152, rewrite_bools=2395, indexes=2.
Rules_from_neg_clauses=1, cross_offs=9.

============================== end of statistics =====================

============================== DOMAIN SIZE 9 =========================

=== Mace4 starting on domain size 9. ===

============================== STATISTICS ============================

For domain size 9.

Current CPU time: 0.00 seconds (total CPU time: 0.03 seconds).
Ground clauses: seen=4637, kept=4628.
Selections=3, assignments=6, propagations=135, current_models=0.
Rewrite_terms=188, rewrite_bools=3020, indexes=2.
Rules_from_neg_clauses=1, cross_offs=10.

============================== end of statistics =====================

============================== DOMAIN SIZE 10 ========================

=== Mace4 starting on domain size 10. ===

============================== STATISTICS ============================

For domain size 10.

Current CPU time: 0.00 seconds (total CPU time: 0.04 seconds).
Ground clauses: seen=6222, kept=6212.
Selections=3, assignments=6, propagations=150, current_models=0.
Rewrite_terms=228, rewrite_bools=3717, indexes=2.
Rules_from_neg_clauses=1, cross_offs=11.

============================== end of statistics =====================

============================== DOMAIN SIZE 11 ========================

=== Mace4 starting on domain size 11. ===

============================== STATISTICS ============================

For domain size 11.

Current CPU time: 0.00 seconds (total CPU time: 0.05 seconds).
Ground clauses: seen=8131, kept=8120.
Selections=3, assignments=6, propagations=165, current_models=0.
Rewrite_terms=272, rewrite_bools=4486, indexes=2.
Rules_from_neg_clauses=1, cross_offs=12.

============================== end of statistics =====================

============================== DOMAIN SIZE 12 ========================

=== Mace4 starting on domain size 12. ===

============================== STATISTICS ============================

For domain size 12.

Current CPU time: 0.00 seconds (total CPU time: 0.07 seconds).
Ground clauses: seen=10394, kept=10382.
Selections=3, assignments=6, propagations=180, current_models=0.
Rewrite_terms=320, rewrite_bools=5327, indexes=2.
Rules_from_neg_clauses=1, cross_offs=13.

============================== end of statistics =====================

============================== DOMAIN SIZE 13 ========================

=== Mace4 starting on domain size 13. ===

============================== STATISTICS ============================

For domain size 13.

Current CPU time: 0.00 seconds (total CPU time: 0.09 seconds).
Ground clauses: seen=13041, kept=13028.
Selections=3, assignments=6, propagations=195, current_models=0.
Rewrite_terms=372, rewrite_bools=6240, indexes=2.
Rules_from_neg_clauses=1, cross_offs=14.

============================== end of statistics =====================

============================== DOMAIN SIZE 14 ========================

=== Mace4 starting on domain size 14. ===

============================== STATISTICS ============================

For domain size 14.

Current CPU time: 0.00 seconds (total CPU time: 0.12 seconds).
Ground clauses: seen=16102, kept=16088.
Selections=3, assignments=6, propagations=210, current_models=0.
Rewrite_terms=428, rewrite_bools=7225, indexes=2.
Rules_from_neg_clauses=1, cross_offs=15.

============================== end of statistics =====================

============================== DOMAIN SIZE 15 ========================

=== Mace4 starting on domain size 15. ===

============================== STATISTICS ============================

For domain size 15.

Current CPU time: 0.00 seconds (total CPU time: 0.14 seconds).
Ground clauses: seen=19607, kept=19592.
Selections=3, assignments=6, propagations=225, current_models=0.
Rewrite_terms=488, rewrite_bools=8282, indexes=2.
Rules_from_neg_clauses=1, cross_offs=16.

============================== end of statistics =====================

============================== DOMAIN SIZE 16 ========================

=== Mace4 starting on domain size 16. ===

============================== STATISTICS ============================

For domain size 16.

Current CPU time: 0.00 seconds (total CPU time: 0.17 seconds).
Ground clauses: seen=23586, kept=23570.
Selections=3, assignments=6, propagations=240, current_models=0.
Rewrite_terms=552, rewrite_bools=9411, indexes=2.
Rules_from_neg_clauses=1, cross_offs=17.

============================== end of statistics =====================

============================== DOMAIN SIZE 17 ========================

=== Mace4 starting on domain size 17. ===

============================== STATISTICS ============================

For domain size 17.

Current CPU time: 0.00 seconds (total CPU time: 0.21 seconds).
Ground clauses: seen=28069, kept=28052.
Selections=3, assignments=6, propagations=255, current_models=0.
Rewrite_terms=620, rewrite_bools=10612, indexes=2.
Rules_from_neg_clauses=1, cross_offs=18.

============================== end of statistics =====================

============================== DOMAIN SIZE 18 ========================

=== Mace4 starting on domain size 18. ===

============================== STATISTICS ============================

For domain size 18.

Current CPU time: 0.00 seconds (total CPU time: 0.25 seconds).
Ground clauses: seen=33086, kept=33068.
Selections=3, assignments=6, propagations=270, current_models=0.
Rewrite_terms=692, rewrite_bools=11885, indexes=2.
Rules_from_neg_clauses=1, cross_offs=19.

============================== end of statistics =====================

============================== DOMAIN SIZE 19 ========================

=== Mace4 starting on domain size 19. ===

============================== STATISTICS ============================

For domain size 19.

Current CPU time: 0.00 seconds (total CPU time: 0.30 seconds).
Ground clauses: seen=38667, kept=38648.
Selections=3, assignments=6, propagations=285, current_models=0.
Rewrite_terms=768, rewrite_bools=13230, indexes=2.
Rules_from_neg_clauses=1, cross_offs=20.

============================== end of statistics =====================

============================== DOMAIN SIZE 20 ========================

=== Mace4 starting on domain size 20. ===

============================== STATISTICS ============================

For domain size 20.

Current CPU time: 0.00 seconds (total CPU time: 0.36 seconds).
Ground clauses: seen=44842, kept=44822.
Selections=3, assignments=6, propagations=300, current_models=0.
Rewrite_terms=848, rewrite_bools=14647, indexes=2.
Rules_from_neg_clauses=1, cross_offs=21.

============================== end of statistics =====================

============================== DOMAIN SIZE 21 ========================

=== Mace4 starting on domain size 21. ===

============================== STATISTICS ============================

For domain size 21.

Current CPU time: 0.00 seconds (total CPU time: 0.43 seconds).
Ground clauses: seen=51641, kept=51620.
Selections=3, assignments=6, propagations=315, current_models=0.
Rewrite_terms=932, rewrite_bools=16136, indexes=2.
Rules_from_neg_clauses=1, cross_offs=22.

============================== end of statistics =====================

============================== DOMAIN SIZE 22 ========================

=== Mace4 starting on domain size 22. ===

============================== STATISTICS ============================

For domain size 22.

Current CPU time: 0.00 seconds (total CPU time: 0.51 seconds).
Ground clauses: seen=59094, kept=59072.
Selections=3, assignments=6, propagations=330, current_models=0.
Rewrite_terms=1020, rewrite_bools=17697, indexes=2.
Rules_from_neg_clauses=1, cross_offs=23.

============================== end of statistics =====================

============================== DOMAIN SIZE 23 ========================

=== Mace4 starting on domain size 23. ===

============================== STATISTICS ============================

For domain size 23.

Current CPU time: 0.00 seconds (total CPU time: 0.59 seconds).
Ground clauses: seen=67231, kept=67208.
Selections=3, assignments=6, propagations=345, current_models=0.
Rewrite_terms=1112, rewrite_bools=19330, indexes=2.
Rules_from_neg_clauses=1, cross_offs=24.

============================== end of statistics =====================

============================== DOMAIN SIZE 24 ========================

=== Mace4 starting on domain size 24. ===

============================== STATISTICS ============================

For domain size 24.

Current CPU time: 0.00 seconds (total CPU time: 0.69 seconds).
Ground clauses: seen=76082, kept=76058.
Selections=3, assignments=6, propagations=360, current_models=0.
Rewrite_terms=1208, rewrite_bools=21035, indexes=2.
Rules_from_neg_clauses=1, cross_offs=25.

============================== end of statistics =====================

============================== DOMAIN SIZE 25 ========================

=== Mace4 starting on domain size 25. ===

============================== STATISTICS ============================

For domain size 25.

Current CPU time: 0.00 seconds (total CPU time: 0.81 seconds).
Ground clauses: seen=85677, kept=85652.
Selections=3, assignments=6, propagations=375, current_models=0.
Rewrite_terms=1308, rewrite_bools=22812, indexes=2.
Rules_from_neg_clauses=1, cross_offs=26.

============================== end of statistics =====================

============================== DOMAIN SIZE 26 ========================

=== Mace4 starting on domain size 26. ===

============================== STATISTICS ============================

For domain size 26.

Current CPU time: 0.00 seconds (total CPU time: 0.96 seconds).
Ground clauses: seen=96046, kept=96020.
Selections=3, assignments=6, propagations=390, current_models=0.
Rewrite_terms=1412, rewrite_bools=24661, indexes=2.
Rules_from_neg_clauses=1, cross_offs=27.

============================== end of statistics =====================

============================== DOMAIN SIZE 27 ========================

=== Mace4 starting on domain size 27. ===

============================== STATISTICS ============================

For domain size 27.

Current CPU time: 0.00 seconds (total CPU time: 1.11 seconds).
Ground clauses: seen=107219, kept=107192.
Selections=3, assignments=6, propagations=405, current_models=0.
Rewrite_terms=1520, rewrite_bools=26582, indexes=2.
Rules_from_neg_clauses=1, cross_offs=28.

============================== end of statistics =====================

============================== DOMAIN SIZE 28 ========================

=== Mace4 starting on domain size 28. ===

============================== STATISTICS ============================

For domain size 28.

Current CPU time: 0.00 seconds (total CPU time: 1.28 seconds).
Ground clauses: seen=119226, kept=119198.
Selections=3, assignments=6, propagations=420, current_models=0.
Rewrite_terms=1632, rewrite_bools=28575, indexes=2.
Rules_from_neg_clauses=1, cross_offs=29.

============================== end of statistics =====================

============================== DOMAIN SIZE 29 ========================

=== Mace4 starting on domain size 29. ===

============================== STATISTICS ============================

For domain size 29.

Current CPU time: 0.00 seconds (total CPU time: 1.46 seconds).
Ground clauses: seen=132097, kept=132068.
Selections=3, assignments=6, propagations=435, current_models=0.
Rewrite_terms=1748, rewrite_bools=30640, indexes=2.
Rules_from_neg_clauses=1, cross_offs=30.

============================== end of statistics =====================

============================== DOMAIN SIZE 30 ========================

=== Mace4 starting on domain size 30. ===

============================== STATISTICS ============================

For domain size 30.

Current CPU time: 0.00 seconds (total CPU time: 1.65 seconds).
Ground clauses: seen=145862, kept=145832.
Selections=3, assignments=6, propagations=450, current_models=0.
Rewrite_terms=1868, rewrite_bools=32777, indexes=2.
Rules_from_neg_clauses=1, cross_offs=31.

============================== end of statistics =====================

============================== DOMAIN SIZE 31 ========================

=== Mace4 starting on domain size 31. ===

============================== STATISTICS ============================

For domain size 31.

Current CPU time: 0.00 seconds (total CPU time: 1.87 seconds).
Ground clauses: seen=160551, kept=160520.
Selections=3, assignments=6, propagations=465, current_models=0.
Rewrite_terms=1992, rewrite_bools=34986, indexes=2.
Rules_from_neg_clauses=1, cross_offs=32.

============================== end of statistics =====================

============================== DOMAIN SIZE 32 ========================

=== Mace4 starting on domain size 32. ===

========================== MACLEOD SUMMARY ===========================
reasoner: /home/aidin12/macleod/Reasoning/prover9_bin/mace4
status: 
execution finished: Sat Sep 19 03:48:04 2020
total CPU time used: 0
The command was "/home/aidin12/macleod/Reasoning/prover9_bin/mace4 -v0 -t300 -s60 -n2 -N40 -f /home/aidin12/macleod/ontologies/after2/Theorems/conversions/TPPI_assy.all.p9"
============================ end of footer ===========================
