============================== Prover9 ===============================
Prover9 (64) version 2009-11A, November 2009.
Process 8652 was started by aidin12 on aidin12-HP-Pavilion-dv7-Notebook-PC,
Mon Feb  3 12:01:59 2020
The command was "/home/aidin12/macleod/Reasoning/prover9_bin/prover9 -t100 -f /home/aidin12/macleod/ontologies/after/JEPD/PD/conversions/PD109.all.p9".
============================== end of head ===========================

============================== INPUT =================================

% Reading from file /home/aidin12/macleod/ontologies/after/JEPD/PD/conversions/PD109.all.p9


formulas(assumptions).
-(all x all y (-(x != null & y != null & (exists z B(z,x)) & (exists t B(t,y)) & TPPI(x,y)) | -TPP(x,y))).
(all x (x = null | P(x,x))).
(all x all y (-(P(x,y) & P(y,x)) | x = y)).
(all x all y all z (-(P(x,y) & P(y,z)) | P(x,z))).
(all x ((x != null | (all y (-P(y,x) & -P(x,y)))) & (-(all y (-P(y,x) & -P(x,y))) | x = null))).
(all x all y ((-PI(x,y) | P(y,x)) & (-P(y,x) | PI(x,y)))).
(all x all y (-PP(x,y) | (exists z (P(z,y) & D(z,x))))).
(exists z all x (x = null | P(x,z))).
(all x ((x != cuniversal | (all y (y = null | P(y,x)))) & (-(all y (y = null | P(y,x))) | x = cuniversal))).
-(exists x B(x,cuniversal)).
(all x ((-Point(x) | x != null & (all y (-P(y,x) | EQ(x,y)))) & (-(x != null & (all y (-P(y,x) | EQ(x,y)))) | Point(x)))).
(all x all y ((-PP(x,y) | P(x,y) & -P(y,x)) & (-(P(x,y) & -P(y,x)) | PP(x,y)))).
(all x all y ((-PPI(x,y) | PP(y,x)) & (-PP(y,x) | PPI(x,y)))).
(all x all y ((-EQ(x,y) | P(y,x) & P(x,y)) & (-(P(y,x) & P(x,y)) | EQ(x,y)))).
(all x all y ((-O(x,y) | (exists z (P(z,x) & P(z,y)))) & (-(exists z (P(z,x) & P(z,y))) | O(x,y)))).
(all x all y ((-D(x,y) | -O(x,y)) & (O(x,y) | D(x,y)))).
(all x all y (-B(x,y) | PP(x,y))).
(all x all y all z (-(B(x,y) & B(y,z)) | B(x,z))).
(all x all y all z (-(P(x,y) & B(y,z)) | B(x,z))).
(all x all y all z (-(B(x,y) & P(y,z)) | P(x,z))).
(all x all y ((-IMB(x,y) | O(x,y) & -P(x,y) & -P(y,x)) & (-(O(x,y) & -P(x,y) & -P(y,x)) | IMB(x,y)))).
(all x all y ((-I(x,y) | P(x,y) & (all z (-B(z,y) | D(z,x)))) & (-(P(x,y) & (all z (-B(z,y) | D(z,x)))) | I(x,y)))).
(all x all y ((-II(x,y) | I(y,x)) & (-I(y,x) | II(x,y)))).
(all x all y ((-IP(x,y) | -(exists t B(t,y)) & I(x,y) & -I(y,x)) & (-(-(exists t B(t,y)) & I(x,y) & -I(y,x)) | IP(x,y)))).
(all x all y ((-IPI(x,y) | IP(y,x)) & (-IP(y,x) | IPI(x,y)))).
(all x all y ((-TPP(x,y) | PP(x,y) & (exists z (P(z,x) & B(z,y)))) & (-(PP(x,y) & (exists z (P(z,x) & B(z,y)))) | TPP(x,y)))).
(all x all y ((-TPPI(x,y) | TPP(y,x)) & (-TPP(y,x) | TPPI(x,y)))).
(all x all y ((-OV(x,y) | IMB(x,y) & (exists p (I(p,x) & I(p,y)))) & (-(IMB(x,y) & (exists p (I(p,x) & I(p,y)))) | OV(x,y)))).
(all x all y ((-EC(x,y) | IMB(x,y) & (all z (-(P(z,x) & P(z,y)) | B(z,x) & B(z,y)))) & (-(IMB(x,y) & (all z (-(P(z,x) & P(z,y)) | B(z,x) & B(z,y)))) | EC(x,y)))).
(all x all y ((-IC(x,y) | IMB(x,y) & -EC(x,y) & -(exists p (I(p,x) & I(p,y)))) & (-(IMB(x,y) & -EC(x,y) & -(exists p (I(p,x) & I(p,y)))) | IC(x,y)))).
(all x (x = null | (exists y I(y,x)))).
(all x ((exists z B(z,x)) | -(exists y EC(y,x)))).
(all x (-(exists z B(z,x)) | (all y (-B(y,x) | -I(y,x))))).
(all x (-(exists z B(z,x)) | (all y (-I(y,x) | -B(y,x))))).
(all x all y (-((exists z B(z,x)) & EQ(x,y)) | (exists t B(t,y)))).
(all x all y (-(-(exists z B(z,x)) & EQ(x,y)) | -(exists t B(t,y)))).
(all x all y (-(-(exists z B(z,x)) & (exists t B(t,y))) | -EQ(x,y))).
(all x all y (-(PP(x,y) & -(exists z B(z,y))) | IP(x,y))).
(all x all y all w ((-O(w,sum(x,y)) | O(w,x) | O(w,y)) & (-(O(w,x) | O(w,y)) | O(w,sum(x,y))))).
(all x all y all w ((-P(w,prod(x,y)) | P(w,x) & P(w,y)) & (-(P(w,x) & P(w,y)) | P(w,prod(x,y))))).
(all x all w ((-P(w,compl(x)) | D(w,x) & P(w,compl(x))) & (-(D(w,x) & P(w,compl(x))) | P(w,compl(x))))).
(all x all y all w ((-P(w,diff(x,y)) | P(w,x) & D(w,y)) & (-(P(w,x) & D(w,y)) | P(w,diff(x,y))))).
(all x all z all t (-(compl(x) = z & compl(x) = t) | z = t)).
(all x all y all z all t (-(diff(x,y) = z & diff(x,y) = t) | z = t)).
(all x all y all z all t (-(prod(x,y) = z & prod(x,y) = t) | z = t)).
(all x all y all z all t (-(sum(x,y) = z & sum(x,y) = t) | z = t)).
(all x all y (-(x != null & y != null) | (exists z (z != null & z = sum(x,y))))).
(all x all y sum(x,y) = sum(y,x)).
(all x ((compl(x) != null | x = cuniversal) & (x != cuniversal | compl(x) = null))).
(all x ((compl(x) != cuniversal | x = null) & (x != null | compl(x) = cuniversal))).
(all x all y prod(x,y) = prod(y,x)).
(all x all y (diff(x,y) != null | x = null | P(x,y))).
(all x all y (-D(x,y) | diff(x,y) = x)).
(all x (-P(x,cuniversal) | diff(x,null) = x)).
(all x (-P(x,cuniversal) | sum(null,x) = x)).
(all x (x = null | (exists z (I(z,x) & (all u (-I(u,x) | I(u,z))) & -(exists y B(y,z)))))).
(all x (bdy(x) = null | B(bdy(x),x) & (all z (-B(z,x) | P(z,bdy(x)))))).
(all x ((x != null | -P(x,x)) & (P(x,x) | x = null))).
(all x ((-P(x,x) | x != null) & (x = null | P(x,x)))).
end_of_list.

============================== end of input ==========================

% From the command line: assign(max_seconds, 100).

============================== PROCESS NON-CLAUSAL FORMULAS ==========

% Formulas that are not ordinary clauses:
1 -(all x all y (-(x != null & y != null & (exists z B(z,x)) & (exists t B(t,y)) & TPPI(x,y)) | -TPP(x,y))) # label(non_clause).  [assumption].
2 (all x (x = null | P(x,x))) # label(non_clause).  [assumption].
3 (all x all y (-(P(x,y) & P(y,x)) | x = y)) # label(non_clause).  [assumption].
4 (all x all y all z (-(P(x,y) & P(y,z)) | P(x,z))) # label(non_clause).  [assumption].
5 (all x ((x != null | (all y (-P(y,x) & -P(x,y)))) & (-(all y (-P(y,x) & -P(x,y))) | x = null))) # label(non_clause).  [assumption].
6 (all x all y ((-PI(x,y) | P(y,x)) & (-P(y,x) | PI(x,y)))) # label(non_clause).  [assumption].
7 (all x all y (-PP(x,y) | (exists z (P(z,y) & D(z,x))))) # label(non_clause).  [assumption].
8 (exists z all x (x = null | P(x,z))) # label(non_clause).  [assumption].
9 (all x ((x != cuniversal | (all y (y = null | P(y,x)))) & (-(all y (y = null | P(y,x))) | x = cuniversal))) # label(non_clause).  [assumption].
10 -(exists x B(x,cuniversal)) # label(non_clause).  [assumption].
11 (all x ((-Point(x) | x != null & (all y (-P(y,x) | EQ(x,y)))) & (-(x != null & (all y (-P(y,x) | EQ(x,y)))) | Point(x)))) # label(non_clause).  [assumption].
12 (all x all y ((-PP(x,y) | P(x,y) & -P(y,x)) & (-(P(x,y) & -P(y,x)) | PP(x,y)))) # label(non_clause).  [assumption].
13 (all x all y ((-PPI(x,y) | PP(y,x)) & (-PP(y,x) | PPI(x,y)))) # label(non_clause).  [assumption].
14 (all x all y ((-EQ(x,y) | P(y,x) & P(x,y)) & (-(P(y,x) & P(x,y)) | EQ(x,y)))) # label(non_clause).  [assumption].
15 (all x all y ((-O(x,y) | (exists z (P(z,x) & P(z,y)))) & (-(exists z (P(z,x) & P(z,y))) | O(x,y)))) # label(non_clause).  [assumption].
16 (all x all y ((-D(x,y) | -O(x,y)) & (O(x,y) | D(x,y)))) # label(non_clause).  [assumption].
17 (all x all y (-B(x,y) | PP(x,y))) # label(non_clause).  [assumption].
18 (all x all y all z (-(B(x,y) & B(y,z)) | B(x,z))) # label(non_clause).  [assumption].
19 (all x all y all z (-(P(x,y) & B(y,z)) | B(x,z))) # label(non_clause).  [assumption].
20 (all x all y all z (-(B(x,y) & P(y,z)) | P(x,z))) # label(non_clause).  [assumption].
21 (all x all y ((-IMB(x,y) | O(x,y) & -P(x,y) & -P(y,x)) & (-(O(x,y) & -P(x,y) & -P(y,x)) | IMB(x,y)))) # label(non_clause).  [assumption].
22 (all x all y ((-I(x,y) | P(x,y) & (all z (-B(z,y) | D(z,x)))) & (-(P(x,y) & (all z (-B(z,y) | D(z,x)))) | I(x,y)))) # label(non_clause).  [assumption].
23 (all x all y ((-II(x,y) | I(y,x)) & (-I(y,x) | II(x,y)))) # label(non_clause).  [assumption].
24 (all x all y ((-IP(x,y) | -(exists t B(t,y)) & I(x,y) & -I(y,x)) & (-(-(exists t B(t,y)) & I(x,y) & -I(y,x)) | IP(x,y)))) # label(non_clause).  [assumption].
25 (all x all y ((-IPI(x,y) | IP(y,x)) & (-IP(y,x) | IPI(x,y)))) # label(non_clause).  [assumption].
26 (all x all y ((-TPP(x,y) | PP(x,y) & (exists z (P(z,x) & B(z,y)))) & (-(PP(x,y) & (exists z (P(z,x) & B(z,y)))) | TPP(x,y)))) # label(non_clause).  [assumption].
27 (all x all y ((-TPPI(x,y) | TPP(y,x)) & (-TPP(y,x) | TPPI(x,y)))) # label(non_clause).  [assumption].
28 (all x all y ((-OV(x,y) | IMB(x,y) & (exists p (I(p,x) & I(p,y)))) & (-(IMB(x,y) & (exists p (I(p,x) & I(p,y)))) | OV(x,y)))) # label(non_clause).  [assumption].
29 (all x all y ((-EC(x,y) | IMB(x,y) & (all z (-(P(z,x) & P(z,y)) | B(z,x) & B(z,y)))) & (-(IMB(x,y) & (all z (-(P(z,x) & P(z,y)) | B(z,x) & B(z,y)))) | EC(x,y)))) # label(non_clause).  [assumption].
30 (all x all y ((-IC(x,y) | IMB(x,y) & -EC(x,y) & -(exists p (I(p,x) & I(p,y)))) & (-(IMB(x,y) & -EC(x,y) & -(exists p (I(p,x) & I(p,y)))) | IC(x,y)))) # label(non_clause).  [assumption].
31 (all x (x = null | (exists y I(y,x)))) # label(non_clause).  [assumption].
32 (all x ((exists z B(z,x)) | -(exists y EC(y,x)))) # label(non_clause).  [assumption].
33 (all x (-(exists z B(z,x)) | (all y (-B(y,x) | -I(y,x))))) # label(non_clause).  [assumption].
34 (all x (-(exists z B(z,x)) | (all y (-I(y,x) | -B(y,x))))) # label(non_clause).  [assumption].
35 (all x all y (-((exists z B(z,x)) & EQ(x,y)) | (exists t B(t,y)))) # label(non_clause).  [assumption].
36 (all x all y (-(-(exists z B(z,x)) & EQ(x,y)) | -(exists t B(t,y)))) # label(non_clause).  [assumption].
37 (all x all y (-(-(exists z B(z,x)) & (exists t B(t,y))) | -EQ(x,y))) # label(non_clause).  [assumption].
38 (all x all y (-(PP(x,y) & -(exists z B(z,y))) | IP(x,y))) # label(non_clause).  [assumption].
39 (all x all y all w ((-O(w,sum(x,y)) | O(w,x) | O(w,y)) & (-(O(w,x) | O(w,y)) | O(w,sum(x,y))))) # label(non_clause).  [assumption].
40 (all x all y all w ((-P(w,prod(x,y)) | P(w,x) & P(w,y)) & (-(P(w,x) & P(w,y)) | P(w,prod(x,y))))) # label(non_clause).  [assumption].
41 (all x all w ((-P(w,compl(x)) | D(w,x) & P(w,compl(x))) & (-(D(w,x) & P(w,compl(x))) | P(w,compl(x))))) # label(non_clause).  [assumption].
42 (all x all y all w ((-P(w,diff(x,y)) | P(w,x) & D(w,y)) & (-(P(w,x) & D(w,y)) | P(w,diff(x,y))))) # label(non_clause).  [assumption].
43 (all x all z all t (-(compl(x) = z & compl(x) = t) | z = t)) # label(non_clause).  [assumption].
44 (all x all y all z all t (-(diff(x,y) = z & diff(x,y) = t) | z = t)) # label(non_clause).  [assumption].
45 (all x all y all z all t (-(prod(x,y) = z & prod(x,y) = t) | z = t)) # label(non_clause).  [assumption].
46 (all x all y all z all t (-(sum(x,y) = z & sum(x,y) = t) | z = t)) # label(non_clause).  [assumption].
47 (all x all y (-(x != null & y != null) | (exists z (z != null & z = sum(x,y))))) # label(non_clause).  [assumption].
48 (all x all y sum(x,y) = sum(y,x)) # label(non_clause).  [assumption].
49 (all x ((compl(x) != null | x = cuniversal) & (x != cuniversal | compl(x) = null))) # label(non_clause).  [assumption].
50 (all x ((compl(x) != cuniversal | x = null) & (x != null | compl(x) = cuniversal))) # label(non_clause).  [assumption].
51 (all x all y prod(x,y) = prod(y,x)) # label(non_clause).  [assumption].
52 (all x all y (diff(x,y) != null | x = null | P(x,y))) # label(non_clause).  [assumption].
53 (all x all y (-D(x,y) | diff(x,y) = x)) # label(non_clause).  [assumption].
54 (all x (-P(x,cuniversal) | diff(x,null) = x)) # label(non_clause).  [assumption].
55 (all x (-P(x,cuniversal) | sum(null,x) = x)) # label(non_clause).  [assumption].
56 (all x (x = null | (exists z (I(z,x) & (all u (-I(u,x) | I(u,z))) & -(exists y B(y,z)))))) # label(non_clause).  [assumption].
57 (all x (bdy(x) = null | B(bdy(x),x) & (all z (-B(z,x) | P(z,bdy(x)))))) # label(non_clause).  [assumption].
58 (all x ((x != null | -P(x,x)) & (P(x,x) | x = null))) # label(non_clause).  [assumption].
59 (all x ((-P(x,x) | x != null) & (x = null | P(x,x)))) # label(non_clause).  [assumption].

============================== end of process non-clausal formulas ===

============================== PROCESS INITIAL CLAUSES ===============

% Clauses before input processing:

formulas(usable).
end_of_list.

formulas(sos).
null != c1.  [clausify(1)].
null != c2.  [clausify(1)].
B(c3,c1).  [clausify(1)].
B(c4,c2).  [clausify(1)].
TPPI(c1,c2).  [clausify(1)].
TPP(c1,c2).  [clausify(1)].
null = x | P(x,x).  [clausify(2)].
-P(x,y) | -P(y,x) | y = x.  [clausify(3)].
-P(x,y) | -P(y,z) | P(x,z).  [clausify(4)].
null != x | -P(y,x).  [clausify(5)].
null != x | -P(x,y).  [clausify(5)].
P(f1(x),x) | P(x,f1(x)) | null = x.  [clausify(5)].
-PI(x,y) | P(y,x).  [clausify(6)].
-P(x,y) | PI(y,x).  [clausify(6)].
-PP(x,y) | P(f2(x,y),y).  [clausify(7)].
-PP(x,y) | D(f2(x,y),x).  [clausify(7)].
null = x | P(x,c5).  [clausify(8)].
cuniversal != x | null = y | P(y,x).  [clausify(9)].
null != f3(x) | cuniversal = x.  [clausify(9)].
-P(f3(x),x) | cuniversal = x.  [clausify(9)].
-B(x,cuniversal).  [clausify(10)].
-Point(x) | null != x.  [clausify(11)].
-Point(x) | -P(y,x) | EQ(x,y).  [clausify(11)].
null = x | P(f4(x),x) | Point(x).  [clausify(11)].
null = x | -EQ(x,f4(x)) | Point(x).  [clausify(11)].
-PP(x,y) | P(x,y).  [clausify(12)].
-PP(x,y) | -P(y,x).  [clausify(12)].
-P(x,y) | P(y,x) | PP(x,y).  [clausify(12)].
-PPI(x,y) | PP(y,x).  [clausify(13)].
-PP(x,y) | PPI(y,x).  [clausify(13)].
-EQ(x,y) | P(y,x).  [clausify(14)].
-EQ(x,y) | P(x,y).  [clausify(14)].
-P(x,y) | -P(y,x) | EQ(y,x).  [clausify(14)].
-O(x,y) | P(f5(x,y),x).  [clausify(15)].
-O(x,y) | P(f5(x,y),y).  [clausify(15)].
-P(x,y) | -P(x,z) | O(y,z).  [clausify(15)].
-D(x,y) | -O(x,y).  [clausify(16)].
O(x,y) | D(x,y).  [clausify(16)].
-B(x,y) | PP(x,y).  [clausify(17)].
-B(x,y) | -B(y,z) | B(x,z).  [clausify(18)].
-P(x,y) | -B(y,z) | B(x,z).  [clausify(19)].
-B(x,y) | -P(y,z) | P(x,z).  [clausify(20)].
-IMB(x,y) | O(x,y).  [clausify(21)].
-IMB(x,y) | -P(x,y).  [clausify(21)].
-IMB(x,y) | -P(y,x).  [clausify(21)].
-O(x,y) | P(x,y) | P(y,x) | IMB(x,y).  [clausify(21)].
-I(x,y) | P(x,y).  [clausify(22)].
-I(x,y) | -B(z,y) | D(z,x).  [clausify(22)].
-P(x,y) | B(f6(x,y),y) | I(x,y).  [clausify(22)].
-P(x,y) | -D(f6(x,y),x) | I(x,y).  [clausify(22)].
-II(x,y) | I(y,x).  [clausify(23)].
-I(x,y) | II(y,x).  [clausify(23)].
-IP(x,y) | -B(z,y).  [clausify(24)].
-IP(x,y) | I(x,y).  [clausify(24)].
-IP(x,y) | -I(y,x).  [clausify(24)].
B(f7(x,y),y) | -I(x,y) | I(y,x) | IP(x,y).  [clausify(24)].
-IPI(x,y) | IP(y,x).  [clausify(25)].
-IP(x,y) | IPI(y,x).  [clausify(25)].
-TPP(x,y) | PP(x,y).  [clausify(26)].
-TPP(x,y) | P(f8(x,y),x).  [clausify(26)].
-TPP(x,y) | B(f8(x,y),y).  [clausify(26)].
-PP(x,y) | -P(z,x) | -B(z,y) | TPP(x,y).  [clausify(26)].
-TPPI(x,y) | TPP(y,x).  [clausify(27)].
-TPP(x,y) | TPPI(y,x).  [clausify(27)].
-OV(x,y) | IMB(x,y).  [clausify(28)].
-OV(x,y) | I(f9(x,y),x).  [clausify(28)].
-OV(x,y) | I(f9(x,y),y).  [clausify(28)].
-IMB(x,y) | -I(z,x) | -I(z,y) | OV(x,y).  [clausify(28)].
-EC(x,y) | IMB(x,y).  [clausify(29)].
-EC(x,y) | -P(z,x) | -P(z,y) | B(z,x).  [clausify(29)].
-EC(x,y) | -P(z,x) | -P(z,y) | B(z,y).  [clausify(29)].
-IMB(x,y) | P(f10(x,y),x) | EC(x,y).  [clausify(29)].
-IMB(x,y) | P(f10(x,y),y) | EC(x,y).  [clausify(29)].
-IMB(x,y) | -B(f10(x,y),x) | -B(f10(x,y),y) | EC(x,y).  [clausify(29)].
-IC(x,y) | IMB(x,y).  [clausify(30)].
-IC(x,y) | -EC(x,y).  [clausify(30)].
-IC(x,y) | -I(z,x) | -I(z,y).  [clausify(30)].
-IMB(x,y) | EC(x,y) | I(f11(x,y),x) | IC(x,y).  [clausify(30)].
-IMB(x,y) | EC(x,y) | I(f11(x,y),y) | IC(x,y).  [clausify(30)].
null = x | I(f12(x),x).  [clausify(31)].
B(f13(x),x) | -EC(y,x).  [clausify(32)].
-B(x,y) | -B(z,y) | -I(z,y).  [clausify(33)].
-B(x,y) | -I(z,y) | -B(z,y).  [clausify(34)].
-B(x,y) | -EQ(y,z) | B(f14(y,z),z).  [clausify(35)].
B(f15(x,y),x) | -EQ(x,y) | -B(z,y).  [clausify(36)].
B(f16(x,y),x) | -B(z,y) | -EQ(x,y).  [clausify(37)].
-PP(x,y) | B(f17(x,y),y) | IP(x,y).  [clausify(38)].
-O(x,sum(y,z)) | O(x,y) | O(x,z).  [clausify(39)].
-O(x,y) | O(x,sum(y,z)).  [clausify(39)].
-O(x,y) | O(x,sum(z,y)).  [clausify(39)].
-P(x,prod(y,z)) | P(x,y).  [clausify(40)].
-P(x,prod(y,z)) | P(x,z).  [clausify(40)].
-P(x,y) | -P(x,z) | P(x,prod(y,z)).  [clausify(40)].
-P(x,compl(y)) | D(x,y).  [clausify(41)].
-P(x,diff(y,z)) | P(x,y).  [clausify(42)].
-P(x,diff(y,z)) | D(x,z).  [clausify(42)].
-P(x,y) | -D(x,z) | P(x,diff(y,z)).  [clausify(42)].
compl(x) != y | compl(x) != z | z = y.  [clausify(43)].
diff(x,y) != z | diff(x,y) != u | u = z.  [clausify(44)].
prod(x,y) != z | prod(x,y) != u | u = z.  [clausify(45)].
sum(x,y) != z | sum(x,y) != u | u = z.  [clausify(46)].
null = x | null = y | f18(x,y) != null.  [clausify(47)].
null = x | null = y | sum(x,y) = f18(x,y).  [clausify(47)].
sum(x,y) = sum(y,x).  [clausify(48)].
compl(x) != null | cuniversal = x.  [clausify(49)].
cuniversal != x | compl(x) = null.  [clausify(49)].
compl(x) != cuniversal | null = x.  [clausify(50)].
null != x | compl(x) = cuniversal.  [clausify(50)].
prod(x,y) = prod(y,x).  [clausify(51)].
diff(x,y) != null | null = x | P(x,y).  [clausify(52)].
-D(x,y) | diff(x,y) = x.  [clausify(53)].
-P(x,cuniversal) | diff(x,null) = x.  [clausify(54)].
-P(x,cuniversal) | sum(null,x) = x.  [clausify(55)].
null = x | I(f19(x),x).  [clausify(56)].
null = x | -I(y,x) | I(y,f19(x)).  [clausify(56)].
null = x | -B(y,f19(x)).  [clausify(56)].
bdy(x) = null | B(bdy(x),x).  [clausify(57)].
bdy(x) = null | -B(y,x) | P(y,bdy(x)).  [clausify(57)].
null != x | -P(x,x).  [clausify(58)].
P(x,x) | null = x.  [clausify(58)].
-P(x,x) | null != x.  [clausify(59)].
null = x | P(x,x).  [clausify(59)].
end_of_list.

formulas(demodulators).
end_of_list.

============================== PREDICATE ELIMINATION =================

Eliminating TPPI/2
60 -TPPI(x,y) | TPP(y,x).  [clausify(27)].
61 TPPI(c1,c2).  [clausify(1)].
Derived: TPP(c2,c1).  [resolve(60,a,61,a)].
62 -TPP(x,y) | TPPI(y,x).  [clausify(27)].

Eliminating TPP/2
63 -TPP(x,y) | PP(x,y).  [clausify(26)].
64 TPP(c1,c2).  [clausify(1)].
Derived: PP(c1,c2).  [resolve(63,a,64,a)].
65 -TPP(x,y) | P(f8(x,y),x).  [clausify(26)].
Derived: P(f8(c1,c2),c1).  [resolve(65,a,64,a)].
66 -TPP(x,y) | B(f8(x,y),y).  [clausify(26)].
Derived: B(f8(c1,c2),c2).  [resolve(66,a,64,a)].
67 -PP(x,y) | -P(z,x) | -B(z,y) | TPP(x,y).  [clausify(26)].
Derived: -PP(x,y) | -P(z,x) | -B(z,y) | P(f8(x,y),x).  [resolve(67,d,65,a)].
Derived: -PP(x,y) | -P(z,x) | -B(z,y) | B(f8(x,y),y).  [resolve(67,d,66,a)].
68 TPP(c2,c1).  [resolve(60,a,61,a)].
Derived: PP(c2,c1).  [resolve(68,a,63,a)].
Derived: P(f8(c2,c1),c2).  [resolve(68,a,65,a)].
Derived: B(f8(c2,c1),c1).  [resolve(68,a,66,a)].

Eliminating PI/2
69 -P(x,y) | PI(y,x).  [clausify(6)].
70 -PI(x,y) | P(y,x).  [clausify(6)].

Eliminating PP/2
71 -P(x,y) | P(y,x) | PP(x,y).  [clausify(12)].
72 -PP(x,y) | P(f2(x,y),y).  [clausify(7)].
73 -PP(x,y) | D(f2(x,y),x).  [clausify(7)].
74 -PP(x,y) | P(x,y).  [clausify(12)].
75 -PP(x,y) | -P(y,x).  [clausify(12)].
Derived: -P(x,y) | P(y,x) | P(f2(x,y),y).  [resolve(71,c,72,a)].
Derived: -P(x,y) | P(y,x) | D(f2(x,y),x).  [resolve(71,c,73,a)].
76 -PPI(x,y) | PP(y,x).  [clausify(13)].
Derived: -PPI(x,y) | P(f2(y,x),x).  [resolve(76,b,72,a)].
Derived: -PPI(x,y) | D(f2(y,x),y).  [resolve(76,b,73,a)].
Derived: -PPI(x,y) | P(y,x).  [resolve(76,b,74,a)].
Derived: -PPI(x,y) | -P(x,y).  [resolve(76,b,75,a)].
77 -PP(x,y) | PPI(y,x).  [clausify(13)].
Derived: PPI(x,y) | -P(y,x) | P(x,y).  [resolve(77,a,71,c)].
78 -B(x,y) | PP(x,y).  [clausify(17)].
Derived: -B(x,y) | P(f2(x,y),y).  [resolve(78,b,72,a)].
Derived: -B(x,y) | D(f2(x,y),x).  [resolve(78,b,73,a)].
Derived: -B(x,y) | P(x,y).  [resolve(78,b,74,a)].
Derived: -B(x,y) | -P(y,x).  [resolve(78,b,75,a)].
Derived: -B(x,y) | PPI(y,x).  [resolve(78,b,77,a)].
79 -PP(x,y) | B(f17(x,y),y) | IP(x,y).  [clausify(38)].
Derived: B(f17(x,y),y) | IP(x,y) | -P(x,y) | P(y,x).  [resolve(79,a,71,c)].
Derived: B(f17(x,y),y) | IP(x,y) | -PPI(y,x).  [resolve(79,a,76,b)].
Derived: B(f17(x,y),y) | IP(x,y) | -B(x,y).  [resolve(79,a,78,b)].
80 PP(c1,c2).  [resolve(63,a,64,a)].
Derived: P(f2(c1,c2),c2).  [resolve(80,a,72,a)].
Derived: D(f2(c1,c2),c1).  [resolve(80,a,73,a)].
Derived: P(c1,c2).  [resolve(80,a,74,a)].
Derived: -P(c2,c1).  [resolve(80,a,75,a)].
Derived: PPI(c2,c1).  [resolve(80,a,77,a)].
Derived: B(f17(c1,c2),c2) | IP(c1,c2).  [resolve(80,a,79,a)].
81 -PP(x,y) | -P(z,x) | -B(z,y) | P(f8(x,y),x).  [resolve(67,d,65,a)].
Derived: -P(x,y) | -B(x,z) | P(f8(y,z),y) | -P(y,z) | P(z,y).  [resolve(81,a,71,c)].
Derived: -P(x,y) | -B(x,z) | P(f8(y,z),y) | -PPI(z,y).  [resolve(81,a,76,b)].
Derived: -P(x,y) | -B(x,z) | P(f8(y,z),y) | -B(y,z).  [resolve(81,a,78,b)].
Derived: -P(x,c1) | -B(x,c2) | P(f8(c1,c2),c1).  [resolve(81,a,80,a)].
82 -PP(x,y) | -P(z,x) | -B(z,y) | B(f8(x,y),y).  [resolve(67,d,66,a)].
Derived: -P(x,y) | -B(x,z) | B(f8(y,z),z) | -P(y,z) | P(z,y).  [resolve(82,a,71,c)].
Derived: -P(x,y) | -B(x,z) | B(f8(y,z),z) | -PPI(z,y).  [resolve(82,a,76,b)].
Derived: -P(x,y) | -B(x,z) | B(f8(y,z),z) | -B(y,z).  [resolve(82,a,78,b)].
Derived: -P(x,c1) | -B(x,c2) | B(f8(c1,c2),c2).  [resolve(82,a,80,a)].
83 PP(c2,c1).  [resolve(68,a,63,a)].
Derived: P(f2(c2,c1),c1).  [resolve(83,a,72,a)].
Derived: D(f2(c2,c1),c2).  [resolve(83,a,73,a)].
Derived: P(c2,c1).  [resolve(83,a,74,a)].
Derived: -P(c1,c2).  [resolve(83,a,75,a)].
Derived: PPI(c1,c2).  [resolve(83,a,77,a)].
Derived: B(f17(c2,c1),c1) | IP(c2,c1).  [resolve(83,a,79,a)].

Eliminating Point/1
84 null = x | P(f4(x),x) | Point(x).  [clausify(11)].
85 -Point(x) | null != x.  [clausify(11)].
86 -Point(x) | -P(y,x) | EQ(x,y).  [clausify(11)].
Derived: null = x | P(f4(x),x) | -P(y,x) | EQ(x,y).  [resolve(84,c,86,a)].
87 null = x | -EQ(x,f4(x)) | Point(x).  [clausify(11)].
Derived: null = x | -EQ(x,f4(x)) | -P(y,x) | EQ(x,y).  [resolve(87,c,86,a)].

Eliminating IMB/2
88 -O(x,y) | P(x,y) | P(y,x) | IMB(x,y).  [clausify(21)].
89 -IMB(x,y) | O(x,y).  [clausify(21)].
90 -IMB(x,y) | -P(x,y).  [clausify(21)].
91 -IMB(x,y) | -P(y,x).  [clausify(21)].
92 -OV(x,y) | IMB(x,y).  [clausify(28)].
Derived: -OV(x,y) | O(x,y).  [resolve(92,b,89,a)].
Derived: -OV(x,y) | -P(x,y).  [resolve(92,b,90,a)].
Derived: -OV(x,y) | -P(y,x).  [resolve(92,b,91,a)].
93 -IMB(x,y) | -I(z,x) | -I(z,y) | OV(x,y).  [clausify(28)].
Derived: -I(x,y) | -I(x,z) | OV(y,z) | -O(y,z) | P(y,z) | P(z,y).  [resolve(93,a,88,d)].
94 -EC(x,y) | IMB(x,y).  [clausify(29)].
Derived: -EC(x,y) | O(x,y).  [resolve(94,b,89,a)].
Derived: -EC(x,y) | -P(x,y).  [resolve(94,b,90,a)].
Derived: -EC(x,y) | -P(y,x).  [resolve(94,b,91,a)].
Derived: -EC(x,y) | -I(z,x) | -I(z,y) | OV(x,y).  [resolve(94,b,93,a)].
95 -IMB(x,y) | P(f10(x,y),x) | EC(x,y).  [clausify(29)].
Derived: P(f10(x,y),x) | EC(x,y) | -O(x,y) | P(x,y) | P(y,x).  [resolve(95,a,88,d)].
Derived: P(f10(x,y),x) | EC(x,y) | -OV(x,y).  [resolve(95,a,92,b)].
96 -IMB(x,y) | P(f10(x,y),y) | EC(x,y).  [clausify(29)].
Derived: P(f10(x,y),y) | EC(x,y) | -O(x,y) | P(x,y) | P(y,x).  [resolve(96,a,88,d)].
Derived: P(f10(x,y),y) | EC(x,y) | -OV(x,y).  [resolve(96,a,92,b)].
97 -IMB(x,y) | -B(f10(x,y),x) | -B(f10(x,y),y) | EC(x,y).  [clausify(29)].
Derived: -B(f10(x,y),x) | -B(f10(x,y),y) | EC(x,y) | -O(x,y) | P(x,y) | P(y,x).  [resolve(97,a,88,d)].
Derived: -B(f10(x,y),x) | -B(f10(x,y),y) | EC(x,y) | -OV(x,y).  [resolve(97,a,92,b)].
98 -IC(x,y) | IMB(x,y).  [clausify(30)].
Derived: -IC(x,y) | O(x,y).  [resolve(98,b,89,a)].
Derived: -IC(x,y) | -P(x,y).  [resolve(98,b,90,a)].
Derived: -IC(x,y) | -P(y,x).  [resolve(98,b,91,a)].
Derived: -IC(x,y) | P(f10(x,y),x) | EC(x,y).  [resolve(98,b,95,a)].
Derived: -IC(x,y) | P(f10(x,y),y) | EC(x,y).  [resolve(98,b,96,a)].
Derived: -IC(x,y) | -B(f10(x,y),x) | -B(f10(x,y),y) | EC(x,y).  [resolve(98,b,97,a)].
99 -IMB(x,y) | EC(x,y) | I(f11(x,y),x) | IC(x,y).  [clausify(30)].
Derived: EC(x,y) | I(f11(x,y),x) | IC(x,y) | -O(x,y) | P(x,y) | P(y,x).  [resolve(99,a,88,d)].
Derived: EC(x,y) | I(f11(x,y),x) | IC(x,y) | -OV(x,y).  [resolve(99,a,92,b)].
100 -IMB(x,y) | EC(x,y) | I(f11(x,y),y) | IC(x,y).  [clausify(30)].
Derived: EC(x,y) | I(f11(x,y),y) | IC(x,y) | -O(x,y) | P(x,y) | P(y,x).  [resolve(100,a,88,d)].
Derived: EC(x,y) | I(f11(x,y),y) | IC(x,y) | -OV(x,y).  [resolve(100,a,92,b)].

Eliminating II/2
101 -I(x,y) | II(y,x).  [clausify(23)].
102 -II(x,y) | I(y,x).  [clausify(23)].

Eliminating IP/2
103 B(f7(x,y),y) | -I(x,y) | I(y,x) | IP(x,y).  [clausify(24)].
104 -IP(x,y) | -B(z,y).  [clausify(24)].
105 -IP(x,y) | I(x,y).  [clausify(24)].
106 -IP(x,y) | -I(y,x).  [clausify(24)].
Derived: B(f7(x,y),y) | -I(x,y) | I(y,x) | -B(z,y).  [resolve(103,d,104,a)].
107 -IPI(x,y) | IP(y,x).  [clausify(25)].
Derived: -IPI(x,y) | -B(z,x).  [resolve(107,b,104,a)].
Derived: -IPI(x,y) | I(y,x).  [resolve(107,b,105,a)].
Derived: -IPI(x,y) | -I(x,y).  [resolve(107,b,106,a)].
108 -IP(x,y) | IPI(y,x).  [clausify(25)].
Derived: IPI(x,y) | B(f7(y,x),x) | -I(y,x) | I(x,y).  [resolve(108,a,103,d)].
109 B(f17(x,y),y) | IP(x,y) | -P(x,y) | P(y,x).  [resolve(79,a,71,c)].
Derived: B(f17(x,y),y) | -P(x,y) | P(y,x) | -B(z,y).  [resolve(109,b,104,a)].
Derived: B(f17(x,y),y) | -P(x,y) | P(y,x) | I(x,y).  [resolve(109,b,105,a)].
Derived: B(f17(x,y),y) | -P(x,y) | P(y,x) | -I(y,x).  [resolve(109,b,106,a)].
Derived: B(f17(x,y),y) | -P(x,y) | P(y,x) | IPI(y,x).  [resolve(109,b,108,a)].
110 B(f17(x,y),y) | IP(x,y) | -PPI(y,x).  [resolve(79,a,76,b)].
Derived: B(f17(x,y),y) | -PPI(y,x) | -B(z,y).  [resolve(110,b,104,a)].
Derived: B(f17(x,y),y) | -PPI(y,x) | I(x,y).  [resolve(110,b,105,a)].
Derived: B(f17(x,y),y) | -PPI(y,x) | -I(y,x).  [resolve(110,b,106,a)].
Derived: B(f17(x,y),y) | -PPI(y,x) | IPI(y,x).  [resolve(110,b,108,a)].
111 B(f17(x,y),y) | IP(x,y) | -B(x,y).  [resolve(79,a,78,b)].
Derived: B(f17(x,y),y) | -B(x,y) | -B(z,y).  [resolve(111,b,104,a)].
112 B(f17(c1,c2),c2) | IP(c1,c2).  [resolve(80,a,79,a)].
Derived: B(f17(c1,c2),c2) | -B(x,c2).  [resolve(112,b,104,a)].
Derived: B(f17(c1,c2),c2) | I(c1,c2).  [resolve(112,b,105,a)].
Derived: B(f17(c1,c2),c2) | -I(c2,c1).  [resolve(112,b,106,a)].
Derived: B(f17(c1,c2),c2) | IPI(c2,c1).  [resolve(112,b,108,a)].
113 B(f17(c2,c1),c1) | IP(c2,c1).  [resolve(83,a,79,a)].
Derived: B(f17(c2,c1),c1) | -B(x,c1).  [resolve(113,b,104,a)].
Derived: B(f17(c2,c1),c1) | I(c2,c1).  [resolve(113,b,105,a)].
Derived: B(f17(c2,c1),c1) | -I(c1,c2).  [resolve(113,b,106,a)].
Derived: B(f17(c2,c1),c1) | IPI(c1,c2).  [resolve(113,b,108,a)].

Eliminating OV/2
114 -I(x,y) | -I(x,z) | OV(y,z) | -O(y,z) | P(y,z) | P(z,y).  [resolve(93,a,88,d)].
115 -OV(x,y) | I(f9(x,y),x).  [clausify(28)].
116 -OV(x,y) | I(f9(x,y),y).  [clausify(28)].
117 -OV(x,y) | O(x,y).  [resolve(92,b,89,a)].
118 -OV(x,y) | -P(x,y).  [resolve(92,b,90,a)].
119 -OV(x,y) | -P(y,x).  [resolve(92,b,91,a)].
Derived: -I(x,y) | -I(x,z) | -O(y,z) | P(y,z) | P(z,y) | I(f9(y,z),y).  [resolve(114,c,115,a)].
Derived: -I(x,y) | -I(x,z) | -O(y,z) | P(y,z) | P(z,y) | I(f9(y,z),z).  [resolve(114,c,116,a)].
120 -EC(x,y) | -I(z,x) | -I(z,y) | OV(x,y).  [resolve(94,b,93,a)].
Derived: -EC(x,y) | -I(z,x) | -I(z,y) | I(f9(x,y),x).  [resolve(120,d,115,a)].
Derived: -EC(x,y) | -I(z,x) | -I(z,y) | I(f9(x,y),y).  [resolve(120,d,116,a)].
Derived: -EC(x,y) | -I(z,x) | -I(z,y) | O(x,y).  [resolve(120,d,117,a)].
Derived: -EC(x,y) | -I(z,x) | -I(z,y) | -P(x,y).  [resolve(120,d,118,a)].
Derived: -EC(x,y) | -I(z,x) | -I(z,y) | -P(y,x).  [resolve(120,d,119,a)].
121 P(f10(x,y),x) | EC(x,y) | -OV(x,y).  [resolve(95,a,92,b)].
Derived: P(f10(x,y),x) | EC(x,y) | -I(z,x) | -I(z,y) | -O(x,y) | P(x,y) | P(y,x).  [resolve(121,c,114,c)].
122 P(f10(x,y),y) | EC(x,y) | -OV(x,y).  [resolve(96,a,92,b)].
Derived: P(f10(x,y),y) | EC(x,y) | -I(z,x) | -I(z,y) | -O(x,y) | P(x,y) | P(y,x).  [resolve(122,c,114,c)].
123 -B(f10(x,y),x) | -B(f10(x,y),y) | EC(x,y) | -OV(x,y).  [resolve(97,a,92,b)].
Derived: -B(f10(x,y),x) | -B(f10(x,y),y) | EC(x,y) | -I(z,x) | -I(z,y) | -O(x,y) | P(x,y) | P(y,x).  [resolve(123,d,114,c)].
124 EC(x,y) | I(f11(x,y),x) | IC(x,y) | -OV(x,y).  [resolve(99,a,92,b)].
Derived: EC(x,y) | I(f11(x,y),x) | IC(x,y) | -I(z,x) | -I(z,y) | -O(x,y) | P(x,y) | P(y,x).  [resolve(124,d,114,c)].
125 EC(x,y) | I(f11(x,y),y) | IC(x,y) | -OV(x,y).  [resolve(100,a,92,b)].
Derived: EC(x,y) | I(f11(x,y),y) | IC(x,y) | -I(z,x) | -I(z,y) | -O(x,y) | P(x,y) | P(y,x).  [resolve(125,d,114,c)].

Eliminating EC/2
126 P(f10(x,y),x) | EC(x,y) | -O(x,y) | P(x,y) | P(y,x).  [resolve(95,a,88,d)].
127 -EC(x,y) | -P(z,x) | -P(z,y) | B(z,x).  [clausify(29)].
128 -EC(x,y) | -P(z,x) | -P(z,y) | B(z,y).  [clausify(29)].
129 -IC(x,y) | -EC(x,y).  [clausify(30)].
130 B(f13(x),x) | -EC(y,x).  [clausify(32)].
131 -EC(x,y) | O(x,y).  [resolve(94,b,89,a)].
132 -EC(x,y) | -P(x,y).  [resolve(94,b,90,a)].
133 -EC(x,y) | -P(y,x).  [resolve(94,b,91,a)].
Derived: P(f10(x,y),x) | -O(x,y) | P(x,y) | P(y,x) | -P(z,x) | -P(z,y) | B(z,x).  [resolve(126,b,127,a)].
Derived: P(f10(x,y),x) | -O(x,y) | P(x,y) | P(y,x) | -P(z,x) | -P(z,y) | B(z,y).  [resolve(126,b,128,a)].
Derived: P(f10(x,y),x) | -O(x,y) | P(x,y) | P(y,x) | -IC(x,y).  [resolve(126,b,129,b)].
Derived: P(f10(x,y),x) | -O(x,y) | P(x,y) | P(y,x) | B(f13(y),y).  [resolve(126,b,130,b)].
134 P(f10(x,y),y) | EC(x,y) | -O(x,y) | P(x,y) | P(y,x).  [resolve(96,a,88,d)].
Derived: P(f10(x,y),y) | -O(x,y) | P(x,y) | P(y,x) | -P(z,x) | -P(z,y) | B(z,x).  [resolve(134,b,127,a)].
Derived: P(f10(x,y),y) | -O(x,y) | P(x,y) | P(y,x) | -P(z,x) | -P(z,y) | B(z,y).  [resolve(134,b,128,a)].
Derived: P(f10(x,y),y) | -O(x,y) | P(x,y) | P(y,x) | -IC(x,y).  [resolve(134,b,129,b)].
Derived: P(f10(x,y),y) | -O(x,y) | P(x,y) | P(y,x) | B(f13(y),y).  [resolve(134,b,130,b)].
135 -B(f10(x,y),x) | -B(f10(x,y),y) | EC(x,y) | -O(x,y) | P(x,y) | P(y,x).  [resolve(97,a,88,d)].
Derived: -B(f10(x,y),x) | -B(f10(x,y),y) | -O(x,y) | P(x,y) | P(y,x) | -P(z,x) | -P(z,y) | B(z,x).  [resolve(135,c,127,a)].
Derived: -B(f10(x,y),x) | -B(f10(x,y),y) | -O(x,y) | P(x,y) | P(y,x) | -P(z,x) | -P(z,y) | B(z,y).  [resolve(135,c,128,a)].
Derived: -B(f10(x,y),x) | -B(f10(x,y),y) | -O(x,y) | P(x,y) | P(y,x) | -IC(x,y).  [resolve(135,c,129,b)].
Derived: -B(f10(x,y),x) | -B(f10(x,y),y) | -O(x,y) | P(x,y) | P(y,x) | B(f13(y),y).  [resolve(135,c,130,b)].
136 -IC(x,y) | P(f10(x,y),x) | EC(x,y).  [resolve(98,b,95,a)].
Derived: -IC(x,y) | P(f10(x,y),x) | -P(z,x) | -P(z,y) | B(z,x).  [resolve(136,c,127,a)].
Derived: -IC(x,y) | P(f10(x,y),x) | -P(z,x) | -P(z,y) | B(z,y).  [resolve(136,c,128,a)].
Derived: -IC(x,y) | P(f10(x,y),x) | -IC(x,y).  [resolve(136,c,129,b)].
137 -IC(x,y) | P(f10(x,y),y) | EC(x,y).  [resolve(98,b,96,a)].
Derived: -IC(x,y) | P(f10(x,y),y) | -P(z,x) | -P(z,y) | B(z,x).  [resolve(137,c,127,a)].
Derived: -IC(x,y) | P(f10(x,y),y) | -P(z,x) | -P(z,y) | B(z,y).  [resolve(137,c,128,a)].
Derived: -IC(x,y) | P(f10(x,y),y) | -IC(x,y).  [resolve(137,c,129,b)].
138 -IC(x,y) | -B(f10(x,y),x) | -B(f10(x,y),y) | EC(x,y).  [resolve(98,b,97,a)].
Derived: -IC(x,y) | -B(f10(x,y),x) | -B(f10(x,y),y) | -P(z,x) | -P(z,y) | B(z,x).  [resolve(138,d,127,a)].
Derived: -IC(x,y) | -B(f10(x,y),x) | -B(f10(x,y),y) | -P(z,x) | -P(z,y) | B(z,y).  [resolve(138,d,128,a)].
Derived: -IC(x,y) | -B(f10(x,y),x) | -B(f10(x,y),y) | -IC(x,y).  [resolve(138,d,129,b)].
139 EC(x,y) | I(f11(x,y),x) | IC(x,y) | -O(x,y) | P(x,y) | P(y,x).  [resolve(99,a,88,d)].
Derived: I(f11(x,y),x) | IC(x,y) | -O(x,y) | P(x,y) | P(y,x) | -P(z,x) | -P(z,y) | B(z,x).  [resolve(139,a,127,a)].
Derived: I(f11(x,y),x) | IC(x,y) | -O(x,y) | P(x,y) | P(y,x) | -P(z,x) | -P(z,y) | B(z,y).  [resolve(139,a,128,a)].
Derived: I(f11(x,y),x) | IC(x,y) | -O(x,y) | P(x,y) | P(y,x) | B(f13(y),y).  [resolve(139,a,130,b)].
140 EC(x,y) | I(f11(x,y),y) | IC(x,y) | -O(x,y) | P(x,y) | P(y,x).  [resolve(100,a,88,d)].
Derived: I(f11(x,y),y) | IC(x,y) | -O(x,y) | P(x,y) | P(y,x) | -P(z,x) | -P(z,y) | B(z,x).  [resolve(140,a,127,a)].
Derived: I(f11(x,y),y) | IC(x,y) | -O(x,y) | P(x,y) | P(y,x) | -P(z,x) | -P(z,y) | B(z,y).  [resolve(140,a,128,a)].
Derived: I(f11(x,y),y) | IC(x,y) | -O(x,y) | P(x,y) | P(y,x) | B(f13(y),y).  [resolve(140,a,130,b)].
141 -EC(x,y) | -I(z,x) | -I(z,y) | I(f9(x,y),x).  [resolve(120,d,115,a)].
Derived: -I(x,y) | -I(x,z) | I(f9(y,z),y) | P(f10(y,z),y) | -O(y,z) | P(y,z) | P(z,y).  [resolve(141,a,126,b)].
Derived: -I(x,y) | -I(x,z) | I(f9(y,z),y) | P(f10(y,z),z) | -O(y,z) | P(y,z) | P(z,y).  [resolve(141,a,134,b)].
Derived: -I(x,y) | -I(x,z) | I(f9(y,z),y) | -B(f10(y,z),y) | -B(f10(y,z),z) | -O(y,z) | P(y,z) | P(z,y).  [resolve(141,a,135,c)].
Derived: -I(x,y) | -I(x,z) | I(f9(y,z),y) | I(f11(y,z),y) | IC(y,z) | -O(y,z) | P(y,z) | P(z,y).  [resolve(141,a,139,a)].
Derived: -I(x,y) | -I(x,z) | I(f9(y,z),y) | I(f11(y,z),z) | IC(y,z) | -O(y,z) | P(y,z) | P(z,y).  [resolve(141,a,140,a)].
142 -EC(x,y) | -I(z,x) | -I(z,y) | I(f9(x,y),y).  [resolve(120,d,116,a)].
Derived: -I(x,y) | -I(x,z) | I(f9(y,z),z) | P(f10(y,z),y) | -O(y,z) | P(y,z) | P(z,y).  [resolve(142,a,126,b)].
Derived: -I(x,y) | -I(x,z) | I(f9(y,z),z) | P(f10(y,z),z) | -O(y,z) | P(y,z) | P(z,y).  [resolve(142,a,134,b)].
Derived: -I(x,y) | -I(x,z) | I(f9(y,z),z) | -B(f10(y,z),y) | -B(f10(y,z),z) | -O(y,z) | P(y,z) | P(z,y).  [resolve(142,a,135,c)].
Derived: -I(x,y) | -I(x,z) | I(f9(y,z),z) | I(f11(y,z),y) | IC(y,z) | -O(y,z) | P(y,z) | P(z,y).  [resolve(142,a,139,a)].
Derived: -I(x,y) | -I(x,z) | I(f9(y,z),z) | I(f11(y,z),z) | IC(y,z) | -O(y,z) | P(y,z) | P(z,y).  [resolve(142,a,140,a)].
143 -EC(x,y) | -I(z,x) | -I(z,y) | O(x,y).  [resolve(120,d,117,a)].
144 -EC(x,y) | -I(z,x) | -I(z,y) | -P(x,y).  [resolve(120,d,118,a)].
145 -EC(x,y) | -I(z,x) | -I(z,y) | -P(y,x).  [resolve(120,d,119,a)].
146 P(f10(x,y),x) | EC(x,y) | -I(z,x) | -I(z,y) | -O(x,y) | P(x,y) | P(y,x).  [resolve(121,c,114,c)].
147 P(f10(x,y),y) | EC(x,y) | -I(z,x) | -I(z,y) | -O(x,y) | P(x,y) | P(y,x).  [resolve(122,c,114,c)].
148 -B(f10(x,y),x) | -B(f10(x,y),y) | EC(x,y) | -I(z,x) | -I(z,y) | -O(x,y) | P(x,y) | P(y,x).  [resolve(123,d,114,c)].
149 EC(x,y) | I(f11(x,y),x) | IC(x,y) | -I(z,x) | -I(z,y) | -O(x,y) | P(x,y) | P(y,x).  [resolve(124,d,114,c)].
150 EC(x,y) | I(f11(x,y),y) | IC(x,y) | -I(z,x) | -I(z,y) | -O(x,y) | P(x,y) | P(y,x).  [resolve(125,d,114,c)].

Eliminating PPI/2
151 PPI(x,y) | -P(y,x) | P(x,y).  [resolve(77,a,71,c)].
152 -PPI(x,y) | P(f2(y,x),x).  [resolve(76,b,72,a)].
153 -PPI(x,y) | D(f2(y,x),y).  [resolve(76,b,73,a)].
154 -PPI(x,y) | P(y,x).  [resolve(76,b,74,a)].
155 -PPI(x,y) | -P(x,y).  [resolve(76,b,75,a)].
Derived: -P(x,y) | P(y,x) | P(f2(x,y),y).  [resolve(151,a,152,a)].
Derived: -P(x,y) | P(y,x) | D(f2(x,y),x).  [resolve(151,a,153,a)].
156 -B(x,y) | PPI(y,x).  [resolve(78,b,77,a)].
Derived: -B(x,y) | P(f2(x,y),y).  [resolve(156,b,152,a)].
Derived: -B(x,y) | D(f2(x,y),x).  [resolve(156,b,153,a)].
Derived: -B(x,y) | P(x,y).  [resolve(156,b,154,a)].
Derived: -B(x,y) | -P(y,x).  [resolve(156,b,155,a)].
157 PPI(c2,c1).  [resolve(80,a,77,a)].
Derived: P(f2(c1,c2),c2).  [resolve(157,a,152,a)].
Derived: D(f2(c1,c2),c1).  [resolve(157,a,153,a)].
Derived: P(c1,c2).  [resolve(157,a,154,a)].
Derived: -P(c2,c1).  [resolve(157,a,155,a)].
158 -P(x,y) | -B(x,z) | P(f8(y,z),y) | -PPI(z,y).  [resolve(81,a,76,b)].
Derived: -P(x,y) | -B(x,z) | P(f8(y,z),y) | -P(y,z) | P(z,y).  [resolve(158,d,151,a)].
159 -P(x,y) | -B(x,z) | B(f8(y,z),z) | -PPI(z,y).  [resolve(82,a,76,b)].
Derived: -P(x,y) | -B(x,z) | B(f8(y,z),z) | -P(y,z) | P(z,y).  [resolve(159,d,151,a)].
160 PPI(c1,c2).  [resolve(83,a,77,a)].
Derived: P(f2(c2,c1),c1).  [resolve(160,a,152,a)].
Derived: D(f2(c2,c1),c2).  [resolve(160,a,153,a)].
Derived: P(c2,c1).  [resolve(160,a,154,a)].
Derived: -P(c1,c2).  [resolve(160,a,155,a)].
Derived: -P(x,c2) | -B(x,c1) | P(f8(c2,c1),c2).  [resolve(160,a,158,d)].
Derived: -P(x,c2) | -B(x,c1) | B(f8(c2,c1),c1).  [resolve(160,a,159,d)].
161 B(f17(x,y),y) | -PPI(y,x) | -B(z,y).  [resolve(110,b,104,a)].
Derived: B(f17(x,y),y) | -B(z,y) | -P(x,y) | P(y,x).  [resolve(161,b,151,a)].
162 B(f17(x,y),y) | -PPI(y,x) | I(x,y).  [resolve(110,b,105,a)].
Derived: B(f17(x,y),y) | I(x,y) | -P(x,y) | P(y,x).  [resolve(162,b,151,a)].
163 B(f17(x,y),y) | -PPI(y,x) | -I(y,x).  [resolve(110,b,106,a)].
Derived: B(f17(x,y),y) | -I(y,x) | -P(x,y) | P(y,x).  [resolve(163,b,151,a)].
164 B(f17(x,y),y) | -PPI(y,x) | IPI(y,x).  [resolve(110,b,108,a)].
Derived: B(f17(x,y),y) | IPI(y,x) | -P(x,y) | P(y,x).  [resolve(164,b,151,a)].

Eliminating IPI/2
165 IPI(x,y) | B(f7(y,x),x) | -I(y,x) | I(x,y).  [resolve(108,a,103,d)].
166 -IPI(x,y) | -B(z,x).  [resolve(107,b,104,a)].
167 -IPI(x,y) | I(y,x).  [resolve(107,b,105,a)].
168 -IPI(x,y) | -I(x,y).  [resolve(107,b,106,a)].
Derived: B(f7(x,y),y) | -I(x,y) | I(y,x) | -B(z,y).  [resolve(165,a,166,a)].
169 B(f17(x,y),y) | -P(x,y) | P(y,x) | IPI(y,x).  [resolve(109,b,108,a)].
170 B(f17(c1,c2),c2) | IPI(c2,c1).  [resolve(112,b,108,a)].
Derived: B(f17(c1,c2),c2) | -B(x,c2).  [resolve(170,b,166,a)].
Derived: B(f17(c1,c2),c2) | I(c1,c2).  [resolve(170,b,167,a)].
Derived: B(f17(c1,c2),c2) | -I(c2,c1).  [resolve(170,b,168,a)].
171 B(f17(c2,c1),c1) | IPI(c1,c2).  [resolve(113,b,108,a)].
Derived: B(f17(c2,c1),c1) | -B(x,c1).  [resolve(171,b,166,a)].
Derived: B(f17(c2,c1),c1) | I(c2,c1).  [resolve(171,b,167,a)].
Derived: B(f17(c2,c1),c1) | -I(c1,c2).  [resolve(171,b,168,a)].
172 B(f17(x,y),y) | IPI(y,x) | -P(x,y) | P(y,x).  [resolve(164,b,151,a)].
Derived: B(f17(x,y),y) | -P(x,y) | P(y,x) | -B(z,y).  [resolve(172,b,166,a)].
Derived: B(f17(x,y),y) | -P(x,y) | P(y,x) | I(x,y).  [resolve(172,b,167,a)].
Derived: B(f17(x,y),y) | -P(x,y) | P(y,x) | -I(y,x).  [resolve(172,b,168,a)].

============================== end predicate elimination =============

Auto_denials:  (non-Horn, no changes).

Term ordering decisions:
Predicate symbol precedence:  predicate_order([ =, P, B, I, O, IC, D, EQ ]).
Function symbol precedence:  function_order([ null, cuniversal, c1, c2, c3, c4, c5, sum, diff, prod, f2, f5, f6, f7, f8, f9, f10, f11, f14, f15, f16, f17, f18, compl, bdy, f1, f3, f4, f12, f13, f19 ]).
After inverse_order:  (no changes).
Unfolding symbols: (none).

Auto_inference settings:
  % set(paramodulation).  % (positive equality literals)
  % set(binary_resolution).  % (non-Horn)

Auto_process settings:
  % set(factor).  % (non-Horn)
  % set(unit_deletion).  % (non-Horn)

           173 null != c1.  [clausify(1)].
kept:      174 c1 != null.  [copy(173),flip(a)].
           175 null != c2.  [clausify(1)].
kept:      176 c2 != null.  [copy(175),flip(a)].
kept:      177 B(c3,c1).  [clausify(1)].
kept:      178 B(c4,c2).  [clausify(1)].
kept:      179 null = x | P(x,x).  [clausify(2)].
kept:      180 -P(x,y) | -P(y,x) | y = x.  [clausify(3)].
kept:      181 -P(x,y) | -P(y,z) | P(x,z).  [clausify(4)].
kept:      182 null != x | -P(y,x).  [clausify(5)].
kept:      183 null != x | -P(x,y).  [clausify(5)].
kept:      184 P(f1(x),x) | P(x,f1(x)) | null = x.  [clausify(5)].
kept:      185 null = x | P(x,c5).  [clausify(8)].
kept:      186 cuniversal != x | null = y | P(y,x).  [clausify(9)].
           187 null != f3(x) | cuniversal = x.  [clausify(9)].
kept:      188 f3(x) != null | cuniversal = x.  [copy(187),flip(a)].
kept:      189 -P(f3(x),x) | cuniversal = x.  [clausify(9)].
kept:      190 -B(x,cuniversal).  [clausify(10)].
kept:      191 -EQ(x,y) | P(y,x).  [clausify(14)].
kept:      192 -EQ(x,y) | P(x,y).  [clausify(14)].
kept:      193 -P(x,y) | -P(y,x) | EQ(y,x).  [clausify(14)].
kept:      194 -O(x,y) | P(f5(x,y),x).  [clausify(15)].
kept:      195 -O(x,y) | P(f5(x,y),y).  [clausify(15)].
kept:      196 -P(x,y) | -P(x,z) | O(y,z).  [clausify(15)].
kept:      197 -D(x,y) | -O(x,y).  [clausify(16)].
kept:      198 O(x,y) | D(x,y).  [clausify(16)].
kept:      199 -B(x,y) | -B(y,z) | B(x,z).  [clausify(18)].
kept:      200 -P(x,y) | -B(y,z) | B(x,z).  [clausify(19)].
kept:      201 -B(x,y) | -P(y,z) | P(x,z).  [clausify(20)].
kept:      202 -I(x,y) | P(x,y).  [clausify(22)].
kept:      203 -I(x,y) | -B(z,y) | D(z,x).  [clausify(22)].
kept:      204 -P(x,y) | B(f6(x,y),y) | I(x,y).  [clausify(22)].
kept:      205 -P(x,y) | -D(f6(x,y),x) | I(x,y).  [clausify(22)].
kept:      206 -IC(x,y) | -I(z,x) | -I(z,y).  [clausify(30)].
kept:      207 null = x | I(f12(x),x).  [clausify(31)].
kept:      208 -B(x,y) | -B(z,y) | -I(z,y).  [clausify(33)].
kept:      209 -B(x,y) | -EQ(y,z) | B(f14(y,z),z).  [clausify(35)].
kept:      210 B(f15(x,y),x) | -EQ(x,y) | -B(z,y).  [clausify(36)].
kept:      211 B(f16(x,y),x) | -B(z,y) | -EQ(x,y).  [clausify(37)].
kept:      212 -O(x,sum(y,z)) | O(x,y) | O(x,z).  [clausify(39)].
kept:      213 -O(x,y) | O(x,sum(y,z)).  [clausify(39)].
kept:      214 -O(x,y) | O(x,sum(z,y)).  [clausify(39)].
kept:      215 -P(x,prod(y,z)) | P(x,y).  [clausify(40)].
kept:      216 -P(x,prod(y,z)) | P(x,z).  [clausify(40)].
kept:      217 -P(x,y) | -P(x,z) | P(x,prod(y,z)).  [clausify(40)].
kept:      218 -P(x,compl(y)) | D(x,y).  [clausify(41)].
kept:      219 -P(x,diff(y,z)) | P(x,y).  [clausify(42)].
kept:      220 -P(x,diff(y,z)) | D(x,z).  [clausify(42)].
kept:      221 -P(x,y) | -D(x,z) | P(x,diff(y,z)).  [clausify(42)].
kept:      222 compl(x) != y | compl(x) != z | z = y.  [clausify(43)].
kept:      223 diff(x,y) != z | diff(x,y) != u | u = z.  [clausify(44)].
kept:      224 prod(x,y) != z | prod(x,y) != u | u = z.  [clausify(45)].
kept:      225 sum(x,y) != z | sum(x,y) != u | u = z.  [clausify(46)].
kept:      226 null = x | null = y | f18(x,y) != null.  [clausify(47)].
           227 null = x | null = y | sum(x,y) = f18(x,y).  [clausify(47)].
kept:      228 null = x | null = y | f18(x,y) = sum(x,y).  [copy(227),flip(c)].

% Operation sum is commutative; C redundancy checks enabled.
kept:      229 sum(x,y) = sum(y,x).  [clausify(48)].
kept:      230 compl(x) != null | cuniversal = x.  [clausify(49)].
kept:      231 cuniversal != x | compl(x) = null.  [clausify(49)].
kept:      232 compl(x) != cuniversal | null = x.  [clausify(50)].
kept:      233 null != x | compl(x) = cuniversal.  [clausify(50)].

% Operation prod is commutative; C redundancy checks enabled.
kept:      234 prod(x,y) = prod(y,x).  [clausify(51)].
kept:      235 diff(x,y) != null | null = x | P(x,y).  [clausify(52)].
kept:      236 -D(x,y) | diff(x,y) = x.  [clausify(53)].
kept:      237 -P(x,cuniversal) | diff(x,null) = x.  [clausify(54)].
kept:      238 -P(x,cuniversal) | sum(null,x) = x.  [clausify(55)].
kept:      239 null = x | I(f19(x),x).  [clausify(56)].
kept:      240 null = x | -I(y,x) | I(y,f19(x)).  [clausify(56)].
kept:      241 null = x | -B(y,f19(x)).  [clausify(56)].
kept:      242 bdy(x) = null | B(bdy(x),x).  [clausify(57)].
kept:      243 bdy(x) = null | -B(y,x) | P(y,bdy(x)).  [clausify(57)].
kept:      244 P(f8(c1,c2),c1).  [resolve(65,a,64,a)].
kept:      245 B(f8(c1,c2),c2).  [resolve(66,a,64,a)].
kept:      246 P(f8(c2,c1),c2).  [resolve(68,a,65,a)].
kept:      247 B(f8(c2,c1),c1).  [resolve(68,a,66,a)].
kept:      248 -P(x,y) | P(y,x) | P(f2(x,y),y).  [resolve(71,c,72,a)].
kept:      249 -P(x,y) | P(y,x) | D(f2(x,y),x).  [resolve(71,c,73,a)].
kept:      250 -B(x,y) | P(f2(x,y),y).  [resolve(78,b,72,a)].
kept:      251 -B(x,y) | D(f2(x,y),x).  [resolve(78,b,73,a)].
kept:      252 -B(x,y) | P(x,y).  [resolve(78,b,74,a)].
kept:      253 -B(x,y) | -P(y,x).  [resolve(78,b,75,a)].
kept:      254 P(f2(c1,c2),c2).  [resolve(80,a,72,a)].
kept:      255 D(f2(c1,c2),c1).  [resolve(80,a,73,a)].
kept:      256 P(c1,c2).  [resolve(80,a,74,a)].
kept:      257 -P(c2,c1).  [resolve(80,a,75,a)].
kept:      258 -P(x,y) | -B(x,z) | P(f8(y,z),y) | -P(y,z) | P(z,y).  [resolve(81,a,71,c)].
kept:      259 -P(x,y) | -B(x,z) | P(f8(y,z),y) | -B(y,z).  [resolve(81,a,78,b)].
kept:      260 -P(x,y) | -B(x,z) | B(f8(y,z),z) | -P(y,z) | P(z,y).  [resolve(82,a,71,c)].
kept:      261 -P(x,y) | -B(x,z) | B(f8(y,z),z) | -B(y,z).  [resolve(82,a,78,b)].
kept:      262 P(f2(c2,c1),c1).  [resolve(83,a,72,a)].
kept:      263 D(f2(c2,c1),c2).  [resolve(83,a,73,a)].
           264 P(c2,c1).  [resolve(83,a,74,a)].
-------- Proof 1 -------- 

============================== PROOF =================================

% Proof 1 at 0.05 (+ 0.00) seconds.
% Length of proof is 16.
% Level of proof is 5.
% Maximum clause weight is 3.000.
% Given clauses 0.

1 -(all x all y (-(x != null & y != null & (exists z B(z,x)) & (exists t B(t,y)) & TPPI(x,y)) | -TPP(x,y))) # label(non_clause).  [assumption].
12 (all x all y ((-PP(x,y) | P(x,y) & -P(y,x)) & (-(P(x,y) & -P(y,x)) | PP(x,y)))) # label(non_clause).  [assumption].
26 (all x all y ((-TPP(x,y) | PP(x,y) & (exists z (P(z,x) & B(z,y)))) & (-(PP(x,y) & (exists z (P(z,x) & B(z,y)))) | TPP(x,y)))) # label(non_clause).  [assumption].
27 (all x all y ((-TPPI(x,y) | TPP(y,x)) & (-TPP(y,x) | TPPI(x,y)))) # label(non_clause).  [assumption].
60 -TPPI(x,y) | TPP(y,x).  [clausify(27)].
61 TPPI(c1,c2).  [clausify(1)].
63 -TPP(x,y) | PP(x,y).  [clausify(26)].
64 TPP(c1,c2).  [clausify(1)].
68 TPP(c2,c1).  [resolve(60,a,61,a)].
74 -PP(x,y) | P(x,y).  [clausify(12)].
75 -PP(x,y) | -P(y,x).  [clausify(12)].
80 PP(c1,c2).  [resolve(63,a,64,a)].
83 PP(c2,c1).  [resolve(68,a,63,a)].
257 -P(c2,c1).  [resolve(80,a,75,a)].
264 P(c2,c1).  [resolve(83,a,74,a)].
265 $F.  [copy(264),unit_del(a,257)].

============================== end of proof ==========================

============================== STATISTICS ============================

Given=0. Generated=95. Kept=87. proofs=1.
Usable=0. Sos=0. Demods=2. Limbo=87, Disabled=208. Hints=0.
Kept_by_rule=0, Deleted_by_rule=0.
Forward_subsumed=7. Back_subsumed=0.
Sos_limit_deleted=0. Sos_displaced=0. Sos_removed=0.
New_demodulators=2 (2 lex), Back_demodulated=0. Back_unit_deleted=0.
Demod_attempts=367. Demod_rewrites=0.
Res_instance_prunes=0. Para_instance_prunes=0. Basic_paramod_prunes=0.
Nonunit_fsub_feature_tests=32. Nonunit_bsub_feature_tests=0.
Megabytes=0.66.
User_CPU=0.05, System_CPU=0.00, Wall_clock=0.

============================== end of statistics =====================

============================== end of search =========================

THEOREM PROVED

THEOREM PROVED

Exiting with 1 proof.

------ process 8652 exit (max_proofs) ------

Process 8652 exit (max_proofs) Mon Feb  3 12:01:59 2020

========================== MACLEOD SUMMARY ===========================
reasoner: /home/aidin12/macleod/Reasoning/prover9_bin/prover9
status: PROOF
execution finished: Mon Feb 03 12:02:02 2020
total CPU time used: 0
The command was "/home/aidin12/macleod/Reasoning/prover9_bin/prover9 -t100 -f /home/aidin12/macleod/ontologies/after/JEPD/PD/conversions/PD109.all.p9"
============================ end of footer ===========================
