============================== Prover9 ===============================
Prover9 (64) version 2009-11A, November 2009.
Process 10004 was started by aidin12 on aidin12-HP-Pavilion-dv7-Notebook-PC,
Mon Feb  3 12:06:04 2020
The command was "/home/aidin12/macleod/Reasoning/prover9_bin/prover9 -t100 -f /home/aidin12/macleod/ontologies/after/JEPD/PD/conversions/PD10.all.p9".
============================== end of head ===========================

============================== INPUT =================================

% Reading from file /home/aidin12/macleod/ontologies/after/JEPD/PD/conversions/PD10.all.p9


formulas(assumptions).
-(all x all y (-(x != null & y != null & (exists z B(z,x)) & (exists t B(t,y)) & EC(x,y)) | -D(x,y))).
(all x (x = null | P(x,x))).
(all x all y (-(P(x,y) & P(y,x)) | x = y)).
(all x all y all z (-(P(x,y) & P(y,z)) | P(x,z))).
(all x ((x != null | (all y (-P(y,x) & -P(x,y)))) & (-(all y (-P(y,x) & -P(x,y))) | x = null))).
(all x all y ((-PI(x,y) | P(y,x)) & (-P(y,x) | PI(x,y)))).
(all x all y (-PP(x,y) | (exists z (P(z,y) & D(z,x))))).
(exists z all x (x = null | P(x,z))).
(all x ((x != cuniversal | (all y (y = null | P(y,x)))) & (-(all y (y = null | P(y,x))) | x = cuniversal))).
-(exists x B(x,cuniversal)).
(all x ((-Point(x) | x != null & (all y (-P(y,x) | EQ(x,y)))) & (-(x != null & (all y (-P(y,x) | EQ(x,y)))) | Point(x)))).
(all x all y ((-PP(x,y) | P(x,y) & -P(y,x)) & (-(P(x,y) & -P(y,x)) | PP(x,y)))).
(all x all y ((-PPI(x,y) | PP(y,x)) & (-PP(y,x) | PPI(x,y)))).
(all x all y ((-EQ(x,y) | P(y,x) & P(x,y)) & (-(P(y,x) & P(x,y)) | EQ(x,y)))).
(all x all y ((-O(x,y) | (exists z (P(z,x) & P(z,y)))) & (-(exists z (P(z,x) & P(z,y))) | O(x,y)))).
(all x all y ((-D(x,y) | -O(x,y)) & (O(x,y) | D(x,y)))).
(all x all y (-B(x,y) | PP(x,y))).
(all x all y all z (-(B(x,y) & B(y,z)) | B(x,z))).
(all x all y all z (-(P(x,y) & B(y,z)) | B(x,z))).
(all x all y all z (-(B(x,y) & P(y,z)) | P(x,z))).
(all x all y ((-IMB(x,y) | O(x,y) & -P(x,y) & -P(y,x)) & (-(O(x,y) & -P(x,y) & -P(y,x)) | IMB(x,y)))).
(all x all y ((-I(x,y) | P(x,y) & (all z (-B(z,y) | D(z,x)))) & (-(P(x,y) & (all z (-B(z,y) | D(z,x)))) | I(x,y)))).
(all x all y ((-II(x,y) | I(y,x)) & (-I(y,x) | II(x,y)))).
(all x all y ((-IP(x,y) | -(exists t B(t,y)) & I(x,y) & -I(y,x)) & (-(-(exists t B(t,y)) & I(x,y) & -I(y,x)) | IP(x,y)))).
(all x all y ((-IPI(x,y) | IP(y,x)) & (-IP(y,x) | IPI(x,y)))).
(all x all y ((-TPP(x,y) | PP(x,y) & (exists z (P(z,x) & B(z,y)))) & (-(PP(x,y) & (exists z (P(z,x) & B(z,y)))) | TPP(x,y)))).
(all x all y ((-TPPI(x,y) | TPP(y,x)) & (-TPP(y,x) | TPPI(x,y)))).
(all x all y ((-OV(x,y) | IMB(x,y) & (exists p (I(p,x) & I(p,y)))) & (-(IMB(x,y) & (exists p (I(p,x) & I(p,y)))) | OV(x,y)))).
(all x all y ((-EC(x,y) | IMB(x,y) & (all z (-(P(z,x) & P(z,y)) | B(z,x) & B(z,y)))) & (-(IMB(x,y) & (all z (-(P(z,x) & P(z,y)) | B(z,x) & B(z,y)))) | EC(x,y)))).
(all x all y ((-IC(x,y) | IMB(x,y) & -EC(x,y) & -(exists p (I(p,x) & I(p,y)))) & (-(IMB(x,y) & -EC(x,y) & -(exists p (I(p,x) & I(p,y)))) | IC(x,y)))).
(all x (x = null | (exists y I(y,x)))).
(all x ((exists z B(z,x)) | -(exists y EC(y,x)))).
(all x (-(exists z B(z,x)) | (all y (-B(y,x) | -I(y,x))))).
(all x (-(exists z B(z,x)) | (all y (-I(y,x) | -B(y,x))))).
(all x all y (-((exists z B(z,x)) & EQ(x,y)) | (exists t B(t,y)))).
(all x all y (-(-(exists z B(z,x)) & EQ(x,y)) | -(exists t B(t,y)))).
(all x all y (-(-(exists z B(z,x)) & (exists t B(t,y))) | -EQ(x,y))).
(all x all y (-(PP(x,y) & -(exists z B(z,y))) | IP(x,y))).
(all x all y all w ((-O(w,sum(x,y)) | O(w,x) | O(w,y)) & (-(O(w,x) | O(w,y)) | O(w,sum(x,y))))).
(all x all y all w ((-P(w,prod(x,y)) | P(w,x) & P(w,y)) & (-(P(w,x) & P(w,y)) | P(w,prod(x,y))))).
(all x all w ((-P(w,compl(x)) | D(w,x) & P(w,compl(x))) & (-(D(w,x) & P(w,compl(x))) | P(w,compl(x))))).
(all x all y all w ((-P(w,diff(x,y)) | P(w,x) & D(w,y)) & (-(P(w,x) & D(w,y)) | P(w,diff(x,y))))).
(all x all z all t (-(compl(x) = z & compl(x) = t) | z = t)).
(all x all y all z all t (-(diff(x,y) = z & diff(x,y) = t) | z = t)).
(all x all y all z all t (-(prod(x,y) = z & prod(x,y) = t) | z = t)).
(all x all y all z all t (-(sum(x,y) = z & sum(x,y) = t) | z = t)).
(all x all y (-(x != null & y != null) | (exists z (z != null & z = sum(x,y))))).
(all x all y sum(x,y) = sum(y,x)).
(all x ((compl(x) != null | x = cuniversal) & (x != cuniversal | compl(x) = null))).
(all x ((compl(x) != cuniversal | x = null) & (x != null | compl(x) = cuniversal))).
(all x all y prod(x,y) = prod(y,x)).
(all x all y (diff(x,y) != null | x = null | P(x,y))).
(all x all y (-D(x,y) | diff(x,y) = x)).
(all x (-P(x,cuniversal) | diff(x,null) = x)).
(all x (-P(x,cuniversal) | sum(null,x) = x)).
(all x (x = null | (exists z (I(z,x) & (all u (-I(u,x) | I(u,z))) & -(exists y B(y,z)))))).
(all x (bdy(x) = null | B(bdy(x),x) & (all z (-B(z,x) | P(z,bdy(x)))))).
(all x ((x != null | -P(x,x)) & (P(x,x) | x = null))).
(all x ((-P(x,x) | x != null) & (x = null | P(x,x)))).
end_of_list.

============================== end of input ==========================

% From the command line: assign(max_seconds, 100).

============================== PROCESS NON-CLAUSAL FORMULAS ==========

% Formulas that are not ordinary clauses:
1 -(all x all y (-(x != null & y != null & (exists z B(z,x)) & (exists t B(t,y)) & EC(x,y)) | -D(x,y))) # label(non_clause).  [assumption].
2 (all x (x = null | P(x,x))) # label(non_clause).  [assumption].
3 (all x all y (-(P(x,y) & P(y,x)) | x = y)) # label(non_clause).  [assumption].
4 (all x all y all z (-(P(x,y) & P(y,z)) | P(x,z))) # label(non_clause).  [assumption].
5 (all x ((x != null | (all y (-P(y,x) & -P(x,y)))) & (-(all y (-P(y,x) & -P(x,y))) | x = null))) # label(non_clause).  [assumption].
6 (all x all y ((-PI(x,y) | P(y,x)) & (-P(y,x) | PI(x,y)))) # label(non_clause).  [assumption].
7 (all x all y (-PP(x,y) | (exists z (P(z,y) & D(z,x))))) # label(non_clause).  [assumption].
8 (exists z all x (x = null | P(x,z))) # label(non_clause).  [assumption].
9 (all x ((x != cuniversal | (all y (y = null | P(y,x)))) & (-(all y (y = null | P(y,x))) | x = cuniversal))) # label(non_clause).  [assumption].
10 -(exists x B(x,cuniversal)) # label(non_clause).  [assumption].
11 (all x ((-Point(x) | x != null & (all y (-P(y,x) | EQ(x,y)))) & (-(x != null & (all y (-P(y,x) | EQ(x,y)))) | Point(x)))) # label(non_clause).  [assumption].
12 (all x all y ((-PP(x,y) | P(x,y) & -P(y,x)) & (-(P(x,y) & -P(y,x)) | PP(x,y)))) # label(non_clause).  [assumption].
13 (all x all y ((-PPI(x,y) | PP(y,x)) & (-PP(y,x) | PPI(x,y)))) # label(non_clause).  [assumption].
14 (all x all y ((-EQ(x,y) | P(y,x) & P(x,y)) & (-(P(y,x) & P(x,y)) | EQ(x,y)))) # label(non_clause).  [assumption].
15 (all x all y ((-O(x,y) | (exists z (P(z,x) & P(z,y)))) & (-(exists z (P(z,x) & P(z,y))) | O(x,y)))) # label(non_clause).  [assumption].
16 (all x all y ((-D(x,y) | -O(x,y)) & (O(x,y) | D(x,y)))) # label(non_clause).  [assumption].
17 (all x all y (-B(x,y) | PP(x,y))) # label(non_clause).  [assumption].
18 (all x all y all z (-(B(x,y) & B(y,z)) | B(x,z))) # label(non_clause).  [assumption].
19 (all x all y all z (-(P(x,y) & B(y,z)) | B(x,z))) # label(non_clause).  [assumption].
20 (all x all y all z (-(B(x,y) & P(y,z)) | P(x,z))) # label(non_clause).  [assumption].
21 (all x all y ((-IMB(x,y) | O(x,y) & -P(x,y) & -P(y,x)) & (-(O(x,y) & -P(x,y) & -P(y,x)) | IMB(x,y)))) # label(non_clause).  [assumption].
22 (all x all y ((-I(x,y) | P(x,y) & (all z (-B(z,y) | D(z,x)))) & (-(P(x,y) & (all z (-B(z,y) | D(z,x)))) | I(x,y)))) # label(non_clause).  [assumption].
23 (all x all y ((-II(x,y) | I(y,x)) & (-I(y,x) | II(x,y)))) # label(non_clause).  [assumption].
24 (all x all y ((-IP(x,y) | -(exists t B(t,y)) & I(x,y) & -I(y,x)) & (-(-(exists t B(t,y)) & I(x,y) & -I(y,x)) | IP(x,y)))) # label(non_clause).  [assumption].
25 (all x all y ((-IPI(x,y) | IP(y,x)) & (-IP(y,x) | IPI(x,y)))) # label(non_clause).  [assumption].
26 (all x all y ((-TPP(x,y) | PP(x,y) & (exists z (P(z,x) & B(z,y)))) & (-(PP(x,y) & (exists z (P(z,x) & B(z,y)))) | TPP(x,y)))) # label(non_clause).  [assumption].
27 (all x all y ((-TPPI(x,y) | TPP(y,x)) & (-TPP(y,x) | TPPI(x,y)))) # label(non_clause).  [assumption].
28 (all x all y ((-OV(x,y) | IMB(x,y) & (exists p (I(p,x) & I(p,y)))) & (-(IMB(x,y) & (exists p (I(p,x) & I(p,y)))) | OV(x,y)))) # label(non_clause).  [assumption].
29 (all x all y ((-EC(x,y) | IMB(x,y) & (all z (-(P(z,x) & P(z,y)) | B(z,x) & B(z,y)))) & (-(IMB(x,y) & (all z (-(P(z,x) & P(z,y)) | B(z,x) & B(z,y)))) | EC(x,y)))) # label(non_clause).  [assumption].
30 (all x all y ((-IC(x,y) | IMB(x,y) & -EC(x,y) & -(exists p (I(p,x) & I(p,y)))) & (-(IMB(x,y) & -EC(x,y) & -(exists p (I(p,x) & I(p,y)))) | IC(x,y)))) # label(non_clause).  [assumption].
31 (all x (x = null | (exists y I(y,x)))) # label(non_clause).  [assumption].
32 (all x ((exists z B(z,x)) | -(exists y EC(y,x)))) # label(non_clause).  [assumption].
33 (all x (-(exists z B(z,x)) | (all y (-B(y,x) | -I(y,x))))) # label(non_clause).  [assumption].
34 (all x (-(exists z B(z,x)) | (all y (-I(y,x) | -B(y,x))))) # label(non_clause).  [assumption].
35 (all x all y (-((exists z B(z,x)) & EQ(x,y)) | (exists t B(t,y)))) # label(non_clause).  [assumption].
36 (all x all y (-(-(exists z B(z,x)) & EQ(x,y)) | -(exists t B(t,y)))) # label(non_clause).  [assumption].
37 (all x all y (-(-(exists z B(z,x)) & (exists t B(t,y))) | -EQ(x,y))) # label(non_clause).  [assumption].
38 (all x all y (-(PP(x,y) & -(exists z B(z,y))) | IP(x,y))) # label(non_clause).  [assumption].
39 (all x all y all w ((-O(w,sum(x,y)) | O(w,x) | O(w,y)) & (-(O(w,x) | O(w,y)) | O(w,sum(x,y))))) # label(non_clause).  [assumption].
40 (all x all y all w ((-P(w,prod(x,y)) | P(w,x) & P(w,y)) & (-(P(w,x) & P(w,y)) | P(w,prod(x,y))))) # label(non_clause).  [assumption].
41 (all x all w ((-P(w,compl(x)) | D(w,x) & P(w,compl(x))) & (-(D(w,x) & P(w,compl(x))) | P(w,compl(x))))) # label(non_clause).  [assumption].
42 (all x all y all w ((-P(w,diff(x,y)) | P(w,x) & D(w,y)) & (-(P(w,x) & D(w,y)) | P(w,diff(x,y))))) # label(non_clause).  [assumption].
43 (all x all z all t (-(compl(x) = z & compl(x) = t) | z = t)) # label(non_clause).  [assumption].
44 (all x all y all z all t (-(diff(x,y) = z & diff(x,y) = t) | z = t)) # label(non_clause).  [assumption].
45 (all x all y all z all t (-(prod(x,y) = z & prod(x,y) = t) | z = t)) # label(non_clause).  [assumption].
46 (all x all y all z all t (-(sum(x,y) = z & sum(x,y) = t) | z = t)) # label(non_clause).  [assumption].
47 (all x all y (-(x != null & y != null) | (exists z (z != null & z = sum(x,y))))) # label(non_clause).  [assumption].
48 (all x all y sum(x,y) = sum(y,x)) # label(non_clause).  [assumption].
49 (all x ((compl(x) != null | x = cuniversal) & (x != cuniversal | compl(x) = null))) # label(non_clause).  [assumption].
50 (all x ((compl(x) != cuniversal | x = null) & (x != null | compl(x) = cuniversal))) # label(non_clause).  [assumption].
51 (all x all y prod(x,y) = prod(y,x)) # label(non_clause).  [assumption].
52 (all x all y (diff(x,y) != null | x = null | P(x,y))) # label(non_clause).  [assumption].
53 (all x all y (-D(x,y) | diff(x,y) = x)) # label(non_clause).  [assumption].
54 (all x (-P(x,cuniversal) | diff(x,null) = x)) # label(non_clause).  [assumption].
55 (all x (-P(x,cuniversal) | sum(null,x) = x)) # label(non_clause).  [assumption].
56 (all x (x = null | (exists z (I(z,x) & (all u (-I(u,x) | I(u,z))) & -(exists y B(y,z)))))) # label(non_clause).  [assumption].
57 (all x (bdy(x) = null | B(bdy(x),x) & (all z (-B(z,x) | P(z,bdy(x)))))) # label(non_clause).  [assumption].
58 (all x ((x != null | -P(x,x)) & (P(x,x) | x = null))) # label(non_clause).  [assumption].
59 (all x ((-P(x,x) | x != null) & (x = null | P(x,x)))) # label(non_clause).  [assumption].

============================== end of process non-clausal formulas ===

============================== PROCESS INITIAL CLAUSES ===============

% Clauses before input processing:

formulas(usable).
end_of_list.

formulas(sos).
null != c1.  [clausify(1)].
null != c2.  [clausify(1)].
B(c3,c1).  [clausify(1)].
B(c4,c2).  [clausify(1)].
EC(c1,c2).  [clausify(1)].
D(c1,c2).  [clausify(1)].
null = x | P(x,x).  [clausify(2)].
-P(x,y) | -P(y,x) | y = x.  [clausify(3)].
-P(x,y) | -P(y,z) | P(x,z).  [clausify(4)].
null != x | -P(y,x).  [clausify(5)].
null != x | -P(x,y).  [clausify(5)].
P(f1(x),x) | P(x,f1(x)) | null = x.  [clausify(5)].
-PI(x,y) | P(y,x).  [clausify(6)].
-P(x,y) | PI(y,x).  [clausify(6)].
-PP(x,y) | P(f2(x,y),y).  [clausify(7)].
-PP(x,y) | D(f2(x,y),x).  [clausify(7)].
null = x | P(x,c5).  [clausify(8)].
cuniversal != x | null = y | P(y,x).  [clausify(9)].
null != f3(x) | cuniversal = x.  [clausify(9)].
-P(f3(x),x) | cuniversal = x.  [clausify(9)].
-B(x,cuniversal).  [clausify(10)].
-Point(x) | null != x.  [clausify(11)].
-Point(x) | -P(y,x) | EQ(x,y).  [clausify(11)].
null = x | P(f4(x),x) | Point(x).  [clausify(11)].
null = x | -EQ(x,f4(x)) | Point(x).  [clausify(11)].
-PP(x,y) | P(x,y).  [clausify(12)].
-PP(x,y) | -P(y,x).  [clausify(12)].
-P(x,y) | P(y,x) | PP(x,y).  [clausify(12)].
-PPI(x,y) | PP(y,x).  [clausify(13)].
-PP(x,y) | PPI(y,x).  [clausify(13)].
-EQ(x,y) | P(y,x).  [clausify(14)].
-EQ(x,y) | P(x,y).  [clausify(14)].
-P(x,y) | -P(y,x) | EQ(y,x).  [clausify(14)].
-O(x,y) | P(f5(x,y),x).  [clausify(15)].
-O(x,y) | P(f5(x,y),y).  [clausify(15)].
-P(x,y) | -P(x,z) | O(y,z).  [clausify(15)].
-D(x,y) | -O(x,y).  [clausify(16)].
O(x,y) | D(x,y).  [clausify(16)].
-B(x,y) | PP(x,y).  [clausify(17)].
-B(x,y) | -B(y,z) | B(x,z).  [clausify(18)].
-P(x,y) | -B(y,z) | B(x,z).  [clausify(19)].
-B(x,y) | -P(y,z) | P(x,z).  [clausify(20)].
-IMB(x,y) | O(x,y).  [clausify(21)].
-IMB(x,y) | -P(x,y).  [clausify(21)].
-IMB(x,y) | -P(y,x).  [clausify(21)].
-O(x,y) | P(x,y) | P(y,x) | IMB(x,y).  [clausify(21)].
-I(x,y) | P(x,y).  [clausify(22)].
-I(x,y) | -B(z,y) | D(z,x).  [clausify(22)].
-P(x,y) | B(f6(x,y),y) | I(x,y).  [clausify(22)].
-P(x,y) | -D(f6(x,y),x) | I(x,y).  [clausify(22)].
-II(x,y) | I(y,x).  [clausify(23)].
-I(x,y) | II(y,x).  [clausify(23)].
-IP(x,y) | -B(z,y).  [clausify(24)].
-IP(x,y) | I(x,y).  [clausify(24)].
-IP(x,y) | -I(y,x).  [clausify(24)].
B(f7(x,y),y) | -I(x,y) | I(y,x) | IP(x,y).  [clausify(24)].
-IPI(x,y) | IP(y,x).  [clausify(25)].
-IP(x,y) | IPI(y,x).  [clausify(25)].
-TPP(x,y) | PP(x,y).  [clausify(26)].
-TPP(x,y) | P(f8(x,y),x).  [clausify(26)].
-TPP(x,y) | B(f8(x,y),y).  [clausify(26)].
-PP(x,y) | -P(z,x) | -B(z,y) | TPP(x,y).  [clausify(26)].
-TPPI(x,y) | TPP(y,x).  [clausify(27)].
-TPP(x,y) | TPPI(y,x).  [clausify(27)].
-OV(x,y) | IMB(x,y).  [clausify(28)].
-OV(x,y) | I(f9(x,y),x).  [clausify(28)].
-OV(x,y) | I(f9(x,y),y).  [clausify(28)].
-IMB(x,y) | -I(z,x) | -I(z,y) | OV(x,y).  [clausify(28)].
-EC(x,y) | IMB(x,y).  [clausify(29)].
-EC(x,y) | -P(z,x) | -P(z,y) | B(z,x).  [clausify(29)].
-EC(x,y) | -P(z,x) | -P(z,y) | B(z,y).  [clausify(29)].
-IMB(x,y) | P(f10(x,y),x) | EC(x,y).  [clausify(29)].
-IMB(x,y) | P(f10(x,y),y) | EC(x,y).  [clausify(29)].
-IMB(x,y) | -B(f10(x,y),x) | -B(f10(x,y),y) | EC(x,y).  [clausify(29)].
-IC(x,y) | IMB(x,y).  [clausify(30)].
-IC(x,y) | -EC(x,y).  [clausify(30)].
-IC(x,y) | -I(z,x) | -I(z,y).  [clausify(30)].
-IMB(x,y) | EC(x,y) | I(f11(x,y),x) | IC(x,y).  [clausify(30)].
-IMB(x,y) | EC(x,y) | I(f11(x,y),y) | IC(x,y).  [clausify(30)].
null = x | I(f12(x),x).  [clausify(31)].
B(f13(x),x) | -EC(y,x).  [clausify(32)].
-B(x,y) | -B(z,y) | -I(z,y).  [clausify(33)].
-B(x,y) | -I(z,y) | -B(z,y).  [clausify(34)].
-B(x,y) | -EQ(y,z) | B(f14(y,z),z).  [clausify(35)].
B(f15(x,y),x) | -EQ(x,y) | -B(z,y).  [clausify(36)].
B(f16(x,y),x) | -B(z,y) | -EQ(x,y).  [clausify(37)].
-PP(x,y) | B(f17(x,y),y) | IP(x,y).  [clausify(38)].
-O(x,sum(y,z)) | O(x,y) | O(x,z).  [clausify(39)].
-O(x,y) | O(x,sum(y,z)).  [clausify(39)].
-O(x,y) | O(x,sum(z,y)).  [clausify(39)].
-P(x,prod(y,z)) | P(x,y).  [clausify(40)].
-P(x,prod(y,z)) | P(x,z).  [clausify(40)].
-P(x,y) | -P(x,z) | P(x,prod(y,z)).  [clausify(40)].
-P(x,compl(y)) | D(x,y).  [clausify(41)].
-P(x,diff(y,z)) | P(x,y).  [clausify(42)].
-P(x,diff(y,z)) | D(x,z).  [clausify(42)].
-P(x,y) | -D(x,z) | P(x,diff(y,z)).  [clausify(42)].
compl(x) != y | compl(x) != z | z = y.  [clausify(43)].
diff(x,y) != z | diff(x,y) != u | u = z.  [clausify(44)].
prod(x,y) != z | prod(x,y) != u | u = z.  [clausify(45)].
sum(x,y) != z | sum(x,y) != u | u = z.  [clausify(46)].
null = x | null = y | f18(x,y) != null.  [clausify(47)].
null = x | null = y | sum(x,y) = f18(x,y).  [clausify(47)].
sum(x,y) = sum(y,x).  [clausify(48)].
compl(x) != null | cuniversal = x.  [clausify(49)].
cuniversal != x | compl(x) = null.  [clausify(49)].
compl(x) != cuniversal | null = x.  [clausify(50)].
null != x | compl(x) = cuniversal.  [clausify(50)].
prod(x,y) = prod(y,x).  [clausify(51)].
diff(x,y) != null | null = x | P(x,y).  [clausify(52)].
-D(x,y) | diff(x,y) = x.  [clausify(53)].
-P(x,cuniversal) | diff(x,null) = x.  [clausify(54)].
-P(x,cuniversal) | sum(null,x) = x.  [clausify(55)].
null = x | I(f19(x),x).  [clausify(56)].
null = x | -I(y,x) | I(y,f19(x)).  [clausify(56)].
null = x | -B(y,f19(x)).  [clausify(56)].
bdy(x) = null | B(bdy(x),x).  [clausify(57)].
bdy(x) = null | -B(y,x) | P(y,bdy(x)).  [clausify(57)].
null != x | -P(x,x).  [clausify(58)].
P(x,x) | null = x.  [clausify(58)].
-P(x,x) | null != x.  [clausify(59)].
null = x | P(x,x).  [clausify(59)].
end_of_list.

formulas(demodulators).
end_of_list.

============================== PREDICATE ELIMINATION =================

Eliminating EC/2
60 -EC(x,y) | IMB(x,y).  [clausify(29)].
61 EC(c1,c2).  [clausify(1)].
Derived: IMB(c1,c2).  [resolve(60,a,61,a)].
62 -EC(x,y) | -P(z,x) | -P(z,y) | B(z,x).  [clausify(29)].
Derived: -P(x,c1) | -P(x,c2) | B(x,c1).  [resolve(62,a,61,a)].
63 -EC(x,y) | -P(z,x) | -P(z,y) | B(z,y).  [clausify(29)].
Derived: -P(x,c1) | -P(x,c2) | B(x,c2).  [resolve(63,a,61,a)].
64 -IMB(x,y) | P(f10(x,y),x) | EC(x,y).  [clausify(29)].
Derived: -IMB(x,y) | P(f10(x,y),x) | -P(z,x) | -P(z,y) | B(z,x).  [resolve(64,c,62,a)].
Derived: -IMB(x,y) | P(f10(x,y),x) | -P(z,x) | -P(z,y) | B(z,y).  [resolve(64,c,63,a)].
65 -IMB(x,y) | P(f10(x,y),y) | EC(x,y).  [clausify(29)].
Derived: -IMB(x,y) | P(f10(x,y),y) | -P(z,x) | -P(z,y) | B(z,x).  [resolve(65,c,62,a)].
Derived: -IMB(x,y) | P(f10(x,y),y) | -P(z,x) | -P(z,y) | B(z,y).  [resolve(65,c,63,a)].
66 -IMB(x,y) | -B(f10(x,y),x) | -B(f10(x,y),y) | EC(x,y).  [clausify(29)].
Derived: -IMB(x,y) | -B(f10(x,y),x) | -B(f10(x,y),y) | -P(z,x) | -P(z,y) | B(z,x).  [resolve(66,d,62,a)].
Derived: -IMB(x,y) | -B(f10(x,y),x) | -B(f10(x,y),y) | -P(z,x) | -P(z,y) | B(z,y).  [resolve(66,d,63,a)].
67 -IC(x,y) | -EC(x,y).  [clausify(30)].
Derived: -IC(c1,c2).  [resolve(67,b,61,a)].
Derived: -IC(x,y) | -IMB(x,y) | P(f10(x,y),x).  [resolve(67,b,64,c)].
Derived: -IC(x,y) | -IMB(x,y) | P(f10(x,y),y).  [resolve(67,b,65,c)].
Derived: -IC(x,y) | -IMB(x,y) | -B(f10(x,y),x) | -B(f10(x,y),y).  [resolve(67,b,66,d)].
68 -IMB(x,y) | EC(x,y) | I(f11(x,y),x) | IC(x,y).  [clausify(30)].
Derived: -IMB(x,y) | I(f11(x,y),x) | IC(x,y) | -P(z,x) | -P(z,y) | B(z,x).  [resolve(68,b,62,a)].
Derived: -IMB(x,y) | I(f11(x,y),x) | IC(x,y) | -P(z,x) | -P(z,y) | B(z,y).  [resolve(68,b,63,a)].
69 -IMB(x,y) | EC(x,y) | I(f11(x,y),y) | IC(x,y).  [clausify(30)].
Derived: -IMB(x,y) | I(f11(x,y),y) | IC(x,y) | -P(z,x) | -P(z,y) | B(z,x).  [resolve(69,b,62,a)].
Derived: -IMB(x,y) | I(f11(x,y),y) | IC(x,y) | -P(z,x) | -P(z,y) | B(z,y).  [resolve(69,b,63,a)].
70 B(f13(x),x) | -EC(y,x).  [clausify(32)].
Derived: B(f13(c2),c2).  [resolve(70,b,61,a)].
Derived: B(f13(x),x) | -IMB(y,x) | P(f10(y,x),y).  [resolve(70,b,64,c)].
Derived: B(f13(x),x) | -IMB(y,x) | P(f10(y,x),x).  [resolve(70,b,65,c)].
Derived: B(f13(x),x) | -IMB(y,x) | -B(f10(y,x),y) | -B(f10(y,x),x).  [resolve(70,b,66,d)].
Derived: B(f13(x),x) | -IMB(y,x) | I(f11(y,x),y) | IC(y,x).  [resolve(70,b,68,b)].
Derived: B(f13(x),x) | -IMB(y,x) | I(f11(y,x),x) | IC(y,x).  [resolve(70,b,69,b)].

Eliminating PI/2
71 -P(x,y) | PI(y,x).  [clausify(6)].
72 -PI(x,y) | P(y,x).  [clausify(6)].

Eliminating PP/2
73 -P(x,y) | P(y,x) | PP(x,y).  [clausify(12)].
74 -PP(x,y) | P(f2(x,y),y).  [clausify(7)].
75 -PP(x,y) | D(f2(x,y),x).  [clausify(7)].
76 -PP(x,y) | P(x,y).  [clausify(12)].
77 -PP(x,y) | -P(y,x).  [clausify(12)].
Derived: -P(x,y) | P(y,x) | P(f2(x,y),y).  [resolve(73,c,74,a)].
Derived: -P(x,y) | P(y,x) | D(f2(x,y),x).  [resolve(73,c,75,a)].
78 -PPI(x,y) | PP(y,x).  [clausify(13)].
Derived: -PPI(x,y) | P(f2(y,x),x).  [resolve(78,b,74,a)].
Derived: -PPI(x,y) | D(f2(y,x),y).  [resolve(78,b,75,a)].
Derived: -PPI(x,y) | P(y,x).  [resolve(78,b,76,a)].
Derived: -PPI(x,y) | -P(x,y).  [resolve(78,b,77,a)].
79 -PP(x,y) | PPI(y,x).  [clausify(13)].
Derived: PPI(x,y) | -P(y,x) | P(x,y).  [resolve(79,a,73,c)].
80 -B(x,y) | PP(x,y).  [clausify(17)].
Derived: -B(x,y) | P(f2(x,y),y).  [resolve(80,b,74,a)].
Derived: -B(x,y) | D(f2(x,y),x).  [resolve(80,b,75,a)].
Derived: -B(x,y) | P(x,y).  [resolve(80,b,76,a)].
Derived: -B(x,y) | -P(y,x).  [resolve(80,b,77,a)].
Derived: -B(x,y) | PPI(y,x).  [resolve(80,b,79,a)].
81 -TPP(x,y) | PP(x,y).  [clausify(26)].
Derived: -TPP(x,y) | P(f2(x,y),y).  [resolve(81,b,74,a)].
Derived: -TPP(x,y) | D(f2(x,y),x).  [resolve(81,b,75,a)].
Derived: -TPP(x,y) | P(x,y).  [resolve(81,b,76,a)].
Derived: -TPP(x,y) | -P(y,x).  [resolve(81,b,77,a)].
Derived: -TPP(x,y) | PPI(y,x).  [resolve(81,b,79,a)].
82 -PP(x,y) | -P(z,x) | -B(z,y) | TPP(x,y).  [clausify(26)].
Derived: -P(x,y) | -B(x,z) | TPP(y,z) | -P(y,z) | P(z,y).  [resolve(82,a,73,c)].
Derived: -P(x,y) | -B(x,z) | TPP(y,z) | -PPI(z,y).  [resolve(82,a,78,b)].
Derived: -P(x,y) | -B(x,z) | TPP(y,z) | -B(y,z).  [resolve(82,a,80,b)].
83 -PP(x,y) | B(f17(x,y),y) | IP(x,y).  [clausify(38)].
Derived: B(f17(x,y),y) | IP(x,y) | -P(x,y) | P(y,x).  [resolve(83,a,73,c)].
Derived: B(f17(x,y),y) | IP(x,y) | -PPI(y,x).  [resolve(83,a,78,b)].
Derived: B(f17(x,y),y) | IP(x,y) | -B(x,y).  [resolve(83,a,80,b)].
Derived: B(f17(x,y),y) | IP(x,y) | -TPP(x,y).  [resolve(83,a,81,b)].

Eliminating Point/1
84 null = x | P(f4(x),x) | Point(x).  [clausify(11)].
85 -Point(x) | null != x.  [clausify(11)].
86 -Point(x) | -P(y,x) | EQ(x,y).  [clausify(11)].
Derived: null = x | P(f4(x),x) | -P(y,x) | EQ(x,y).  [resolve(84,c,86,a)].
87 null = x | -EQ(x,f4(x)) | Point(x).  [clausify(11)].
Derived: null = x | -EQ(x,f4(x)) | -P(y,x) | EQ(x,y).  [resolve(87,c,86,a)].

Eliminating IMB/2
88 -O(x,y) | P(x,y) | P(y,x) | IMB(x,y).  [clausify(21)].
89 -IMB(x,y) | O(x,y).  [clausify(21)].
90 -IMB(x,y) | -P(x,y).  [clausify(21)].
91 -IMB(x,y) | -P(y,x).  [clausify(21)].
92 -OV(x,y) | IMB(x,y).  [clausify(28)].
Derived: -OV(x,y) | O(x,y).  [resolve(92,b,89,a)].
Derived: -OV(x,y) | -P(x,y).  [resolve(92,b,90,a)].
Derived: -OV(x,y) | -P(y,x).  [resolve(92,b,91,a)].
93 -IMB(x,y) | -I(z,x) | -I(z,y) | OV(x,y).  [clausify(28)].
Derived: -I(x,y) | -I(x,z) | OV(y,z) | -O(y,z) | P(y,z) | P(z,y).  [resolve(93,a,88,d)].
94 -IC(x,y) | IMB(x,y).  [clausify(30)].
Derived: -IC(x,y) | O(x,y).  [resolve(94,b,89,a)].
Derived: -IC(x,y) | -P(x,y).  [resolve(94,b,90,a)].
Derived: -IC(x,y) | -P(y,x).  [resolve(94,b,91,a)].
95 IMB(c1,c2).  [resolve(60,a,61,a)].
Derived: O(c1,c2).  [resolve(95,a,89,a)].
Derived: -P(c1,c2).  [resolve(95,a,90,a)].
Derived: -P(c2,c1).  [resolve(95,a,91,a)].
Derived: -I(x,c1) | -I(x,c2) | OV(c1,c2).  [resolve(95,a,93,a)].
96 -IMB(x,y) | P(f10(x,y),x) | -P(z,x) | -P(z,y) | B(z,x).  [resolve(64,c,62,a)].
Derived: P(f10(x,y),x) | -P(z,x) | -P(z,y) | B(z,x) | -O(x,y) | P(x,y) | P(y,x).  [resolve(96,a,88,d)].
Derived: P(f10(x,y),x) | -P(z,x) | -P(z,y) | B(z,x) | -OV(x,y).  [resolve(96,a,92,b)].
Derived: P(f10(x,y),x) | -P(z,x) | -P(z,y) | B(z,x) | -IC(x,y).  [resolve(96,a,94,b)].
Derived: P(f10(c1,c2),c1) | -P(x,c1) | -P(x,c2) | B(x,c1).  [resolve(96,a,95,a)].
97 -IMB(x,y) | P(f10(x,y),x) | -P(z,x) | -P(z,y) | B(z,y).  [resolve(64,c,63,a)].
Derived: P(f10(x,y),x) | -P(z,x) | -P(z,y) | B(z,y) | -O(x,y) | P(x,y) | P(y,x).  [resolve(97,a,88,d)].
Derived: P(f10(x,y),x) | -P(z,x) | -P(z,y) | B(z,y) | -OV(x,y).  [resolve(97,a,92,b)].
Derived: P(f10(x,y),x) | -P(z,x) | -P(z,y) | B(z,y) | -IC(x,y).  [resolve(97,a,94,b)].
Derived: P(f10(c1,c2),c1) | -P(x,c1) | -P(x,c2) | B(x,c2).  [resolve(97,a,95,a)].
98 -IMB(x,y) | P(f10(x,y),y) | -P(z,x) | -P(z,y) | B(z,x).  [resolve(65,c,62,a)].
Derived: P(f10(x,y),y) | -P(z,x) | -P(z,y) | B(z,x) | -O(x,y) | P(x,y) | P(y,x).  [resolve(98,a,88,d)].
Derived: P(f10(x,y),y) | -P(z,x) | -P(z,y) | B(z,x) | -OV(x,y).  [resolve(98,a,92,b)].
Derived: P(f10(x,y),y) | -P(z,x) | -P(z,y) | B(z,x) | -IC(x,y).  [resolve(98,a,94,b)].
Derived: P(f10(c1,c2),c2) | -P(x,c1) | -P(x,c2) | B(x,c1).  [resolve(98,a,95,a)].
99 -IMB(x,y) | P(f10(x,y),y) | -P(z,x) | -P(z,y) | B(z,y).  [resolve(65,c,63,a)].
Derived: P(f10(x,y),y) | -P(z,x) | -P(z,y) | B(z,y) | -O(x,y) | P(x,y) | P(y,x).  [resolve(99,a,88,d)].
Derived: P(f10(x,y),y) | -P(z,x) | -P(z,y) | B(z,y) | -OV(x,y).  [resolve(99,a,92,b)].
Derived: P(f10(x,y),y) | -P(z,x) | -P(z,y) | B(z,y) | -IC(x,y).  [resolve(99,a,94,b)].
Derived: P(f10(c1,c2),c2) | -P(x,c1) | -P(x,c2) | B(x,c2).  [resolve(99,a,95,a)].
100 -IMB(x,y) | -B(f10(x,y),x) | -B(f10(x,y),y) | -P(z,x) | -P(z,y) | B(z,x).  [resolve(66,d,62,a)].
Derived: -B(f10(x,y),x) | -B(f10(x,y),y) | -P(z,x) | -P(z,y) | B(z,x) | -O(x,y) | P(x,y) | P(y,x).  [resolve(100,a,88,d)].
Derived: -B(f10(x,y),x) | -B(f10(x,y),y) | -P(z,x) | -P(z,y) | B(z,x) | -OV(x,y).  [resolve(100,a,92,b)].
Derived: -B(f10(x,y),x) | -B(f10(x,y),y) | -P(z,x) | -P(z,y) | B(z,x) | -IC(x,y).  [resolve(100,a,94,b)].
Derived: -B(f10(c1,c2),c1) | -B(f10(c1,c2),c2) | -P(x,c1) | -P(x,c2) | B(x,c1).  [resolve(100,a,95,a)].
101 -IMB(x,y) | -B(f10(x,y),x) | -B(f10(x,y),y) | -P(z,x) | -P(z,y) | B(z,y).  [resolve(66,d,63,a)].
Derived: -B(f10(x,y),x) | -B(f10(x,y),y) | -P(z,x) | -P(z,y) | B(z,y) | -O(x,y) | P(x,y) | P(y,x).  [resolve(101,a,88,d)].
Derived: -B(f10(x,y),x) | -B(f10(x,y),y) | -P(z,x) | -P(z,y) | B(z,y) | -OV(x,y).  [resolve(101,a,92,b)].
Derived: -B(f10(x,y),x) | -B(f10(x,y),y) | -P(z,x) | -P(z,y) | B(z,y) | -IC(x,y).  [resolve(101,a,94,b)].
Derived: -B(f10(c1,c2),c1) | -B(f10(c1,c2),c2) | -P(x,c1) | -P(x,c2) | B(x,c2).  [resolve(101,a,95,a)].
102 -IC(x,y) | -IMB(x,y) | P(f10(x,y),x).  [resolve(67,b,64,c)].
Derived: -IC(x,y) | P(f10(x,y),x) | -O(x,y) | P(x,y) | P(y,x).  [resolve(102,b,88,d)].
Derived: -IC(x,y) | P(f10(x,y),x) | -OV(x,y).  [resolve(102,b,92,b)].
Derived: -IC(x,y) | P(f10(x,y),x) | -IC(x,y).  [resolve(102,b,94,b)].
103 -IC(x,y) | -IMB(x,y) | P(f10(x,y),y).  [resolve(67,b,65,c)].
Derived: -IC(x,y) | P(f10(x,y),y) | -O(x,y) | P(x,y) | P(y,x).  [resolve(103,b,88,d)].
Derived: -IC(x,y) | P(f10(x,y),y) | -OV(x,y).  [resolve(103,b,92,b)].
Derived: -IC(x,y) | P(f10(x,y),y) | -IC(x,y).  [resolve(103,b,94,b)].
104 -IC(x,y) | -IMB(x,y) | -B(f10(x,y),x) | -B(f10(x,y),y).  [resolve(67,b,66,d)].
Derived: -IC(x,y) | -B(f10(x,y),x) | -B(f10(x,y),y) | -O(x,y) | P(x,y) | P(y,x).  [resolve(104,b,88,d)].
Derived: -IC(x,y) | -B(f10(x,y),x) | -B(f10(x,y),y) | -OV(x,y).  [resolve(104,b,92,b)].
Derived: -IC(x,y) | -B(f10(x,y),x) | -B(f10(x,y),y) | -IC(x,y).  [resolve(104,b,94,b)].
105 -IMB(x,y) | I(f11(x,y),x) | IC(x,y) | -P(z,x) | -P(z,y) | B(z,x).  [resolve(68,b,62,a)].
Derived: I(f11(x,y),x) | IC(x,y) | -P(z,x) | -P(z,y) | B(z,x) | -O(x,y) | P(x,y) | P(y,x).  [resolve(105,a,88,d)].
Derived: I(f11(x,y),x) | IC(x,y) | -P(z,x) | -P(z,y) | B(z,x) | -OV(x,y).  [resolve(105,a,92,b)].
Derived: I(f11(c1,c2),c1) | IC(c1,c2) | -P(x,c1) | -P(x,c2) | B(x,c1).  [resolve(105,a,95,a)].
106 -IMB(x,y) | I(f11(x,y),x) | IC(x,y) | -P(z,x) | -P(z,y) | B(z,y).  [resolve(68,b,63,a)].
Derived: I(f11(x,y),x) | IC(x,y) | -P(z,x) | -P(z,y) | B(z,y) | -O(x,y) | P(x,y) | P(y,x).  [resolve(106,a,88,d)].
Derived: I(f11(x,y),x) | IC(x,y) | -P(z,x) | -P(z,y) | B(z,y) | -OV(x,y).  [resolve(106,a,92,b)].
Derived: I(f11(c1,c2),c1) | IC(c1,c2) | -P(x,c1) | -P(x,c2) | B(x,c2).  [resolve(106,a,95,a)].
107 -IMB(x,y) | I(f11(x,y),y) | IC(x,y) | -P(z,x) | -P(z,y) | B(z,x).  [resolve(69,b,62,a)].
Derived: I(f11(x,y),y) | IC(x,y) | -P(z,x) | -P(z,y) | B(z,x) | -O(x,y) | P(x,y) | P(y,x).  [resolve(107,a,88,d)].
Derived: I(f11(x,y),y) | IC(x,y) | -P(z,x) | -P(z,y) | B(z,x) | -OV(x,y).  [resolve(107,a,92,b)].
Derived: I(f11(c1,c2),c2) | IC(c1,c2) | -P(x,c1) | -P(x,c2) | B(x,c1).  [resolve(107,a,95,a)].
108 -IMB(x,y) | I(f11(x,y),y) | IC(x,y) | -P(z,x) | -P(z,y) | B(z,y).  [resolve(69,b,63,a)].
Derived: I(f11(x,y),y) | IC(x,y) | -P(z,x) | -P(z,y) | B(z,y) | -O(x,y) | P(x,y) | P(y,x).  [resolve(108,a,88,d)].
Derived: I(f11(x,y),y) | IC(x,y) | -P(z,x) | -P(z,y) | B(z,y) | -OV(x,y).  [resolve(108,a,92,b)].
Derived: I(f11(c1,c2),c2) | IC(c1,c2) | -P(x,c1) | -P(x,c2) | B(x,c2).  [resolve(108,a,95,a)].
109 B(f13(x),x) | -IMB(y,x) | P(f10(y,x),y).  [resolve(70,b,64,c)].
Derived: B(f13(x),x) | P(f10(y,x),y) | -O(y,x) | P(y,x) | P(x,y).  [resolve(109,b,88,d)].
Derived: B(f13(x),x) | P(f10(y,x),y) | -OV(y,x).  [resolve(109,b,92,b)].
Derived: B(f13(c2),c2) | P(f10(c1,c2),c1).  [resolve(109,b,95,a)].
110 B(f13(x),x) | -IMB(y,x) | P(f10(y,x),x).  [resolve(70,b,65,c)].
Derived: B(f13(x),x) | P(f10(y,x),x) | -O(y,x) | P(y,x) | P(x,y).  [resolve(110,b,88,d)].
Derived: B(f13(x),x) | P(f10(y,x),x) | -OV(y,x).  [resolve(110,b,92,b)].
Derived: B(f13(c2),c2) | P(f10(c1,c2),c2).  [resolve(110,b,95,a)].
111 B(f13(x),x) | -IMB(y,x) | -B(f10(y,x),y) | -B(f10(y,x),x).  [resolve(70,b,66,d)].
Derived: B(f13(x),x) | -B(f10(y,x),y) | -B(f10(y,x),x) | -O(y,x) | P(y,x) | P(x,y).  [resolve(111,b,88,d)].
Derived: B(f13(x),x) | -B(f10(y,x),y) | -B(f10(y,x),x) | -OV(y,x).  [resolve(111,b,92,b)].
Derived: B(f13(c2),c2) | -B(f10(c1,c2),c1) | -B(f10(c1,c2),c2).  [resolve(111,b,95,a)].
112 B(f13(x),x) | -IMB(y,x) | I(f11(y,x),y) | IC(y,x).  [resolve(70,b,68,b)].
Derived: B(f13(x),x) | I(f11(y,x),y) | IC(y,x) | -O(y,x) | P(y,x) | P(x,y).  [resolve(112,b,88,d)].
Derived: B(f13(x),x) | I(f11(y,x),y) | IC(y,x) | -OV(y,x).  [resolve(112,b,92,b)].
Derived: B(f13(c2),c2) | I(f11(c1,c2),c1) | IC(c1,c2).  [resolve(112,b,95,a)].
113 B(f13(x),x) | -IMB(y,x) | I(f11(y,x),x) | IC(y,x).  [resolve(70,b,69,b)].
Derived: B(f13(x),x) | I(f11(y,x),x) | IC(y,x) | -O(y,x) | P(y,x) | P(x,y).  [resolve(113,b,88,d)].
Derived: B(f13(x),x) | I(f11(y,x),x) | IC(y,x) | -OV(y,x).  [resolve(113,b,92,b)].
Derived: B(f13(c2),c2) | I(f11(c1,c2),c2) | IC(c1,c2).  [resolve(113,b,95,a)].

Eliminating II/2
114 -I(x,y) | II(y,x).  [clausify(23)].
115 -II(x,y) | I(y,x).  [clausify(23)].

Eliminating IP/2
116 B(f7(x,y),y) | -I(x,y) | I(y,x) | IP(x,y).  [clausify(24)].
117 -IP(x,y) | -B(z,y).  [clausify(24)].
118 -IP(x,y) | I(x,y).  [clausify(24)].
119 -IP(x,y) | -I(y,x).  [clausify(24)].
Derived: B(f7(x,y),y) | -I(x,y) | I(y,x) | -B(z,y).  [resolve(116,d,117,a)].
120 -IPI(x,y) | IP(y,x).  [clausify(25)].
Derived: -IPI(x,y) | -B(z,x).  [resolve(120,b,117,a)].
Derived: -IPI(x,y) | I(y,x).  [resolve(120,b,118,a)].
Derived: -IPI(x,y) | -I(x,y).  [resolve(120,b,119,a)].
121 -IP(x,y) | IPI(y,x).  [clausify(25)].
Derived: IPI(x,y) | B(f7(y,x),x) | -I(y,x) | I(x,y).  [resolve(121,a,116,d)].
122 B(f17(x,y),y) | IP(x,y) | -P(x,y) | P(y,x).  [resolve(83,a,73,c)].
Derived: B(f17(x,y),y) | -P(x,y) | P(y,x) | -B(z,y).  [resolve(122,b,117,a)].
Derived: B(f17(x,y),y) | -P(x,y) | P(y,x) | I(x,y).  [resolve(122,b,118,a)].
Derived: B(f17(x,y),y) | -P(x,y) | P(y,x) | -I(y,x).  [resolve(122,b,119,a)].
Derived: B(f17(x,y),y) | -P(x,y) | P(y,x) | IPI(y,x).  [resolve(122,b,121,a)].
123 B(f17(x,y),y) | IP(x,y) | -PPI(y,x).  [resolve(83,a,78,b)].
Derived: B(f17(x,y),y) | -PPI(y,x) | -B(z,y).  [resolve(123,b,117,a)].
Derived: B(f17(x,y),y) | -PPI(y,x) | I(x,y).  [resolve(123,b,118,a)].
Derived: B(f17(x,y),y) | -PPI(y,x) | -I(y,x).  [resolve(123,b,119,a)].
Derived: B(f17(x,y),y) | -PPI(y,x) | IPI(y,x).  [resolve(123,b,121,a)].
124 B(f17(x,y),y) | IP(x,y) | -B(x,y).  [resolve(83,a,80,b)].
Derived: B(f17(x,y),y) | -B(x,y) | -B(z,y).  [resolve(124,b,117,a)].
125 B(f17(x,y),y) | IP(x,y) | -TPP(x,y).  [resolve(83,a,81,b)].
Derived: B(f17(x,y),y) | -TPP(x,y) | -B(z,y).  [resolve(125,b,117,a)].
Derived: B(f17(x,y),y) | -TPP(x,y) | I(x,y).  [resolve(125,b,118,a)].
Derived: B(f17(x,y),y) | -TPP(x,y) | -I(y,x).  [resolve(125,b,119,a)].
Derived: B(f17(x,y),y) | -TPP(x,y) | IPI(y,x).  [resolve(125,b,121,a)].

Eliminating TPP/2
126 -TPPI(x,y) | TPP(y,x).  [clausify(27)].
127 -TPP(x,y) | P(f8(x,y),x).  [clausify(26)].
128 -TPP(x,y) | B(f8(x,y),y).  [clausify(26)].
Derived: -TPPI(x,y) | P(f8(y,x),y).  [resolve(126,b,127,a)].
Derived: -TPPI(x,y) | B(f8(y,x),x).  [resolve(126,b,128,a)].
129 -TPP(x,y) | TPPI(y,x).  [clausify(27)].
130 -TPP(x,y) | P(f2(x,y),y).  [resolve(81,b,74,a)].
Derived: P(f2(x,y),y) | -TPPI(y,x).  [resolve(130,a,126,b)].
131 -TPP(x,y) | D(f2(x,y),x).  [resolve(81,b,75,a)].
Derived: D(f2(x,y),x) | -TPPI(y,x).  [resolve(131,a,126,b)].
132 -TPP(x,y) | P(x,y).  [resolve(81,b,76,a)].
Derived: P(x,y) | -TPPI(y,x).  [resolve(132,a,126,b)].
133 -TPP(x,y) | -P(y,x).  [resolve(81,b,77,a)].
Derived: -P(x,y) | -TPPI(x,y).  [resolve(133,a,126,b)].
134 -TPP(x,y) | PPI(y,x).  [resolve(81,b,79,a)].
Derived: PPI(x,y) | -TPPI(x,y).  [resolve(134,a,126,b)].
135 -P(x,y) | -B(x,z) | TPP(y,z) | -P(y,z) | P(z,y).  [resolve(82,a,73,c)].
Derived: -P(x,y) | -B(x,z) | -P(y,z) | P(z,y) | P(f8(y,z),y).  [resolve(135,c,127,a)].
Derived: -P(x,y) | -B(x,z) | -P(y,z) | P(z,y) | B(f8(y,z),z).  [resolve(135,c,128,a)].
Derived: -P(x,y) | -B(x,z) | -P(y,z) | P(z,y) | TPPI(z,y).  [resolve(135,c,129,a)].
Derived: -P(x,y) | -B(x,z) | -P(y,z) | P(z,y) | P(f2(y,z),z).  [resolve(135,c,130,a)].
Derived: -P(x,y) | -B(x,z) | -P(y,z) | P(z,y) | D(f2(y,z),y).  [resolve(135,c,131,a)].
Derived: -P(x,y) | -B(x,z) | -P(y,z) | P(z,y) | PPI(z,y).  [resolve(135,c,134,a)].
136 -P(x,y) | -B(x,z) | TPP(y,z) | -PPI(z,y).  [resolve(82,a,78,b)].
Derived: -P(x,y) | -B(x,z) | -PPI(z,y) | P(f8(y,z),y).  [resolve(136,c,127,a)].
Derived: -P(x,y) | -B(x,z) | -PPI(z,y) | B(f8(y,z),z).  [resolve(136,c,128,a)].
Derived: -P(x,y) | -B(x,z) | -PPI(z,y) | TPPI(z,y).  [resolve(136,c,129,a)].
Derived: -P(x,y) | -B(x,z) | -PPI(z,y) | P(f2(y,z),z).  [resolve(136,c,130,a)].
Derived: -P(x,y) | -B(x,z) | -PPI(z,y) | D(f2(y,z),y).  [resolve(136,c,131,a)].
Derived: -P(x,y) | -B(x,z) | -PPI(z,y) | P(y,z).  [resolve(136,c,132,a)].
Derived: -P(x,y) | -B(x,z) | -PPI(z,y) | -P(z,y).  [resolve(136,c,133,a)].
137 -P(x,y) | -B(x,z) | TPP(y,z) | -B(y,z).  [resolve(82,a,80,b)].
Derived: -P(x,y) | -B(x,z) | -B(y,z) | P(f8(y,z),y).  [resolve(137,c,127,a)].
Derived: -P(x,y) | -B(x,z) | -B(y,z) | B(f8(y,z),z).  [resolve(137,c,128,a)].
Derived: -P(x,y) | -B(x,z) | -B(y,z) | TPPI(z,y).  [resolve(137,c,129,a)].
Derived: -P(x,y) | -B(x,z) | -B(y,z) | P(f2(y,z),z).  [resolve(137,c,130,a)].
Derived: -P(x,y) | -B(x,z) | -B(y,z) | D(f2(y,z),y).  [resolve(137,c,131,a)].
Derived: -P(x,y) | -B(x,z) | -B(y,z) | P(y,z).  [resolve(137,c,132,a)].
Derived: -P(x,y) | -B(x,z) | -B(y,z) | -P(z,y).  [resolve(137,c,133,a)].
Derived: -P(x,y) | -B(x,z) | -B(y,z) | PPI(z,y).  [resolve(137,c,134,a)].
138 B(f17(x,y),y) | -TPP(x,y) | -B(z,y).  [resolve(125,b,117,a)].
Derived: B(f17(x,y),y) | -B(z,y) | -TPPI(y,x).  [resolve(138,b,126,b)].
Derived: B(f17(x,y),y) | -B(z,y) | -P(u,x) | -B(u,y) | -P(x,y) | P(y,x).  [resolve(138,b,135,c)].
Derived: B(f17(x,y),y) | -B(z,y) | -P(u,x) | -B(u,y) | -PPI(y,x).  [resolve(138,b,136,c)].
Derived: B(f17(x,y),y) | -B(z,y) | -P(u,x) | -B(u,y) | -B(x,y).  [resolve(138,b,137,c)].
139 B(f17(x,y),y) | -TPP(x,y) | I(x,y).  [resolve(125,b,118,a)].
Derived: B(f17(x,y),y) | I(x,y) | -TPPI(y,x).  [resolve(139,b,126,b)].
140 B(f17(x,y),y) | -TPP(x,y) | -I(y,x).  [resolve(125,b,119,a)].
Derived: B(f17(x,y),y) | -I(y,x) | -TPPI(y,x).  [resolve(140,b,126,b)].
141 B(f17(x,y),y) | -TPP(x,y) | IPI(y,x).  [resolve(125,b,121,a)].
Derived: B(f17(x,y),y) | IPI(y,x) | -TPPI(y,x).  [resolve(141,b,126,b)].

Eliminating OV/2
142 -I(x,y) | -I(x,z) | OV(y,z) | -O(y,z) | P(y,z) | P(z,y).  [resolve(93,a,88,d)].
143 -OV(x,y) | I(f9(x,y),x).  [clausify(28)].
144 -OV(x,y) | I(f9(x,y),y).  [clausify(28)].
145 -OV(x,y) | O(x,y).  [resolve(92,b,89,a)].
146 -OV(x,y) | -P(x,y).  [resolve(92,b,90,a)].
147 -OV(x,y) | -P(y,x).  [resolve(92,b,91,a)].
Derived: -I(x,y) | -I(x,z) | -O(y,z) | P(y,z) | P(z,y) | I(f9(y,z),y).  [resolve(142,c,143,a)].
Derived: -I(x,y) | -I(x,z) | -O(y,z) | P(y,z) | P(z,y) | I(f9(y,z),z).  [resolve(142,c,144,a)].
148 -I(x,c1) | -I(x,c2) | OV(c1,c2).  [resolve(95,a,93,a)].
Derived: -I(x,c1) | -I(x,c2) | I(f9(c1,c2),c1).  [resolve(148,c,143,a)].
Derived: -I(x,c1) | -I(x,c2) | I(f9(c1,c2),c2).  [resolve(148,c,144,a)].
Derived: -I(x,c1) | -I(x,c2) | O(c1,c2).  [resolve(148,c,145,a)].
Derived: -I(x,c1) | -I(x,c2) | -P(c1,c2).  [resolve(148,c,146,a)].
Derived: -I(x,c1) | -I(x,c2) | -P(c2,c1).  [resolve(148,c,147,a)].
149 P(f10(x,y),x) | -P(z,x) | -P(z,y) | B(z,x) | -OV(x,y).  [resolve(96,a,92,b)].
Derived: P(f10(x,y),x) | -P(z,x) | -P(z,y) | B(z,x) | -I(u,x) | -I(u,y) | -O(x,y) | P(x,y) | P(y,x).  [resolve(149,e,142,c)].
150 P(f10(x,y),x) | -P(z,x) | -P(z,y) | B(z,y) | -OV(x,y).  [resolve(97,a,92,b)].
Derived: P(f10(x,y),x) | -P(z,x) | -P(z,y) | B(z,y) | -I(u,x) | -I(u,y) | -O(x,y) | P(x,y) | P(y,x).  [resolve(150,e,142,c)].
151 P(f10(x,y),y) | -P(z,x) | -P(z,y) | B(z,x) | -OV(x,y).  [resolve(98,a,92,b)].
Derived: P(f10(x,y),y) | -P(z,x) | -P(z,y) | B(z,x) | -I(u,x) | -I(u,y) | -O(x,y) | P(x,y) | P(y,x).  [resolve(151,e,142,c)].
152 P(f10(x,y),y) | -P(z,x) | -P(z,y) | B(z,y) | -OV(x,y).  [resolve(99,a,92,b)].
Derived: P(f10(x,y),y) | -P(z,x) | -P(z,y) | B(z,y) | -I(u,x) | -I(u,y) | -O(x,y) | P(x,y) | P(y,x).  [resolve(152,e,142,c)].
153 -B(f10(x,y),x) | -B(f10(x,y),y) | -P(z,x) | -P(z,y) | B(z,x) | -OV(x,y).  [resolve(100,a,92,b)].
Derived: -B(f10(x,y),x) | -B(f10(x,y),y) | -P(z,x) | -P(z,y) | B(z,x) | -I(u,x) | -I(u,y) | -O(x,y) | P(x,y) | P(y,x).  [resolve(153,f,142,c)].
154 -B(f10(x,y),x) | -B(f10(x,y),y) | -P(z,x) | -P(z,y) | B(z,y) | -OV(x,y).  [resolve(101,a,92,b)].
Derived: -B(f10(x,y),x) | -B(f10(x,y),y) | -P(z,x) | -P(z,y) | B(z,y) | -I(u,x) | -I(u,y) | -O(x,y) | P(x,y) | P(y,x).  [resolve(154,f,142,c)].
155 -IC(x,y) | P(f10(x,y),x) | -OV(x,y).  [resolve(102,b,92,b)].
156 -IC(x,y) | P(f10(x,y),y) | -OV(x,y).  [resolve(103,b,92,b)].
157 -IC(x,y) | -B(f10(x,y),x) | -B(f10(x,y),y) | -OV(x,y).  [resolve(104,b,92,b)].
158 I(f11(x,y),x) | IC(x,y) | -P(z,x) | -P(z,y) | B(z,x) | -OV(x,y).  [resolve(105,a,92,b)].
Derived: I(f11(x,y),x) | IC(x,y) | -P(z,x) | -P(z,y) | B(z,x) | -I(u,x) | -I(u,y) | -O(x,y) | P(x,y) | P(y,x).  [resolve(158,f,142,c)].
159 I(f11(x,y),x) | IC(x,y) | -P(z,x) | -P(z,y) | B(z,y) | -OV(x,y).  [resolve(106,a,92,b)].
Derived: I(f11(x,y),x) | IC(x,y) | -P(z,x) | -P(z,y) | B(z,y) | -I(u,x) | -I(u,y) | -O(x,y) | P(x,y) | P(y,x).  [resolve(159,f,142,c)].
160 I(f11(x,y),y) | IC(x,y) | -P(z,x) | -P(z,y) | B(z,x) | -OV(x,y).  [resolve(107,a,92,b)].
Derived: I(f11(x,y),y) | IC(x,y) | -P(z,x) | -P(z,y) | B(z,x) | -I(u,x) | -I(u,y) | -O(x,y) | P(x,y) | P(y,x).  [resolve(160,f,142,c)].
161 I(f11(x,y),y) | IC(x,y) | -P(z,x) | -P(z,y) | B(z,y) | -OV(x,y).  [resolve(108,a,92,b)].
Derived: I(f11(x,y),y) | IC(x,y) | -P(z,x) | -P(z,y) | B(z,y) | -I(u,x) | -I(u,y) | -O(x,y) | P(x,y) | P(y,x).  [resolve(161,f,142,c)].
162 B(f13(x),x) | P(f10(y,x),y) | -OV(y,x).  [resolve(109,b,92,b)].
Derived: B(f13(x),x) | P(f10(y,x),y) | -I(z,y) | -I(z,x) | -O(y,x) | P(y,x) | P(x,y).  [resolve(162,c,142,c)].
163 B(f13(x),x) | P(f10(y,x),x) | -OV(y,x).  [resolve(110,b,92,b)].
Derived: B(f13(x),x) | P(f10(y,x),x) | -I(z,y) | -I(z,x) | -O(y,x) | P(y,x) | P(x,y).  [resolve(163,c,142,c)].
164 B(f13(x),x) | -B(f10(y,x),y) | -B(f10(y,x),x) | -OV(y,x).  [resolve(111,b,92,b)].
Derived: B(f13(x),x) | -B(f10(y,x),y) | -B(f10(y,x),x) | -I(z,y) | -I(z,x) | -O(y,x) | P(y,x) | P(x,y).  [resolve(164,d,142,c)].
165 B(f13(x),x) | I(f11(y,x),y) | IC(y,x) | -OV(y,x).  [resolve(112,b,92,b)].
Derived: B(f13(x),x) | I(f11(y,x),y) | IC(y,x) | -I(z,y) | -I(z,x) | -O(y,x) | P(y,x) | P(x,y).  [resolve(165,d,142,c)].
166 B(f13(x),x) | I(f11(y,x),x) | IC(y,x) | -OV(y,x).  [resolve(113,b,92,b)].
Derived: B(f13(x),x) | I(f11(y,x),x) | IC(y,x) | -I(z,y) | -I(z,x) | -O(y,x) | P(y,x) | P(x,y).  [resolve(166,d,142,c)].

Eliminating PPI/2
167 PPI(x,y) | -P(y,x) | P(x,y).  [resolve(79,a,73,c)].
168 -PPI(x,y) | P(f2(y,x),x).  [resolve(78,b,74,a)].
169 -PPI(x,y) | D(f2(y,x),y).  [resolve(78,b,75,a)].
170 -PPI(x,y) | P(y,x).  [resolve(78,b,76,a)].
171 -PPI(x,y) | -P(x,y).  [resolve(78,b,77,a)].
Derived: -P(x,y) | P(y,x) | P(f2(x,y),y).  [resolve(167,a,168,a)].
Derived: -P(x,y) | P(y,x) | D(f2(x,y),x).  [resolve(167,a,169,a)].
172 -B(x,y) | PPI(y,x).  [resolve(80,b,79,a)].
Derived: -B(x,y) | P(f2(x,y),y).  [resolve(172,b,168,a)].
Derived: -B(x,y) | D(f2(x,y),x).  [resolve(172,b,169,a)].
Derived: -B(x,y) | P(x,y).  [resolve(172,b,170,a)].
Derived: -B(x,y) | -P(y,x).  [resolve(172,b,171,a)].
173 B(f17(x,y),y) | -PPI(y,x) | -B(z,y).  [resolve(123,b,117,a)].
Derived: B(f17(x,y),y) | -B(z,y) | -P(x,y) | P(y,x).  [resolve(173,b,167,a)].
174 B(f17(x,y),y) | -PPI(y,x) | I(x,y).  [resolve(123,b,118,a)].
Derived: B(f17(x,y),y) | I(x,y) | -P(x,y) | P(y,x).  [resolve(174,b,167,a)].
175 B(f17(x,y),y) | -PPI(y,x) | -I(y,x).  [resolve(123,b,119,a)].
Derived: B(f17(x,y),y) | -I(y,x) | -P(x,y) | P(y,x).  [resolve(175,b,167,a)].
176 B(f17(x,y),y) | -PPI(y,x) | IPI(y,x).  [resolve(123,b,121,a)].
Derived: B(f17(x,y),y) | IPI(y,x) | -P(x,y) | P(y,x).  [resolve(176,b,167,a)].
177 PPI(x,y) | -TPPI(x,y).  [resolve(134,a,126,b)].
Derived: -TPPI(x,y) | P(f2(y,x),x).  [resolve(177,a,168,a)].
Derived: -TPPI(x,y) | D(f2(y,x),y).  [resolve(177,a,169,a)].
Derived: -TPPI(x,y) | P(y,x).  [resolve(177,a,170,a)].
Derived: -TPPI(x,y) | -P(x,y).  [resolve(177,a,171,a)].
178 -P(x,y) | -B(x,z) | -P(y,z) | P(z,y) | PPI(z,y).  [resolve(135,c,134,a)].
179 -P(x,y) | -B(x,z) | -PPI(z,y) | P(f8(y,z),y).  [resolve(136,c,127,a)].
Derived: -P(x,y) | -B(x,z) | P(f8(y,z),y) | -P(y,z) | P(z,y).  [resolve(179,c,167,a)].
Derived: -P(x,y) | -B(x,z) | P(f8(y,z),y) | -TPPI(z,y).  [resolve(179,c,177,a)].
180 -P(x,y) | -B(x,z) | -PPI(z,y) | B(f8(y,z),z).  [resolve(136,c,128,a)].
Derived: -P(x,y) | -B(x,z) | B(f8(y,z),z) | -P(y,z) | P(z,y).  [resolve(180,c,167,a)].
Derived: -P(x,y) | -B(x,z) | B(f8(y,z),z) | -TPPI(z,y).  [resolve(180,c,177,a)].
181 -P(x,y) | -B(x,z) | -PPI(z,y) | TPPI(z,y).  [resolve(136,c,129,a)].
Derived: -P(x,y) | -B(x,z) | TPPI(z,y) | -P(y,z) | P(z,y).  [resolve(181,c,167,a)].
182 -P(x,y) | -B(x,z) | -PPI(z,y) | P(f2(y,z),z).  [resolve(136,c,130,a)].
183 -P(x,y) | -B(x,z) | -PPI(z,y) | D(f2(y,z),y).  [resolve(136,c,131,a)].
184 -P(x,y) | -B(x,z) | -PPI(z,y) | P(y,z).  [resolve(136,c,132,a)].
185 -P(x,y) | -B(x,z) | -PPI(z,y) | -P(z,y).  [resolve(136,c,133,a)].
186 -P(x,y) | -B(x,z) | -B(y,z) | PPI(z,y).  [resolve(137,c,134,a)].
Derived: -P(x,y) | -B(x,z) | -B(y,z) | -P(u,y) | -B(u,z) | P(f8(y,z),y).  [resolve(186,d,179,c)].
Derived: -P(x,y) | -B(x,z) | -B(y,z) | -P(u,y) | -B(u,z) | B(f8(y,z),z).  [resolve(186,d,180,c)].
Derived: -P(x,y) | -B(x,z) | -B(y,z) | -P(u,y) | -B(u,z) | TPPI(z,y).  [resolve(186,d,181,c)].
187 B(f17(x,y),y) | -B(z,y) | -P(u,x) | -B(u,y) | -PPI(y,x).  [resolve(138,b,136,c)].
Derived: B(f17(x,y),y) | -B(z,y) | -P(u,x) | -B(u,y) | -TPPI(y,x).  [resolve(187,e,177,a)].

Eliminating IPI/2
188 IPI(x,y) | B(f7(y,x),x) | -I(y,x) | I(x,y).  [resolve(121,a,116,d)].
189 -IPI(x,y) | -B(z,x).  [resolve(120,b,117,a)].
190 -IPI(x,y) | I(y,x).  [resolve(120,b,118,a)].
191 -IPI(x,y) | -I(x,y).  [resolve(120,b,119,a)].
Derived: B(f7(x,y),y) | -I(x,y) | I(y,x) | -B(z,y).  [resolve(188,a,189,a)].
192 B(f17(x,y),y) | -P(x,y) | P(y,x) | IPI(y,x).  [resolve(122,b,121,a)].
193 B(f17(x,y),y) | IPI(y,x) | -TPPI(y,x).  [resolve(141,b,126,b)].
Derived: B(f17(x,y),y) | -TPPI(y,x) | -B(z,y).  [resolve(193,b,189,a)].
Derived: B(f17(x,y),y) | -TPPI(y,x) | I(x,y).  [resolve(193,b,190,a)].
Derived: B(f17(x,y),y) | -TPPI(y,x) | -I(y,x).  [resolve(193,b,191,a)].
194 B(f17(x,y),y) | IPI(y,x) | -P(x,y) | P(y,x).  [resolve(176,b,167,a)].
Derived: B(f17(x,y),y) | -P(x,y) | P(y,x) | -B(z,y).  [resolve(194,b,189,a)].
Derived: B(f17(x,y),y) | -P(x,y) | P(y,x) | I(x,y).  [resolve(194,b,190,a)].
Derived: B(f17(x,y),y) | -P(x,y) | P(y,x) | -I(y,x).  [resolve(194,b,191,a)].

Eliminating TPPI/2
195 -P(x,y) | -B(x,z) | -P(y,z) | P(z,y) | TPPI(z,y).  [resolve(135,c,129,a)].
196 -TPPI(x,y) | P(f8(y,x),y).  [resolve(126,b,127,a)].
197 -TPPI(x,y) | B(f8(y,x),x).  [resolve(126,b,128,a)].
198 P(f2(x,y),y) | -TPPI(y,x).  [resolve(130,a,126,b)].
199 D(f2(x,y),x) | -TPPI(y,x).  [resolve(131,a,126,b)].
200 P(x,y) | -TPPI(y,x).  [resolve(132,a,126,b)].
201 -P(x,y) | -TPPI(x,y).  [resolve(133,a,126,b)].
202 -P(x,y) | -B(x,z) | -B(y,z) | TPPI(z,y).  [resolve(137,c,129,a)].
203 B(f17(x,y),y) | -B(z,y) | -TPPI(y,x).  [resolve(138,b,126,b)].
204 B(f17(x,y),y) | I(x,y) | -TPPI(y,x).  [resolve(139,b,126,b)].
Derived: B(f17(x,y),y) | I(x,y) | -P(z,x) | -B(z,y) | -B(x,y).  [resolve(204,c,202,d)].
205 B(f17(x,y),y) | -I(y,x) | -TPPI(y,x).  [resolve(140,b,126,b)].
Derived: B(f17(x,y),y) | -I(y,x) | -P(z,x) | -B(z,y) | -B(x,y).  [resolve(205,c,202,d)].
206 -TPPI(x,y) | P(f2(y,x),x).  [resolve(177,a,168,a)].
Derived: P(f2(x,y),y) | -P(z,x) | -B(z,y) | -P(x,y) | P(y,x).  [resolve(206,a,195,e)].
Derived: P(f2(x,y),y) | -P(z,x) | -B(z,y) | -B(x,y).  [resolve(206,a,202,d)].
207 -TPPI(x,y) | D(f2(y,x),y).  [resolve(177,a,169,a)].
Derived: D(f2(x,y),x) | -P(z,x) | -B(z,y) | -P(x,y) | P(y,x).  [resolve(207,a,195,e)].
Derived: D(f2(x,y),x) | -P(z,x) | -B(z,y) | -B(x,y).  [resolve(207,a,202,d)].
208 -TPPI(x,y) | P(y,x).  [resolve(177,a,170,a)].
Derived: P(x,y) | -P(z,x) | -B(z,y) | -B(x,y).  [resolve(208,a,202,d)].
209 -TPPI(x,y) | -P(x,y).  [resolve(177,a,171,a)].
Derived: -P(x,y) | -P(z,y) | -B(z,x) | -B(y,x).  [resolve(209,a,202,d)].
210 -P(x,y) | -B(x,z) | P(f8(y,z),y) | -TPPI(z,y).  [resolve(179,c,177,a)].
Derived: -P(x,y) | -B(x,z) | P(f8(y,z),y) | -P(u,y) | -B(u,z) | -P(y,z) | P(z,y).  [resolve(210,d,195,e)].
211 -P(x,y) | -B(x,z) | B(f8(y,z),z) | -TPPI(z,y).  [resolve(180,c,177,a)].
Derived: -P(x,y) | -B(x,z) | B(f8(y,z),z) | -P(u,y) | -B(u,z) | -P(y,z) | P(z,y).  [resolve(211,d,195,e)].
212 -P(x,y) | -B(x,z) | TPPI(z,y) | -P(y,z) | P(z,y).  [resolve(181,c,167,a)].
213 -P(x,y) | -B(x,z) | -B(y,z) | -P(u,y) | -B(u,z) | TPPI(z,y).  [resolve(186,d,181,c)].
Derived: -P(x,y) | -B(x,z) | -B(y,z) | -P(u,y) | -B(u,z) | P(f8(y,z),y).  [resolve(213,f,196,a)].
Derived: -P(x,y) | -B(x,z) | -B(y,z) | -P(u,y) | -B(u,z) | B(f8(y,z),z).  [resolve(213,f,197,a)].
Derived: -P(x,y) | -B(x,z) | -B(y,z) | -P(u,y) | -B(u,z) | B(f17(y,z),z) | -B(w,z).  [resolve(213,f,203,c)].
214 B(f17(x,y),y) | -B(z,y) | -P(u,x) | -B(u,y) | -TPPI(y,x).  [resolve(187,e,177,a)].
215 B(f17(x,y),y) | -TPPI(y,x) | -B(z,y).  [resolve(193,b,189,a)].
216 B(f17(x,y),y) | -TPPI(y,x) | I(x,y).  [resolve(193,b,190,a)].
217 B(f17(x,y),y) | -TPPI(y,x) | -I(y,x).  [resolve(193,b,191,a)].

============================== end predicate elimination =============

Auto_denials:  (non-Horn, no changes).

Term ordering decisions:
Predicate symbol precedence:  predicate_order([ =, P, B, I, O, IC, D, EQ ]).
Function symbol precedence:  function_order([ null, cuniversal, c1, c2, c3, c4, c5, sum, diff, prod, f2, f5, f6, f7, f8, f9, f10, f11, f14, f15, f16, f17, f18, compl, bdy, f1, f3, f4, f12, f13, f19 ]).
After inverse_order:  (no changes).
Unfolding symbols: (none).

Auto_inference settings:
  % set(paramodulation).  % (positive equality literals)
  % set(binary_resolution).  % (non-Horn)

Auto_process settings:
  % set(factor).  % (non-Horn)
  % set(unit_deletion).  % (non-Horn)

           218 null != c1.  [clausify(1)].
kept:      219 c1 != null.  [copy(218),flip(a)].
           220 null != c2.  [clausify(1)].
kept:      221 c2 != null.  [copy(220),flip(a)].
kept:      222 B(c3,c1).  [clausify(1)].
kept:      223 B(c4,c2).  [clausify(1)].
kept:      224 D(c1,c2).  [clausify(1)].
kept:      225 null = x | P(x,x).  [clausify(2)].
kept:      226 -P(x,y) | -P(y,x) | y = x.  [clausify(3)].
kept:      227 -P(x,y) | -P(y,z) | P(x,z).  [clausify(4)].
kept:      228 null != x | -P(y,x).  [clausify(5)].
kept:      229 null != x | -P(x,y).  [clausify(5)].
kept:      230 P(f1(x),x) | P(x,f1(x)) | null = x.  [clausify(5)].
kept:      231 null = x | P(x,c5).  [clausify(8)].
kept:      232 cuniversal != x | null = y | P(y,x).  [clausify(9)].
           233 null != f3(x) | cuniversal = x.  [clausify(9)].
kept:      234 f3(x) != null | cuniversal = x.  [copy(233),flip(a)].
kept:      235 -P(f3(x),x) | cuniversal = x.  [clausify(9)].
kept:      236 -B(x,cuniversal).  [clausify(10)].
kept:      237 -EQ(x,y) | P(y,x).  [clausify(14)].
kept:      238 -EQ(x,y) | P(x,y).  [clausify(14)].
kept:      239 -P(x,y) | -P(y,x) | EQ(y,x).  [clausify(14)].
kept:      240 -O(x,y) | P(f5(x,y),x).  [clausify(15)].
kept:      241 -O(x,y) | P(f5(x,y),y).  [clausify(15)].
kept:      242 -P(x,y) | -P(x,z) | O(y,z).  [clausify(15)].
kept:      243 -D(x,y) | -O(x,y).  [clausify(16)].
kept:      244 O(x,y) | D(x,y).  [clausify(16)].
kept:      245 -B(x,y) | -B(y,z) | B(x,z).  [clausify(18)].
kept:      246 -P(x,y) | -B(y,z) | B(x,z).  [clausify(19)].
kept:      247 -B(x,y) | -P(y,z) | P(x,z).  [clausify(20)].
kept:      248 -I(x,y) | P(x,y).  [clausify(22)].
kept:      249 -I(x,y) | -B(z,y) | D(z,x).  [clausify(22)].
kept:      250 -P(x,y) | B(f6(x,y),y) | I(x,y).  [clausify(22)].
kept:      251 -P(x,y) | -D(f6(x,y),x) | I(x,y).  [clausify(22)].
kept:      252 -IC(x,y) | -I(z,x) | -I(z,y).  [clausify(30)].
kept:      253 null = x | I(f12(x),x).  [clausify(31)].
kept:      254 -B(x,y) | -B(z,y) | -I(z,y).  [clausify(33)].
kept:      255 -B(x,y) | -EQ(y,z) | B(f14(y,z),z).  [clausify(35)].
kept:      256 B(f15(x,y),x) | -EQ(x,y) | -B(z,y).  [clausify(36)].
kept:      257 B(f16(x,y),x) | -B(z,y) | -EQ(x,y).  [clausify(37)].
kept:      258 -O(x,sum(y,z)) | O(x,y) | O(x,z).  [clausify(39)].
kept:      259 -O(x,y) | O(x,sum(y,z)).  [clausify(39)].
kept:      260 -O(x,y) | O(x,sum(z,y)).  [clausify(39)].
kept:      261 -P(x,prod(y,z)) | P(x,y).  [clausify(40)].
kept:      262 -P(x,prod(y,z)) | P(x,z).  [clausify(40)].
kept:      263 -P(x,y) | -P(x,z) | P(x,prod(y,z)).  [clausify(40)].
kept:      264 -P(x,compl(y)) | D(x,y).  [clausify(41)].
kept:      265 -P(x,diff(y,z)) | P(x,y).  [clausify(42)].
kept:      266 -P(x,diff(y,z)) | D(x,z).  [clausify(42)].
kept:      267 -P(x,y) | -D(x,z) | P(x,diff(y,z)).  [clausify(42)].
kept:      268 compl(x) != y | compl(x) != z | z = y.  [clausify(43)].
kept:      269 diff(x,y) != z | diff(x,y) != u | u = z.  [clausify(44)].
kept:      270 prod(x,y) != z | prod(x,y) != u | u = z.  [clausify(45)].
kept:      271 sum(x,y) != z | sum(x,y) != u | u = z.  [clausify(46)].
kept:      272 null = x | null = y | f18(x,y) != null.  [clausify(47)].
           273 null = x | null = y | sum(x,y) = f18(x,y).  [clausify(47)].
kept:      274 null = x | null = y | f18(x,y) = sum(x,y).  [copy(273),flip(c)].

% Operation sum is commutative; C redundancy checks enabled.
kept:      275 sum(x,y) = sum(y,x).  [clausify(48)].
kept:      276 compl(x) != null | cuniversal = x.  [clausify(49)].
kept:      277 cuniversal != x | compl(x) = null.  [clausify(49)].
kept:      278 compl(x) != cuniversal | null = x.  [clausify(50)].
kept:      279 null != x | compl(x) = cuniversal.  [clausify(50)].

% Operation prod is commutative; C redundancy checks enabled.
kept:      280 prod(x,y) = prod(y,x).  [clausify(51)].
kept:      281 diff(x,y) != null | null = x | P(x,y).  [clausify(52)].
kept:      282 -D(x,y) | diff(x,y) = x.  [clausify(53)].
kept:      283 -P(x,cuniversal) | diff(x,null) = x.  [clausify(54)].
kept:      284 -P(x,cuniversal) | sum(null,x) = x.  [clausify(55)].
kept:      285 null = x | I(f19(x),x).  [clausify(56)].
kept:      286 null = x | -I(y,x) | I(y,f19(x)).  [clausify(56)].
kept:      287 null = x | -B(y,f19(x)).  [clausify(56)].
kept:      288 bdy(x) = null | B(bdy(x),x).  [clausify(57)].
kept:      289 bdy(x) = null | -B(y,x) | P(y,bdy(x)).  [clausify(57)].
kept:      290 -P(x,c1) | -P(x,c2) | B(x,c1).  [resolve(62,a,61,a)].
kept:      291 -P(x,c1) | -P(x,c2) | B(x,c2).  [resolve(63,a,61,a)].
kept:      292 -IC(c1,c2).  [resolve(67,b,61,a)].
kept:      293 B(f13(c2),c2).  [resolve(70,b,61,a)].
kept:      294 -P(x,y) | P(y,x) | P(f2(x,y),y).  [resolve(73,c,74,a)].
kept:      295 -P(x,y) | P(y,x) | D(f2(x,y),x).  [resolve(73,c,75,a)].
kept:      296 -B(x,y) | P(f2(x,y),y).  [resolve(80,b,74,a)].
kept:      297 -B(x,y) | D(f2(x,y),x).  [resolve(80,b,75,a)].
kept:      298 -B(x,y) | P(x,y).  [resolve(80,b,76,a)].
kept:      299 -B(x,y) | -P(y,x).  [resolve(80,b,77,a)].
kept:      300 null = x | P(f4(x),x) | -P(y,x) | EQ(x,y).  [resolve(84,c,86,a)].
kept:      301 null = x | -EQ(x,f4(x)) | -P(y,x) | EQ(x,y).  [resolve(87,c,86,a)].
kept:      302 -IC(x,y) | O(x,y).  [resolve(94,b,89,a)].
kept:      303 -IC(x,y) | -P(x,y).  [resolve(94,b,90,a)].
kept:      304 -IC(x,y) | -P(y,x).  [resolve(94,b,91,a)].
kept:      305 O(c1,c2).  [resolve(95,a,89,a)].
kept:      306 -P(c1,c2).  [resolve(95,a,90,a)].
kept:      307 -P(c2,c1).  [resolve(95,a,91,a)].
kept:      308 P(f10(x,y),x) | -P(z,x) | -P(z,y) | B(z,x) | -O(x,y) | P(x,y) | P(y,x).  [resolve(96,a,88,d)].
kept:      309 P(f10(x,y),x) | -P(z,x) | -P(z,y) | B(z,x) | -IC(x,y).  [resolve(96,a,94,b)].
kept:      310 P(f10(x,y),x) | -P(z,x) | -P(z,y) | B(z,y) | -O(x,y) | P(x,y) | P(y,x).  [resolve(97,a,88,d)].
kept:      311 P(f10(x,y),x) | -P(z,x) | -P(z,y) | B(z,y) | -IC(x,y).  [resolve(97,a,94,b)].
kept:      312 P(f10(x,y),y) | -P(z,x) | -P(z,y) | B(z,x) | -O(x,y) | P(x,y) | P(y,x).  [resolve(98,a,88,d)].
kept:      313 P(f10(x,y),y) | -P(z,x) | -P(z,y) | B(z,x) | -IC(x,y).  [resolve(98,a,94,b)].
kept:      314 P(f10(x,y),y) | -P(z,x) | -P(z,y) | B(z,y) | -O(x,y) | P(x,y) | P(y,x).  [resolve(99,a,88,d)].
kept:      315 P(f10(x,y),y) | -P(z,x) | -P(z,y) | B(z,y) | -IC(x,y).  [resolve(99,a,94,b)].
kept:      316 -B(f10(x,y),x) | -B(f10(x,y),y) | -P(z,x) | -P(z,y) | B(z,x) | -O(x,y) | P(x,y) | P(y,x).  [resolve(100,a,88,d)].
kept:      317 -B(f10(x,y),x) | -B(f10(x,y),y) | -P(z,x) | -P(z,y) | B(z,x) | -IC(x,y).  [resolve(100,a,94,b)].
kept:      318 -B(f10(x,y),x) | -B(f10(x,y),y) | -P(z,x) | -P(z,y) | B(z,y) | -O(x,y) | P(x,y) | P(y,x).  [resolve(101,a,88,d)].
kept:      319 -B(f10(x,y),x) | -B(f10(x,y),y) | -P(z,x) | -P(z,y) | B(z,y) | -IC(x,y).  [resolve(101,a,94,b)].
kept:      320 -IC(x,y) | P(f10(x,y),x) | -O(x,y) | P(x,y) | P(y,x).  [resolve(102,b,88,d)].
           321 -IC(x,y) | P(f10(x,y),x) | -IC(x,y).  [resolve(102,b,94,b)].
kept:      322 -IC(x,y) | P(f10(x,y),x).  [copy(321),merge(c)].
kept:      323 -IC(x,y) | P(f10(x,y),y) | -O(x,y) | P(x,y) | P(y,x).  [resolve(103,b,88,d)].
           324 -IC(x,y) | P(f10(x,y),y) | -IC(x,y).  [resolve(103,b,94,b)].
kept:      325 -IC(x,y) | P(f10(x,y),y).  [copy(324),merge(c)].
kept:      326 -IC(x,y) | -B(f10(x,y),x) | -B(f10(x,y),y) | -O(x,y) | P(x,y) | P(y,x).  [resolve(104,b,88,d)].
           327 -IC(x,y) | -B(f10(x,y),x) | -B(f10(x,y),y) | -IC(x,y).  [resolve(104,b,94,b)].
kept:      328 -IC(x,y) | -B(f10(x,y),x) | -B(f10(x,y),y).  [copy(327),merge(d)].
kept:      329 I(f11(x,y),x) | IC(x,y) | -P(z,x) | -P(z,y) | B(z,x) | -O(x,y) | P(x,y) | P(y,x).  [resolve(105,a,88,d)].
           330 I(f11(c1,c2),c1) | IC(c1,c2) | -P(x,c1) | -P(x,c2) | B(x,c1).  [resolve(105,a,95,a)].
kept:      331 I(f11(x,y),x) | IC(x,y) | -P(z,x) | -P(z,y) | B(z,y) | -O(x,y) | P(x,y) | P(y,x).  [resolve(106,a,88,d)].
           332 I(f11(c1,c2),c1) | IC(c1,c2) | -P(x,c1) | -P(x,c2) | B(x,c2).  [resolve(106,a,95,a)].
kept:      333 I(f11(x,y),y) | IC(x,y) | -P(z,x) | -P(z,y) | B(z,x) | -O(x,y) | P(x,y) | P(y,x).  [resolve(107,a,88,d)].
           334 I(f11(c1,c2),c2) | IC(c1,c2) | -P(x,c1) | -P(x,c2) | B(x,c1).  [resolve(107,a,95,a)].
kept:      335 I(f11(x,y),y) | IC(x,y) | -P(z,x) | -P(z,y) | B(z,y) | -O(x,y) | P(x,y) | P(y,x).  [resolve(108,a,88,d)].
           336 I(f11(c1,c2),c2) | IC(c1,c2) | -P(x,c1) | -P(x,c2) | B(x,c2).  [resolve(108,a,95,a)].
kept:      337 B(f13(x),x) | P(f10(y,x),y) | -O(y,x) | P(y,x) | P(x,y).  [resolve(109,b,88,d)].
kept:      338 B(f13(x),x) | P(f10(y,x),x) | -O(y,x) | P(y,x) | P(x,y).  [resolve(110,b,88,d)].
kept:      339 B(f13(x),x) | -B(f10(y,x),y) | -B(f10(y,x),x) | -O(y,x) | P(y,x) | P(x,y).  [resolve(111,b,88,d)].
kept:      340 B(f13(x),x) | I(f11(y,x),y) | IC(y,x) | -O(y,x) | P(y,x) | P(x,y).  [resolve(112,b,88,d)].
           341 B(f13(c2),c2) | I(f11(c1,c2),c1) | IC(c1,c2).  [resolve(112,b,95,a)].
kept:      342 B(f13(x),x) | I(f11(y,x),x) | IC(y,x) | -O(y,x) | P(y,x) | P(x,y).  [resolve(113,b,88,d)].
           343 B(f13(c2),c2) | I(f11(c1,c2),c2) | IC(c1,c2).  [resolve(113,b,95,a)].
kept:      344 B(f7(x,y),y) | -I(x,y) | I(y,x) | -B(z,y).  [resolve(116,d,117,a)].
kept:      345 B(f17(x,y),y) | -P(x,y) | P(y,x) | -B(z,y).  [resolve(122,b,117,a)].
kept:      346 B(f17(x,y),y) | -P(x,y) | P(y,x) | I(x,y).  [resolve(122,b,118,a)].
kept:      347 B(f17(x,y),y) | -B(x,y) | -B(z,y).  [resolve(124,b,117,a)].
kept:      348 -P(x,y) | -B(x,z) | -P(y,z) | P(z,y) | P(f8(y,z),y).  [resolve(135,c,127,a)].
kept:      349 -P(x,y) | -B(x,z) | -P(y,z) | P(z,y) | B(f8(y,z),z).  [resolve(135,c,128,a)].
kept:      350 -P(x,y) | -B(x,z) | -B(y,z) | P(f8(y,z),y).  [resolve(137,c,127,a)].
kept:      351 -P(x,y) | -B(x,z) | -B(y,z) | B(f8(y,z),z).  [resolve(137,c,128,a)].
kept:      352 -I(x,y) | -I(x,z) | -O(y,z) | P(y,z) | P(z,y) | I(f9(y,z),y).  [resolve(142,c,143,a)].
kept:      353 -I(x,y) | -I(x,z) | -O(y,z) | P(y,z) | P(z,y) | I(f9(y,z),z).  [resolve(142,c,144,a)].
kept:      354 -I(x,c1) | -I(x,c2) | I(f9(c1,c2),c1).  [resolve(148,c,143,a)].
kept:      355 -I(x,c1) | -I(x,c2) | I(f9(c1,c2),c2).  [resolve(148,c,144,a)].
kept:      356 -P(x,x) | EQ(x,x).  [factor(239,a,b)].
kept:      357 -P(x,y) | O(y,y).  [factor(242,a,b)].
kept:      358 -IC(x,x) | -I(y,x).  [factor(252,b,c)].
kept:      359 -B(x,y) | -I(x,y).  [factor(254,a,b)].
kept:      360 -O(x,sum(y,y)) | O(x,y).  [factor(258,b,c)].
kept:      361 -P(x,y) | P(x,prod(y,y)).  [factor(263,a,b)].
kept:      362 null = x | f18(x,x) != null.  [factor(272,a,b)].
kept:      363 null = x | f18(x,x) = sum(x,x).  [factor(274,a,b)].
kept:      364 P(f10(x,x),x) | -P(y,x) | B(y,x) | -O(x,x) | P(x,x).  [factor(308,b,c),merge(f)].
kept:      365 -B(f10(x,x),x) | -P(y,x) | B(y,x) | -O(x,x) | P(x,x).  [factor(316,a,b),merge(c),merge(g)].
kept:      366 -B(f10(x,x),x) | -P(y,x) | B(y,x) | -IC(x,x).  [factor(317,a,b),merge(c)].
kept:      367 -IC(x,x) | -B(f10(x,x),x) | -O(x,x) | P(x,x).  [factor(326,b,c),merge(e)].
kept:      368 -IC(x,x) | -B(f10(x,x),x).  [factor(328,b,c)].
kept:      369 I(f11(x,x),x) | IC(x,x) | -P(y,x) | B(y,x) | -O(x,x) | P(x,x).  [factor(329,c,d),merge(g)].
kept:      370 B(f13(x),x) | P(f10(x,x),x) | -O(x,x) | P(x,x).  [factor(337,d,e)].
kept:      371 B(f13(x),x) | -B(f10(x,x),x) | -O(x,x) | P(x,x).  [factor(339,b,c),merge(e)].
kept:      372 B(f13(x),x) | I(f11(x,x),x) | IC(x,x) | -O(x,x) | P(x,x).  [factor(340,e,f)].
kept:      373 B(f17(x,y),y) | -B(x,y).  [factor(347,b,c)].
kept:      374 -P(x,x) | -B(x,y) | P(f8(x,y),x).  [factor(350,b,c)].
kept:      375 -P(x,x) | -B(x,y) | B(f8(x,y),y).  [factor(351,b,c)].
kept:      376 -I(x,y) | -O(y,y) | P(y,y) | I(f9(y,y),y).  [factor(352,a,b),merge(d)].

============================== end of process initial clauses ========

============================== CLAUSES FOR SEARCH ====================

% Clauses after input processing:

formulas(usable).
end_of_list.

formulas(sos).
219 c1 != null.  [copy(218),flip(a)].
221 c2 != null.  [copy(220),flip(a)].
222 B(c3,c1).  [clausify(1)].
223 B(c4,c2).  [clausify(1)].
224 D(c1,c2).  [clausify(1)].
225 null = x | P(x,x).  [clausify(2)].
226 -P(x,y) | -P(y,x) | y = x.  [clausify(3)].
227 -P(x,y) | -P(y,z) | P(x,z).  [clausify(4)].
228 null != x | -P(y,x).  [clausify(5)].
229 null != x | -P(x,y).  [clausify(5)].
230 P(f1(x),x) | P(x,f1(x)) | null = x.  [clausify(5)].
231 null = x | P(x,c5).  [clausify(8)].
232 cuniversal != x | null = y | P(y,x).  [clausify(9)].
234 f3(x) != null | cuniversal = x.  [copy(233),flip(a)].
235 -P(f3(x),x) | cuniversal = x.  [clausify(9)].
236 -B(x,cuniversal).  [clausify(10)].
237 -EQ(x,y) | P(y,x).  [clausify(14)].
238 -EQ(x,y) | P(x,y).  [clausify(14)].
239 -P(x,y) | -P(y,x) | EQ(y,x).  [clausify(14)].
240 -O(x,y) | P(f5(x,y),x).  [clausify(15)].
241 -O(x,y) | P(f5(x,y),y).  [clausify(15)].
242 -P(x,y) | -P(x,z) | O(y,z).  [clausify(15)].
243 -D(x,y) | -O(x,y).  [clausify(16)].
244 O(x,y) | D(x,y).  [clausify(16)].
245 -B(x,y) | -B(y,z) | B(x,z).  [clausify(18)].
246 -P(x,y) | -B(y,z) | B(x,z).  [clausify(19)].
247 -B(x,y) | -P(y,z) | P(x,z).  [clausify(20)].
248 -I(x,y) | P(x,y).  [clausify(22)].
249 -I(x,y) | -B(z,y) | D(z,x).  [clausify(22)].
250 -P(x,y) | B(f6(x,y),y) | I(x,y).  [clausify(22)].
251 -P(x,y) | -D(f6(x,y),x) | I(x,y).  [clausify(22)].
252 -IC(x,y) | -I(z,x) | -I(z,y).  [clausify(30)].
253 null = x | I(f12(x),x).  [clausify(31)].
255 -B(x,y) | -EQ(y,z) | B(f14(y,z),z).  [clausify(35)].
256 B(f15(x,y),x) | -EQ(x,y) | -B(z,y).  [clausify(36)].
257 B(f16(x,y),x) | -B(z,y) | -EQ(x,y).  [clausify(37)].
258 -O(x,sum(y,z)) | O(x,y) | O(x,z).  [clausify(39)].
259 -O(x,y) | O(x,sum(y,z)).  [clausify(39)].
260 -O(x,y) | O(x,sum(z,y)).  [clausify(39)].
261 -P(x,prod(y,z)) | P(x,y).  [clausify(40)].
262 -P(x,prod(y,z)) | P(x,z).  [clausify(40)].
263 -P(x,y) | -P(x,z) | P(x,prod(y,z)).  [clausify(40)].
264 -P(x,compl(y)) | D(x,y).  [clausify(41)].
265 -P(x,diff(y,z)) | P(x,y).  [clausify(42)].
266 -P(x,diff(y,z)) | D(x,z).  [clausify(42)].
267 -P(x,y) | -D(x,z) | P(x,diff(y,z)).  [clausify(42)].
268 compl(x) != y | compl(x) != z | z = y.  [clausify(43)].
269 diff(x,y) != z | diff(x,y) != u | u = z.  [clausify(44)].
270 prod(x,y) != z | prod(x,y) != u | u = z.  [clausify(45)].
271 sum(x,y) != z | sum(x,y) != u | u = z.  [clausify(46)].
272 null = x | null = y | f18(x,y) != null.  [clausify(47)].
274 null = x | null = y | f18(x,y) = sum(x,y).  [copy(273),flip(c)].
275 sum(x,y) = sum(y,x).  [clausify(48)].
276 compl(x) != null | cuniversal = x.  [clausify(49)].
277 cuniversal != x | compl(x) = null.  [clausify(49)].
278 compl(x) != cuniversal | null = x.  [clausify(50)].
279 null != x | compl(x) = cuniversal.  [clausify(50)].
280 prod(x,y) = prod(y,x).  [clausify(51)].
281 diff(x,y) != null | null = x | P(x,y).  [clausify(52)].
282 -D(x,y) | diff(x,y) = x.  [clausify(53)].
283 -P(x,cuniversal) | diff(x,null) = x.  [clausify(54)].
284 -P(x,cuniversal) | sum(null,x) = x.  [clausify(55)].
285 null = x | I(f19(x),x).  [clausify(56)].
286 null = x | -I(y,x) | I(y,f19(x)).  [clausify(56)].
287 null = x | -B(y,f19(x)).  [clausify(56)].
288 bdy(x) = null | B(bdy(x),x).  [clausify(57)].
289 bdy(x) = null | -B(y,x) | P(y,bdy(x)).  [clausify(57)].
290 -P(x,c1) | -P(x,c2) | B(x,c1).  [resolve(62,a,61,a)].
291 -P(x,c1) | -P(x,c2) | B(x,c2).  [resolve(63,a,61,a)].
292 -IC(c1,c2).  [resolve(67,b,61,a)].
293 B(f13(c2),c2).  [resolve(70,b,61,a)].
294 -P(x,y) | P(y,x) | P(f2(x,y),y).  [resolve(73,c,74,a)].
295 -P(x,y) | P(y,x) | D(f2(x,y),x).  [resolve(73,c,75,a)].
296 -B(x,y) | P(f2(x,y),y).  [resolve(80,b,74,a)].
297 -B(x,y) | D(f2(x,y),x).  [resolve(80,b,75,a)].
298 -B(x,y) | P(x,y).  [resolve(80,b,76,a)].
299 -B(x,y) | -P(y,x).  [resolve(80,b,77,a)].
300 null = x | P(f4(x),x) | -P(y,x) | EQ(x,y).  [resolve(84,c,86,a)].
301 null = x | -EQ(x,f4(x)) | -P(y,x) | EQ(x,y).  [resolve(87,c,86,a)].
302 -IC(x,y) | O(x,y).  [resolve(94,b,89,a)].
303 -IC(x,y) | -P(x,y).  [resolve(94,b,90,a)].
304 -IC(x,y) | -P(y,x).  [resolve(94,b,91,a)].
305 O(c1,c2).  [resolve(95,a,89,a)].
306 -P(c1,c2).  [resolve(95,a,90,a)].
307 -P(c2,c1).  [resolve(95,a,91,a)].
308 P(f10(x,y),x) | -P(z,x) | -P(z,y) | B(z,x) | -O(x,y) | P(x,y) | P(y,x).  [resolve(96,a,88,d)].
310 P(f10(x,y),x) | -P(z,x) | -P(z,y) | B(z,y) | -O(x,y) | P(x,y) | P(y,x).  [resolve(97,a,88,d)].
312 P(f10(x,y),y) | -P(z,x) | -P(z,y) | B(z,x) | -O(x,y) | P(x,y) | P(y,x).  [resolve(98,a,88,d)].
314 P(f10(x,y),y) | -P(z,x) | -P(z,y) | B(z,y) | -O(x,y) | P(x,y) | P(y,x).  [resolve(99,a,88,d)].
316 -B(f10(x,y),x) | -B(f10(x,y),y) | -P(z,x) | -P(z,y) | B(z,x) | -O(x,y) | P(x,y) | P(y,x).  [resolve(100,a,88,d)].
318 -B(f10(x,y),x) | -B(f10(x,y),y) | -P(z,x) | -P(z,y) | B(z,y) | -O(x,y) | P(x,y) | P(y,x).  [resolve(101,a,88,d)].
322 -IC(x,y) | P(f10(x,y),x).  [copy(321),merge(c)].
325 -IC(x,y) | P(f10(x,y),y).  [copy(324),merge(c)].
328 -IC(x,y) | -B(f10(x,y),x) | -B(f10(x,y),y).  [copy(327),merge(d)].
329 I(f11(x,y),x) | IC(x,y) | -P(z,x) | -P(z,y) | B(z,x) | -O(x,y) | P(x,y) | P(y,x).  [resolve(105,a,88,d)].
331 I(f11(x,y),x) | IC(x,y) | -P(z,x) | -P(z,y) | B(z,y) | -O(x,y) | P(x,y) | P(y,x).  [resolve(106,a,88,d)].
333 I(f11(x,y),y) | IC(x,y) | -P(z,x) | -P(z,y) | B(z,x) | -O(x,y) | P(x,y) | P(y,x).  [resolve(107,a,88,d)].
335 I(f11(x,y),y) | IC(x,y) | -P(z,x) | -P(z,y) | B(z,y) | -O(x,y) | P(x,y) | P(y,x).  [resolve(108,a,88,d)].
337 B(f13(x),x) | P(f10(y,x),y) | -O(y,x) | P(y,x) | P(x,y).  [resolve(109,b,88,d)].
338 B(f13(x),x) | P(f10(y,x),x) | -O(y,x) | P(y,x) | P(x,y).  [resolve(110,b,88,d)].
339 B(f13(x),x) | -B(f10(y,x),y) | -B(f10(y,x),x) | -O(y,x) | P(y,x) | P(x,y).  [resolve(111,b,88,d)].
340 B(f13(x),x) | I(f11(y,x),y) | IC(y,x) | -O(y,x) | P(y,x) | P(x,y).  [resolve(112,b,88,d)].
342 B(f13(x),x) | I(f11(y,x),x) | IC(y,x) | -O(y,x) | P(y,x) | P(x,y).  [resolve(113,b,88,d)].
344 B(f7(x,y),y) | -I(x,y) | I(y,x) | -B(z,y).  [resolve(116,d,117,a)].
345 B(f17(x,y),y) | -P(x,y) | P(y,x) | -B(z,y).  [resolve(122,b,117,a)].
346 B(f17(x,y),y) | -P(x,y) | P(y,x) | I(x,y).  [resolve(122,b,118,a)].
348 -P(x,y) | -B(x,z) | -P(y,z) | P(z,y) | P(f8(y,z),y).  [resolve(135,c,127,a)].
349 -P(x,y) | -B(x,z) | -P(y,z) | P(z,y) | B(f8(y,z),z).  [resolve(135,c,128,a)].
350 -P(x,y) | -B(x,z) | -B(y,z) | P(f8(y,z),y).  [resolve(137,c,127,a)].
351 -P(x,y) | -B(x,z) | -B(y,z) | B(f8(y,z),z).  [resolve(137,c,128,a)].
352 -I(x,y) | -I(x,z) | -O(y,z) | P(y,z) | P(z,y) | I(f9(y,z),y).  [resolve(142,c,143,a)].
353 -I(x,y) | -I(x,z) | -O(y,z) | P(y,z) | P(z,y) | I(f9(y,z),z).  [resolve(142,c,144,a)].
354 -I(x,c1) | -I(x,c2) | I(f9(c1,c2),c1).  [resolve(148,c,143,a)].
355 -I(x,c1) | -I(x,c2) | I(f9(c1,c2),c2).  [resolve(148,c,144,a)].
356 -P(x,x) | EQ(x,x).  [factor(239,a,b)].
357 -P(x,y) | O(y,y).  [factor(242,a,b)].
358 -IC(x,x) | -I(y,x).  [factor(252,b,c)].
359 -B(x,y) | -I(x,y).  [factor(254,a,b)].
360 -O(x,sum(y,y)) | O(x,y).  [factor(258,b,c)].
361 -P(x,y) | P(x,prod(y,y)).  [factor(263,a,b)].
362 null = x | f18(x,x) != null.  [factor(272,a,b)].
363 null = x | f18(x,x) = sum(x,x).  [factor(274,a,b)].
364 P(f10(x,x),x) | -P(y,x) | B(y,x) | -O(x,x) | P(x,x).  [factor(308,b,c),merge(f)].
365 -B(f10(x,x),x) | -P(y,x) | B(y,x) | -O(x,x) | P(x,x).  [factor(316,a,b),merge(c),merge(g)].
368 -IC(x,x) | -B(f10(x,x),x).  [factor(328,b,c)].
369 I(f11(x,x),x) | IC(x,x) | -P(y,x) | B(y,x) | -O(x,x) | P(x,x).  [factor(329,c,d),merge(g)].
370 B(f13(x),x) | P(f10(x,x),x) | -O(x,x) | P(x,x).  [factor(337,d,e)].
371 B(f13(x),x) | -B(f10(x,x),x) | -O(x,x) | P(x,x).  [factor(339,b,c),merge(e)].
372 B(f13(x),x) | I(f11(x,x),x) | IC(x,x) | -O(x,x) | P(x,x).  [factor(340,e,f)].
373 B(f17(x,y),y) | -B(x,y).  [factor(347,b,c)].
374 -P(x,x) | -B(x,y) | P(f8(x,y),x).  [factor(350,b,c)].
375 -P(x,x) | -B(x,y) | B(f8(x,y),y).  [factor(351,b,c)].
376 -I(x,y) | -O(y,y) | P(y,y) | I(f9(y,y),y).  [factor(352,a,b),merge(d)].
end_of_list.

formulas(demodulators).
275 sum(x,y) = sum(y,x).  [clausify(48)].
        % (lex-dep)
280 prod(x,y) = prod(y,x).  [clausify(51)].
        % (lex-dep)
end_of_list.

============================== end of clauses for search =============

============================== SEARCH ================================

% Starting search at 0.06 seconds.

given #1 (I,wt=3): 219 c1 != null.  [copy(218),flip(a)].

given #2 (I,wt=3): 221 c2 != null.  [copy(220),flip(a)].

given #3 (I,wt=3): 222 B(c3,c1).  [clausify(1)].

given #4 (I,wt=3): 223 B(c4,c2).  [clausify(1)].

given #5 (I,wt=3): 224 D(c1,c2).  [clausify(1)].

given #6 (I,wt=6): 225 null = x | P(x,x).  [clausify(2)].

given #7 (I,wt=9): 226 -P(x,y) | -P(y,x) | y = x.  [clausify(3)].

given #8 (I,wt=9): 227 -P(x,y) | -P(y,z) | P(x,z).  [clausify(4)].

given #9 (I,wt=6): 228 null != x | -P(y,x).  [clausify(5)].

given #10 (I,wt=6): 229 null != x | -P(x,y).  [clausify(5)].

given #11 (I,wt=11): 230 P(f1(x),x) | P(x,f1(x)) | null = x.  [clausify(5)].

given #12 (I,wt=6): 231 null = x | P(x,c5).  [clausify(8)].

given #13 (I,wt=9): 232 cuniversal != x | null = y | P(y,x).  [clausify(9)].

given #14 (I,wt=7): 234 f3(x) != null | cuniversal = x.  [copy(233),flip(a)].

given #15 (I,wt=7): 235 -P(f3(x),x) | cuniversal = x.  [clausify(9)].

given #16 (I,wt=3): 236 -B(x,cuniversal).  [clausify(10)].

given #17 (I,wt=6): 237 -EQ(x,y) | P(y,x).  [clausify(14)].

given #18 (I,wt=6): 238 -EQ(x,y) | P(x,y).  [clausify(14)].

given #19 (I,wt=9): 239 -P(x,y) | -P(y,x) | EQ(y,x).  [clausify(14)].

given #20 (I,wt=8): 240 -O(x,y) | P(f5(x,y),x).  [clausify(15)].

given #21 (I,wt=8): 241 -O(x,y) | P(f5(x,y),y).  [clausify(15)].

given #22 (I,wt=9): 242 -P(x,y) | -P(x,z) | O(y,z).  [clausify(15)].

given #23 (I,wt=6): 243 -D(x,y) | -O(x,y).  [clausify(16)].
-------- Proof 1 -------- 

============================== PROOF =================================

% Proof 1 at 0.06 (+ 0.01) seconds.
% Length of proof is 12.
% Level of proof is 4.
% Maximum clause weight is 6.000.
% Given clauses 23.

1 -(all x all y (-(x != null & y != null & (exists z B(z,x)) & (exists t B(t,y)) & EC(x,y)) | -D(x,y))) # label(non_clause).  [assumption].
16 (all x all y ((-D(x,y) | -O(x,y)) & (O(x,y) | D(x,y)))) # label(non_clause).  [assumption].
21 (all x all y ((-IMB(x,y) | O(x,y) & -P(x,y) & -P(y,x)) & (-(O(x,y) & -P(x,y) & -P(y,x)) | IMB(x,y)))) # label(non_clause).  [assumption].
29 (all x all y ((-EC(x,y) | IMB(x,y) & (all z (-(P(z,x) & P(z,y)) | B(z,x) & B(z,y)))) & (-(IMB(x,y) & (all z (-(P(z,x) & P(z,y)) | B(z,x) & B(z,y)))) | EC(x,y)))) # label(non_clause).  [assumption].
60 -EC(x,y) | IMB(x,y).  [clausify(29)].
61 EC(c1,c2).  [clausify(1)].
89 -IMB(x,y) | O(x,y).  [clausify(21)].
95 IMB(c1,c2).  [resolve(60,a,61,a)].
224 D(c1,c2).  [clausify(1)].
243 -D(x,y) | -O(x,y).  [clausify(16)].
305 O(c1,c2).  [resolve(95,a,89,a)].
394 $F.  [resolve(243,a,224,a),unit_del(a,305)].

============================== end of proof ==========================

============================== STATISTICS ============================

Given=23. Generated=300. Kept=163. proofs=1.
Usable=23. Sos=127. Demods=2. Limbo=0, Disabled=373. Hints=0.
Kept_by_rule=0, Deleted_by_rule=0.
Forward_subsumed=136. Back_subsumed=13.
Sos_limit_deleted=0. Sos_displaced=0. Sos_removed=0.
New_demodulators=2 (2 lex), Back_demodulated=0. Back_unit_deleted=0.
Demod_attempts=2509. Demod_rewrites=0.
Res_instance_prunes=0. Para_instance_prunes=0. Basic_paramod_prunes=0.
Nonunit_fsub_feature_tests=459. Nonunit_bsub_feature_tests=362.
Megabytes=0.98.
User_CPU=0.06, System_CPU=0.01, Wall_clock=0.

============================== end of statistics =====================

============================== end of search =========================

THEOREM PROVED

THEOREM PROVED

Exiting with 1 proof.

------ process 10004 exit (max_proofs) ------

Process 10004 exit (max_proofs) Mon Feb  3 12:06:04 2020

========================== MACLEOD SUMMARY ===========================
reasoner: /home/aidin12/macleod/Reasoning/prover9_bin/prover9
status: PROOF
execution finished: Mon Feb 03 12:06:07 2020
total CPU time used: 0
The command was "/home/aidin12/macleod/Reasoning/prover9_bin/prover9 -t100 -f /home/aidin12/macleod/ontologies/after/JEPD/PD/conversions/PD10.all.p9"
============================ end of footer ===========================
