============================== Prover9 ===============================
Prover9 (64) version 2009-11A, November 2009.
Process 9382 was started by aidin12 on aidin12-HP-Pavilion-dv7-Notebook-PC,
Mon Feb  3 12:04:12 2020
The command was "/home/aidin12/macleod/Reasoning/prover9_bin/prover9 -t100 -f /home/aidin12/macleod/ontologies/after/JEPD/PD/conversions/PD16.all.p9".
============================== end of head ===========================

============================== INPUT =================================

% Reading from file /home/aidin12/macleod/ontologies/after/JEPD/PD/conversions/PD16.all.p9


formulas(assumptions).
-(all x all y (-(x != null & y != null & (exists z B(z,x)) & (exists t B(t,y)) & EC(x,y)) | -IP(x,y))).
(all x (x = null | P(x,x))).
(all x all y (-(P(x,y) & P(y,x)) | x = y)).
(all x all y all z (-(P(x,y) & P(y,z)) | P(x,z))).
(all x ((x != null | (all y (-P(y,x) & -P(x,y)))) & (-(all y (-P(y,x) & -P(x,y))) | x = null))).
(all x all y ((-PI(x,y) | P(y,x)) & (-P(y,x) | PI(x,y)))).
(all x all y (-PP(x,y) | (exists z (P(z,y) & D(z,x))))).
(exists z all x (x = null | P(x,z))).
(all x ((x != cuniversal | (all y (y = null | P(y,x)))) & (-(all y (y = null | P(y,x))) | x = cuniversal))).
-(exists x B(x,cuniversal)).
(all x ((-Point(x) | x != null & (all y (-P(y,x) | EQ(x,y)))) & (-(x != null & (all y (-P(y,x) | EQ(x,y)))) | Point(x)))).
(all x all y ((-PP(x,y) | P(x,y) & -P(y,x)) & (-(P(x,y) & -P(y,x)) | PP(x,y)))).
(all x all y ((-PPI(x,y) | PP(y,x)) & (-PP(y,x) | PPI(x,y)))).
(all x all y ((-EQ(x,y) | P(y,x) & P(x,y)) & (-(P(y,x) & P(x,y)) | EQ(x,y)))).
(all x all y ((-O(x,y) | (exists z (P(z,x) & P(z,y)))) & (-(exists z (P(z,x) & P(z,y))) | O(x,y)))).
(all x all y ((-D(x,y) | -O(x,y)) & (O(x,y) | D(x,y)))).
(all x all y (-B(x,y) | PP(x,y))).
(all x all y all z (-(B(x,y) & B(y,z)) | B(x,z))).
(all x all y all z (-(P(x,y) & B(y,z)) | B(x,z))).
(all x all y all z (-(B(x,y) & P(y,z)) | P(x,z))).
(all x all y ((-IMB(x,y) | O(x,y) & -P(x,y) & -P(y,x)) & (-(O(x,y) & -P(x,y) & -P(y,x)) | IMB(x,y)))).
(all x all y ((-I(x,y) | P(x,y) & (all z (-B(z,y) | D(z,x)))) & (-(P(x,y) & (all z (-B(z,y) | D(z,x)))) | I(x,y)))).
(all x all y ((-II(x,y) | I(y,x)) & (-I(y,x) | II(x,y)))).
(all x all y ((-IP(x,y) | -(exists t B(t,y)) & I(x,y) & -I(y,x)) & (-(-(exists t B(t,y)) & I(x,y) & -I(y,x)) | IP(x,y)))).
(all x all y ((-IPI(x,y) | IP(y,x)) & (-IP(y,x) | IPI(x,y)))).
(all x all y ((-TPP(x,y) | PP(x,y) & (exists z (P(z,x) & B(z,y)))) & (-(PP(x,y) & (exists z (P(z,x) & B(z,y)))) | TPP(x,y)))).
(all x all y ((-TPPI(x,y) | TPP(y,x)) & (-TPP(y,x) | TPPI(x,y)))).
(all x all y ((-OV(x,y) | IMB(x,y) & (exists p (I(p,x) & I(p,y)))) & (-(IMB(x,y) & (exists p (I(p,x) & I(p,y)))) | OV(x,y)))).
(all x all y ((-EC(x,y) | IMB(x,y) & (all z (-(P(z,x) & P(z,y)) | B(z,x) & B(z,y)))) & (-(IMB(x,y) & (all z (-(P(z,x) & P(z,y)) | B(z,x) & B(z,y)))) | EC(x,y)))).
(all x all y ((-IC(x,y) | IMB(x,y) & -EC(x,y) & -(exists p (I(p,x) & I(p,y)))) & (-(IMB(x,y) & -EC(x,y) & -(exists p (I(p,x) & I(p,y)))) | IC(x,y)))).
(all x (x = null | (exists y I(y,x)))).
(all x ((exists z B(z,x)) | -(exists y EC(y,x)))).
(all x (-(exists z B(z,x)) | (all y (-B(y,x) | -I(y,x))))).
(all x (-(exists z B(z,x)) | (all y (-I(y,x) | -B(y,x))))).
(all x all y (-((exists z B(z,x)) & EQ(x,y)) | (exists t B(t,y)))).
(all x all y (-(-(exists z B(z,x)) & EQ(x,y)) | -(exists t B(t,y)))).
(all x all y (-(-(exists z B(z,x)) & (exists t B(t,y))) | -EQ(x,y))).
(all x all y (-(PP(x,y) & -(exists z B(z,y))) | IP(x,y))).
(all x all y all w ((-O(w,sum(x,y)) | O(w,x) | O(w,y)) & (-(O(w,x) | O(w,y)) | O(w,sum(x,y))))).
(all x all y all w ((-P(w,prod(x,y)) | P(w,x) & P(w,y)) & (-(P(w,x) & P(w,y)) | P(w,prod(x,y))))).
(all x all w ((-P(w,compl(x)) | D(w,x) & P(w,compl(x))) & (-(D(w,x) & P(w,compl(x))) | P(w,compl(x))))).
(all x all y all w ((-P(w,diff(x,y)) | P(w,x) & D(w,y)) & (-(P(w,x) & D(w,y)) | P(w,diff(x,y))))).
(all x all z all t (-(compl(x) = z & compl(x) = t) | z = t)).
(all x all y all z all t (-(diff(x,y) = z & diff(x,y) = t) | z = t)).
(all x all y all z all t (-(prod(x,y) = z & prod(x,y) = t) | z = t)).
(all x all y all z all t (-(sum(x,y) = z & sum(x,y) = t) | z = t)).
(all x all y (-(x != null & y != null) | (exists z (z != null & z = sum(x,y))))).
(all x all y sum(x,y) = sum(y,x)).
(all x ((compl(x) != null | x = cuniversal) & (x != cuniversal | compl(x) = null))).
(all x ((compl(x) != cuniversal | x = null) & (x != null | compl(x) = cuniversal))).
(all x all y prod(x,y) = prod(y,x)).
(all x all y (diff(x,y) != null | x = null | P(x,y))).
(all x all y (-D(x,y) | diff(x,y) = x)).
(all x (-P(x,cuniversal) | diff(x,null) = x)).
(all x (-P(x,cuniversal) | sum(null,x) = x)).
(all x (x = null | (exists z (I(z,x) & (all u (-I(u,x) | I(u,z))) & -(exists y B(y,z)))))).
(all x (bdy(x) = null | B(bdy(x),x) & (all z (-B(z,x) | P(z,bdy(x)))))).
(all x ((x != null | -P(x,x)) & (P(x,x) | x = null))).
(all x ((-P(x,x) | x != null) & (x = null | P(x,x)))).
end_of_list.

============================== end of input ==========================

% From the command line: assign(max_seconds, 100).

============================== PROCESS NON-CLAUSAL FORMULAS ==========

% Formulas that are not ordinary clauses:
1 -(all x all y (-(x != null & y != null & (exists z B(z,x)) & (exists t B(t,y)) & EC(x,y)) | -IP(x,y))) # label(non_clause).  [assumption].
2 (all x (x = null | P(x,x))) # label(non_clause).  [assumption].
3 (all x all y (-(P(x,y) & P(y,x)) | x = y)) # label(non_clause).  [assumption].
4 (all x all y all z (-(P(x,y) & P(y,z)) | P(x,z))) # label(non_clause).  [assumption].
5 (all x ((x != null | (all y (-P(y,x) & -P(x,y)))) & (-(all y (-P(y,x) & -P(x,y))) | x = null))) # label(non_clause).  [assumption].
6 (all x all y ((-PI(x,y) | P(y,x)) & (-P(y,x) | PI(x,y)))) # label(non_clause).  [assumption].
7 (all x all y (-PP(x,y) | (exists z (P(z,y) & D(z,x))))) # label(non_clause).  [assumption].
8 (exists z all x (x = null | P(x,z))) # label(non_clause).  [assumption].
9 (all x ((x != cuniversal | (all y (y = null | P(y,x)))) & (-(all y (y = null | P(y,x))) | x = cuniversal))) # label(non_clause).  [assumption].
10 -(exists x B(x,cuniversal)) # label(non_clause).  [assumption].
11 (all x ((-Point(x) | x != null & (all y (-P(y,x) | EQ(x,y)))) & (-(x != null & (all y (-P(y,x) | EQ(x,y)))) | Point(x)))) # label(non_clause).  [assumption].
12 (all x all y ((-PP(x,y) | P(x,y) & -P(y,x)) & (-(P(x,y) & -P(y,x)) | PP(x,y)))) # label(non_clause).  [assumption].
13 (all x all y ((-PPI(x,y) | PP(y,x)) & (-PP(y,x) | PPI(x,y)))) # label(non_clause).  [assumption].
14 (all x all y ((-EQ(x,y) | P(y,x) & P(x,y)) & (-(P(y,x) & P(x,y)) | EQ(x,y)))) # label(non_clause).  [assumption].
15 (all x all y ((-O(x,y) | (exists z (P(z,x) & P(z,y)))) & (-(exists z (P(z,x) & P(z,y))) | O(x,y)))) # label(non_clause).  [assumption].
16 (all x all y ((-D(x,y) | -O(x,y)) & (O(x,y) | D(x,y)))) # label(non_clause).  [assumption].
17 (all x all y (-B(x,y) | PP(x,y))) # label(non_clause).  [assumption].
18 (all x all y all z (-(B(x,y) & B(y,z)) | B(x,z))) # label(non_clause).  [assumption].
19 (all x all y all z (-(P(x,y) & B(y,z)) | B(x,z))) # label(non_clause).  [assumption].
20 (all x all y all z (-(B(x,y) & P(y,z)) | P(x,z))) # label(non_clause).  [assumption].
21 (all x all y ((-IMB(x,y) | O(x,y) & -P(x,y) & -P(y,x)) & (-(O(x,y) & -P(x,y) & -P(y,x)) | IMB(x,y)))) # label(non_clause).  [assumption].
22 (all x all y ((-I(x,y) | P(x,y) & (all z (-B(z,y) | D(z,x)))) & (-(P(x,y) & (all z (-B(z,y) | D(z,x)))) | I(x,y)))) # label(non_clause).  [assumption].
23 (all x all y ((-II(x,y) | I(y,x)) & (-I(y,x) | II(x,y)))) # label(non_clause).  [assumption].
24 (all x all y ((-IP(x,y) | -(exists t B(t,y)) & I(x,y) & -I(y,x)) & (-(-(exists t B(t,y)) & I(x,y) & -I(y,x)) | IP(x,y)))) # label(non_clause).  [assumption].
25 (all x all y ((-IPI(x,y) | IP(y,x)) & (-IP(y,x) | IPI(x,y)))) # label(non_clause).  [assumption].
26 (all x all y ((-TPP(x,y) | PP(x,y) & (exists z (P(z,x) & B(z,y)))) & (-(PP(x,y) & (exists z (P(z,x) & B(z,y)))) | TPP(x,y)))) # label(non_clause).  [assumption].
27 (all x all y ((-TPPI(x,y) | TPP(y,x)) & (-TPP(y,x) | TPPI(x,y)))) # label(non_clause).  [assumption].
28 (all x all y ((-OV(x,y) | IMB(x,y) & (exists p (I(p,x) & I(p,y)))) & (-(IMB(x,y) & (exists p (I(p,x) & I(p,y)))) | OV(x,y)))) # label(non_clause).  [assumption].
29 (all x all y ((-EC(x,y) | IMB(x,y) & (all z (-(P(z,x) & P(z,y)) | B(z,x) & B(z,y)))) & (-(IMB(x,y) & (all z (-(P(z,x) & P(z,y)) | B(z,x) & B(z,y)))) | EC(x,y)))) # label(non_clause).  [assumption].
30 (all x all y ((-IC(x,y) | IMB(x,y) & -EC(x,y) & -(exists p (I(p,x) & I(p,y)))) & (-(IMB(x,y) & -EC(x,y) & -(exists p (I(p,x) & I(p,y)))) | IC(x,y)))) # label(non_clause).  [assumption].
31 (all x (x = null | (exists y I(y,x)))) # label(non_clause).  [assumption].
32 (all x ((exists z B(z,x)) | -(exists y EC(y,x)))) # label(non_clause).  [assumption].
33 (all x (-(exists z B(z,x)) | (all y (-B(y,x) | -I(y,x))))) # label(non_clause).  [assumption].
34 (all x (-(exists z B(z,x)) | (all y (-I(y,x) | -B(y,x))))) # label(non_clause).  [assumption].
35 (all x all y (-((exists z B(z,x)) & EQ(x,y)) | (exists t B(t,y)))) # label(non_clause).  [assumption].
36 (all x all y (-(-(exists z B(z,x)) & EQ(x,y)) | -(exists t B(t,y)))) # label(non_clause).  [assumption].
37 (all x all y (-(-(exists z B(z,x)) & (exists t B(t,y))) | -EQ(x,y))) # label(non_clause).  [assumption].
38 (all x all y (-(PP(x,y) & -(exists z B(z,y))) | IP(x,y))) # label(non_clause).  [assumption].
39 (all x all y all w ((-O(w,sum(x,y)) | O(w,x) | O(w,y)) & (-(O(w,x) | O(w,y)) | O(w,sum(x,y))))) # label(non_clause).  [assumption].
40 (all x all y all w ((-P(w,prod(x,y)) | P(w,x) & P(w,y)) & (-(P(w,x) & P(w,y)) | P(w,prod(x,y))))) # label(non_clause).  [assumption].
41 (all x all w ((-P(w,compl(x)) | D(w,x) & P(w,compl(x))) & (-(D(w,x) & P(w,compl(x))) | P(w,compl(x))))) # label(non_clause).  [assumption].
42 (all x all y all w ((-P(w,diff(x,y)) | P(w,x) & D(w,y)) & (-(P(w,x) & D(w,y)) | P(w,diff(x,y))))) # label(non_clause).  [assumption].
43 (all x all z all t (-(compl(x) = z & compl(x) = t) | z = t)) # label(non_clause).  [assumption].
44 (all x all y all z all t (-(diff(x,y) = z & diff(x,y) = t) | z = t)) # label(non_clause).  [assumption].
45 (all x all y all z all t (-(prod(x,y) = z & prod(x,y) = t) | z = t)) # label(non_clause).  [assumption].
46 (all x all y all z all t (-(sum(x,y) = z & sum(x,y) = t) | z = t)) # label(non_clause).  [assumption].
47 (all x all y (-(x != null & y != null) | (exists z (z != null & z = sum(x,y))))) # label(non_clause).  [assumption].
48 (all x all y sum(x,y) = sum(y,x)) # label(non_clause).  [assumption].
49 (all x ((compl(x) != null | x = cuniversal) & (x != cuniversal | compl(x) = null))) # label(non_clause).  [assumption].
50 (all x ((compl(x) != cuniversal | x = null) & (x != null | compl(x) = cuniversal))) # label(non_clause).  [assumption].
51 (all x all y prod(x,y) = prod(y,x)) # label(non_clause).  [assumption].
52 (all x all y (diff(x,y) != null | x = null | P(x,y))) # label(non_clause).  [assumption].
53 (all x all y (-D(x,y) | diff(x,y) = x)) # label(non_clause).  [assumption].
54 (all x (-P(x,cuniversal) | diff(x,null) = x)) # label(non_clause).  [assumption].
55 (all x (-P(x,cuniversal) | sum(null,x) = x)) # label(non_clause).  [assumption].
56 (all x (x = null | (exists z (I(z,x) & (all u (-I(u,x) | I(u,z))) & -(exists y B(y,z)))))) # label(non_clause).  [assumption].
57 (all x (bdy(x) = null | B(bdy(x),x) & (all z (-B(z,x) | P(z,bdy(x)))))) # label(non_clause).  [assumption].
58 (all x ((x != null | -P(x,x)) & (P(x,x) | x = null))) # label(non_clause).  [assumption].
59 (all x ((-P(x,x) | x != null) & (x = null | P(x,x)))) # label(non_clause).  [assumption].

============================== end of process non-clausal formulas ===

============================== PROCESS INITIAL CLAUSES ===============

% Clauses before input processing:

formulas(usable).
end_of_list.

formulas(sos).
null != c1.  [clausify(1)].
null != c2.  [clausify(1)].
B(c3,c1).  [clausify(1)].
B(c4,c2).  [clausify(1)].
EC(c1,c2).  [clausify(1)].
IP(c1,c2).  [clausify(1)].
null = x | P(x,x).  [clausify(2)].
-P(x,y) | -P(y,x) | y = x.  [clausify(3)].
-P(x,y) | -P(y,z) | P(x,z).  [clausify(4)].
null != x | -P(y,x).  [clausify(5)].
null != x | -P(x,y).  [clausify(5)].
P(f1(x),x) | P(x,f1(x)) | null = x.  [clausify(5)].
-PI(x,y) | P(y,x).  [clausify(6)].
-P(x,y) | PI(y,x).  [clausify(6)].
-PP(x,y) | P(f2(x,y),y).  [clausify(7)].
-PP(x,y) | D(f2(x,y),x).  [clausify(7)].
null = x | P(x,c5).  [clausify(8)].
cuniversal != x | null = y | P(y,x).  [clausify(9)].
null != f3(x) | cuniversal = x.  [clausify(9)].
-P(f3(x),x) | cuniversal = x.  [clausify(9)].
-B(x,cuniversal).  [clausify(10)].
-Point(x) | null != x.  [clausify(11)].
-Point(x) | -P(y,x) | EQ(x,y).  [clausify(11)].
null = x | P(f4(x),x) | Point(x).  [clausify(11)].
null = x | -EQ(x,f4(x)) | Point(x).  [clausify(11)].
-PP(x,y) | P(x,y).  [clausify(12)].
-PP(x,y) | -P(y,x).  [clausify(12)].
-P(x,y) | P(y,x) | PP(x,y).  [clausify(12)].
-PPI(x,y) | PP(y,x).  [clausify(13)].
-PP(x,y) | PPI(y,x).  [clausify(13)].
-EQ(x,y) | P(y,x).  [clausify(14)].
-EQ(x,y) | P(x,y).  [clausify(14)].
-P(x,y) | -P(y,x) | EQ(y,x).  [clausify(14)].
-O(x,y) | P(f5(x,y),x).  [clausify(15)].
-O(x,y) | P(f5(x,y),y).  [clausify(15)].
-P(x,y) | -P(x,z) | O(y,z).  [clausify(15)].
-D(x,y) | -O(x,y).  [clausify(16)].
O(x,y) | D(x,y).  [clausify(16)].
-B(x,y) | PP(x,y).  [clausify(17)].
-B(x,y) | -B(y,z) | B(x,z).  [clausify(18)].
-P(x,y) | -B(y,z) | B(x,z).  [clausify(19)].
-B(x,y) | -P(y,z) | P(x,z).  [clausify(20)].
-IMB(x,y) | O(x,y).  [clausify(21)].
-IMB(x,y) | -P(x,y).  [clausify(21)].
-IMB(x,y) | -P(y,x).  [clausify(21)].
-O(x,y) | P(x,y) | P(y,x) | IMB(x,y).  [clausify(21)].
-I(x,y) | P(x,y).  [clausify(22)].
-I(x,y) | -B(z,y) | D(z,x).  [clausify(22)].
-P(x,y) | B(f6(x,y),y) | I(x,y).  [clausify(22)].
-P(x,y) | -D(f6(x,y),x) | I(x,y).  [clausify(22)].
-II(x,y) | I(y,x).  [clausify(23)].
-I(x,y) | II(y,x).  [clausify(23)].
-IP(x,y) | -B(z,y).  [clausify(24)].
-IP(x,y) | I(x,y).  [clausify(24)].
-IP(x,y) | -I(y,x).  [clausify(24)].
B(f7(x,y),y) | -I(x,y) | I(y,x) | IP(x,y).  [clausify(24)].
-IPI(x,y) | IP(y,x).  [clausify(25)].
-IP(x,y) | IPI(y,x).  [clausify(25)].
-TPP(x,y) | PP(x,y).  [clausify(26)].
-TPP(x,y) | P(f8(x,y),x).  [clausify(26)].
-TPP(x,y) | B(f8(x,y),y).  [clausify(26)].
-PP(x,y) | -P(z,x) | -B(z,y) | TPP(x,y).  [clausify(26)].
-TPPI(x,y) | TPP(y,x).  [clausify(27)].
-TPP(x,y) | TPPI(y,x).  [clausify(27)].
-OV(x,y) | IMB(x,y).  [clausify(28)].
-OV(x,y) | I(f9(x,y),x).  [clausify(28)].
-OV(x,y) | I(f9(x,y),y).  [clausify(28)].
-IMB(x,y) | -I(z,x) | -I(z,y) | OV(x,y).  [clausify(28)].
-EC(x,y) | IMB(x,y).  [clausify(29)].
-EC(x,y) | -P(z,x) | -P(z,y) | B(z,x).  [clausify(29)].
-EC(x,y) | -P(z,x) | -P(z,y) | B(z,y).  [clausify(29)].
-IMB(x,y) | P(f10(x,y),x) | EC(x,y).  [clausify(29)].
-IMB(x,y) | P(f10(x,y),y) | EC(x,y).  [clausify(29)].
-IMB(x,y) | -B(f10(x,y),x) | -B(f10(x,y),y) | EC(x,y).  [clausify(29)].
-IC(x,y) | IMB(x,y).  [clausify(30)].
-IC(x,y) | -EC(x,y).  [clausify(30)].
-IC(x,y) | -I(z,x) | -I(z,y).  [clausify(30)].
-IMB(x,y) | EC(x,y) | I(f11(x,y),x) | IC(x,y).  [clausify(30)].
-IMB(x,y) | EC(x,y) | I(f11(x,y),y) | IC(x,y).  [clausify(30)].
null = x | I(f12(x),x).  [clausify(31)].
B(f13(x),x) | -EC(y,x).  [clausify(32)].
-B(x,y) | -B(z,y) | -I(z,y).  [clausify(33)].
-B(x,y) | -I(z,y) | -B(z,y).  [clausify(34)].
-B(x,y) | -EQ(y,z) | B(f14(y,z),z).  [clausify(35)].
B(f15(x,y),x) | -EQ(x,y) | -B(z,y).  [clausify(36)].
B(f16(x,y),x) | -B(z,y) | -EQ(x,y).  [clausify(37)].
-PP(x,y) | B(f17(x,y),y) | IP(x,y).  [clausify(38)].
-O(x,sum(y,z)) | O(x,y) | O(x,z).  [clausify(39)].
-O(x,y) | O(x,sum(y,z)).  [clausify(39)].
-O(x,y) | O(x,sum(z,y)).  [clausify(39)].
-P(x,prod(y,z)) | P(x,y).  [clausify(40)].
-P(x,prod(y,z)) | P(x,z).  [clausify(40)].
-P(x,y) | -P(x,z) | P(x,prod(y,z)).  [clausify(40)].
-P(x,compl(y)) | D(x,y).  [clausify(41)].
-P(x,diff(y,z)) | P(x,y).  [clausify(42)].
-P(x,diff(y,z)) | D(x,z).  [clausify(42)].
-P(x,y) | -D(x,z) | P(x,diff(y,z)).  [clausify(42)].
compl(x) != y | compl(x) != z | z = y.  [clausify(43)].
diff(x,y) != z | diff(x,y) != u | u = z.  [clausify(44)].
prod(x,y) != z | prod(x,y) != u | u = z.  [clausify(45)].
sum(x,y) != z | sum(x,y) != u | u = z.  [clausify(46)].
null = x | null = y | f18(x,y) != null.  [clausify(47)].
null = x | null = y | sum(x,y) = f18(x,y).  [clausify(47)].
sum(x,y) = sum(y,x).  [clausify(48)].
compl(x) != null | cuniversal = x.  [clausify(49)].
cuniversal != x | compl(x) = null.  [clausify(49)].
compl(x) != cuniversal | null = x.  [clausify(50)].
null != x | compl(x) = cuniversal.  [clausify(50)].
prod(x,y) = prod(y,x).  [clausify(51)].
diff(x,y) != null | null = x | P(x,y).  [clausify(52)].
-D(x,y) | diff(x,y) = x.  [clausify(53)].
-P(x,cuniversal) | diff(x,null) = x.  [clausify(54)].
-P(x,cuniversal) | sum(null,x) = x.  [clausify(55)].
null = x | I(f19(x),x).  [clausify(56)].
null = x | -I(y,x) | I(y,f19(x)).  [clausify(56)].
null = x | -B(y,f19(x)).  [clausify(56)].
bdy(x) = null | B(bdy(x),x).  [clausify(57)].
bdy(x) = null | -B(y,x) | P(y,bdy(x)).  [clausify(57)].
null != x | -P(x,x).  [clausify(58)].
P(x,x) | null = x.  [clausify(58)].
-P(x,x) | null != x.  [clausify(59)].
null = x | P(x,x).  [clausify(59)].
end_of_list.

formulas(demodulators).
end_of_list.

============================== PREDICATE ELIMINATION =================

Eliminating EC/2
60 -EC(x,y) | IMB(x,y).  [clausify(29)].
61 EC(c1,c2).  [clausify(1)].
Derived: IMB(c1,c2).  [resolve(60,a,61,a)].
62 -EC(x,y) | -P(z,x) | -P(z,y) | B(z,x).  [clausify(29)].
Derived: -P(x,c1) | -P(x,c2) | B(x,c1).  [resolve(62,a,61,a)].
63 -EC(x,y) | -P(z,x) | -P(z,y) | B(z,y).  [clausify(29)].
Derived: -P(x,c1) | -P(x,c2) | B(x,c2).  [resolve(63,a,61,a)].
64 -IMB(x,y) | P(f10(x,y),x) | EC(x,y).  [clausify(29)].
Derived: -IMB(x,y) | P(f10(x,y),x) | -P(z,x) | -P(z,y) | B(z,x).  [resolve(64,c,62,a)].
Derived: -IMB(x,y) | P(f10(x,y),x) | -P(z,x) | -P(z,y) | B(z,y).  [resolve(64,c,63,a)].
65 -IMB(x,y) | P(f10(x,y),y) | EC(x,y).  [clausify(29)].
Derived: -IMB(x,y) | P(f10(x,y),y) | -P(z,x) | -P(z,y) | B(z,x).  [resolve(65,c,62,a)].
Derived: -IMB(x,y) | P(f10(x,y),y) | -P(z,x) | -P(z,y) | B(z,y).  [resolve(65,c,63,a)].
66 -IMB(x,y) | -B(f10(x,y),x) | -B(f10(x,y),y) | EC(x,y).  [clausify(29)].
Derived: -IMB(x,y) | -B(f10(x,y),x) | -B(f10(x,y),y) | -P(z,x) | -P(z,y) | B(z,x).  [resolve(66,d,62,a)].
Derived: -IMB(x,y) | -B(f10(x,y),x) | -B(f10(x,y),y) | -P(z,x) | -P(z,y) | B(z,y).  [resolve(66,d,63,a)].
67 -IC(x,y) | -EC(x,y).  [clausify(30)].
Derived: -IC(c1,c2).  [resolve(67,b,61,a)].
Derived: -IC(x,y) | -IMB(x,y) | P(f10(x,y),x).  [resolve(67,b,64,c)].
Derived: -IC(x,y) | -IMB(x,y) | P(f10(x,y),y).  [resolve(67,b,65,c)].
Derived: -IC(x,y) | -IMB(x,y) | -B(f10(x,y),x) | -B(f10(x,y),y).  [resolve(67,b,66,d)].
68 -IMB(x,y) | EC(x,y) | I(f11(x,y),x) | IC(x,y).  [clausify(30)].
Derived: -IMB(x,y) | I(f11(x,y),x) | IC(x,y) | -P(z,x) | -P(z,y) | B(z,x).  [resolve(68,b,62,a)].
Derived: -IMB(x,y) | I(f11(x,y),x) | IC(x,y) | -P(z,x) | -P(z,y) | B(z,y).  [resolve(68,b,63,a)].
69 -IMB(x,y) | EC(x,y) | I(f11(x,y),y) | IC(x,y).  [clausify(30)].
Derived: -IMB(x,y) | I(f11(x,y),y) | IC(x,y) | -P(z,x) | -P(z,y) | B(z,x).  [resolve(69,b,62,a)].
Derived: -IMB(x,y) | I(f11(x,y),y) | IC(x,y) | -P(z,x) | -P(z,y) | B(z,y).  [resolve(69,b,63,a)].
70 B(f13(x),x) | -EC(y,x).  [clausify(32)].
Derived: B(f13(c2),c2).  [resolve(70,b,61,a)].
Derived: B(f13(x),x) | -IMB(y,x) | P(f10(y,x),y).  [resolve(70,b,64,c)].
Derived: B(f13(x),x) | -IMB(y,x) | P(f10(y,x),x).  [resolve(70,b,65,c)].
Derived: B(f13(x),x) | -IMB(y,x) | -B(f10(y,x),y) | -B(f10(y,x),x).  [resolve(70,b,66,d)].
Derived: B(f13(x),x) | -IMB(y,x) | I(f11(y,x),y) | IC(y,x).  [resolve(70,b,68,b)].
Derived: B(f13(x),x) | -IMB(y,x) | I(f11(y,x),x) | IC(y,x).  [resolve(70,b,69,b)].

Eliminating IP/2
71 -IP(x,y) | -B(z,y).  [clausify(24)].
72 IP(c1,c2).  [clausify(1)].
Derived: -B(x,c2).  [resolve(71,a,72,a)].
73 -IP(x,y) | I(x,y).  [clausify(24)].
Derived: I(c1,c2).  [resolve(73,a,72,a)].
74 -IP(x,y) | -I(y,x).  [clausify(24)].
Derived: -I(c2,c1).  [resolve(74,a,72,a)].
75 B(f7(x,y),y) | -I(x,y) | I(y,x) | IP(x,y).  [clausify(24)].
Derived: B(f7(x,y),y) | -I(x,y) | I(y,x) | -B(z,y).  [resolve(75,d,71,a)].
76 -IPI(x,y) | IP(y,x).  [clausify(25)].
Derived: -IPI(x,y) | -B(z,x).  [resolve(76,b,71,a)].
Derived: -IPI(x,y) | I(y,x).  [resolve(76,b,73,a)].
Derived: -IPI(x,y) | -I(x,y).  [resolve(76,b,74,a)].
77 -IP(x,y) | IPI(y,x).  [clausify(25)].
Derived: IPI(c2,c1).  [resolve(77,a,72,a)].
Derived: IPI(x,y) | B(f7(y,x),x) | -I(y,x) | I(x,y).  [resolve(77,a,75,d)].
78 -PP(x,y) | B(f17(x,y),y) | IP(x,y).  [clausify(38)].
Derived: -PP(x,y) | B(f17(x,y),y) | -B(z,y).  [resolve(78,c,71,a)].
Derived: -PP(x,y) | B(f17(x,y),y) | I(x,y).  [resolve(78,c,73,a)].
Derived: -PP(x,y) | B(f17(x,y),y) | -I(y,x).  [resolve(78,c,74,a)].
Derived: -PP(x,y) | B(f17(x,y),y) | IPI(y,x).  [resolve(78,c,77,a)].

Eliminating PI/2
79 -P(x,y) | PI(y,x).  [clausify(6)].
80 -PI(x,y) | P(y,x).  [clausify(6)].

Eliminating PP/2
81 -P(x,y) | P(y,x) | PP(x,y).  [clausify(12)].
82 -PP(x,y) | P(f2(x,y),y).  [clausify(7)].
83 -PP(x,y) | D(f2(x,y),x).  [clausify(7)].
84 -PP(x,y) | P(x,y).  [clausify(12)].
85 -PP(x,y) | -P(y,x).  [clausify(12)].
Derived: -P(x,y) | P(y,x) | P(f2(x,y),y).  [resolve(81,c,82,a)].
Derived: -P(x,y) | P(y,x) | D(f2(x,y),x).  [resolve(81,c,83,a)].
86 -PPI(x,y) | PP(y,x).  [clausify(13)].
Derived: -PPI(x,y) | P(f2(y,x),x).  [resolve(86,b,82,a)].
Derived: -PPI(x,y) | D(f2(y,x),y).  [resolve(86,b,83,a)].
Derived: -PPI(x,y) | P(y,x).  [resolve(86,b,84,a)].
Derived: -PPI(x,y) | -P(x,y).  [resolve(86,b,85,a)].
87 -PP(x,y) | PPI(y,x).  [clausify(13)].
Derived: PPI(x,y) | -P(y,x) | P(x,y).  [resolve(87,a,81,c)].
88 -B(x,y) | PP(x,y).  [clausify(17)].
Derived: -B(x,y) | P(f2(x,y),y).  [resolve(88,b,82,a)].
Derived: -B(x,y) | D(f2(x,y),x).  [resolve(88,b,83,a)].
Derived: -B(x,y) | P(x,y).  [resolve(88,b,84,a)].
Derived: -B(x,y) | -P(y,x).  [resolve(88,b,85,a)].
Derived: -B(x,y) | PPI(y,x).  [resolve(88,b,87,a)].
89 -TPP(x,y) | PP(x,y).  [clausify(26)].
Derived: -TPP(x,y) | P(f2(x,y),y).  [resolve(89,b,82,a)].
Derived: -TPP(x,y) | D(f2(x,y),x).  [resolve(89,b,83,a)].
Derived: -TPP(x,y) | P(x,y).  [resolve(89,b,84,a)].
Derived: -TPP(x,y) | -P(y,x).  [resolve(89,b,85,a)].
Derived: -TPP(x,y) | PPI(y,x).  [resolve(89,b,87,a)].
90 -PP(x,y) | -P(z,x) | -B(z,y) | TPP(x,y).  [clausify(26)].
Derived: -P(x,y) | -B(x,z) | TPP(y,z) | -P(y,z) | P(z,y).  [resolve(90,a,81,c)].
Derived: -P(x,y) | -B(x,z) | TPP(y,z) | -PPI(z,y).  [resolve(90,a,86,b)].
Derived: -P(x,y) | -B(x,z) | TPP(y,z) | -B(y,z).  [resolve(90,a,88,b)].
91 -PP(x,y) | B(f17(x,y),y) | -B(z,y).  [resolve(78,c,71,a)].
Derived: B(f17(x,y),y) | -B(z,y) | -P(x,y) | P(y,x).  [resolve(91,a,81,c)].
Derived: B(f17(x,y),y) | -B(z,y) | -PPI(y,x).  [resolve(91,a,86,b)].
Derived: B(f17(x,y),y) | -B(z,y) | -B(x,y).  [resolve(91,a,88,b)].
Derived: B(f17(x,y),y) | -B(z,y) | -TPP(x,y).  [resolve(91,a,89,b)].
92 -PP(x,y) | B(f17(x,y),y) | I(x,y).  [resolve(78,c,73,a)].
Derived: B(f17(x,y),y) | I(x,y) | -P(x,y) | P(y,x).  [resolve(92,a,81,c)].
Derived: B(f17(x,y),y) | I(x,y) | -PPI(y,x).  [resolve(92,a,86,b)].
Derived: B(f17(x,y),y) | I(x,y) | -TPP(x,y).  [resolve(92,a,89,b)].
93 -PP(x,y) | B(f17(x,y),y) | -I(y,x).  [resolve(78,c,74,a)].
Derived: B(f17(x,y),y) | -I(y,x) | -P(x,y) | P(y,x).  [resolve(93,a,81,c)].
Derived: B(f17(x,y),y) | -I(y,x) | -PPI(y,x).  [resolve(93,a,86,b)].
Derived: B(f17(x,y),y) | -I(y,x) | -TPP(x,y).  [resolve(93,a,89,b)].
94 -PP(x,y) | B(f17(x,y),y) | IPI(y,x).  [resolve(78,c,77,a)].
Derived: B(f17(x,y),y) | IPI(y,x) | -P(x,y) | P(y,x).  [resolve(94,a,81,c)].
Derived: B(f17(x,y),y) | IPI(y,x) | -PPI(y,x).  [resolve(94,a,86,b)].
Derived: B(f17(x,y),y) | IPI(y,x) | -TPP(x,y).  [resolve(94,a,89,b)].

Eliminating Point/1
95 null = x | P(f4(x),x) | Point(x).  [clausify(11)].
96 -Point(x) | null != x.  [clausify(11)].
97 -Point(x) | -P(y,x) | EQ(x,y).  [clausify(11)].
Derived: null = x | P(f4(x),x) | -P(y,x) | EQ(x,y).  [resolve(95,c,97,a)].
98 null = x | -EQ(x,f4(x)) | Point(x).  [clausify(11)].
Derived: null = x | -EQ(x,f4(x)) | -P(y,x) | EQ(x,y).  [resolve(98,c,97,a)].

Eliminating IMB/2
99 -O(x,y) | P(x,y) | P(y,x) | IMB(x,y).  [clausify(21)].
100 -IMB(x,y) | O(x,y).  [clausify(21)].
101 -IMB(x,y) | -P(x,y).  [clausify(21)].
102 -IMB(x,y) | -P(y,x).  [clausify(21)].
103 -OV(x,y) | IMB(x,y).  [clausify(28)].
Derived: -OV(x,y) | O(x,y).  [resolve(103,b,100,a)].
Derived: -OV(x,y) | -P(x,y).  [resolve(103,b,101,a)].
Derived: -OV(x,y) | -P(y,x).  [resolve(103,b,102,a)].
104 -IMB(x,y) | -I(z,x) | -I(z,y) | OV(x,y).  [clausify(28)].
Derived: -I(x,y) | -I(x,z) | OV(y,z) | -O(y,z) | P(y,z) | P(z,y).  [resolve(104,a,99,d)].
105 -IC(x,y) | IMB(x,y).  [clausify(30)].
Derived: -IC(x,y) | O(x,y).  [resolve(105,b,100,a)].
Derived: -IC(x,y) | -P(x,y).  [resolve(105,b,101,a)].
Derived: -IC(x,y) | -P(y,x).  [resolve(105,b,102,a)].
106 IMB(c1,c2).  [resolve(60,a,61,a)].
Derived: O(c1,c2).  [resolve(106,a,100,a)].
Derived: -P(c1,c2).  [resolve(106,a,101,a)].
Derived: -P(c2,c1).  [resolve(106,a,102,a)].
Derived: -I(x,c1) | -I(x,c2) | OV(c1,c2).  [resolve(106,a,104,a)].
107 -IMB(x,y) | P(f10(x,y),x) | -P(z,x) | -P(z,y) | B(z,x).  [resolve(64,c,62,a)].
Derived: P(f10(x,y),x) | -P(z,x) | -P(z,y) | B(z,x) | -O(x,y) | P(x,y) | P(y,x).  [resolve(107,a,99,d)].
Derived: P(f10(x,y),x) | -P(z,x) | -P(z,y) | B(z,x) | -OV(x,y).  [resolve(107,a,103,b)].
Derived: P(f10(x,y),x) | -P(z,x) | -P(z,y) | B(z,x) | -IC(x,y).  [resolve(107,a,105,b)].
Derived: P(f10(c1,c2),c1) | -P(x,c1) | -P(x,c2) | B(x,c1).  [resolve(107,a,106,a)].
108 -IMB(x,y) | P(f10(x,y),x) | -P(z,x) | -P(z,y) | B(z,y).  [resolve(64,c,63,a)].
Derived: P(f10(x,y),x) | -P(z,x) | -P(z,y) | B(z,y) | -O(x,y) | P(x,y) | P(y,x).  [resolve(108,a,99,d)].
Derived: P(f10(x,y),x) | -P(z,x) | -P(z,y) | B(z,y) | -OV(x,y).  [resolve(108,a,103,b)].
Derived: P(f10(x,y),x) | -P(z,x) | -P(z,y) | B(z,y) | -IC(x,y).  [resolve(108,a,105,b)].
Derived: P(f10(c1,c2),c1) | -P(x,c1) | -P(x,c2) | B(x,c2).  [resolve(108,a,106,a)].
109 -IMB(x,y) | P(f10(x,y),y) | -P(z,x) | -P(z,y) | B(z,x).  [resolve(65,c,62,a)].
Derived: P(f10(x,y),y) | -P(z,x) | -P(z,y) | B(z,x) | -O(x,y) | P(x,y) | P(y,x).  [resolve(109,a,99,d)].
Derived: P(f10(x,y),y) | -P(z,x) | -P(z,y) | B(z,x) | -OV(x,y).  [resolve(109,a,103,b)].
Derived: P(f10(x,y),y) | -P(z,x) | -P(z,y) | B(z,x) | -IC(x,y).  [resolve(109,a,105,b)].
Derived: P(f10(c1,c2),c2) | -P(x,c1) | -P(x,c2) | B(x,c1).  [resolve(109,a,106,a)].
110 -IMB(x,y) | P(f10(x,y),y) | -P(z,x) | -P(z,y) | B(z,y).  [resolve(65,c,63,a)].
Derived: P(f10(x,y),y) | -P(z,x) | -P(z,y) | B(z,y) | -O(x,y) | P(x,y) | P(y,x).  [resolve(110,a,99,d)].
Derived: P(f10(x,y),y) | -P(z,x) | -P(z,y) | B(z,y) | -OV(x,y).  [resolve(110,a,103,b)].
Derived: P(f10(x,y),y) | -P(z,x) | -P(z,y) | B(z,y) | -IC(x,y).  [resolve(110,a,105,b)].
Derived: P(f10(c1,c2),c2) | -P(x,c1) | -P(x,c2) | B(x,c2).  [resolve(110,a,106,a)].
111 -IMB(x,y) | -B(f10(x,y),x) | -B(f10(x,y),y) | -P(z,x) | -P(z,y) | B(z,x).  [resolve(66,d,62,a)].
Derived: -B(f10(x,y),x) | -B(f10(x,y),y) | -P(z,x) | -P(z,y) | B(z,x) | -O(x,y) | P(x,y) | P(y,x).  [resolve(111,a,99,d)].
Derived: -B(f10(x,y),x) | -B(f10(x,y),y) | -P(z,x) | -P(z,y) | B(z,x) | -OV(x,y).  [resolve(111,a,103,b)].
Derived: -B(f10(x,y),x) | -B(f10(x,y),y) | -P(z,x) | -P(z,y) | B(z,x) | -IC(x,y).  [resolve(111,a,105,b)].
112 -IMB(x,y) | -B(f10(x,y),x) | -B(f10(x,y),y) | -P(z,x) | -P(z,y) | B(z,y).  [resolve(66,d,63,a)].
Derived: -B(f10(x,y),x) | -B(f10(x,y),y) | -P(z,x) | -P(z,y) | B(z,y) | -O(x,y) | P(x,y) | P(y,x).  [resolve(112,a,99,d)].
Derived: -B(f10(x,y),x) | -B(f10(x,y),y) | -P(z,x) | -P(z,y) | B(z,y) | -OV(x,y).  [resolve(112,a,103,b)].
Derived: -B(f10(x,y),x) | -B(f10(x,y),y) | -P(z,x) | -P(z,y) | B(z,y) | -IC(x,y).  [resolve(112,a,105,b)].
113 -IC(x,y) | -IMB(x,y) | P(f10(x,y),x).  [resolve(67,b,64,c)].
Derived: -IC(x,y) | P(f10(x,y),x) | -O(x,y) | P(x,y) | P(y,x).  [resolve(113,b,99,d)].
Derived: -IC(x,y) | P(f10(x,y),x) | -OV(x,y).  [resolve(113,b,103,b)].
Derived: -IC(x,y) | P(f10(x,y),x) | -IC(x,y).  [resolve(113,b,105,b)].
114 -IC(x,y) | -IMB(x,y) | P(f10(x,y),y).  [resolve(67,b,65,c)].
Derived: -IC(x,y) | P(f10(x,y),y) | -O(x,y) | P(x,y) | P(y,x).  [resolve(114,b,99,d)].
Derived: -IC(x,y) | P(f10(x,y),y) | -OV(x,y).  [resolve(114,b,103,b)].
Derived: -IC(x,y) | P(f10(x,y),y) | -IC(x,y).  [resolve(114,b,105,b)].
115 -IC(x,y) | -IMB(x,y) | -B(f10(x,y),x) | -B(f10(x,y),y).  [resolve(67,b,66,d)].
Derived: -IC(x,y) | -B(f10(x,y),x) | -B(f10(x,y),y) | -O(x,y) | P(x,y) | P(y,x).  [resolve(115,b,99,d)].
Derived: -IC(x,y) | -B(f10(x,y),x) | -B(f10(x,y),y) | -OV(x,y).  [resolve(115,b,103,b)].
Derived: -IC(x,y) | -B(f10(x,y),x) | -B(f10(x,y),y) | -IC(x,y).  [resolve(115,b,105,b)].
116 -IMB(x,y) | I(f11(x,y),x) | IC(x,y) | -P(z,x) | -P(z,y) | B(z,x).  [resolve(68,b,62,a)].
Derived: I(f11(x,y),x) | IC(x,y) | -P(z,x) | -P(z,y) | B(z,x) | -O(x,y) | P(x,y) | P(y,x).  [resolve(116,a,99,d)].
Derived: I(f11(x,y),x) | IC(x,y) | -P(z,x) | -P(z,y) | B(z,x) | -OV(x,y).  [resolve(116,a,103,b)].
Derived: I(f11(c1,c2),c1) | IC(c1,c2) | -P(x,c1) | -P(x,c2) | B(x,c1).  [resolve(116,a,106,a)].
117 -IMB(x,y) | I(f11(x,y),x) | IC(x,y) | -P(z,x) | -P(z,y) | B(z,y).  [resolve(68,b,63,a)].
Derived: I(f11(x,y),x) | IC(x,y) | -P(z,x) | -P(z,y) | B(z,y) | -O(x,y) | P(x,y) | P(y,x).  [resolve(117,a,99,d)].
Derived: I(f11(x,y),x) | IC(x,y) | -P(z,x) | -P(z,y) | B(z,y) | -OV(x,y).  [resolve(117,a,103,b)].
Derived: I(f11(c1,c2),c1) | IC(c1,c2) | -P(x,c1) | -P(x,c2) | B(x,c2).  [resolve(117,a,106,a)].
118 -IMB(x,y) | I(f11(x,y),y) | IC(x,y) | -P(z,x) | -P(z,y) | B(z,x).  [resolve(69,b,62,a)].
Derived: I(f11(x,y),y) | IC(x,y) | -P(z,x) | -P(z,y) | B(z,x) | -O(x,y) | P(x,y) | P(y,x).  [resolve(118,a,99,d)].
Derived: I(f11(x,y),y) | IC(x,y) | -P(z,x) | -P(z,y) | B(z,x) | -OV(x,y).  [resolve(118,a,103,b)].
Derived: I(f11(c1,c2),c2) | IC(c1,c2) | -P(x,c1) | -P(x,c2) | B(x,c1).  [resolve(118,a,106,a)].
119 -IMB(x,y) | I(f11(x,y),y) | IC(x,y) | -P(z,x) | -P(z,y) | B(z,y).  [resolve(69,b,63,a)].
Derived: I(f11(x,y),y) | IC(x,y) | -P(z,x) | -P(z,y) | B(z,y) | -O(x,y) | P(x,y) | P(y,x).  [resolve(119,a,99,d)].
Derived: I(f11(x,y),y) | IC(x,y) | -P(z,x) | -P(z,y) | B(z,y) | -OV(x,y).  [resolve(119,a,103,b)].
Derived: I(f11(c1,c2),c2) | IC(c1,c2) | -P(x,c1) | -P(x,c2) | B(x,c2).  [resolve(119,a,106,a)].
120 B(f13(x),x) | -IMB(y,x) | P(f10(y,x),y).  [resolve(70,b,64,c)].
Derived: B(f13(x),x) | P(f10(y,x),y) | -O(y,x) | P(y,x) | P(x,y).  [resolve(120,b,99,d)].
Derived: B(f13(x),x) | P(f10(y,x),y) | -OV(y,x).  [resolve(120,b,103,b)].
Derived: B(f13(c2),c2) | P(f10(c1,c2),c1).  [resolve(120,b,106,a)].
121 B(f13(x),x) | -IMB(y,x) | P(f10(y,x),x).  [resolve(70,b,65,c)].
Derived: B(f13(x),x) | P(f10(y,x),x) | -O(y,x) | P(y,x) | P(x,y).  [resolve(121,b,99,d)].
Derived: B(f13(x),x) | P(f10(y,x),x) | -OV(y,x).  [resolve(121,b,103,b)].
Derived: B(f13(c2),c2) | P(f10(c1,c2),c2).  [resolve(121,b,106,a)].
122 B(f13(x),x) | -IMB(y,x) | -B(f10(y,x),y) | -B(f10(y,x),x).  [resolve(70,b,66,d)].
Derived: B(f13(x),x) | -B(f10(y,x),y) | -B(f10(y,x),x) | -O(y,x) | P(y,x) | P(x,y).  [resolve(122,b,99,d)].
Derived: B(f13(x),x) | -B(f10(y,x),y) | -B(f10(y,x),x) | -OV(y,x).  [resolve(122,b,103,b)].
123 B(f13(x),x) | -IMB(y,x) | I(f11(y,x),y) | IC(y,x).  [resolve(70,b,68,b)].
Derived: B(f13(x),x) | I(f11(y,x),y) | IC(y,x) | -O(y,x) | P(y,x) | P(x,y).  [resolve(123,b,99,d)].
Derived: B(f13(x),x) | I(f11(y,x),y) | IC(y,x) | -OV(y,x).  [resolve(123,b,103,b)].
Derived: B(f13(c2),c2) | I(f11(c1,c2),c1) | IC(c1,c2).  [resolve(123,b,106,a)].
124 B(f13(x),x) | -IMB(y,x) | I(f11(y,x),x) | IC(y,x).  [resolve(70,b,69,b)].
Derived: B(f13(x),x) | I(f11(y,x),x) | IC(y,x) | -O(y,x) | P(y,x) | P(x,y).  [resolve(124,b,99,d)].
Derived: B(f13(x),x) | I(f11(y,x),x) | IC(y,x) | -OV(y,x).  [resolve(124,b,103,b)].
Derived: B(f13(c2),c2) | I(f11(c1,c2),c2) | IC(c1,c2).  [resolve(124,b,106,a)].

Eliminating II/2
125 -I(x,y) | II(y,x).  [clausify(23)].
126 -II(x,y) | I(y,x).  [clausify(23)].

Eliminating TPP/2
127 -TPPI(x,y) | TPP(y,x).  [clausify(27)].
128 -TPP(x,y) | P(f8(x,y),x).  [clausify(26)].
129 -TPP(x,y) | B(f8(x,y),y).  [clausify(26)].
Derived: -TPPI(x,y) | P(f8(y,x),y).  [resolve(127,b,128,a)].
Derived: -TPPI(x,y) | B(f8(y,x),x).  [resolve(127,b,129,a)].
130 -TPP(x,y) | TPPI(y,x).  [clausify(27)].
131 -TPP(x,y) | P(f2(x,y),y).  [resolve(89,b,82,a)].
Derived: P(f2(x,y),y) | -TPPI(y,x).  [resolve(131,a,127,b)].
132 -TPP(x,y) | D(f2(x,y),x).  [resolve(89,b,83,a)].
Derived: D(f2(x,y),x) | -TPPI(y,x).  [resolve(132,a,127,b)].
133 -TPP(x,y) | P(x,y).  [resolve(89,b,84,a)].
Derived: P(x,y) | -TPPI(y,x).  [resolve(133,a,127,b)].
134 -TPP(x,y) | -P(y,x).  [resolve(89,b,85,a)].
Derived: -P(x,y) | -TPPI(x,y).  [resolve(134,a,127,b)].
135 -TPP(x,y) | PPI(y,x).  [resolve(89,b,87,a)].
Derived: PPI(x,y) | -TPPI(x,y).  [resolve(135,a,127,b)].
136 -P(x,y) | -B(x,z) | TPP(y,z) | -P(y,z) | P(z,y).  [resolve(90,a,81,c)].
Derived: -P(x,y) | -B(x,z) | -P(y,z) | P(z,y) | P(f8(y,z),y).  [resolve(136,c,128,a)].
Derived: -P(x,y) | -B(x,z) | -P(y,z) | P(z,y) | B(f8(y,z),z).  [resolve(136,c,129,a)].
Derived: -P(x,y) | -B(x,z) | -P(y,z) | P(z,y) | TPPI(z,y).  [resolve(136,c,130,a)].
Derived: -P(x,y) | -B(x,z) | -P(y,z) | P(z,y) | P(f2(y,z),z).  [resolve(136,c,131,a)].
Derived: -P(x,y) | -B(x,z) | -P(y,z) | P(z,y) | D(f2(y,z),y).  [resolve(136,c,132,a)].
Derived: -P(x,y) | -B(x,z) | -P(y,z) | P(z,y) | PPI(z,y).  [resolve(136,c,135,a)].
137 -P(x,y) | -B(x,z) | TPP(y,z) | -PPI(z,y).  [resolve(90,a,86,b)].
Derived: -P(x,y) | -B(x,z) | -PPI(z,y) | P(f8(y,z),y).  [resolve(137,c,128,a)].
Derived: -P(x,y) | -B(x,z) | -PPI(z,y) | B(f8(y,z),z).  [resolve(137,c,129,a)].
Derived: -P(x,y) | -B(x,z) | -PPI(z,y) | TPPI(z,y).  [resolve(137,c,130,a)].
Derived: -P(x,y) | -B(x,z) | -PPI(z,y) | P(f2(y,z),z).  [resolve(137,c,131,a)].
Derived: -P(x,y) | -B(x,z) | -PPI(z,y) | D(f2(y,z),y).  [resolve(137,c,132,a)].
Derived: -P(x,y) | -B(x,z) | -PPI(z,y) | P(y,z).  [resolve(137,c,133,a)].
Derived: -P(x,y) | -B(x,z) | -PPI(z,y) | -P(z,y).  [resolve(137,c,134,a)].
138 -P(x,y) | -B(x,z) | TPP(y,z) | -B(y,z).  [resolve(90,a,88,b)].
Derived: -P(x,y) | -B(x,z) | -B(y,z) | P(f8(y,z),y).  [resolve(138,c,128,a)].
Derived: -P(x,y) | -B(x,z) | -B(y,z) | B(f8(y,z),z).  [resolve(138,c,129,a)].
Derived: -P(x,y) | -B(x,z) | -B(y,z) | TPPI(z,y).  [resolve(138,c,130,a)].
Derived: -P(x,y) | -B(x,z) | -B(y,z) | P(f2(y,z),z).  [resolve(138,c,131,a)].
Derived: -P(x,y) | -B(x,z) | -B(y,z) | D(f2(y,z),y).  [resolve(138,c,132,a)].
Derived: -P(x,y) | -B(x,z) | -B(y,z) | P(y,z).  [resolve(138,c,133,a)].
Derived: -P(x,y) | -B(x,z) | -B(y,z) | -P(z,y).  [resolve(138,c,134,a)].
Derived: -P(x,y) | -B(x,z) | -B(y,z) | PPI(z,y).  [resolve(138,c,135,a)].
139 B(f17(x,y),y) | -B(z,y) | -TPP(x,y).  [resolve(91,a,89,b)].
Derived: B(f17(x,y),y) | -B(z,y) | -TPPI(y,x).  [resolve(139,c,127,b)].
Derived: B(f17(x,y),y) | -B(z,y) | -P(u,x) | -B(u,y) | -P(x,y) | P(y,x).  [resolve(139,c,136,c)].
Derived: B(f17(x,y),y) | -B(z,y) | -P(u,x) | -B(u,y) | -PPI(y,x).  [resolve(139,c,137,c)].
Derived: B(f17(x,y),y) | -B(z,y) | -P(u,x) | -B(u,y) | -B(x,y).  [resolve(139,c,138,c)].
140 B(f17(x,y),y) | I(x,y) | -TPP(x,y).  [resolve(92,a,89,b)].
Derived: B(f17(x,y),y) | I(x,y) | -TPPI(y,x).  [resolve(140,c,127,b)].
141 B(f17(x,y),y) | -I(y,x) | -TPP(x,y).  [resolve(93,a,89,b)].
Derived: B(f17(x,y),y) | -I(y,x) | -TPPI(y,x).  [resolve(141,c,127,b)].
142 B(f17(x,y),y) | IPI(y,x) | -TPP(x,y).  [resolve(94,a,89,b)].
Derived: B(f17(x,y),y) | IPI(y,x) | -TPPI(y,x).  [resolve(142,c,127,b)].

Eliminating OV/2
143 -I(x,y) | -I(x,z) | OV(y,z) | -O(y,z) | P(y,z) | P(z,y).  [resolve(104,a,99,d)].
144 -OV(x,y) | I(f9(x,y),x).  [clausify(28)].
145 -OV(x,y) | I(f9(x,y),y).  [clausify(28)].
146 -OV(x,y) | O(x,y).  [resolve(103,b,100,a)].
147 -OV(x,y) | -P(x,y).  [resolve(103,b,101,a)].
148 -OV(x,y) | -P(y,x).  [resolve(103,b,102,a)].
Derived: -I(x,y) | -I(x,z) | -O(y,z) | P(y,z) | P(z,y) | I(f9(y,z),y).  [resolve(143,c,144,a)].
Derived: -I(x,y) | -I(x,z) | -O(y,z) | P(y,z) | P(z,y) | I(f9(y,z),z).  [resolve(143,c,145,a)].
149 -I(x,c1) | -I(x,c2) | OV(c1,c2).  [resolve(106,a,104,a)].
Derived: -I(x,c1) | -I(x,c2) | I(f9(c1,c2),c1).  [resolve(149,c,144,a)].
Derived: -I(x,c1) | -I(x,c2) | I(f9(c1,c2),c2).  [resolve(149,c,145,a)].
Derived: -I(x,c1) | -I(x,c2) | O(c1,c2).  [resolve(149,c,146,a)].
Derived: -I(x,c1) | -I(x,c2) | -P(c1,c2).  [resolve(149,c,147,a)].
Derived: -I(x,c1) | -I(x,c2) | -P(c2,c1).  [resolve(149,c,148,a)].
150 P(f10(x,y),x) | -P(z,x) | -P(z,y) | B(z,x) | -OV(x,y).  [resolve(107,a,103,b)].
Derived: P(f10(x,y),x) | -P(z,x) | -P(z,y) | B(z,x) | -I(u,x) | -I(u,y) | -O(x,y) | P(x,y) | P(y,x).  [resolve(150,e,143,c)].
151 P(f10(x,y),x) | -P(z,x) | -P(z,y) | B(z,y) | -OV(x,y).  [resolve(108,a,103,b)].
Derived: P(f10(x,y),x) | -P(z,x) | -P(z,y) | B(z,y) | -I(u,x) | -I(u,y) | -O(x,y) | P(x,y) | P(y,x).  [resolve(151,e,143,c)].
152 P(f10(x,y),y) | -P(z,x) | -P(z,y) | B(z,x) | -OV(x,y).  [resolve(109,a,103,b)].
Derived: P(f10(x,y),y) | -P(z,x) | -P(z,y) | B(z,x) | -I(u,x) | -I(u,y) | -O(x,y) | P(x,y) | P(y,x).  [resolve(152,e,143,c)].
153 P(f10(x,y),y) | -P(z,x) | -P(z,y) | B(z,y) | -OV(x,y).  [resolve(110,a,103,b)].
Derived: P(f10(x,y),y) | -P(z,x) | -P(z,y) | B(z,y) | -I(u,x) | -I(u,y) | -O(x,y) | P(x,y) | P(y,x).  [resolve(153,e,143,c)].
154 -B(f10(x,y),x) | -B(f10(x,y),y) | -P(z,x) | -P(z,y) | B(z,x) | -OV(x,y).  [resolve(111,a,103,b)].
Derived: -B(f10(x,y),x) | -B(f10(x,y),y) | -P(z,x) | -P(z,y) | B(z,x) | -I(u,x) | -I(u,y) | -O(x,y) | P(x,y) | P(y,x).  [resolve(154,f,143,c)].
Derived: -B(f10(c1,c2),c1) | -B(f10(c1,c2),c2) | -P(x,c1) | -P(x,c2) | B(x,c1) | -I(y,c1) | -I(y,c2).  [resolve(154,f,149,c)].
155 -B(f10(x,y),x) | -B(f10(x,y),y) | -P(z,x) | -P(z,y) | B(z,y) | -OV(x,y).  [resolve(112,a,103,b)].
Derived: -B(f10(x,y),x) | -B(f10(x,y),y) | -P(z,x) | -P(z,y) | B(z,y) | -I(u,x) | -I(u,y) | -O(x,y) | P(x,y) | P(y,x).  [resolve(155,f,143,c)].
Derived: -B(f10(c1,c2),c1) | -B(f10(c1,c2),c2) | -P(x,c1) | -P(x,c2) | B(x,c2) | -I(y,c1) | -I(y,c2).  [resolve(155,f,149,c)].
156 -IC(x,y) | P(f10(x,y),x) | -OV(x,y).  [resolve(113,b,103,b)].
157 -IC(x,y) | P(f10(x,y),y) | -OV(x,y).  [resolve(114,b,103,b)].
158 -IC(x,y) | -B(f10(x,y),x) | -B(f10(x,y),y) | -OV(x,y).  [resolve(115,b,103,b)].
159 I(f11(x,y),x) | IC(x,y) | -P(z,x) | -P(z,y) | B(z,x) | -OV(x,y).  [resolve(116,a,103,b)].
Derived: I(f11(x,y),x) | IC(x,y) | -P(z,x) | -P(z,y) | B(z,x) | -I(u,x) | -I(u,y) | -O(x,y) | P(x,y) | P(y,x).  [resolve(159,f,143,c)].
160 I(f11(x,y),x) | IC(x,y) | -P(z,x) | -P(z,y) | B(z,y) | -OV(x,y).  [resolve(117,a,103,b)].
Derived: I(f11(x,y),x) | IC(x,y) | -P(z,x) | -P(z,y) | B(z,y) | -I(u,x) | -I(u,y) | -O(x,y) | P(x,y) | P(y,x).  [resolve(160,f,143,c)].
161 I(f11(x,y),y) | IC(x,y) | -P(z,x) | -P(z,y) | B(z,x) | -OV(x,y).  [resolve(118,a,103,b)].
Derived: I(f11(x,y),y) | IC(x,y) | -P(z,x) | -P(z,y) | B(z,x) | -I(u,x) | -I(u,y) | -O(x,y) | P(x,y) | P(y,x).  [resolve(161,f,143,c)].
162 I(f11(x,y),y) | IC(x,y) | -P(z,x) | -P(z,y) | B(z,y) | -OV(x,y).  [resolve(119,a,103,b)].
Derived: I(f11(x,y),y) | IC(x,y) | -P(z,x) | -P(z,y) | B(z,y) | -I(u,x) | -I(u,y) | -O(x,y) | P(x,y) | P(y,x).  [resolve(162,f,143,c)].
163 B(f13(x),x) | P(f10(y,x),y) | -OV(y,x).  [resolve(120,b,103,b)].
Derived: B(f13(x),x) | P(f10(y,x),y) | -I(z,y) | -I(z,x) | -O(y,x) | P(y,x) | P(x,y).  [resolve(163,c,143,c)].
164 B(f13(x),x) | P(f10(y,x),x) | -OV(y,x).  [resolve(121,b,103,b)].
Derived: B(f13(x),x) | P(f10(y,x),x) | -I(z,y) | -I(z,x) | -O(y,x) | P(y,x) | P(x,y).  [resolve(164,c,143,c)].
165 B(f13(x),x) | -B(f10(y,x),y) | -B(f10(y,x),x) | -OV(y,x).  [resolve(122,b,103,b)].
Derived: B(f13(x),x) | -B(f10(y,x),y) | -B(f10(y,x),x) | -I(z,y) | -I(z,x) | -O(y,x) | P(y,x) | P(x,y).  [resolve(165,d,143,c)].
Derived: B(f13(c2),c2) | -B(f10(c1,c2),c1) | -B(f10(c1,c2),c2) | -I(x,c1) | -I(x,c2).  [resolve(165,d,149,c)].
166 B(f13(x),x) | I(f11(y,x),y) | IC(y,x) | -OV(y,x).  [resolve(123,b,103,b)].
Derived: B(f13(x),x) | I(f11(y,x),y) | IC(y,x) | -I(z,y) | -I(z,x) | -O(y,x) | P(y,x) | P(x,y).  [resolve(166,d,143,c)].
167 B(f13(x),x) | I(f11(y,x),x) | IC(y,x) | -OV(y,x).  [resolve(124,b,103,b)].
Derived: B(f13(x),x) | I(f11(y,x),x) | IC(y,x) | -I(z,y) | -I(z,x) | -O(y,x) | P(y,x) | P(x,y).  [resolve(167,d,143,c)].

Eliminating IPI/2
168 IPI(c2,c1).  [resolve(77,a,72,a)].
169 -IPI(x,y) | -B(z,x).  [resolve(76,b,71,a)].
170 -IPI(x,y) | I(y,x).  [resolve(76,b,73,a)].
171 -IPI(x,y) | -I(x,y).  [resolve(76,b,74,a)].
Derived: -B(x,c2).  [resolve(168,a,169,a)].
Derived: I(c1,c2).  [resolve(168,a,170,a)].
Derived: -I(c2,c1).  [resolve(168,a,171,a)].
172 IPI(x,y) | B(f7(y,x),x) | -I(y,x) | I(x,y).  [resolve(77,a,75,d)].
Derived: B(f7(x,y),y) | -I(x,y) | I(y,x) | -B(z,y).  [resolve(172,a,169,a)].
173 B(f17(x,y),y) | IPI(y,x) | -P(x,y) | P(y,x).  [resolve(94,a,81,c)].
Derived: B(f17(x,y),y) | -P(x,y) | P(y,x) | -B(z,y).  [resolve(173,b,169,a)].
Derived: B(f17(x,y),y) | -P(x,y) | P(y,x) | I(x,y).  [resolve(173,b,170,a)].
Derived: B(f17(x,y),y) | -P(x,y) | P(y,x) | -I(y,x).  [resolve(173,b,171,a)].
174 B(f17(x,y),y) | IPI(y,x) | -PPI(y,x).  [resolve(94,a,86,b)].
Derived: B(f17(x,y),y) | -PPI(y,x) | -B(z,y).  [resolve(174,b,169,a)].
Derived: B(f17(x,y),y) | -PPI(y,x) | I(x,y).  [resolve(174,b,170,a)].
Derived: B(f17(x,y),y) | -PPI(y,x) | -I(y,x).  [resolve(174,b,171,a)].
175 B(f17(x,y),y) | IPI(y,x) | -TPPI(y,x).  [resolve(142,c,127,b)].
Derived: B(f17(x,y),y) | -TPPI(y,x) | -B(z,y).  [resolve(175,b,169,a)].
Derived: B(f17(x,y),y) | -TPPI(y,x) | I(x,y).  [resolve(175,b,170,a)].
Derived: B(f17(x,y),y) | -TPPI(y,x) | -I(y,x).  [resolve(175,b,171,a)].

Eliminating PPI/2
176 PPI(x,y) | -P(y,x) | P(x,y).  [resolve(87,a,81,c)].
177 -PPI(x,y) | P(f2(y,x),x).  [resolve(86,b,82,a)].
178 -PPI(x,y) | D(f2(y,x),y).  [resolve(86,b,83,a)].
179 -PPI(x,y) | P(y,x).  [resolve(86,b,84,a)].
180 -PPI(x,y) | -P(x,y).  [resolve(86,b,85,a)].
Derived: -P(x,y) | P(y,x) | P(f2(x,y),y).  [resolve(176,a,177,a)].
Derived: -P(x,y) | P(y,x) | D(f2(x,y),x).  [resolve(176,a,178,a)].
181 -B(x,y) | PPI(y,x).  [resolve(88,b,87,a)].
Derived: -B(x,y) | P(f2(x,y),y).  [resolve(181,b,177,a)].
Derived: -B(x,y) | D(f2(x,y),x).  [resolve(181,b,178,a)].
Derived: -B(x,y) | P(x,y).  [resolve(181,b,179,a)].
Derived: -B(x,y) | -P(y,x).  [resolve(181,b,180,a)].
182 B(f17(x,y),y) | -B(z,y) | -PPI(y,x).  [resolve(91,a,86,b)].
183 B(f17(x,y),y) | I(x,y) | -PPI(y,x).  [resolve(92,a,86,b)].
Derived: B(f17(x,y),y) | I(x,y) | -B(x,y).  [resolve(183,c,181,b)].
184 B(f17(x,y),y) | -I(y,x) | -PPI(y,x).  [resolve(93,a,86,b)].
Derived: B(f17(x,y),y) | -I(y,x) | -B(x,y).  [resolve(184,c,181,b)].
185 PPI(x,y) | -TPPI(x,y).  [resolve(135,a,127,b)].
Derived: -TPPI(x,y) | P(f2(y,x),x).  [resolve(185,a,177,a)].
Derived: -TPPI(x,y) | D(f2(y,x),y).  [resolve(185,a,178,a)].
Derived: -TPPI(x,y) | P(y,x).  [resolve(185,a,179,a)].
Derived: -TPPI(x,y) | -P(x,y).  [resolve(185,a,180,a)].
186 -P(x,y) | -B(x,z) | -P(y,z) | P(z,y) | PPI(z,y).  [resolve(136,c,135,a)].
187 -P(x,y) | -B(x,z) | -PPI(z,y) | P(f8(y,z),y).  [resolve(137,c,128,a)].
Derived: -P(x,y) | -B(x,z) | P(f8(y,z),y) | -P(y,z) | P(z,y).  [resolve(187,c,176,a)].
Derived: -P(x,y) | -B(x,z) | P(f8(y,z),y) | -TPPI(z,y).  [resolve(187,c,185,a)].
188 -P(x,y) | -B(x,z) | -PPI(z,y) | B(f8(y,z),z).  [resolve(137,c,129,a)].
Derived: -P(x,y) | -B(x,z) | B(f8(y,z),z) | -P(y,z) | P(z,y).  [resolve(188,c,176,a)].
Derived: -P(x,y) | -B(x,z) | B(f8(y,z),z) | -TPPI(z,y).  [resolve(188,c,185,a)].
189 -P(x,y) | -B(x,z) | -PPI(z,y) | TPPI(z,y).  [resolve(137,c,130,a)].
Derived: -P(x,y) | -B(x,z) | TPPI(z,y) | -P(y,z) | P(z,y).  [resolve(189,c,176,a)].
190 -P(x,y) | -B(x,z) | -PPI(z,y) | P(f2(y,z),z).  [resolve(137,c,131,a)].
191 -P(x,y) | -B(x,z) | -PPI(z,y) | D(f2(y,z),y).  [resolve(137,c,132,a)].
192 -P(x,y) | -B(x,z) | -PPI(z,y) | P(y,z).  [resolve(137,c,133,a)].
193 -P(x,y) | -B(x,z) | -PPI(z,y) | -P(z,y).  [resolve(137,c,134,a)].
194 -P(x,y) | -B(x,z) | -B(y,z) | PPI(z,y).  [resolve(138,c,135,a)].
Derived: -P(x,y) | -B(x,z) | -B(y,z) | -P(u,y) | -B(u,z) | P(f8(y,z),y).  [resolve(194,d,187,c)].
Derived: -P(x,y) | -B(x,z) | -B(y,z) | -P(u,y) | -B(u,z) | B(f8(y,z),z).  [resolve(194,d,188,c)].
Derived: -P(x,y) | -B(x,z) | -B(y,z) | -P(u,y) | -B(u,z) | TPPI(z,y).  [resolve(194,d,189,c)].
195 B(f17(x,y),y) | -B(z,y) | -P(u,x) | -B(u,y) | -PPI(y,x).  [resolve(139,c,137,c)].
196 B(f17(x,y),y) | -PPI(y,x) | -B(z,y).  [resolve(174,b,169,a)].
Derived: B(f17(x,y),y) | -B(z,y) | -P(x,y) | P(y,x).  [resolve(196,b,176,a)].
Derived: B(f17(x,y),y) | -B(z,y) | -B(x,y).  [resolve(196,b,181,b)].
197 B(f17(x,y),y) | -PPI(y,x) | I(x,y).  [resolve(174,b,170,a)].
Derived: B(f17(x,y),y) | I(x,y) | -P(x,y) | P(y,x).  [resolve(197,b,176,a)].
198 B(f17(x,y),y) | -PPI(y,x) | -I(y,x).  [resolve(174,b,171,a)].
Derived: B(f17(x,y),y) | -I(y,x) | -P(x,y) | P(y,x).  [resolve(198,b,176,a)].

Eliminating TPPI/2
199 -P(x,y) | -B(x,z) | -P(y,z) | P(z,y) | TPPI(z,y).  [resolve(136,c,130,a)].
200 -TPPI(x,y) | P(f8(y,x),y).  [resolve(127,b,128,a)].
201 -TPPI(x,y) | B(f8(y,x),x).  [resolve(127,b,129,a)].
202 P(f2(x,y),y) | -TPPI(y,x).  [resolve(131,a,127,b)].
203 D(f2(x,y),x) | -TPPI(y,x).  [resolve(132,a,127,b)].
204 P(x,y) | -TPPI(y,x).  [resolve(133,a,127,b)].
205 -P(x,y) | -TPPI(x,y).  [resolve(134,a,127,b)].
206 -P(x,y) | -B(x,z) | -B(y,z) | TPPI(z,y).  [resolve(138,c,130,a)].
207 B(f17(x,y),y) | -B(z,y) | -TPPI(y,x).  [resolve(139,c,127,b)].
208 B(f17(x,y),y) | I(x,y) | -TPPI(y,x).  [resolve(140,c,127,b)].
209 B(f17(x,y),y) | -I(y,x) | -TPPI(y,x).  [resolve(141,c,127,b)].
210 B(f17(x,y),y) | -TPPI(y,x) | -B(z,y).  [resolve(175,b,169,a)].
211 B(f17(x,y),y) | -TPPI(y,x) | I(x,y).  [resolve(175,b,170,a)].
212 B(f17(x,y),y) | -TPPI(y,x) | -I(y,x).  [resolve(175,b,171,a)].
213 -TPPI(x,y) | P(f2(y,x),x).  [resolve(185,a,177,a)].
Derived: P(f2(x,y),y) | -P(z,x) | -B(z,y) | -P(x,y) | P(y,x).  [resolve(213,a,199,e)].
Derived: P(f2(x,y),y) | -P(z,x) | -B(z,y) | -B(x,y).  [resolve(213,a,206,d)].
214 -TPPI(x,y) | D(f2(y,x),y).  [resolve(185,a,178,a)].
Derived: D(f2(x,y),x) | -P(z,x) | -B(z,y) | -P(x,y) | P(y,x).  [resolve(214,a,199,e)].
Derived: D(f2(x,y),x) | -P(z,x) | -B(z,y) | -B(x,y).  [resolve(214,a,206,d)].
215 -TPPI(x,y) | P(y,x).  [resolve(185,a,179,a)].
Derived: P(x,y) | -P(z,x) | -B(z,y) | -B(x,y).  [resolve(215,a,206,d)].
216 -TPPI(x,y) | -P(x,y).  [resolve(185,a,180,a)].
Derived: -P(x,y) | -P(z,y) | -B(z,x) | -B(y,x).  [resolve(216,a,206,d)].
217 -P(x,y) | -B(x,z) | P(f8(y,z),y) | -TPPI(z,y).  [resolve(187,c,185,a)].
Derived: -P(x,y) | -B(x,z) | P(f8(y,z),y) | -P(u,y) | -B(u,z) | -P(y,z) | P(z,y).  [resolve(217,d,199,e)].
218 -P(x,y) | -B(x,z) | B(f8(y,z),z) | -TPPI(z,y).  [resolve(188,c,185,a)].
Derived: -P(x,y) | -B(x,z) | B(f8(y,z),z) | -P(u,y) | -B(u,z) | -P(y,z) | P(z,y).  [resolve(218,d,199,e)].
219 -P(x,y) | -B(x,z) | TPPI(z,y) | -P(y,z) | P(z,y).  [resolve(189,c,176,a)].
220 -P(x,y) | -B(x,z) | -B(y,z) | -P(u,y) | -B(u,z) | TPPI(z,y).  [resolve(194,d,189,c)].
Derived: -P(x,y) | -B(x,z) | -B(y,z) | -P(u,y) | -B(u,z) | P(f8(y,z),y).  [resolve(220,f,200,a)].
Derived: -P(x,y) | -B(x,z) | -B(y,z) | -P(u,y) | -B(u,z) | B(f8(y,z),z).  [resolve(220,f,201,a)].

============================== end predicate elimination =============

Auto_denials:  (non-Horn, no changes).

Term ordering decisions:
Predicate symbol precedence:  predicate_order([ =, P, B, I, O, IC, D, EQ ]).
Function symbol precedence:  function_order([ null, cuniversal, c1, c2, c3, c4, c5, sum, diff, prod, f2, f5, f6, f7, f8, f9, f10, f11, f14, f15, f16, f17, f18, compl, bdy, f1, f3, f4, f12, f13, f19 ]).
After inverse_order:  (no changes).
Unfolding symbols: (none).

Auto_inference settings:
  % set(paramodulation).  % (positive equality literals)
  % set(binary_resolution).  % (non-Horn)

Auto_process settings:
  % set(factor).  % (non-Horn)
  % set(unit_deletion).  % (non-Horn)

           221 null != c1.  [clausify(1)].
kept:      222 c1 != null.  [copy(221),flip(a)].
           223 null != c2.  [clausify(1)].
kept:      224 c2 != null.  [copy(223),flip(a)].
kept:      225 B(c3,c1).  [clausify(1)].
kept:      226 B(c4,c2).  [clausify(1)].
kept:      227 null = x | P(x,x).  [clausify(2)].
kept:      228 -P(x,y) | -P(y,x) | y = x.  [clausify(3)].
kept:      229 -P(x,y) | -P(y,z) | P(x,z).  [clausify(4)].
kept:      230 null != x | -P(y,x).  [clausify(5)].
kept:      231 null != x | -P(x,y).  [clausify(5)].
kept:      232 P(f1(x),x) | P(x,f1(x)) | null = x.  [clausify(5)].
kept:      233 null = x | P(x,c5).  [clausify(8)].
kept:      234 cuniversal != x | null = y | P(y,x).  [clausify(9)].
           235 null != f3(x) | cuniversal = x.  [clausify(9)].
kept:      236 f3(x) != null | cuniversal = x.  [copy(235),flip(a)].
kept:      237 -P(f3(x),x) | cuniversal = x.  [clausify(9)].
kept:      238 -B(x,cuniversal).  [clausify(10)].
kept:      239 -EQ(x,y) | P(y,x).  [clausify(14)].
kept:      240 -EQ(x,y) | P(x,y).  [clausify(14)].
kept:      241 -P(x,y) | -P(y,x) | EQ(y,x).  [clausify(14)].
kept:      242 -O(x,y) | P(f5(x,y),x).  [clausify(15)].
kept:      243 -O(x,y) | P(f5(x,y),y).  [clausify(15)].
kept:      244 -P(x,y) | -P(x,z) | O(y,z).  [clausify(15)].
kept:      245 -D(x,y) | -O(x,y).  [clausify(16)].
kept:      246 O(x,y) | D(x,y).  [clausify(16)].
kept:      247 -B(x,y) | -B(y,z) | B(x,z).  [clausify(18)].
kept:      248 -P(x,y) | -B(y,z) | B(x,z).  [clausify(19)].
kept:      249 -B(x,y) | -P(y,z) | P(x,z).  [clausify(20)].
kept:      250 -I(x,y) | P(x,y).  [clausify(22)].
kept:      251 -I(x,y) | -B(z,y) | D(z,x).  [clausify(22)].
kept:      252 -P(x,y) | B(f6(x,y),y) | I(x,y).  [clausify(22)].
kept:      253 -P(x,y) | -D(f6(x,y),x) | I(x,y).  [clausify(22)].
kept:      254 -IC(x,y) | -I(z,x) | -I(z,y).  [clausify(30)].
kept:      255 null = x | I(f12(x),x).  [clausify(31)].
kept:      256 -B(x,y) | -B(z,y) | -I(z,y).  [clausify(33)].
kept:      257 -B(x,y) | -EQ(y,z) | B(f14(y,z),z).  [clausify(35)].
kept:      258 B(f15(x,y),x) | -EQ(x,y) | -B(z,y).  [clausify(36)].
kept:      259 B(f16(x,y),x) | -B(z,y) | -EQ(x,y).  [clausify(37)].
kept:      260 -O(x,sum(y,z)) | O(x,y) | O(x,z).  [clausify(39)].
kept:      261 -O(x,y) | O(x,sum(y,z)).  [clausify(39)].
kept:      262 -O(x,y) | O(x,sum(z,y)).  [clausify(39)].
kept:      263 -P(x,prod(y,z)) | P(x,y).  [clausify(40)].
kept:      264 -P(x,prod(y,z)) | P(x,z).  [clausify(40)].
kept:      265 -P(x,y) | -P(x,z) | P(x,prod(y,z)).  [clausify(40)].
kept:      266 -P(x,compl(y)) | D(x,y).  [clausify(41)].
kept:      267 -P(x,diff(y,z)) | P(x,y).  [clausify(42)].
kept:      268 -P(x,diff(y,z)) | D(x,z).  [clausify(42)].
kept:      269 -P(x,y) | -D(x,z) | P(x,diff(y,z)).  [clausify(42)].
kept:      270 compl(x) != y | compl(x) != z | z = y.  [clausify(43)].
kept:      271 diff(x,y) != z | diff(x,y) != u | u = z.  [clausify(44)].
kept:      272 prod(x,y) != z | prod(x,y) != u | u = z.  [clausify(45)].
kept:      273 sum(x,y) != z | sum(x,y) != u | u = z.  [clausify(46)].
kept:      274 null = x | null = y | f18(x,y) != null.  [clausify(47)].
           275 null = x | null = y | sum(x,y) = f18(x,y).  [clausify(47)].
kept:      276 null = x | null = y | f18(x,y) = sum(x,y).  [copy(275),flip(c)].

% Operation sum is commutative; C redundancy checks enabled.
kept:      277 sum(x,y) = sum(y,x).  [clausify(48)].
kept:      278 compl(x) != null | cuniversal = x.  [clausify(49)].
kept:      279 cuniversal != x | compl(x) = null.  [clausify(49)].
kept:      280 compl(x) != cuniversal | null = x.  [clausify(50)].
kept:      281 null != x | compl(x) = cuniversal.  [clausify(50)].

% Operation prod is commutative; C redundancy checks enabled.
kept:      282 prod(x,y) = prod(y,x).  [clausify(51)].
kept:      283 diff(x,y) != null | null = x | P(x,y).  [clausify(52)].
kept:      284 -D(x,y) | diff(x,y) = x.  [clausify(53)].
kept:      285 -P(x,cuniversal) | diff(x,null) = x.  [clausify(54)].
kept:      286 -P(x,cuniversal) | sum(null,x) = x.  [clausify(55)].
kept:      287 null = x | I(f19(x),x).  [clausify(56)].
kept:      288 null = x | -I(y,x) | I(y,f19(x)).  [clausify(56)].
kept:      289 null = x | -B(y,f19(x)).  [clausify(56)].
kept:      290 bdy(x) = null | B(bdy(x),x).  [clausify(57)].
kept:      291 bdy(x) = null | -B(y,x) | P(y,bdy(x)).  [clausify(57)].
kept:      292 -P(x,c1) | -P(x,c2) | B(x,c1).  [resolve(62,a,61,a)].
kept:      293 -P(x,c1) | -P(x,c2) | B(x,c2).  [resolve(63,a,61,a)].
kept:      294 -IC(c1,c2).  [resolve(67,b,61,a)].
kept:      295 B(f13(c2),c2).  [resolve(70,b,61,a)].
kept:      296 -B(x,c2).  [resolve(71,a,72,a)].
-------- Proof 1 -------- 

============================== PROOF =================================

% Proof 1 at 0.05 (+ 0.01) seconds.
% Length of proof is 10.
% Level of proof is 3.
% Maximum clause weight is 4.000.
% Given clauses 0.

1 -(all x all y (-(x != null & y != null & (exists z B(z,x)) & (exists t B(t,y)) & EC(x,y)) | -IP(x,y))) # label(non_clause).  [assumption].
24 (all x all y ((-IP(x,y) | -(exists t B(t,y)) & I(x,y) & -I(y,x)) & (-(-(exists t B(t,y)) & I(x,y) & -I(y,x)) | IP(x,y)))) # label(non_clause).  [assumption].
32 (all x ((exists z B(z,x)) | -(exists y EC(y,x)))) # label(non_clause).  [assumption].
61 EC(c1,c2).  [clausify(1)].
70 B(f13(x),x) | -EC(y,x).  [clausify(32)].
71 -IP(x,y) | -B(z,y).  [clausify(24)].
72 IP(c1,c2).  [clausify(1)].
295 B(f13(c2),c2).  [resolve(70,b,61,a)].
296 -B(x,c2).  [resolve(71,a,72,a)].
297 $F.  [resolve(296,a,295,a)].

============================== end of proof ==========================

============================== STATISTICS ============================

Given=0. Generated=77. Kept=72. proofs=1.
Usable=0. Sos=0. Demods=2. Limbo=71, Disabled=238. Hints=0.
Kept_by_rule=0, Deleted_by_rule=0.
Forward_subsumed=5. Back_subsumed=0.
Sos_limit_deleted=0. Sos_displaced=0. Sos_removed=0.
New_demodulators=2 (2 lex), Back_demodulated=0. Back_unit_deleted=0.
Demod_attempts=198. Demod_rewrites=0.
Res_instance_prunes=0. Para_instance_prunes=0. Basic_paramod_prunes=0.
Nonunit_fsub_feature_tests=17. Nonunit_bsub_feature_tests=0.
Megabytes=0.71.
User_CPU=0.05, System_CPU=0.01, Wall_clock=0.

============================== end of statistics =====================

============================== end of search =========================

THEOREM PROVED

THEOREM PROVED

Exiting with 1 proof.

------ process 9382 exit (max_proofs) ------

Process 9382 exit (max_proofs) Mon Feb  3 12:04:12 2020

========================== MACLEOD SUMMARY ===========================
reasoner: /home/aidin12/macleod/Reasoning/prover9_bin/prover9
status: PROOF
execution finished: Mon Feb 03 12:04:14 2020
total CPU time used: 0
The command was "/home/aidin12/macleod/Reasoning/prover9_bin/prover9 -t100 -f /home/aidin12/macleod/ontologies/after/JEPD/PD/conversions/PD16.all.p9"
============================ end of footer ===========================
