============================== Prover9 ===============================
Prover9 (64) version 2009-11A, November 2009.
Process 8520 was started by aidin12 on aidin12-HP-Pavilion-dv7-Notebook-PC,
Mon Feb  3 12:01:35 2020
The command was "/home/aidin12/macleod/Reasoning/prover9_bin/prover9 -t100 -f /home/aidin12/macleod/ontologies/after/JEPD/PD/conversions/PD32.all.p9".
============================== end of head ===========================

============================== INPUT =================================

% Reading from file /home/aidin12/macleod/ontologies/after/JEPD/PD/conversions/PD32.all.p9


formulas(assumptions).
-(all x all y (-(x != null & y != null & (exists z B(z,x)) & (exists t B(t,y)) & OV(x,y)) | -IC(x,y))).
(all x (x = null | P(x,x))).
(all x all y (-(P(x,y) & P(y,x)) | x = y)).
(all x all y all z (-(P(x,y) & P(y,z)) | P(x,z))).
(all x ((x != null | (all y (-P(y,x) & -P(x,y)))) & (-(all y (-P(y,x) & -P(x,y))) | x = null))).
(all x all y ((-PI(x,y) | P(y,x)) & (-P(y,x) | PI(x,y)))).
(all x all y (-PP(x,y) | (exists z (P(z,y) & D(z,x))))).
(exists z all x (x = null | P(x,z))).
(all x ((x != cuniversal | (all y (y = null | P(y,x)))) & (-(all y (y = null | P(y,x))) | x = cuniversal))).
-(exists x B(x,cuniversal)).
(all x ((-Point(x) | x != null & (all y (-P(y,x) | EQ(x,y)))) & (-(x != null & (all y (-P(y,x) | EQ(x,y)))) | Point(x)))).
(all x all y ((-PP(x,y) | P(x,y) & -P(y,x)) & (-(P(x,y) & -P(y,x)) | PP(x,y)))).
(all x all y ((-PPI(x,y) | PP(y,x)) & (-PP(y,x) | PPI(x,y)))).
(all x all y ((-EQ(x,y) | P(y,x) & P(x,y)) & (-(P(y,x) & P(x,y)) | EQ(x,y)))).
(all x all y ((-O(x,y) | (exists z (P(z,x) & P(z,y)))) & (-(exists z (P(z,x) & P(z,y))) | O(x,y)))).
(all x all y ((-D(x,y) | -O(x,y)) & (O(x,y) | D(x,y)))).
(all x all y (-B(x,y) | PP(x,y))).
(all x all y all z (-(B(x,y) & B(y,z)) | B(x,z))).
(all x all y all z (-(P(x,y) & B(y,z)) | B(x,z))).
(all x all y all z (-(B(x,y) & P(y,z)) | P(x,z))).
(all x all y ((-IMB(x,y) | O(x,y) & -P(x,y) & -P(y,x)) & (-(O(x,y) & -P(x,y) & -P(y,x)) | IMB(x,y)))).
(all x all y ((-I(x,y) | P(x,y) & (all z (-B(z,y) | D(z,x)))) & (-(P(x,y) & (all z (-B(z,y) | D(z,x)))) | I(x,y)))).
(all x all y ((-II(x,y) | I(y,x)) & (-I(y,x) | II(x,y)))).
(all x all y ((-IP(x,y) | -(exists t B(t,y)) & I(x,y) & -I(y,x)) & (-(-(exists t B(t,y)) & I(x,y) & -I(y,x)) | IP(x,y)))).
(all x all y ((-IPI(x,y) | IP(y,x)) & (-IP(y,x) | IPI(x,y)))).
(all x all y ((-TPP(x,y) | PP(x,y) & (exists z (P(z,x) & B(z,y)))) & (-(PP(x,y) & (exists z (P(z,x) & B(z,y)))) | TPP(x,y)))).
(all x all y ((-TPPI(x,y) | TPP(y,x)) & (-TPP(y,x) | TPPI(x,y)))).
(all x all y ((-OV(x,y) | IMB(x,y) & (exists p (I(p,x) & I(p,y)))) & (-(IMB(x,y) & (exists p (I(p,x) & I(p,y)))) | OV(x,y)))).
(all x all y ((-EC(x,y) | IMB(x,y) & (all z (-(P(z,x) & P(z,y)) | B(z,x) & B(z,y)))) & (-(IMB(x,y) & (all z (-(P(z,x) & P(z,y)) | B(z,x) & B(z,y)))) | EC(x,y)))).
(all x all y ((-IC(x,y) | IMB(x,y) & -EC(x,y) & -(exists p (I(p,x) & I(p,y)))) & (-(IMB(x,y) & -EC(x,y) & -(exists p (I(p,x) & I(p,y)))) | IC(x,y)))).
(all x (x = null | (exists y I(y,x)))).
(all x ((exists z B(z,x)) | -(exists y EC(y,x)))).
(all x (-(exists z B(z,x)) | (all y (-B(y,x) | -I(y,x))))).
(all x (-(exists z B(z,x)) | (all y (-I(y,x) | -B(y,x))))).
(all x all y (-((exists z B(z,x)) & EQ(x,y)) | (exists t B(t,y)))).
(all x all y (-(-(exists z B(z,x)) & EQ(x,y)) | -(exists t B(t,y)))).
(all x all y (-(-(exists z B(z,x)) & (exists t B(t,y))) | -EQ(x,y))).
(all x all y (-(PP(x,y) & -(exists z B(z,y))) | IP(x,y))).
(all x all y all w ((-O(w,sum(x,y)) | O(w,x) | O(w,y)) & (-(O(w,x) | O(w,y)) | O(w,sum(x,y))))).
(all x all y all w ((-P(w,prod(x,y)) | P(w,x) & P(w,y)) & (-(P(w,x) & P(w,y)) | P(w,prod(x,y))))).
(all x all w ((-P(w,compl(x)) | D(w,x) & P(w,compl(x))) & (-(D(w,x) & P(w,compl(x))) | P(w,compl(x))))).
(all x all y all w ((-P(w,diff(x,y)) | P(w,x) & D(w,y)) & (-(P(w,x) & D(w,y)) | P(w,diff(x,y))))).
(all x all z all t (-(compl(x) = z & compl(x) = t) | z = t)).
(all x all y all z all t (-(diff(x,y) = z & diff(x,y) = t) | z = t)).
(all x all y all z all t (-(prod(x,y) = z & prod(x,y) = t) | z = t)).
(all x all y all z all t (-(sum(x,y) = z & sum(x,y) = t) | z = t)).
(all x all y (-(x != null & y != null) | (exists z (z != null & z = sum(x,y))))).
(all x all y sum(x,y) = sum(y,x)).
(all x ((compl(x) != null | x = cuniversal) & (x != cuniversal | compl(x) = null))).
(all x ((compl(x) != cuniversal | x = null) & (x != null | compl(x) = cuniversal))).
(all x all y prod(x,y) = prod(y,x)).
(all x all y (diff(x,y) != null | x = null | P(x,y))).
(all x all y (-D(x,y) | diff(x,y) = x)).
(all x (-P(x,cuniversal) | diff(x,null) = x)).
(all x (-P(x,cuniversal) | sum(null,x) = x)).
(all x (x = null | (exists z (I(z,x) & (all u (-I(u,x) | I(u,z))) & -(exists y B(y,z)))))).
(all x (bdy(x) = null | B(bdy(x),x) & (all z (-B(z,x) | P(z,bdy(x)))))).
(all x ((x != null | -P(x,x)) & (P(x,x) | x = null))).
(all x ((-P(x,x) | x != null) & (x = null | P(x,x)))).
end_of_list.

============================== end of input ==========================

% From the command line: assign(max_seconds, 100).

============================== PROCESS NON-CLAUSAL FORMULAS ==========

% Formulas that are not ordinary clauses:
1 -(all x all y (-(x != null & y != null & (exists z B(z,x)) & (exists t B(t,y)) & OV(x,y)) | -IC(x,y))) # label(non_clause).  [assumption].
2 (all x (x = null | P(x,x))) # label(non_clause).  [assumption].
3 (all x all y (-(P(x,y) & P(y,x)) | x = y)) # label(non_clause).  [assumption].
4 (all x all y all z (-(P(x,y) & P(y,z)) | P(x,z))) # label(non_clause).  [assumption].
5 (all x ((x != null | (all y (-P(y,x) & -P(x,y)))) & (-(all y (-P(y,x) & -P(x,y))) | x = null))) # label(non_clause).  [assumption].
6 (all x all y ((-PI(x,y) | P(y,x)) & (-P(y,x) | PI(x,y)))) # label(non_clause).  [assumption].
7 (all x all y (-PP(x,y) | (exists z (P(z,y) & D(z,x))))) # label(non_clause).  [assumption].
8 (exists z all x (x = null | P(x,z))) # label(non_clause).  [assumption].
9 (all x ((x != cuniversal | (all y (y = null | P(y,x)))) & (-(all y (y = null | P(y,x))) | x = cuniversal))) # label(non_clause).  [assumption].
10 -(exists x B(x,cuniversal)) # label(non_clause).  [assumption].
11 (all x ((-Point(x) | x != null & (all y (-P(y,x) | EQ(x,y)))) & (-(x != null & (all y (-P(y,x) | EQ(x,y)))) | Point(x)))) # label(non_clause).  [assumption].
12 (all x all y ((-PP(x,y) | P(x,y) & -P(y,x)) & (-(P(x,y) & -P(y,x)) | PP(x,y)))) # label(non_clause).  [assumption].
13 (all x all y ((-PPI(x,y) | PP(y,x)) & (-PP(y,x) | PPI(x,y)))) # label(non_clause).  [assumption].
14 (all x all y ((-EQ(x,y) | P(y,x) & P(x,y)) & (-(P(y,x) & P(x,y)) | EQ(x,y)))) # label(non_clause).  [assumption].
15 (all x all y ((-O(x,y) | (exists z (P(z,x) & P(z,y)))) & (-(exists z (P(z,x) & P(z,y))) | O(x,y)))) # label(non_clause).  [assumption].
16 (all x all y ((-D(x,y) | -O(x,y)) & (O(x,y) | D(x,y)))) # label(non_clause).  [assumption].
17 (all x all y (-B(x,y) | PP(x,y))) # label(non_clause).  [assumption].
18 (all x all y all z (-(B(x,y) & B(y,z)) | B(x,z))) # label(non_clause).  [assumption].
19 (all x all y all z (-(P(x,y) & B(y,z)) | B(x,z))) # label(non_clause).  [assumption].
20 (all x all y all z (-(B(x,y) & P(y,z)) | P(x,z))) # label(non_clause).  [assumption].
21 (all x all y ((-IMB(x,y) | O(x,y) & -P(x,y) & -P(y,x)) & (-(O(x,y) & -P(x,y) & -P(y,x)) | IMB(x,y)))) # label(non_clause).  [assumption].
22 (all x all y ((-I(x,y) | P(x,y) & (all z (-B(z,y) | D(z,x)))) & (-(P(x,y) & (all z (-B(z,y) | D(z,x)))) | I(x,y)))) # label(non_clause).  [assumption].
23 (all x all y ((-II(x,y) | I(y,x)) & (-I(y,x) | II(x,y)))) # label(non_clause).  [assumption].
24 (all x all y ((-IP(x,y) | -(exists t B(t,y)) & I(x,y) & -I(y,x)) & (-(-(exists t B(t,y)) & I(x,y) & -I(y,x)) | IP(x,y)))) # label(non_clause).  [assumption].
25 (all x all y ((-IPI(x,y) | IP(y,x)) & (-IP(y,x) | IPI(x,y)))) # label(non_clause).  [assumption].
26 (all x all y ((-TPP(x,y) | PP(x,y) & (exists z (P(z,x) & B(z,y)))) & (-(PP(x,y) & (exists z (P(z,x) & B(z,y)))) | TPP(x,y)))) # label(non_clause).  [assumption].
27 (all x all y ((-TPPI(x,y) | TPP(y,x)) & (-TPP(y,x) | TPPI(x,y)))) # label(non_clause).  [assumption].
28 (all x all y ((-OV(x,y) | IMB(x,y) & (exists p (I(p,x) & I(p,y)))) & (-(IMB(x,y) & (exists p (I(p,x) & I(p,y)))) | OV(x,y)))) # label(non_clause).  [assumption].
29 (all x all y ((-EC(x,y) | IMB(x,y) & (all z (-(P(z,x) & P(z,y)) | B(z,x) & B(z,y)))) & (-(IMB(x,y) & (all z (-(P(z,x) & P(z,y)) | B(z,x) & B(z,y)))) | EC(x,y)))) # label(non_clause).  [assumption].
30 (all x all y ((-IC(x,y) | IMB(x,y) & -EC(x,y) & -(exists p (I(p,x) & I(p,y)))) & (-(IMB(x,y) & -EC(x,y) & -(exists p (I(p,x) & I(p,y)))) | IC(x,y)))) # label(non_clause).  [assumption].
31 (all x (x = null | (exists y I(y,x)))) # label(non_clause).  [assumption].
32 (all x ((exists z B(z,x)) | -(exists y EC(y,x)))) # label(non_clause).  [assumption].
33 (all x (-(exists z B(z,x)) | (all y (-B(y,x) | -I(y,x))))) # label(non_clause).  [assumption].
34 (all x (-(exists z B(z,x)) | (all y (-I(y,x) | -B(y,x))))) # label(non_clause).  [assumption].
35 (all x all y (-((exists z B(z,x)) & EQ(x,y)) | (exists t B(t,y)))) # label(non_clause).  [assumption].
36 (all x all y (-(-(exists z B(z,x)) & EQ(x,y)) | -(exists t B(t,y)))) # label(non_clause).  [assumption].
37 (all x all y (-(-(exists z B(z,x)) & (exists t B(t,y))) | -EQ(x,y))) # label(non_clause).  [assumption].
38 (all x all y (-(PP(x,y) & -(exists z B(z,y))) | IP(x,y))) # label(non_clause).  [assumption].
39 (all x all y all w ((-O(w,sum(x,y)) | O(w,x) | O(w,y)) & (-(O(w,x) | O(w,y)) | O(w,sum(x,y))))) # label(non_clause).  [assumption].
40 (all x all y all w ((-P(w,prod(x,y)) | P(w,x) & P(w,y)) & (-(P(w,x) & P(w,y)) | P(w,prod(x,y))))) # label(non_clause).  [assumption].
41 (all x all w ((-P(w,compl(x)) | D(w,x) & P(w,compl(x))) & (-(D(w,x) & P(w,compl(x))) | P(w,compl(x))))) # label(non_clause).  [assumption].
42 (all x all y all w ((-P(w,diff(x,y)) | P(w,x) & D(w,y)) & (-(P(w,x) & D(w,y)) | P(w,diff(x,y))))) # label(non_clause).  [assumption].
43 (all x all z all t (-(compl(x) = z & compl(x) = t) | z = t)) # label(non_clause).  [assumption].
44 (all x all y all z all t (-(diff(x,y) = z & diff(x,y) = t) | z = t)) # label(non_clause).  [assumption].
45 (all x all y all z all t (-(prod(x,y) = z & prod(x,y) = t) | z = t)) # label(non_clause).  [assumption].
46 (all x all y all z all t (-(sum(x,y) = z & sum(x,y) = t) | z = t)) # label(non_clause).  [assumption].
47 (all x all y (-(x != null & y != null) | (exists z (z != null & z = sum(x,y))))) # label(non_clause).  [assumption].
48 (all x all y sum(x,y) = sum(y,x)) # label(non_clause).  [assumption].
49 (all x ((compl(x) != null | x = cuniversal) & (x != cuniversal | compl(x) = null))) # label(non_clause).  [assumption].
50 (all x ((compl(x) != cuniversal | x = null) & (x != null | compl(x) = cuniversal))) # label(non_clause).  [assumption].
51 (all x all y prod(x,y) = prod(y,x)) # label(non_clause).  [assumption].
52 (all x all y (diff(x,y) != null | x = null | P(x,y))) # label(non_clause).  [assumption].
53 (all x all y (-D(x,y) | diff(x,y) = x)) # label(non_clause).  [assumption].
54 (all x (-P(x,cuniversal) | diff(x,null) = x)) # label(non_clause).  [assumption].
55 (all x (-P(x,cuniversal) | sum(null,x) = x)) # label(non_clause).  [assumption].
56 (all x (x = null | (exists z (I(z,x) & (all u (-I(u,x) | I(u,z))) & -(exists y B(y,z)))))) # label(non_clause).  [assumption].
57 (all x (bdy(x) = null | B(bdy(x),x) & (all z (-B(z,x) | P(z,bdy(x)))))) # label(non_clause).  [assumption].
58 (all x ((x != null | -P(x,x)) & (P(x,x) | x = null))) # label(non_clause).  [assumption].
59 (all x ((-P(x,x) | x != null) & (x = null | P(x,x)))) # label(non_clause).  [assumption].

============================== end of process non-clausal formulas ===

============================== PROCESS INITIAL CLAUSES ===============

% Clauses before input processing:

formulas(usable).
end_of_list.

formulas(sos).
null != c1.  [clausify(1)].
null != c2.  [clausify(1)].
B(c3,c1).  [clausify(1)].
B(c4,c2).  [clausify(1)].
OV(c1,c2).  [clausify(1)].
IC(c1,c2).  [clausify(1)].
null = x | P(x,x).  [clausify(2)].
-P(x,y) | -P(y,x) | y = x.  [clausify(3)].
-P(x,y) | -P(y,z) | P(x,z).  [clausify(4)].
null != x | -P(y,x).  [clausify(5)].
null != x | -P(x,y).  [clausify(5)].
P(f1(x),x) | P(x,f1(x)) | null = x.  [clausify(5)].
-PI(x,y) | P(y,x).  [clausify(6)].
-P(x,y) | PI(y,x).  [clausify(6)].
-PP(x,y) | P(f2(x,y),y).  [clausify(7)].
-PP(x,y) | D(f2(x,y),x).  [clausify(7)].
null = x | P(x,c5).  [clausify(8)].
cuniversal != x | null = y | P(y,x).  [clausify(9)].
null != f3(x) | cuniversal = x.  [clausify(9)].
-P(f3(x),x) | cuniversal = x.  [clausify(9)].
-B(x,cuniversal).  [clausify(10)].
-Point(x) | null != x.  [clausify(11)].
-Point(x) | -P(y,x) | EQ(x,y).  [clausify(11)].
null = x | P(f4(x),x) | Point(x).  [clausify(11)].
null = x | -EQ(x,f4(x)) | Point(x).  [clausify(11)].
-PP(x,y) | P(x,y).  [clausify(12)].
-PP(x,y) | -P(y,x).  [clausify(12)].
-P(x,y) | P(y,x) | PP(x,y).  [clausify(12)].
-PPI(x,y) | PP(y,x).  [clausify(13)].
-PP(x,y) | PPI(y,x).  [clausify(13)].
-EQ(x,y) | P(y,x).  [clausify(14)].
-EQ(x,y) | P(x,y).  [clausify(14)].
-P(x,y) | -P(y,x) | EQ(y,x).  [clausify(14)].
-O(x,y) | P(f5(x,y),x).  [clausify(15)].
-O(x,y) | P(f5(x,y),y).  [clausify(15)].
-P(x,y) | -P(x,z) | O(y,z).  [clausify(15)].
-D(x,y) | -O(x,y).  [clausify(16)].
O(x,y) | D(x,y).  [clausify(16)].
-B(x,y) | PP(x,y).  [clausify(17)].
-B(x,y) | -B(y,z) | B(x,z).  [clausify(18)].
-P(x,y) | -B(y,z) | B(x,z).  [clausify(19)].
-B(x,y) | -P(y,z) | P(x,z).  [clausify(20)].
-IMB(x,y) | O(x,y).  [clausify(21)].
-IMB(x,y) | -P(x,y).  [clausify(21)].
-IMB(x,y) | -P(y,x).  [clausify(21)].
-O(x,y) | P(x,y) | P(y,x) | IMB(x,y).  [clausify(21)].
-I(x,y) | P(x,y).  [clausify(22)].
-I(x,y) | -B(z,y) | D(z,x).  [clausify(22)].
-P(x,y) | B(f6(x,y),y) | I(x,y).  [clausify(22)].
-P(x,y) | -D(f6(x,y),x) | I(x,y).  [clausify(22)].
-II(x,y) | I(y,x).  [clausify(23)].
-I(x,y) | II(y,x).  [clausify(23)].
-IP(x,y) | -B(z,y).  [clausify(24)].
-IP(x,y) | I(x,y).  [clausify(24)].
-IP(x,y) | -I(y,x).  [clausify(24)].
B(f7(x,y),y) | -I(x,y) | I(y,x) | IP(x,y).  [clausify(24)].
-IPI(x,y) | IP(y,x).  [clausify(25)].
-IP(x,y) | IPI(y,x).  [clausify(25)].
-TPP(x,y) | PP(x,y).  [clausify(26)].
-TPP(x,y) | P(f8(x,y),x).  [clausify(26)].
-TPP(x,y) | B(f8(x,y),y).  [clausify(26)].
-PP(x,y) | -P(z,x) | -B(z,y) | TPP(x,y).  [clausify(26)].
-TPPI(x,y) | TPP(y,x).  [clausify(27)].
-TPP(x,y) | TPPI(y,x).  [clausify(27)].
-OV(x,y) | IMB(x,y).  [clausify(28)].
-OV(x,y) | I(f9(x,y),x).  [clausify(28)].
-OV(x,y) | I(f9(x,y),y).  [clausify(28)].
-IMB(x,y) | -I(z,x) | -I(z,y) | OV(x,y).  [clausify(28)].
-EC(x,y) | IMB(x,y).  [clausify(29)].
-EC(x,y) | -P(z,x) | -P(z,y) | B(z,x).  [clausify(29)].
-EC(x,y) | -P(z,x) | -P(z,y) | B(z,y).  [clausify(29)].
-IMB(x,y) | P(f10(x,y),x) | EC(x,y).  [clausify(29)].
-IMB(x,y) | P(f10(x,y),y) | EC(x,y).  [clausify(29)].
-IMB(x,y) | -B(f10(x,y),x) | -B(f10(x,y),y) | EC(x,y).  [clausify(29)].
-IC(x,y) | IMB(x,y).  [clausify(30)].
-IC(x,y) | -EC(x,y).  [clausify(30)].
-IC(x,y) | -I(z,x) | -I(z,y).  [clausify(30)].
-IMB(x,y) | EC(x,y) | I(f11(x,y),x) | IC(x,y).  [clausify(30)].
-IMB(x,y) | EC(x,y) | I(f11(x,y),y) | IC(x,y).  [clausify(30)].
null = x | I(f12(x),x).  [clausify(31)].
B(f13(x),x) | -EC(y,x).  [clausify(32)].
-B(x,y) | -B(z,y) | -I(z,y).  [clausify(33)].
-B(x,y) | -I(z,y) | -B(z,y).  [clausify(34)].
-B(x,y) | -EQ(y,z) | B(f14(y,z),z).  [clausify(35)].
B(f15(x,y),x) | -EQ(x,y) | -B(z,y).  [clausify(36)].
B(f16(x,y),x) | -B(z,y) | -EQ(x,y).  [clausify(37)].
-PP(x,y) | B(f17(x,y),y) | IP(x,y).  [clausify(38)].
-O(x,sum(y,z)) | O(x,y) | O(x,z).  [clausify(39)].
-O(x,y) | O(x,sum(y,z)).  [clausify(39)].
-O(x,y) | O(x,sum(z,y)).  [clausify(39)].
-P(x,prod(y,z)) | P(x,y).  [clausify(40)].
-P(x,prod(y,z)) | P(x,z).  [clausify(40)].
-P(x,y) | -P(x,z) | P(x,prod(y,z)).  [clausify(40)].
-P(x,compl(y)) | D(x,y).  [clausify(41)].
-P(x,diff(y,z)) | P(x,y).  [clausify(42)].
-P(x,diff(y,z)) | D(x,z).  [clausify(42)].
-P(x,y) | -D(x,z) | P(x,diff(y,z)).  [clausify(42)].
compl(x) != y | compl(x) != z | z = y.  [clausify(43)].
diff(x,y) != z | diff(x,y) != u | u = z.  [clausify(44)].
prod(x,y) != z | prod(x,y) != u | u = z.  [clausify(45)].
sum(x,y) != z | sum(x,y) != u | u = z.  [clausify(46)].
null = x | null = y | f18(x,y) != null.  [clausify(47)].
null = x | null = y | sum(x,y) = f18(x,y).  [clausify(47)].
sum(x,y) = sum(y,x).  [clausify(48)].
compl(x) != null | cuniversal = x.  [clausify(49)].
cuniversal != x | compl(x) = null.  [clausify(49)].
compl(x) != cuniversal | null = x.  [clausify(50)].
null != x | compl(x) = cuniversal.  [clausify(50)].
prod(x,y) = prod(y,x).  [clausify(51)].
diff(x,y) != null | null = x | P(x,y).  [clausify(52)].
-D(x,y) | diff(x,y) = x.  [clausify(53)].
-P(x,cuniversal) | diff(x,null) = x.  [clausify(54)].
-P(x,cuniversal) | sum(null,x) = x.  [clausify(55)].
null = x | I(f19(x),x).  [clausify(56)].
null = x | -I(y,x) | I(y,f19(x)).  [clausify(56)].
null = x | -B(y,f19(x)).  [clausify(56)].
bdy(x) = null | B(bdy(x),x).  [clausify(57)].
bdy(x) = null | -B(y,x) | P(y,bdy(x)).  [clausify(57)].
null != x | -P(x,x).  [clausify(58)].
P(x,x) | null = x.  [clausify(58)].
-P(x,x) | null != x.  [clausify(59)].
null = x | P(x,x).  [clausify(59)].
end_of_list.

formulas(demodulators).
end_of_list.

============================== PREDICATE ELIMINATION =================

Eliminating OV/2
60 -OV(x,y) | IMB(x,y).  [clausify(28)].
61 OV(c1,c2).  [clausify(1)].
Derived: IMB(c1,c2).  [resolve(60,a,61,a)].
62 -OV(x,y) | I(f9(x,y),x).  [clausify(28)].
Derived: I(f9(c1,c2),c1).  [resolve(62,a,61,a)].
63 -OV(x,y) | I(f9(x,y),y).  [clausify(28)].
Derived: I(f9(c1,c2),c2).  [resolve(63,a,61,a)].
64 -IMB(x,y) | -I(z,x) | -I(z,y) | OV(x,y).  [clausify(28)].
Derived: -IMB(x,y) | -I(z,x) | -I(z,y) | I(f9(x,y),x).  [resolve(64,d,62,a)].
Derived: -IMB(x,y) | -I(z,x) | -I(z,y) | I(f9(x,y),y).  [resolve(64,d,63,a)].

Eliminating IC/2
65 -IC(x,y) | IMB(x,y).  [clausify(30)].
66 IC(c1,c2).  [clausify(1)].
67 -IC(x,y) | -EC(x,y).  [clausify(30)].
Derived: -EC(c1,c2).  [resolve(67,a,66,a)].
68 -IC(x,y) | -I(z,x) | -I(z,y).  [clausify(30)].
Derived: -I(x,c1) | -I(x,c2).  [resolve(68,a,66,a)].
69 -IMB(x,y) | EC(x,y) | I(f11(x,y),x) | IC(x,y).  [clausify(30)].
Derived: -IMB(x,y) | EC(x,y) | I(f11(x,y),x) | -I(z,x) | -I(z,y).  [resolve(69,d,68,a)].
70 -IMB(x,y) | EC(x,y) | I(f11(x,y),y) | IC(x,y).  [clausify(30)].
Derived: -IMB(x,y) | EC(x,y) | I(f11(x,y),y) | -I(z,x) | -I(z,y).  [resolve(70,d,68,a)].

Eliminating PI/2
71 -P(x,y) | PI(y,x).  [clausify(6)].
72 -PI(x,y) | P(y,x).  [clausify(6)].

Eliminating PP/2
73 -P(x,y) | P(y,x) | PP(x,y).  [clausify(12)].
74 -PP(x,y) | P(f2(x,y),y).  [clausify(7)].
75 -PP(x,y) | D(f2(x,y),x).  [clausify(7)].
76 -PP(x,y) | P(x,y).  [clausify(12)].
77 -PP(x,y) | -P(y,x).  [clausify(12)].
Derived: -P(x,y) | P(y,x) | P(f2(x,y),y).  [resolve(73,c,74,a)].
Derived: -P(x,y) | P(y,x) | D(f2(x,y),x).  [resolve(73,c,75,a)].
78 -PPI(x,y) | PP(y,x).  [clausify(13)].
Derived: -PPI(x,y) | P(f2(y,x),x).  [resolve(78,b,74,a)].
Derived: -PPI(x,y) | D(f2(y,x),y).  [resolve(78,b,75,a)].
Derived: -PPI(x,y) | P(y,x).  [resolve(78,b,76,a)].
Derived: -PPI(x,y) | -P(x,y).  [resolve(78,b,77,a)].
79 -PP(x,y) | PPI(y,x).  [clausify(13)].
Derived: PPI(x,y) | -P(y,x) | P(x,y).  [resolve(79,a,73,c)].
80 -B(x,y) | PP(x,y).  [clausify(17)].
Derived: -B(x,y) | P(f2(x,y),y).  [resolve(80,b,74,a)].
Derived: -B(x,y) | D(f2(x,y),x).  [resolve(80,b,75,a)].
Derived: -B(x,y) | P(x,y).  [resolve(80,b,76,a)].
Derived: -B(x,y) | -P(y,x).  [resolve(80,b,77,a)].
Derived: -B(x,y) | PPI(y,x).  [resolve(80,b,79,a)].
81 -TPP(x,y) | PP(x,y).  [clausify(26)].
Derived: -TPP(x,y) | P(f2(x,y),y).  [resolve(81,b,74,a)].
Derived: -TPP(x,y) | D(f2(x,y),x).  [resolve(81,b,75,a)].
Derived: -TPP(x,y) | P(x,y).  [resolve(81,b,76,a)].
Derived: -TPP(x,y) | -P(y,x).  [resolve(81,b,77,a)].
Derived: -TPP(x,y) | PPI(y,x).  [resolve(81,b,79,a)].
82 -PP(x,y) | -P(z,x) | -B(z,y) | TPP(x,y).  [clausify(26)].
Derived: -P(x,y) | -B(x,z) | TPP(y,z) | -P(y,z) | P(z,y).  [resolve(82,a,73,c)].
Derived: -P(x,y) | -B(x,z) | TPP(y,z) | -PPI(z,y).  [resolve(82,a,78,b)].
Derived: -P(x,y) | -B(x,z) | TPP(y,z) | -B(y,z).  [resolve(82,a,80,b)].
83 -PP(x,y) | B(f17(x,y),y) | IP(x,y).  [clausify(38)].
Derived: B(f17(x,y),y) | IP(x,y) | -P(x,y) | P(y,x).  [resolve(83,a,73,c)].
Derived: B(f17(x,y),y) | IP(x,y) | -PPI(y,x).  [resolve(83,a,78,b)].
Derived: B(f17(x,y),y) | IP(x,y) | -B(x,y).  [resolve(83,a,80,b)].
Derived: B(f17(x,y),y) | IP(x,y) | -TPP(x,y).  [resolve(83,a,81,b)].

Eliminating Point/1
84 null = x | P(f4(x),x) | Point(x).  [clausify(11)].
85 -Point(x) | null != x.  [clausify(11)].
86 -Point(x) | -P(y,x) | EQ(x,y).  [clausify(11)].
Derived: null = x | P(f4(x),x) | -P(y,x) | EQ(x,y).  [resolve(84,c,86,a)].
87 null = x | -EQ(x,f4(x)) | Point(x).  [clausify(11)].
Derived: null = x | -EQ(x,f4(x)) | -P(y,x) | EQ(x,y).  [resolve(87,c,86,a)].

Eliminating IMB/2
88 -O(x,y) | P(x,y) | P(y,x) | IMB(x,y).  [clausify(21)].
89 -IMB(x,y) | O(x,y).  [clausify(21)].
90 -IMB(x,y) | -P(x,y).  [clausify(21)].
91 -IMB(x,y) | -P(y,x).  [clausify(21)].
92 -EC(x,y) | IMB(x,y).  [clausify(29)].
Derived: -EC(x,y) | O(x,y).  [resolve(92,b,89,a)].
Derived: -EC(x,y) | -P(x,y).  [resolve(92,b,90,a)].
Derived: -EC(x,y) | -P(y,x).  [resolve(92,b,91,a)].
93 -IMB(x,y) | P(f10(x,y),x) | EC(x,y).  [clausify(29)].
Derived: P(f10(x,y),x) | EC(x,y) | -O(x,y) | P(x,y) | P(y,x).  [resolve(93,a,88,d)].
94 -IMB(x,y) | P(f10(x,y),y) | EC(x,y).  [clausify(29)].
Derived: P(f10(x,y),y) | EC(x,y) | -O(x,y) | P(x,y) | P(y,x).  [resolve(94,a,88,d)].
95 -IMB(x,y) | -B(f10(x,y),x) | -B(f10(x,y),y) | EC(x,y).  [clausify(29)].
Derived: -B(f10(x,y),x) | -B(f10(x,y),y) | EC(x,y) | -O(x,y) | P(x,y) | P(y,x).  [resolve(95,a,88,d)].
96 IMB(c1,c2).  [resolve(60,a,61,a)].
Derived: O(c1,c2).  [resolve(96,a,89,a)].
Derived: -P(c1,c2).  [resolve(96,a,90,a)].
Derived: -P(c2,c1).  [resolve(96,a,91,a)].
Derived: P(f10(c1,c2),c1) | EC(c1,c2).  [resolve(96,a,93,a)].
Derived: P(f10(c1,c2),c2) | EC(c1,c2).  [resolve(96,a,94,a)].
Derived: -B(f10(c1,c2),c1) | -B(f10(c1,c2),c2) | EC(c1,c2).  [resolve(96,a,95,a)].
97 -IMB(x,y) | -I(z,x) | -I(z,y) | I(f9(x,y),x).  [resolve(64,d,62,a)].
Derived: -I(x,y) | -I(x,z) | I(f9(y,z),y) | -O(y,z) | P(y,z) | P(z,y).  [resolve(97,a,88,d)].
Derived: -I(x,y) | -I(x,z) | I(f9(y,z),y) | -EC(y,z).  [resolve(97,a,92,b)].
98 -IMB(x,y) | -I(z,x) | -I(z,y) | I(f9(x,y),y).  [resolve(64,d,63,a)].
Derived: -I(x,y) | -I(x,z) | I(f9(y,z),z) | -O(y,z) | P(y,z) | P(z,y).  [resolve(98,a,88,d)].
Derived: -I(x,y) | -I(x,z) | I(f9(y,z),z) | -EC(y,z).  [resolve(98,a,92,b)].
99 -IMB(x,y) | EC(x,y) | I(f11(x,y),x) | -I(z,x) | -I(z,y).  [resolve(69,d,68,a)].
Derived: EC(x,y) | I(f11(x,y),x) | -I(z,x) | -I(z,y) | -O(x,y) | P(x,y) | P(y,x).  [resolve(99,a,88,d)].
Derived: EC(c1,c2) | I(f11(c1,c2),c1) | -I(x,c1) | -I(x,c2).  [resolve(99,a,96,a)].
100 -IMB(x,y) | EC(x,y) | I(f11(x,y),y) | -I(z,x) | -I(z,y).  [resolve(70,d,68,a)].
Derived: EC(x,y) | I(f11(x,y),y) | -I(z,x) | -I(z,y) | -O(x,y) | P(x,y) | P(y,x).  [resolve(100,a,88,d)].
Derived: EC(c1,c2) | I(f11(c1,c2),c2) | -I(x,c1) | -I(x,c2).  [resolve(100,a,96,a)].

Eliminating II/2
101 -I(x,y) | II(y,x).  [clausify(23)].
102 -II(x,y) | I(y,x).  [clausify(23)].

Eliminating IP/2
103 B(f7(x,y),y) | -I(x,y) | I(y,x) | IP(x,y).  [clausify(24)].
104 -IP(x,y) | -B(z,y).  [clausify(24)].
105 -IP(x,y) | I(x,y).  [clausify(24)].
106 -IP(x,y) | -I(y,x).  [clausify(24)].
Derived: B(f7(x,y),y) | -I(x,y) | I(y,x) | -B(z,y).  [resolve(103,d,104,a)].
107 -IPI(x,y) | IP(y,x).  [clausify(25)].
Derived: -IPI(x,y) | -B(z,x).  [resolve(107,b,104,a)].
Derived: -IPI(x,y) | I(y,x).  [resolve(107,b,105,a)].
Derived: -IPI(x,y) | -I(x,y).  [resolve(107,b,106,a)].
108 -IP(x,y) | IPI(y,x).  [clausify(25)].
Derived: IPI(x,y) | B(f7(y,x),x) | -I(y,x) | I(x,y).  [resolve(108,a,103,d)].
109 B(f17(x,y),y) | IP(x,y) | -P(x,y) | P(y,x).  [resolve(83,a,73,c)].
Derived: B(f17(x,y),y) | -P(x,y) | P(y,x) | -B(z,y).  [resolve(109,b,104,a)].
Derived: B(f17(x,y),y) | -P(x,y) | P(y,x) | I(x,y).  [resolve(109,b,105,a)].
Derived: B(f17(x,y),y) | -P(x,y) | P(y,x) | -I(y,x).  [resolve(109,b,106,a)].
Derived: B(f17(x,y),y) | -P(x,y) | P(y,x) | IPI(y,x).  [resolve(109,b,108,a)].
110 B(f17(x,y),y) | IP(x,y) | -PPI(y,x).  [resolve(83,a,78,b)].
Derived: B(f17(x,y),y) | -PPI(y,x) | -B(z,y).  [resolve(110,b,104,a)].
Derived: B(f17(x,y),y) | -PPI(y,x) | I(x,y).  [resolve(110,b,105,a)].
Derived: B(f17(x,y),y) | -PPI(y,x) | -I(y,x).  [resolve(110,b,106,a)].
Derived: B(f17(x,y),y) | -PPI(y,x) | IPI(y,x).  [resolve(110,b,108,a)].
111 B(f17(x,y),y) | IP(x,y) | -B(x,y).  [resolve(83,a,80,b)].
Derived: B(f17(x,y),y) | -B(x,y) | -B(z,y).  [resolve(111,b,104,a)].
112 B(f17(x,y),y) | IP(x,y) | -TPP(x,y).  [resolve(83,a,81,b)].
Derived: B(f17(x,y),y) | -TPP(x,y) | -B(z,y).  [resolve(112,b,104,a)].
Derived: B(f17(x,y),y) | -TPP(x,y) | I(x,y).  [resolve(112,b,105,a)].
Derived: B(f17(x,y),y) | -TPP(x,y) | -I(y,x).  [resolve(112,b,106,a)].
Derived: B(f17(x,y),y) | -TPP(x,y) | IPI(y,x).  [resolve(112,b,108,a)].

Eliminating TPP/2
113 -TPPI(x,y) | TPP(y,x).  [clausify(27)].
114 -TPP(x,y) | P(f8(x,y),x).  [clausify(26)].
115 -TPP(x,y) | B(f8(x,y),y).  [clausify(26)].
Derived: -TPPI(x,y) | P(f8(y,x),y).  [resolve(113,b,114,a)].
Derived: -TPPI(x,y) | B(f8(y,x),x).  [resolve(113,b,115,a)].
116 -TPP(x,y) | TPPI(y,x).  [clausify(27)].
117 -TPP(x,y) | P(f2(x,y),y).  [resolve(81,b,74,a)].
Derived: P(f2(x,y),y) | -TPPI(y,x).  [resolve(117,a,113,b)].
118 -TPP(x,y) | D(f2(x,y),x).  [resolve(81,b,75,a)].
Derived: D(f2(x,y),x) | -TPPI(y,x).  [resolve(118,a,113,b)].
119 -TPP(x,y) | P(x,y).  [resolve(81,b,76,a)].
Derived: P(x,y) | -TPPI(y,x).  [resolve(119,a,113,b)].
120 -TPP(x,y) | -P(y,x).  [resolve(81,b,77,a)].
Derived: -P(x,y) | -TPPI(x,y).  [resolve(120,a,113,b)].
121 -TPP(x,y) | PPI(y,x).  [resolve(81,b,79,a)].
Derived: PPI(x,y) | -TPPI(x,y).  [resolve(121,a,113,b)].
122 -P(x,y) | -B(x,z) | TPP(y,z) | -P(y,z) | P(z,y).  [resolve(82,a,73,c)].
Derived: -P(x,y) | -B(x,z) | -P(y,z) | P(z,y) | P(f8(y,z),y).  [resolve(122,c,114,a)].
Derived: -P(x,y) | -B(x,z) | -P(y,z) | P(z,y) | B(f8(y,z),z).  [resolve(122,c,115,a)].
Derived: -P(x,y) | -B(x,z) | -P(y,z) | P(z,y) | TPPI(z,y).  [resolve(122,c,116,a)].
Derived: -P(x,y) | -B(x,z) | -P(y,z) | P(z,y) | P(f2(y,z),z).  [resolve(122,c,117,a)].
Derived: -P(x,y) | -B(x,z) | -P(y,z) | P(z,y) | D(f2(y,z),y).  [resolve(122,c,118,a)].
Derived: -P(x,y) | -B(x,z) | -P(y,z) | P(z,y) | PPI(z,y).  [resolve(122,c,121,a)].
123 -P(x,y) | -B(x,z) | TPP(y,z) | -PPI(z,y).  [resolve(82,a,78,b)].
Derived: -P(x,y) | -B(x,z) | -PPI(z,y) | P(f8(y,z),y).  [resolve(123,c,114,a)].
Derived: -P(x,y) | -B(x,z) | -PPI(z,y) | B(f8(y,z),z).  [resolve(123,c,115,a)].
Derived: -P(x,y) | -B(x,z) | -PPI(z,y) | TPPI(z,y).  [resolve(123,c,116,a)].
Derived: -P(x,y) | -B(x,z) | -PPI(z,y) | P(f2(y,z),z).  [resolve(123,c,117,a)].
Derived: -P(x,y) | -B(x,z) | -PPI(z,y) | D(f2(y,z),y).  [resolve(123,c,118,a)].
Derived: -P(x,y) | -B(x,z) | -PPI(z,y) | P(y,z).  [resolve(123,c,119,a)].
Derived: -P(x,y) | -B(x,z) | -PPI(z,y) | -P(z,y).  [resolve(123,c,120,a)].
124 -P(x,y) | -B(x,z) | TPP(y,z) | -B(y,z).  [resolve(82,a,80,b)].
Derived: -P(x,y) | -B(x,z) | -B(y,z) | P(f8(y,z),y).  [resolve(124,c,114,a)].
Derived: -P(x,y) | -B(x,z) | -B(y,z) | B(f8(y,z),z).  [resolve(124,c,115,a)].
Derived: -P(x,y) | -B(x,z) | -B(y,z) | TPPI(z,y).  [resolve(124,c,116,a)].
Derived: -P(x,y) | -B(x,z) | -B(y,z) | P(f2(y,z),z).  [resolve(124,c,117,a)].
Derived: -P(x,y) | -B(x,z) | -B(y,z) | D(f2(y,z),y).  [resolve(124,c,118,a)].
Derived: -P(x,y) | -B(x,z) | -B(y,z) | P(y,z).  [resolve(124,c,119,a)].
Derived: -P(x,y) | -B(x,z) | -B(y,z) | -P(z,y).  [resolve(124,c,120,a)].
Derived: -P(x,y) | -B(x,z) | -B(y,z) | PPI(z,y).  [resolve(124,c,121,a)].
125 B(f17(x,y),y) | -TPP(x,y) | -B(z,y).  [resolve(112,b,104,a)].
Derived: B(f17(x,y),y) | -B(z,y) | -TPPI(y,x).  [resolve(125,b,113,b)].
Derived: B(f17(x,y),y) | -B(z,y) | -P(u,x) | -B(u,y) | -P(x,y) | P(y,x).  [resolve(125,b,122,c)].
Derived: B(f17(x,y),y) | -B(z,y) | -P(u,x) | -B(u,y) | -PPI(y,x).  [resolve(125,b,123,c)].
Derived: B(f17(x,y),y) | -B(z,y) | -P(u,x) | -B(u,y) | -B(x,y).  [resolve(125,b,124,c)].
126 B(f17(x,y),y) | -TPP(x,y) | I(x,y).  [resolve(112,b,105,a)].
Derived: B(f17(x,y),y) | I(x,y) | -TPPI(y,x).  [resolve(126,b,113,b)].
127 B(f17(x,y),y) | -TPP(x,y) | -I(y,x).  [resolve(112,b,106,a)].
Derived: B(f17(x,y),y) | -I(y,x) | -TPPI(y,x).  [resolve(127,b,113,b)].
128 B(f17(x,y),y) | -TPP(x,y) | IPI(y,x).  [resolve(112,b,108,a)].
Derived: B(f17(x,y),y) | IPI(y,x) | -TPPI(y,x).  [resolve(128,b,113,b)].

Eliminating PPI/2
129 PPI(x,y) | -P(y,x) | P(x,y).  [resolve(79,a,73,c)].
130 -PPI(x,y) | P(f2(y,x),x).  [resolve(78,b,74,a)].
131 -PPI(x,y) | D(f2(y,x),y).  [resolve(78,b,75,a)].
132 -PPI(x,y) | P(y,x).  [resolve(78,b,76,a)].
133 -PPI(x,y) | -P(x,y).  [resolve(78,b,77,a)].
Derived: -P(x,y) | P(y,x) | P(f2(x,y),y).  [resolve(129,a,130,a)].
Derived: -P(x,y) | P(y,x) | D(f2(x,y),x).  [resolve(129,a,131,a)].
134 -B(x,y) | PPI(y,x).  [resolve(80,b,79,a)].
Derived: -B(x,y) | P(f2(x,y),y).  [resolve(134,b,130,a)].
Derived: -B(x,y) | D(f2(x,y),x).  [resolve(134,b,131,a)].
Derived: -B(x,y) | P(x,y).  [resolve(134,b,132,a)].
Derived: -B(x,y) | -P(y,x).  [resolve(134,b,133,a)].
135 B(f17(x,y),y) | -PPI(y,x) | -B(z,y).  [resolve(110,b,104,a)].
Derived: B(f17(x,y),y) | -B(z,y) | -P(x,y) | P(y,x).  [resolve(135,b,129,a)].
136 B(f17(x,y),y) | -PPI(y,x) | I(x,y).  [resolve(110,b,105,a)].
Derived: B(f17(x,y),y) | I(x,y) | -P(x,y) | P(y,x).  [resolve(136,b,129,a)].
137 B(f17(x,y),y) | -PPI(y,x) | -I(y,x).  [resolve(110,b,106,a)].
Derived: B(f17(x,y),y) | -I(y,x) | -P(x,y) | P(y,x).  [resolve(137,b,129,a)].
138 B(f17(x,y),y) | -PPI(y,x) | IPI(y,x).  [resolve(110,b,108,a)].
Derived: B(f17(x,y),y) | IPI(y,x) | -P(x,y) | P(y,x).  [resolve(138,b,129,a)].
139 PPI(x,y) | -TPPI(x,y).  [resolve(121,a,113,b)].
Derived: -TPPI(x,y) | P(f2(y,x),x).  [resolve(139,a,130,a)].
Derived: -TPPI(x,y) | D(f2(y,x),y).  [resolve(139,a,131,a)].
Derived: -TPPI(x,y) | P(y,x).  [resolve(139,a,132,a)].
Derived: -TPPI(x,y) | -P(x,y).  [resolve(139,a,133,a)].
140 -P(x,y) | -B(x,z) | -P(y,z) | P(z,y) | PPI(z,y).  [resolve(122,c,121,a)].
141 -P(x,y) | -B(x,z) | -PPI(z,y) | P(f8(y,z),y).  [resolve(123,c,114,a)].
Derived: -P(x,y) | -B(x,z) | P(f8(y,z),y) | -P(y,z) | P(z,y).  [resolve(141,c,129,a)].
Derived: -P(x,y) | -B(x,z) | P(f8(y,z),y) | -TPPI(z,y).  [resolve(141,c,139,a)].
142 -P(x,y) | -B(x,z) | -PPI(z,y) | B(f8(y,z),z).  [resolve(123,c,115,a)].
Derived: -P(x,y) | -B(x,z) | B(f8(y,z),z) | -P(y,z) | P(z,y).  [resolve(142,c,129,a)].
Derived: -P(x,y) | -B(x,z) | B(f8(y,z),z) | -TPPI(z,y).  [resolve(142,c,139,a)].
143 -P(x,y) | -B(x,z) | -PPI(z,y) | TPPI(z,y).  [resolve(123,c,116,a)].
Derived: -P(x,y) | -B(x,z) | TPPI(z,y) | -P(y,z) | P(z,y).  [resolve(143,c,129,a)].
144 -P(x,y) | -B(x,z) | -PPI(z,y) | P(f2(y,z),z).  [resolve(123,c,117,a)].
145 -P(x,y) | -B(x,z) | -PPI(z,y) | D(f2(y,z),y).  [resolve(123,c,118,a)].
146 -P(x,y) | -B(x,z) | -PPI(z,y) | P(y,z).  [resolve(123,c,119,a)].
147 -P(x,y) | -B(x,z) | -PPI(z,y) | -P(z,y).  [resolve(123,c,120,a)].
148 -P(x,y) | -B(x,z) | -B(y,z) | PPI(z,y).  [resolve(124,c,121,a)].
Derived: -P(x,y) | -B(x,z) | -B(y,z) | -P(u,y) | -B(u,z) | P(f8(y,z),y).  [resolve(148,d,141,c)].
Derived: -P(x,y) | -B(x,z) | -B(y,z) | -P(u,y) | -B(u,z) | B(f8(y,z),z).  [resolve(148,d,142,c)].
Derived: -P(x,y) | -B(x,z) | -B(y,z) | -P(u,y) | -B(u,z) | TPPI(z,y).  [resolve(148,d,143,c)].
149 B(f17(x,y),y) | -B(z,y) | -P(u,x) | -B(u,y) | -PPI(y,x).  [resolve(125,b,123,c)].
Derived: B(f17(x,y),y) | -B(z,y) | -P(u,x) | -B(u,y) | -TPPI(y,x).  [resolve(149,e,139,a)].

Eliminating IPI/2
150 IPI(x,y) | B(f7(y,x),x) | -I(y,x) | I(x,y).  [resolve(108,a,103,d)].
151 -IPI(x,y) | -B(z,x).  [resolve(107,b,104,a)].
152 -IPI(x,y) | I(y,x).  [resolve(107,b,105,a)].
153 -IPI(x,y) | -I(x,y).  [resolve(107,b,106,a)].
Derived: B(f7(x,y),y) | -I(x,y) | I(y,x) | -B(z,y).  [resolve(150,a,151,a)].
154 B(f17(x,y),y) | -P(x,y) | P(y,x) | IPI(y,x).  [resolve(109,b,108,a)].
155 B(f17(x,y),y) | IPI(y,x) | -TPPI(y,x).  [resolve(128,b,113,b)].
Derived: B(f17(x,y),y) | -TPPI(y,x) | -B(z,y).  [resolve(155,b,151,a)].
Derived: B(f17(x,y),y) | -TPPI(y,x) | I(x,y).  [resolve(155,b,152,a)].
Derived: B(f17(x,y),y) | -TPPI(y,x) | -I(y,x).  [resolve(155,b,153,a)].
156 B(f17(x,y),y) | IPI(y,x) | -P(x,y) | P(y,x).  [resolve(138,b,129,a)].
Derived: B(f17(x,y),y) | -P(x,y) | P(y,x) | -B(z,y).  [resolve(156,b,151,a)].
Derived: B(f17(x,y),y) | -P(x,y) | P(y,x) | I(x,y).  [resolve(156,b,152,a)].
Derived: B(f17(x,y),y) | -P(x,y) | P(y,x) | -I(y,x).  [resolve(156,b,153,a)].

Eliminating TPPI/2
157 -P(x,y) | -B(x,z) | -P(y,z) | P(z,y) | TPPI(z,y).  [resolve(122,c,116,a)].
158 -TPPI(x,y) | P(f8(y,x),y).  [resolve(113,b,114,a)].
159 -TPPI(x,y) | B(f8(y,x),x).  [resolve(113,b,115,a)].
160 P(f2(x,y),y) | -TPPI(y,x).  [resolve(117,a,113,b)].
161 D(f2(x,y),x) | -TPPI(y,x).  [resolve(118,a,113,b)].
162 P(x,y) | -TPPI(y,x).  [resolve(119,a,113,b)].
163 -P(x,y) | -TPPI(x,y).  [resolve(120,a,113,b)].
164 -P(x,y) | -B(x,z) | -B(y,z) | TPPI(z,y).  [resolve(124,c,116,a)].
165 B(f17(x,y),y) | -B(z,y) | -TPPI(y,x).  [resolve(125,b,113,b)].
166 B(f17(x,y),y) | I(x,y) | -TPPI(y,x).  [resolve(126,b,113,b)].
Derived: B(f17(x,y),y) | I(x,y) | -P(z,x) | -B(z,y) | -B(x,y).  [resolve(166,c,164,d)].
167 B(f17(x,y),y) | -I(y,x) | -TPPI(y,x).  [resolve(127,b,113,b)].
Derived: B(f17(x,y),y) | -I(y,x) | -P(z,x) | -B(z,y) | -B(x,y).  [resolve(167,c,164,d)].
168 -TPPI(x,y) | P(f2(y,x),x).  [resolve(139,a,130,a)].
Derived: P(f2(x,y),y) | -P(z,x) | -B(z,y) | -P(x,y) | P(y,x).  [resolve(168,a,157,e)].
Derived: P(f2(x,y),y) | -P(z,x) | -B(z,y) | -B(x,y).  [resolve(168,a,164,d)].
169 -TPPI(x,y) | D(f2(y,x),y).  [resolve(139,a,131,a)].
Derived: D(f2(x,y),x) | -P(z,x) | -B(z,y) | -P(x,y) | P(y,x).  [resolve(169,a,157,e)].
Derived: D(f2(x,y),x) | -P(z,x) | -B(z,y) | -B(x,y).  [resolve(169,a,164,d)].
170 -TPPI(x,y) | P(y,x).  [resolve(139,a,132,a)].
Derived: P(x,y) | -P(z,x) | -B(z,y) | -B(x,y).  [resolve(170,a,164,d)].
171 -TPPI(x,y) | -P(x,y).  [resolve(139,a,133,a)].
Derived: -P(x,y) | -P(z,y) | -B(z,x) | -B(y,x).  [resolve(171,a,164,d)].
172 -P(x,y) | -B(x,z) | P(f8(y,z),y) | -TPPI(z,y).  [resolve(141,c,139,a)].
Derived: -P(x,y) | -B(x,z) | P(f8(y,z),y) | -P(u,y) | -B(u,z) | -P(y,z) | P(z,y).  [resolve(172,d,157,e)].
173 -P(x,y) | -B(x,z) | B(f8(y,z),z) | -TPPI(z,y).  [resolve(142,c,139,a)].
Derived: -P(x,y) | -B(x,z) | B(f8(y,z),z) | -P(u,y) | -B(u,z) | -P(y,z) | P(z,y).  [resolve(173,d,157,e)].
174 -P(x,y) | -B(x,z) | TPPI(z,y) | -P(y,z) | P(z,y).  [resolve(143,c,129,a)].
175 -P(x,y) | -B(x,z) | -B(y,z) | -P(u,y) | -B(u,z) | TPPI(z,y).  [resolve(148,d,143,c)].
Derived: -P(x,y) | -B(x,z) | -B(y,z) | -P(u,y) | -B(u,z) | P(f8(y,z),y).  [resolve(175,f,158,a)].
Derived: -P(x,y) | -B(x,z) | -B(y,z) | -P(u,y) | -B(u,z) | B(f8(y,z),z).  [resolve(175,f,159,a)].
Derived: -P(x,y) | -B(x,z) | -B(y,z) | -P(u,y) | -B(u,z) | B(f17(y,z),z) | -B(w,z).  [resolve(175,f,165,c)].
176 B(f17(x,y),y) | -B(z,y) | -P(u,x) | -B(u,y) | -TPPI(y,x).  [resolve(149,e,139,a)].
177 B(f17(x,y),y) | -TPPI(y,x) | -B(z,y).  [resolve(155,b,151,a)].
178 B(f17(x,y),y) | -TPPI(y,x) | I(x,y).  [resolve(155,b,152,a)].
179 B(f17(x,y),y) | -TPPI(y,x) | -I(y,x).  [resolve(155,b,153,a)].

============================== end predicate elimination =============

Auto_denials:  (non-Horn, no changes).

Term ordering decisions:
Predicate symbol precedence:  predicate_order([ =, P, B, I, O, EC, D, EQ ]).
Function symbol precedence:  function_order([ null, cuniversal, c1, c2, c3, c4, c5, sum, diff, prod, f2, f5, f6, f7, f8, f9, f10, f11, f14, f15, f16, f17, f18, compl, bdy, f1, f3, f4, f12, f13, f19 ]).
After inverse_order:  (no changes).
Unfolding symbols: (none).

Auto_inference settings:
  % set(paramodulation).  % (positive equality literals)
  % set(binary_resolution).  % (non-Horn)

Auto_process settings:
  % set(factor).  % (non-Horn)
  % set(unit_deletion).  % (non-Horn)

           180 null != c1.  [clausify(1)].
kept:      181 c1 != null.  [copy(180),flip(a)].
           182 null != c2.  [clausify(1)].
kept:      183 c2 != null.  [copy(182),flip(a)].
kept:      184 B(c3,c1).  [clausify(1)].
kept:      185 B(c4,c2).  [clausify(1)].
kept:      186 null = x | P(x,x).  [clausify(2)].
kept:      187 -P(x,y) | -P(y,x) | y = x.  [clausify(3)].
kept:      188 -P(x,y) | -P(y,z) | P(x,z).  [clausify(4)].
kept:      189 null != x | -P(y,x).  [clausify(5)].
kept:      190 null != x | -P(x,y).  [clausify(5)].
kept:      191 P(f1(x),x) | P(x,f1(x)) | null = x.  [clausify(5)].
kept:      192 null = x | P(x,c5).  [clausify(8)].
kept:      193 cuniversal != x | null = y | P(y,x).  [clausify(9)].
           194 null != f3(x) | cuniversal = x.  [clausify(9)].
kept:      195 f3(x) != null | cuniversal = x.  [copy(194),flip(a)].
kept:      196 -P(f3(x),x) | cuniversal = x.  [clausify(9)].
kept:      197 -B(x,cuniversal).  [clausify(10)].
kept:      198 -EQ(x,y) | P(y,x).  [clausify(14)].
kept:      199 -EQ(x,y) | P(x,y).  [clausify(14)].
kept:      200 -P(x,y) | -P(y,x) | EQ(y,x).  [clausify(14)].
kept:      201 -O(x,y) | P(f5(x,y),x).  [clausify(15)].
kept:      202 -O(x,y) | P(f5(x,y),y).  [clausify(15)].
kept:      203 -P(x,y) | -P(x,z) | O(y,z).  [clausify(15)].
kept:      204 -D(x,y) | -O(x,y).  [clausify(16)].
kept:      205 O(x,y) | D(x,y).  [clausify(16)].
kept:      206 -B(x,y) | -B(y,z) | B(x,z).  [clausify(18)].
kept:      207 -P(x,y) | -B(y,z) | B(x,z).  [clausify(19)].
kept:      208 -B(x,y) | -P(y,z) | P(x,z).  [clausify(20)].
kept:      209 -I(x,y) | P(x,y).  [clausify(22)].
kept:      210 -I(x,y) | -B(z,y) | D(z,x).  [clausify(22)].
kept:      211 -P(x,y) | B(f6(x,y),y) | I(x,y).  [clausify(22)].
kept:      212 -P(x,y) | -D(f6(x,y),x) | I(x,y).  [clausify(22)].
kept:      213 -EC(x,y) | -P(z,x) | -P(z,y) | B(z,x).  [clausify(29)].
kept:      214 -EC(x,y) | -P(z,x) | -P(z,y) | B(z,y).  [clausify(29)].
kept:      215 null = x | I(f12(x),x).  [clausify(31)].
kept:      216 B(f13(x),x) | -EC(y,x).  [clausify(32)].
kept:      217 -B(x,y) | -B(z,y) | -I(z,y).  [clausify(33)].
kept:      218 -B(x,y) | -EQ(y,z) | B(f14(y,z),z).  [clausify(35)].
kept:      219 B(f15(x,y),x) | -EQ(x,y) | -B(z,y).  [clausify(36)].
kept:      220 B(f16(x,y),x) | -B(z,y) | -EQ(x,y).  [clausify(37)].
kept:      221 -O(x,sum(y,z)) | O(x,y) | O(x,z).  [clausify(39)].
kept:      222 -O(x,y) | O(x,sum(y,z)).  [clausify(39)].
kept:      223 -O(x,y) | O(x,sum(z,y)).  [clausify(39)].
kept:      224 -P(x,prod(y,z)) | P(x,y).  [clausify(40)].
kept:      225 -P(x,prod(y,z)) | P(x,z).  [clausify(40)].
kept:      226 -P(x,y) | -P(x,z) | P(x,prod(y,z)).  [clausify(40)].
kept:      227 -P(x,compl(y)) | D(x,y).  [clausify(41)].
kept:      228 -P(x,diff(y,z)) | P(x,y).  [clausify(42)].
kept:      229 -P(x,diff(y,z)) | D(x,z).  [clausify(42)].
kept:      230 -P(x,y) | -D(x,z) | P(x,diff(y,z)).  [clausify(42)].
kept:      231 compl(x) != y | compl(x) != z | z = y.  [clausify(43)].
kept:      232 diff(x,y) != z | diff(x,y) != u | u = z.  [clausify(44)].
kept:      233 prod(x,y) != z | prod(x,y) != u | u = z.  [clausify(45)].
kept:      234 sum(x,y) != z | sum(x,y) != u | u = z.  [clausify(46)].
kept:      235 null = x | null = y | f18(x,y) != null.  [clausify(47)].
           236 null = x | null = y | sum(x,y) = f18(x,y).  [clausify(47)].
kept:      237 null = x | null = y | f18(x,y) = sum(x,y).  [copy(236),flip(c)].

% Operation sum is commutative; C redundancy checks enabled.
kept:      238 sum(x,y) = sum(y,x).  [clausify(48)].
kept:      239 compl(x) != null | cuniversal = x.  [clausify(49)].
kept:      240 cuniversal != x | compl(x) = null.  [clausify(49)].
kept:      241 compl(x) != cuniversal | null = x.  [clausify(50)].
kept:      242 null != x | compl(x) = cuniversal.  [clausify(50)].

% Operation prod is commutative; C redundancy checks enabled.
kept:      243 prod(x,y) = prod(y,x).  [clausify(51)].
kept:      244 diff(x,y) != null | null = x | P(x,y).  [clausify(52)].
kept:      245 -D(x,y) | diff(x,y) = x.  [clausify(53)].
kept:      246 -P(x,cuniversal) | diff(x,null) = x.  [clausify(54)].
kept:      247 -P(x,cuniversal) | sum(null,x) = x.  [clausify(55)].
kept:      248 null = x | I(f19(x),x).  [clausify(56)].
kept:      249 null = x | -I(y,x) | I(y,f19(x)).  [clausify(56)].
kept:      250 null = x | -B(y,f19(x)).  [clausify(56)].
kept:      251 bdy(x) = null | B(bdy(x),x).  [clausify(57)].
kept:      252 bdy(x) = null | -B(y,x) | P(y,bdy(x)).  [clausify(57)].
kept:      253 I(f9(c1,c2),c1).  [resolve(62,a,61,a)].
kept:      254 I(f9(c1,c2),c2).  [resolve(63,a,61,a)].
kept:      255 -EC(c1,c2).  [resolve(67,a,66,a)].
kept:      256 -I(x,c1) | -I(x,c2).  [resolve(68,a,66,a)].
kept:      257 -P(x,y) | P(y,x) | P(f2(x,y),y).  [resolve(73,c,74,a)].
kept:      258 -P(x,y) | P(y,x) | D(f2(x,y),x).  [resolve(73,c,75,a)].
kept:      259 -B(x,y) | P(f2(x,y),y).  [resolve(80,b,74,a)].
kept:      260 -B(x,y) | D(f2(x,y),x).  [resolve(80,b,75,a)].
kept:      261 -B(x,y) | P(x,y).  [resolve(80,b,76,a)].
kept:      262 -B(x,y) | -P(y,x).  [resolve(80,b,77,a)].
kept:      263 null = x | P(f4(x),x) | -P(y,x) | EQ(x,y).  [resolve(84,c,86,a)].
kept:      264 null = x | -EQ(x,f4(x)) | -P(y,x) | EQ(x,y).  [resolve(87,c,86,a)].
kept:      265 -EC(x,y) | O(x,y).  [resolve(92,b,89,a)].
kept:      266 -EC(x,y) | -P(x,y).  [resolve(92,b,90,a)].
kept:      267 -EC(x,y) | -P(y,x).  [resolve(92,b,91,a)].
kept:      268 P(f10(x,y),x) | EC(x,y) | -O(x,y) | P(x,y) | P(y,x).  [resolve(93,a,88,d)].
kept:      269 P(f10(x,y),y) | EC(x,y) | -O(x,y) | P(x,y) | P(y,x).  [resolve(94,a,88,d)].
kept:      270 -B(f10(x,y),x) | -B(f10(x,y),y) | EC(x,y) | -O(x,y) | P(x,y) | P(y,x).  [resolve(95,a,88,d)].
kept:      271 O(c1,c2).  [resolve(96,a,89,a)].
kept:      272 -P(c1,c2).  [resolve(96,a,90,a)].
kept:      273 -P(c2,c1).  [resolve(96,a,91,a)].
           274 P(f10(c1,c2),c1) | EC(c1,c2).  [resolve(96,a,93,a)].
kept:      275 P(f10(c1,c2),c1).  [copy(274),unit_del(b,255)].
           276 P(f10(c1,c2),c2) | EC(c1,c2).  [resolve(96,a,94,a)].
kept:      277 P(f10(c1,c2),c2).  [copy(276),unit_del(b,255)].
           278 -B(f10(c1,c2),c1) | -B(f10(c1,c2),c2) | EC(c1,c2).  [resolve(96,a,95,a)].
kept:      279 -B(f10(c1,c2),c1) | -B(f10(c1,c2),c2).  [copy(278),unit_del(c,255)].
kept:      280 -I(x,y) | -I(x,z) | I(f9(y,z),y) | -O(y,z) | P(y,z) | P(z,y).  [resolve(97,a,88,d)].
kept:      281 -I(x,y) | -I(x,z) | I(f9(y,z),y) | -EC(y,z).  [resolve(97,a,92,b)].
kept:      282 -I(x,y) | -I(x,z) | I(f9(y,z),z) | -O(y,z) | P(y,z) | P(z,y).  [resolve(98,a,88,d)].
kept:      283 -I(x,y) | -I(x,z) | I(f9(y,z),z) | -EC(y,z).  [resolve(98,a,92,b)].
kept:      284 EC(x,y) | I(f11(x,y),x) | -I(z,x) | -I(z,y) | -O(x,y) | P(x,y) | P(y,x).  [resolve(99,a,88,d)].
           285 EC(c1,c2) | I(f11(c1,c2),c1) | -I(x,c1) | -I(x,c2).  [resolve(99,a,96,a)].
kept:      286 EC(x,y) | I(f11(x,y),y) | -I(z,x) | -I(z,y) | -O(x,y) | P(x,y) | P(y,x).  [resolve(100,a,88,d)].
           287 EC(c1,c2) | I(f11(c1,c2),c2) | -I(x,c1) | -I(x,c2).  [resolve(100,a,96,a)].
kept:      288 B(f7(x,y),y) | -I(x,y) | I(y,x) | -B(z,y).  [resolve(103,d,104,a)].
kept:      289 B(f17(x,y),y) | -P(x,y) | P(y,x) | -B(z,y).  [resolve(109,b,104,a)].
kept:      290 B(f17(x,y),y) | -P(x,y) | P(y,x) | I(x,y).  [resolve(109,b,105,a)].
kept:      291 B(f17(x,y),y) | -B(x,y) | -B(z,y).  [resolve(111,b,104,a)].
kept:      292 -P(x,y) | -B(x,z) | -P(y,z) | P(z,y) | P(f8(y,z),y).  [resolve(122,c,114,a)].
kept:      293 -P(x,y) | -B(x,z) | -P(y,z) | P(z,y) | B(f8(y,z),z).  [resolve(122,c,115,a)].
kept:      294 -P(x,y) | -B(x,z) | -B(y,z) | P(f8(y,z),y).  [resolve(124,c,114,a)].
kept:      295 -P(x,y) | -B(x,z) | -B(y,z) | B(f8(y,z),z).  [resolve(124,c,115,a)].
kept:      296 -P(x,x) | EQ(x,x).  [factor(200,a,b)].
kept:      297 -P(x,y) | O(y,y).  [factor(203,a,b)].
kept:      298 -EC(x,x) | -P(y,x) | B(y,x).  [factor(213,b,c)].
kept:      299 -B(x,y) | -I(x,y).  [factor(217,a,b)].
kept:      300 -O(x,sum(y,y)) | O(x,y).  [factor(221,b,c)].
kept:      301 -P(x,y) | P(x,prod(y,y)).  [factor(226,a,b)].
kept:      302 null = x | f18(x,x) != null.  [factor(235,a,b)].
kept:      303 null = x | f18(x,x) = sum(x,x).  [factor(237,a,b)].
kept:      304 P(f10(x,x),x) | EC(x,x) | -O(x,x) | P(x,x).  [factor(268,d,e)].
kept:      305 -B(f10(x,x),x) | EC(x,x) | -O(x,x) | P(x,x).  [factor(270,a,b),merge(e)].
kept:      306 -I(x,y) | I(f9(y,y),y) | -O(y,y) | P(y,y).  [factor(280,a,b),merge(e)].
kept:      307 -I(x,y) | I(f9(y,y),y) | -EC(y,y).  [factor(281,a,b)].
kept:      308 EC(x,x) | I(f11(x,x),x) | -I(y,x) | -O(x,x) | P(x,x).  [factor(284,c,d),merge(f)].
kept:      309 B(f17(x,y),y) | -B(x,y).  [factor(291,b,c)].
kept:      310 -P(x,x) | -B(x,y) | P(f8(x,y),x).  [factor(294,b,c)].
kept:      311 -P(x,x) | -B(x,y) | B(f8(x,y),y).  [factor(295,b,c)].

============================== end of process initial clauses ========

============================== CLAUSES FOR SEARCH ====================

% Clauses after input processing:

formulas(usable).
end_of_list.

formulas(sos).
181 c1 != null.  [copy(180),flip(a)].
183 c2 != null.  [copy(182),flip(a)].
184 B(c3,c1).  [clausify(1)].
185 B(c4,c2).  [clausify(1)].
186 null = x | P(x,x).  [clausify(2)].
187 -P(x,y) | -P(y,x) | y = x.  [clausify(3)].
188 -P(x,y) | -P(y,z) | P(x,z).  [clausify(4)].
189 null != x | -P(y,x).  [clausify(5)].
190 null != x | -P(x,y).  [clausify(5)].
191 P(f1(x),x) | P(x,f1(x)) | null = x.  [clausify(5)].
192 null = x | P(x,c5).  [clausify(8)].
193 cuniversal != x | null = y | P(y,x).  [clausify(9)].
195 f3(x) != null | cuniversal = x.  [copy(194),flip(a)].
196 -P(f3(x),x) | cuniversal = x.  [clausify(9)].
197 -B(x,cuniversal).  [clausify(10)].
198 -EQ(x,y) | P(y,x).  [clausify(14)].
199 -EQ(x,y) | P(x,y).  [clausify(14)].
200 -P(x,y) | -P(y,x) | EQ(y,x).  [clausify(14)].
201 -O(x,y) | P(f5(x,y),x).  [clausify(15)].
202 -O(x,y) | P(f5(x,y),y).  [clausify(15)].
203 -P(x,y) | -P(x,z) | O(y,z).  [clausify(15)].
204 -D(x,y) | -O(x,y).  [clausify(16)].
205 O(x,y) | D(x,y).  [clausify(16)].
206 -B(x,y) | -B(y,z) | B(x,z).  [clausify(18)].
207 -P(x,y) | -B(y,z) | B(x,z).  [clausify(19)].
208 -B(x,y) | -P(y,z) | P(x,z).  [clausify(20)].
209 -I(x,y) | P(x,y).  [clausify(22)].
210 -I(x,y) | -B(z,y) | D(z,x).  [clausify(22)].
211 -P(x,y) | B(f6(x,y),y) | I(x,y).  [clausify(22)].
212 -P(x,y) | -D(f6(x,y),x) | I(x,y).  [clausify(22)].
213 -EC(x,y) | -P(z,x) | -P(z,y) | B(z,x).  [clausify(29)].
214 -EC(x,y) | -P(z,x) | -P(z,y) | B(z,y).  [clausify(29)].
215 null = x | I(f12(x),x).  [clausify(31)].
216 B(f13(x),x) | -EC(y,x).  [clausify(32)].
218 -B(x,y) | -EQ(y,z) | B(f14(y,z),z).  [clausify(35)].
219 B(f15(x,y),x) | -EQ(x,y) | -B(z,y).  [clausify(36)].
220 B(f16(x,y),x) | -B(z,y) | -EQ(x,y).  [clausify(37)].
221 -O(x,sum(y,z)) | O(x,y) | O(x,z).  [clausify(39)].
222 -O(x,y) | O(x,sum(y,z)).  [clausify(39)].
223 -O(x,y) | O(x,sum(z,y)).  [clausify(39)].
224 -P(x,prod(y,z)) | P(x,y).  [clausify(40)].
225 -P(x,prod(y,z)) | P(x,z).  [clausify(40)].
226 -P(x,y) | -P(x,z) | P(x,prod(y,z)).  [clausify(40)].
227 -P(x,compl(y)) | D(x,y).  [clausify(41)].
228 -P(x,diff(y,z)) | P(x,y).  [clausify(42)].
229 -P(x,diff(y,z)) | D(x,z).  [clausify(42)].
230 -P(x,y) | -D(x,z) | P(x,diff(y,z)).  [clausify(42)].
231 compl(x) != y | compl(x) != z | z = y.  [clausify(43)].
232 diff(x,y) != z | diff(x,y) != u | u = z.  [clausify(44)].
233 prod(x,y) != z | prod(x,y) != u | u = z.  [clausify(45)].
234 sum(x,y) != z | sum(x,y) != u | u = z.  [clausify(46)].
235 null = x | null = y | f18(x,y) != null.  [clausify(47)].
237 null = x | null = y | f18(x,y) = sum(x,y).  [copy(236),flip(c)].
238 sum(x,y) = sum(y,x).  [clausify(48)].
239 compl(x) != null | cuniversal = x.  [clausify(49)].
240 cuniversal != x | compl(x) = null.  [clausify(49)].
241 compl(x) != cuniversal | null = x.  [clausify(50)].
242 null != x | compl(x) = cuniversal.  [clausify(50)].
243 prod(x,y) = prod(y,x).  [clausify(51)].
244 diff(x,y) != null | null = x | P(x,y).  [clausify(52)].
245 -D(x,y) | diff(x,y) = x.  [clausify(53)].
246 -P(x,cuniversal) | diff(x,null) = x.  [clausify(54)].
247 -P(x,cuniversal) | sum(null,x) = x.  [clausify(55)].
248 null = x | I(f19(x),x).  [clausify(56)].
249 null = x | -I(y,x) | I(y,f19(x)).  [clausify(56)].
250 null = x | -B(y,f19(x)).  [clausify(56)].
251 bdy(x) = null | B(bdy(x),x).  [clausify(57)].
252 bdy(x) = null | -B(y,x) | P(y,bdy(x)).  [clausify(57)].
253 I(f9(c1,c2),c1).  [resolve(62,a,61,a)].
254 I(f9(c1,c2),c2).  [resolve(63,a,61,a)].
255 -EC(c1,c2).  [resolve(67,a,66,a)].
256 -I(x,c1) | -I(x,c2).  [resolve(68,a,66,a)].
257 -P(x,y) | P(y,x) | P(f2(x,y),y).  [resolve(73,c,74,a)].
258 -P(x,y) | P(y,x) | D(f2(x,y),x).  [resolve(73,c,75,a)].
259 -B(x,y) | P(f2(x,y),y).  [resolve(80,b,74,a)].
260 -B(x,y) | D(f2(x,y),x).  [resolve(80,b,75,a)].
261 -B(x,y) | P(x,y).  [resolve(80,b,76,a)].
262 -B(x,y) | -P(y,x).  [resolve(80,b,77,a)].
263 null = x | P(f4(x),x) | -P(y,x) | EQ(x,y).  [resolve(84,c,86,a)].
264 null = x | -EQ(x,f4(x)) | -P(y,x) | EQ(x,y).  [resolve(87,c,86,a)].
265 -EC(x,y) | O(x,y).  [resolve(92,b,89,a)].
266 -EC(x,y) | -P(x,y).  [resolve(92,b,90,a)].
267 -EC(x,y) | -P(y,x).  [resolve(92,b,91,a)].
268 P(f10(x,y),x) | EC(x,y) | -O(x,y) | P(x,y) | P(y,x).  [resolve(93,a,88,d)].
269 P(f10(x,y),y) | EC(x,y) | -O(x,y) | P(x,y) | P(y,x).  [resolve(94,a,88,d)].
270 -B(f10(x,y),x) | -B(f10(x,y),y) | EC(x,y) | -O(x,y) | P(x,y) | P(y,x).  [resolve(95,a,88,d)].
271 O(c1,c2).  [resolve(96,a,89,a)].
272 -P(c1,c2).  [resolve(96,a,90,a)].
273 -P(c2,c1).  [resolve(96,a,91,a)].
275 P(f10(c1,c2),c1).  [copy(274),unit_del(b,255)].
277 P(f10(c1,c2),c2).  [copy(276),unit_del(b,255)].
279 -B(f10(c1,c2),c1) | -B(f10(c1,c2),c2).  [copy(278),unit_del(c,255)].
280 -I(x,y) | -I(x,z) | I(f9(y,z),y) | -O(y,z) | P(y,z) | P(z,y).  [resolve(97,a,88,d)].
281 -I(x,y) | -I(x,z) | I(f9(y,z),y) | -EC(y,z).  [resolve(97,a,92,b)].
282 -I(x,y) | -I(x,z) | I(f9(y,z),z) | -O(y,z) | P(y,z) | P(z,y).  [resolve(98,a,88,d)].
283 -I(x,y) | -I(x,z) | I(f9(y,z),z) | -EC(y,z).  [resolve(98,a,92,b)].
284 EC(x,y) | I(f11(x,y),x) | -I(z,x) | -I(z,y) | -O(x,y) | P(x,y) | P(y,x).  [resolve(99,a,88,d)].
286 EC(x,y) | I(f11(x,y),y) | -I(z,x) | -I(z,y) | -O(x,y) | P(x,y) | P(y,x).  [resolve(100,a,88,d)].
288 B(f7(x,y),y) | -I(x,y) | I(y,x) | -B(z,y).  [resolve(103,d,104,a)].
289 B(f17(x,y),y) | -P(x,y) | P(y,x) | -B(z,y).  [resolve(109,b,104,a)].
290 B(f17(x,y),y) | -P(x,y) | P(y,x) | I(x,y).  [resolve(109,b,105,a)].
292 -P(x,y) | -B(x,z) | -P(y,z) | P(z,y) | P(f8(y,z),y).  [resolve(122,c,114,a)].
293 -P(x,y) | -B(x,z) | -P(y,z) | P(z,y) | B(f8(y,z),z).  [resolve(122,c,115,a)].
294 -P(x,y) | -B(x,z) | -B(y,z) | P(f8(y,z),y).  [resolve(124,c,114,a)].
295 -P(x,y) | -B(x,z) | -B(y,z) | B(f8(y,z),z).  [resolve(124,c,115,a)].
296 -P(x,x) | EQ(x,x).  [factor(200,a,b)].
297 -P(x,y) | O(y,y).  [factor(203,a,b)].
298 -EC(x,x) | -P(y,x) | B(y,x).  [factor(213,b,c)].
299 -B(x,y) | -I(x,y).  [factor(217,a,b)].
300 -O(x,sum(y,y)) | O(x,y).  [factor(221,b,c)].
301 -P(x,y) | P(x,prod(y,y)).  [factor(226,a,b)].
302 null = x | f18(x,x) != null.  [factor(235,a,b)].
303 null = x | f18(x,x) = sum(x,x).  [factor(237,a,b)].
304 P(f10(x,x),x) | EC(x,x) | -O(x,x) | P(x,x).  [factor(268,d,e)].
305 -B(f10(x,x),x) | EC(x,x) | -O(x,x) | P(x,x).  [factor(270,a,b),merge(e)].
306 -I(x,y) | I(f9(y,y),y) | -O(y,y) | P(y,y).  [factor(280,a,b),merge(e)].
307 -I(x,y) | I(f9(y,y),y) | -EC(y,y).  [factor(281,a,b)].
308 EC(x,x) | I(f11(x,x),x) | -I(y,x) | -O(x,x) | P(x,x).  [factor(284,c,d),merge(f)].
309 B(f17(x,y),y) | -B(x,y).  [factor(291,b,c)].
310 -P(x,x) | -B(x,y) | P(f8(x,y),x).  [factor(294,b,c)].
311 -P(x,x) | -B(x,y) | B(f8(x,y),y).  [factor(295,b,c)].
end_of_list.

formulas(demodulators).
238 sum(x,y) = sum(y,x).  [clausify(48)].
        % (lex-dep)
243 prod(x,y) = prod(y,x).  [clausify(51)].
        % (lex-dep)
end_of_list.

============================== end of clauses for search =============

============================== SEARCH ================================

% Starting search at 0.03 seconds.

given #1 (I,wt=3): 181 c1 != null.  [copy(180),flip(a)].

given #2 (I,wt=3): 183 c2 != null.  [copy(182),flip(a)].

given #3 (I,wt=3): 184 B(c3,c1).  [clausify(1)].

given #4 (I,wt=3): 185 B(c4,c2).  [clausify(1)].

given #5 (I,wt=6): 186 null = x | P(x,x).  [clausify(2)].

given #6 (I,wt=9): 187 -P(x,y) | -P(y,x) | y = x.  [clausify(3)].

given #7 (I,wt=9): 188 -P(x,y) | -P(y,z) | P(x,z).  [clausify(4)].

given #8 (I,wt=6): 189 null != x | -P(y,x).  [clausify(5)].

given #9 (I,wt=6): 190 null != x | -P(x,y).  [clausify(5)].

given #10 (I,wt=11): 191 P(f1(x),x) | P(x,f1(x)) | null = x.  [clausify(5)].

given #11 (I,wt=6): 192 null = x | P(x,c5).  [clausify(8)].

given #12 (I,wt=9): 193 cuniversal != x | null = y | P(y,x).  [clausify(9)].

given #13 (I,wt=7): 195 f3(x) != null | cuniversal = x.  [copy(194),flip(a)].

given #14 (I,wt=7): 196 -P(f3(x),x) | cuniversal = x.  [clausify(9)].

given #15 (I,wt=3): 197 -B(x,cuniversal).  [clausify(10)].

given #16 (I,wt=6): 198 -EQ(x,y) | P(y,x).  [clausify(14)].

given #17 (I,wt=6): 199 -EQ(x,y) | P(x,y).  [clausify(14)].

given #18 (I,wt=9): 200 -P(x,y) | -P(y,x) | EQ(y,x).  [clausify(14)].

given #19 (I,wt=8): 201 -O(x,y) | P(f5(x,y),x).  [clausify(15)].

given #20 (I,wt=8): 202 -O(x,y) | P(f5(x,y),y).  [clausify(15)].

given #21 (I,wt=9): 203 -P(x,y) | -P(x,z) | O(y,z).  [clausify(15)].

given #22 (I,wt=6): 204 -D(x,y) | -O(x,y).  [clausify(16)].

given #23 (I,wt=6): 205 O(x,y) | D(x,y).  [clausify(16)].

given #24 (I,wt=9): 206 -B(x,y) | -B(y,z) | B(x,z).  [clausify(18)].

given #25 (I,wt=9): 207 -P(x,y) | -B(y,z) | B(x,z).  [clausify(19)].

given #26 (I,wt=9): 208 -B(x,y) | -P(y,z) | P(x,z).  [clausify(20)].

given #27 (I,wt=6): 209 -I(x,y) | P(x,y).  [clausify(22)].

given #28 (I,wt=9): 210 -I(x,y) | -B(z,y) | D(z,x).  [clausify(22)].

given #29 (I,wt=11): 211 -P(x,y) | B(f6(x,y),y) | I(x,y).  [clausify(22)].

given #30 (I,wt=11): 212 -P(x,y) | -D(f6(x,y),x) | I(x,y).  [clausify(22)].

given #31 (I,wt=12): 213 -EC(x,y) | -P(z,x) | -P(z,y) | B(z,x).  [clausify(29)].

given #32 (I,wt=12): 214 -EC(x,y) | -P(z,x) | -P(z,y) | B(z,y).  [clausify(29)].

given #33 (I,wt=7): 215 null = x | I(f12(x),x).  [clausify(31)].

given #34 (I,wt=7): 216 B(f13(x),x) | -EC(y,x).  [clausify(32)].

given #35 (I,wt=11): 218 -B(x,y) | -EQ(y,z) | B(f14(y,z),z).  [clausify(35)].

given #36 (I,wt=11): 219 B(f15(x,y),x) | -EQ(x,y) | -B(z,y).  [clausify(36)].

given #37 (I,wt=11): 220 B(f16(x,y),x) | -B(z,y) | -EQ(x,y).  [clausify(37)].

given #38 (I,wt=11): 221 -O(x,sum(y,z)) | O(x,y) | O(x,z).  [clausify(39)].

given #39 (I,wt=8): 222 -O(x,y) | O(x,sum(y,z)).  [clausify(39)].

given #40 (I,wt=8): 223 -O(x,y) | O(x,sum(z,y)).  [clausify(39)].

given #41 (I,wt=8): 224 -P(x,prod(y,z)) | P(x,y).  [clausify(40)].

given #42 (I,wt=8): 225 -P(x,prod(y,z)) | P(x,z).  [clausify(40)].

given #43 (I,wt=11): 226 -P(x,y) | -P(x,z) | P(x,prod(y,z)).  [clausify(40)].

given #44 (I,wt=7): 227 -P(x,compl(y)) | D(x,y).  [clausify(41)].

given #45 (I,wt=8): 228 -P(x,diff(y,z)) | P(x,y).  [clausify(42)].

given #46 (I,wt=8): 229 -P(x,diff(y,z)) | D(x,z).  [clausify(42)].

given #47 (I,wt=11): 230 -P(x,y) | -D(x,z) | P(x,diff(y,z)).  [clausify(42)].

given #48 (I,wt=11): 231 compl(x) != y | compl(x) != z | z = y.  [clausify(43)].

given #49 (I,wt=13): 232 diff(x,y) != z | diff(x,y) != u | u = z.  [clausify(44)].

given #50 (I,wt=13): 233 prod(x,y) != z | prod(x,y) != u | u = z.  [clausify(45)].

given #51 (I,wt=13): 234 sum(x,y) != z | sum(x,y) != u | u = z.  [clausify(46)].

given #52 (I,wt=11): 235 null = x | null = y | f18(x,y) != null.  [clausify(47)].

given #53 (I,wt=13): 237 null = x | null = y | f18(x,y) = sum(x,y).  [copy(236),flip(c)].

given #54 (I,wt=7): 238 sum(x,y) = sum(y,x).  [clausify(48)].

given #55 (I,wt=7): 239 compl(x) != null | cuniversal = x.  [clausify(49)].

given #56 (I,wt=7): 240 cuniversal != x | compl(x) = null.  [clausify(49)].

given #57 (I,wt=7): 241 compl(x) != cuniversal | null = x.  [clausify(50)].

given #58 (I,wt=7): 242 null != x | compl(x) = cuniversal.  [clausify(50)].

given #59 (I,wt=7): 243 prod(x,y) = prod(y,x).  [clausify(51)].

given #60 (I,wt=11): 244 diff(x,y) != null | null = x | P(x,y).  [clausify(52)].

given #61 (I,wt=8): 245 -D(x,y) | diff(x,y) = x.  [clausify(53)].

given #62 (I,wt=8): 246 -P(x,cuniversal) | diff(x,null) = x.  [clausify(54)].

given #63 (I,wt=8): 247 -P(x,cuniversal) | sum(null,x) = x.  [clausify(55)].

given #64 (I,wt=7): 248 null = x | I(f19(x),x).  [clausify(56)].

given #65 (I,wt=10): 249 null = x | -I(y,x) | I(y,f19(x)).  [clausify(56)].

given #66 (I,wt=7): 250 null = x | -B(y,f19(x)).  [clausify(56)].

given #67 (I,wt=8): 251 bdy(x) = null | B(bdy(x),x).  [clausify(57)].

given #68 (I,wt=11): 252 bdy(x) = null | -B(y,x) | P(y,bdy(x)).  [clausify(57)].

given #69 (I,wt=5): 253 I(f9(c1,c2),c1).  [resolve(62,a,61,a)].

given #70 (I,wt=5): 254 I(f9(c1,c2),c2).  [resolve(63,a,61,a)].

given #71 (I,wt=3): 255 -EC(c1,c2).  [resolve(67,a,66,a)].

given #72 (I,wt=6): 256 -I(x,c1) | -I(x,c2).  [resolve(68,a,66,a)].
-------- Proof 1 -------- 

============================== PROOF =================================

% Proof 1 at 0.03 (+ 0.02) seconds.
% Length of proof is 12.
% Level of proof is 3.
% Maximum clause weight is 6.000.
% Given clauses 72.

1 -(all x all y (-(x != null & y != null & (exists z B(z,x)) & (exists t B(t,y)) & OV(x,y)) | -IC(x,y))) # label(non_clause).  [assumption].
28 (all x all y ((-OV(x,y) | IMB(x,y) & (exists p (I(p,x) & I(p,y)))) & (-(IMB(x,y) & (exists p (I(p,x) & I(p,y)))) | OV(x,y)))) # label(non_clause).  [assumption].
30 (all x all y ((-IC(x,y) | IMB(x,y) & -EC(x,y) & -(exists p (I(p,x) & I(p,y)))) & (-(IMB(x,y) & -EC(x,y) & -(exists p (I(p,x) & I(p,y)))) | IC(x,y)))) # label(non_clause).  [assumption].
61 OV(c1,c2).  [clausify(1)].
62 -OV(x,y) | I(f9(x,y),x).  [clausify(28)].
63 -OV(x,y) | I(f9(x,y),y).  [clausify(28)].
66 IC(c1,c2).  [clausify(1)].
68 -IC(x,y) | -I(z,x) | -I(z,y).  [clausify(30)].
253 I(f9(c1,c2),c1).  [resolve(62,a,61,a)].
254 I(f9(c1,c2),c2).  [resolve(63,a,61,a)].
256 -I(x,c1) | -I(x,c2).  [resolve(68,a,66,a)].
395 $F.  [resolve(256,b,254,a),unit_del(a,253)].

============================== end of proof ==========================

============================== STATISTICS ============================

Given=72. Generated=318. Kept=206. proofs=1.
Usable=72. Sos=132. Demods=5. Limbo=0, Disabled=275. Hints=0.
Kept_by_rule=0, Deleted_by_rule=0.
Forward_subsumed=111. Back_subsumed=2.
Sos_limit_deleted=0. Sos_displaced=0. Sos_removed=0.
New_demodulators=5 (2 lex), Back_demodulated=0. Back_unit_deleted=0.
Demod_attempts=1863. Demod_rewrites=0.
Res_instance_prunes=0. Para_instance_prunes=0. Basic_paramod_prunes=0.
Nonunit_fsub_feature_tests=319. Nonunit_bsub_feature_tests=326.
Megabytes=1.04.
User_CPU=0.03, System_CPU=0.02, Wall_clock=0.

============================== end of statistics =====================

============================== end of search =========================

THEOREM PROVED

THEOREM PROVED

Exiting with 1 proof.

------ process 8520 exit (max_proofs) ------

Process 8520 exit (max_proofs) Mon Feb  3 12:01:35 2020

========================== MACLEOD SUMMARY ===========================
reasoner: /home/aidin12/macleod/Reasoning/prover9_bin/prover9
status: PROOF
execution finished: Mon Feb 03 12:01:38 2020
total CPU time used: 0
The command was "/home/aidin12/macleod/Reasoning/prover9_bin/prover9 -t100 -f /home/aidin12/macleod/ontologies/after/JEPD/PD/conversions/PD32.all.p9"
============================ end of footer ===========================
