============================== Prover9 ===============================
Prover9 (64) version 2009-11A, November 2009.
Process 8388 was started by aidin12 on aidin12-HP-Pavilion-dv7-Notebook-PC,
Mon Feb  3 12:01:11 2020
The command was "/home/aidin12/macleod/Reasoning/prover9_bin/prover9 -t100 -f /home/aidin12/macleod/ontologies/after/JEPD/PD/conversions/PD37.all.p9".
============================== end of head ===========================

============================== INPUT =================================

% Reading from file /home/aidin12/macleod/ontologies/after/JEPD/PD/conversions/PD37.all.p9


formulas(assumptions).
-(all x all y (-(x != null & y != null & (exists z B(z,x)) & (exists t B(t,y)) & OV(x,y)) | -EQ(x,y))).
(all x (x = null | P(x,x))).
(all x all y (-(P(x,y) & P(y,x)) | x = y)).
(all x all y all z (-(P(x,y) & P(y,z)) | P(x,z))).
(all x ((x != null | (all y (-P(y,x) & -P(x,y)))) & (-(all y (-P(y,x) & -P(x,y))) | x = null))).
(all x all y ((-PI(x,y) | P(y,x)) & (-P(y,x) | PI(x,y)))).
(all x all y (-PP(x,y) | (exists z (P(z,y) & D(z,x))))).
(exists z all x (x = null | P(x,z))).
(all x ((x != cuniversal | (all y (y = null | P(y,x)))) & (-(all y (y = null | P(y,x))) | x = cuniversal))).
-(exists x B(x,cuniversal)).
(all x ((-Point(x) | x != null & (all y (-P(y,x) | EQ(x,y)))) & (-(x != null & (all y (-P(y,x) | EQ(x,y)))) | Point(x)))).
(all x all y ((-PP(x,y) | P(x,y) & -P(y,x)) & (-(P(x,y) & -P(y,x)) | PP(x,y)))).
(all x all y ((-PPI(x,y) | PP(y,x)) & (-PP(y,x) | PPI(x,y)))).
(all x all y ((-EQ(x,y) | P(y,x) & P(x,y)) & (-(P(y,x) & P(x,y)) | EQ(x,y)))).
(all x all y ((-O(x,y) | (exists z (P(z,x) & P(z,y)))) & (-(exists z (P(z,x) & P(z,y))) | O(x,y)))).
(all x all y ((-D(x,y) | -O(x,y)) & (O(x,y) | D(x,y)))).
(all x all y (-B(x,y) | PP(x,y))).
(all x all y all z (-(B(x,y) & B(y,z)) | B(x,z))).
(all x all y all z (-(P(x,y) & B(y,z)) | B(x,z))).
(all x all y all z (-(B(x,y) & P(y,z)) | P(x,z))).
(all x all y ((-IMB(x,y) | O(x,y) & -P(x,y) & -P(y,x)) & (-(O(x,y) & -P(x,y) & -P(y,x)) | IMB(x,y)))).
(all x all y ((-I(x,y) | P(x,y) & (all z (-B(z,y) | D(z,x)))) & (-(P(x,y) & (all z (-B(z,y) | D(z,x)))) | I(x,y)))).
(all x all y ((-II(x,y) | I(y,x)) & (-I(y,x) | II(x,y)))).
(all x all y ((-IP(x,y) | -(exists t B(t,y)) & I(x,y) & -I(y,x)) & (-(-(exists t B(t,y)) & I(x,y) & -I(y,x)) | IP(x,y)))).
(all x all y ((-IPI(x,y) | IP(y,x)) & (-IP(y,x) | IPI(x,y)))).
(all x all y ((-TPP(x,y) | PP(x,y) & (exists z (P(z,x) & B(z,y)))) & (-(PP(x,y) & (exists z (P(z,x) & B(z,y)))) | TPP(x,y)))).
(all x all y ((-TPPI(x,y) | TPP(y,x)) & (-TPP(y,x) | TPPI(x,y)))).
(all x all y ((-OV(x,y) | IMB(x,y) & (exists p (I(p,x) & I(p,y)))) & (-(IMB(x,y) & (exists p (I(p,x) & I(p,y)))) | OV(x,y)))).
(all x all y ((-EC(x,y) | IMB(x,y) & (all z (-(P(z,x) & P(z,y)) | B(z,x) & B(z,y)))) & (-(IMB(x,y) & (all z (-(P(z,x) & P(z,y)) | B(z,x) & B(z,y)))) | EC(x,y)))).
(all x all y ((-IC(x,y) | IMB(x,y) & -EC(x,y) & -(exists p (I(p,x) & I(p,y)))) & (-(IMB(x,y) & -EC(x,y) & -(exists p (I(p,x) & I(p,y)))) | IC(x,y)))).
(all x (x = null | (exists y I(y,x)))).
(all x ((exists z B(z,x)) | -(exists y EC(y,x)))).
(all x (-(exists z B(z,x)) | (all y (-B(y,x) | -I(y,x))))).
(all x (-(exists z B(z,x)) | (all y (-I(y,x) | -B(y,x))))).
(all x all y (-((exists z B(z,x)) & EQ(x,y)) | (exists t B(t,y)))).
(all x all y (-(-(exists z B(z,x)) & EQ(x,y)) | -(exists t B(t,y)))).
(all x all y (-(-(exists z B(z,x)) & (exists t B(t,y))) | -EQ(x,y))).
(all x all y (-(PP(x,y) & -(exists z B(z,y))) | IP(x,y))).
(all x all y all w ((-O(w,sum(x,y)) | O(w,x) | O(w,y)) & (-(O(w,x) | O(w,y)) | O(w,sum(x,y))))).
(all x all y all w ((-P(w,prod(x,y)) | P(w,x) & P(w,y)) & (-(P(w,x) & P(w,y)) | P(w,prod(x,y))))).
(all x all w ((-P(w,compl(x)) | D(w,x) & P(w,compl(x))) & (-(D(w,x) & P(w,compl(x))) | P(w,compl(x))))).
(all x all y all w ((-P(w,diff(x,y)) | P(w,x) & D(w,y)) & (-(P(w,x) & D(w,y)) | P(w,diff(x,y))))).
(all x all z all t (-(compl(x) = z & compl(x) = t) | z = t)).
(all x all y all z all t (-(diff(x,y) = z & diff(x,y) = t) | z = t)).
(all x all y all z all t (-(prod(x,y) = z & prod(x,y) = t) | z = t)).
(all x all y all z all t (-(sum(x,y) = z & sum(x,y) = t) | z = t)).
(all x all y (-(x != null & y != null) | (exists z (z != null & z = sum(x,y))))).
(all x all y sum(x,y) = sum(y,x)).
(all x ((compl(x) != null | x = cuniversal) & (x != cuniversal | compl(x) = null))).
(all x ((compl(x) != cuniversal | x = null) & (x != null | compl(x) = cuniversal))).
(all x all y prod(x,y) = prod(y,x)).
(all x all y (diff(x,y) != null | x = null | P(x,y))).
(all x all y (-D(x,y) | diff(x,y) = x)).
(all x (-P(x,cuniversal) | diff(x,null) = x)).
(all x (-P(x,cuniversal) | sum(null,x) = x)).
(all x (x = null | (exists z (I(z,x) & (all u (-I(u,x) | I(u,z))) & -(exists y B(y,z)))))).
(all x (bdy(x) = null | B(bdy(x),x) & (all z (-B(z,x) | P(z,bdy(x)))))).
(all x ((x != null | -P(x,x)) & (P(x,x) | x = null))).
(all x ((-P(x,x) | x != null) & (x = null | P(x,x)))).
end_of_list.

============================== end of input ==========================

% From the command line: assign(max_seconds, 100).

============================== PROCESS NON-CLAUSAL FORMULAS ==========

% Formulas that are not ordinary clauses:
1 -(all x all y (-(x != null & y != null & (exists z B(z,x)) & (exists t B(t,y)) & OV(x,y)) | -EQ(x,y))) # label(non_clause).  [assumption].
2 (all x (x = null | P(x,x))) # label(non_clause).  [assumption].
3 (all x all y (-(P(x,y) & P(y,x)) | x = y)) # label(non_clause).  [assumption].
4 (all x all y all z (-(P(x,y) & P(y,z)) | P(x,z))) # label(non_clause).  [assumption].
5 (all x ((x != null | (all y (-P(y,x) & -P(x,y)))) & (-(all y (-P(y,x) & -P(x,y))) | x = null))) # label(non_clause).  [assumption].
6 (all x all y ((-PI(x,y) | P(y,x)) & (-P(y,x) | PI(x,y)))) # label(non_clause).  [assumption].
7 (all x all y (-PP(x,y) | (exists z (P(z,y) & D(z,x))))) # label(non_clause).  [assumption].
8 (exists z all x (x = null | P(x,z))) # label(non_clause).  [assumption].
9 (all x ((x != cuniversal | (all y (y = null | P(y,x)))) & (-(all y (y = null | P(y,x))) | x = cuniversal))) # label(non_clause).  [assumption].
10 -(exists x B(x,cuniversal)) # label(non_clause).  [assumption].
11 (all x ((-Point(x) | x != null & (all y (-P(y,x) | EQ(x,y)))) & (-(x != null & (all y (-P(y,x) | EQ(x,y)))) | Point(x)))) # label(non_clause).  [assumption].
12 (all x all y ((-PP(x,y) | P(x,y) & -P(y,x)) & (-(P(x,y) & -P(y,x)) | PP(x,y)))) # label(non_clause).  [assumption].
13 (all x all y ((-PPI(x,y) | PP(y,x)) & (-PP(y,x) | PPI(x,y)))) # label(non_clause).  [assumption].
14 (all x all y ((-EQ(x,y) | P(y,x) & P(x,y)) & (-(P(y,x) & P(x,y)) | EQ(x,y)))) # label(non_clause).  [assumption].
15 (all x all y ((-O(x,y) | (exists z (P(z,x) & P(z,y)))) & (-(exists z (P(z,x) & P(z,y))) | O(x,y)))) # label(non_clause).  [assumption].
16 (all x all y ((-D(x,y) | -O(x,y)) & (O(x,y) | D(x,y)))) # label(non_clause).  [assumption].
17 (all x all y (-B(x,y) | PP(x,y))) # label(non_clause).  [assumption].
18 (all x all y all z (-(B(x,y) & B(y,z)) | B(x,z))) # label(non_clause).  [assumption].
19 (all x all y all z (-(P(x,y) & B(y,z)) | B(x,z))) # label(non_clause).  [assumption].
20 (all x all y all z (-(B(x,y) & P(y,z)) | P(x,z))) # label(non_clause).  [assumption].
21 (all x all y ((-IMB(x,y) | O(x,y) & -P(x,y) & -P(y,x)) & (-(O(x,y) & -P(x,y) & -P(y,x)) | IMB(x,y)))) # label(non_clause).  [assumption].
22 (all x all y ((-I(x,y) | P(x,y) & (all z (-B(z,y) | D(z,x)))) & (-(P(x,y) & (all z (-B(z,y) | D(z,x)))) | I(x,y)))) # label(non_clause).  [assumption].
23 (all x all y ((-II(x,y) | I(y,x)) & (-I(y,x) | II(x,y)))) # label(non_clause).  [assumption].
24 (all x all y ((-IP(x,y) | -(exists t B(t,y)) & I(x,y) & -I(y,x)) & (-(-(exists t B(t,y)) & I(x,y) & -I(y,x)) | IP(x,y)))) # label(non_clause).  [assumption].
25 (all x all y ((-IPI(x,y) | IP(y,x)) & (-IP(y,x) | IPI(x,y)))) # label(non_clause).  [assumption].
26 (all x all y ((-TPP(x,y) | PP(x,y) & (exists z (P(z,x) & B(z,y)))) & (-(PP(x,y) & (exists z (P(z,x) & B(z,y)))) | TPP(x,y)))) # label(non_clause).  [assumption].
27 (all x all y ((-TPPI(x,y) | TPP(y,x)) & (-TPP(y,x) | TPPI(x,y)))) # label(non_clause).  [assumption].
28 (all x all y ((-OV(x,y) | IMB(x,y) & (exists p (I(p,x) & I(p,y)))) & (-(IMB(x,y) & (exists p (I(p,x) & I(p,y)))) | OV(x,y)))) # label(non_clause).  [assumption].
29 (all x all y ((-EC(x,y) | IMB(x,y) & (all z (-(P(z,x) & P(z,y)) | B(z,x) & B(z,y)))) & (-(IMB(x,y) & (all z (-(P(z,x) & P(z,y)) | B(z,x) & B(z,y)))) | EC(x,y)))) # label(non_clause).  [assumption].
30 (all x all y ((-IC(x,y) | IMB(x,y) & -EC(x,y) & -(exists p (I(p,x) & I(p,y)))) & (-(IMB(x,y) & -EC(x,y) & -(exists p (I(p,x) & I(p,y)))) | IC(x,y)))) # label(non_clause).  [assumption].
31 (all x (x = null | (exists y I(y,x)))) # label(non_clause).  [assumption].
32 (all x ((exists z B(z,x)) | -(exists y EC(y,x)))) # label(non_clause).  [assumption].
33 (all x (-(exists z B(z,x)) | (all y (-B(y,x) | -I(y,x))))) # label(non_clause).  [assumption].
34 (all x (-(exists z B(z,x)) | (all y (-I(y,x) | -B(y,x))))) # label(non_clause).  [assumption].
35 (all x all y (-((exists z B(z,x)) & EQ(x,y)) | (exists t B(t,y)))) # label(non_clause).  [assumption].
36 (all x all y (-(-(exists z B(z,x)) & EQ(x,y)) | -(exists t B(t,y)))) # label(non_clause).  [assumption].
37 (all x all y (-(-(exists z B(z,x)) & (exists t B(t,y))) | -EQ(x,y))) # label(non_clause).  [assumption].
38 (all x all y (-(PP(x,y) & -(exists z B(z,y))) | IP(x,y))) # label(non_clause).  [assumption].
39 (all x all y all w ((-O(w,sum(x,y)) | O(w,x) | O(w,y)) & (-(O(w,x) | O(w,y)) | O(w,sum(x,y))))) # label(non_clause).  [assumption].
40 (all x all y all w ((-P(w,prod(x,y)) | P(w,x) & P(w,y)) & (-(P(w,x) & P(w,y)) | P(w,prod(x,y))))) # label(non_clause).  [assumption].
41 (all x all w ((-P(w,compl(x)) | D(w,x) & P(w,compl(x))) & (-(D(w,x) & P(w,compl(x))) | P(w,compl(x))))) # label(non_clause).  [assumption].
42 (all x all y all w ((-P(w,diff(x,y)) | P(w,x) & D(w,y)) & (-(P(w,x) & D(w,y)) | P(w,diff(x,y))))) # label(non_clause).  [assumption].
43 (all x all z all t (-(compl(x) = z & compl(x) = t) | z = t)) # label(non_clause).  [assumption].
44 (all x all y all z all t (-(diff(x,y) = z & diff(x,y) = t) | z = t)) # label(non_clause).  [assumption].
45 (all x all y all z all t (-(prod(x,y) = z & prod(x,y) = t) | z = t)) # label(non_clause).  [assumption].
46 (all x all y all z all t (-(sum(x,y) = z & sum(x,y) = t) | z = t)) # label(non_clause).  [assumption].
47 (all x all y (-(x != null & y != null) | (exists z (z != null & z = sum(x,y))))) # label(non_clause).  [assumption].
48 (all x all y sum(x,y) = sum(y,x)) # label(non_clause).  [assumption].
49 (all x ((compl(x) != null | x = cuniversal) & (x != cuniversal | compl(x) = null))) # label(non_clause).  [assumption].
50 (all x ((compl(x) != cuniversal | x = null) & (x != null | compl(x) = cuniversal))) # label(non_clause).  [assumption].
51 (all x all y prod(x,y) = prod(y,x)) # label(non_clause).  [assumption].
52 (all x all y (diff(x,y) != null | x = null | P(x,y))) # label(non_clause).  [assumption].
53 (all x all y (-D(x,y) | diff(x,y) = x)) # label(non_clause).  [assumption].
54 (all x (-P(x,cuniversal) | diff(x,null) = x)) # label(non_clause).  [assumption].
55 (all x (-P(x,cuniversal) | sum(null,x) = x)) # label(non_clause).  [assumption].
56 (all x (x = null | (exists z (I(z,x) & (all u (-I(u,x) | I(u,z))) & -(exists y B(y,z)))))) # label(non_clause).  [assumption].
57 (all x (bdy(x) = null | B(bdy(x),x) & (all z (-B(z,x) | P(z,bdy(x)))))) # label(non_clause).  [assumption].
58 (all x ((x != null | -P(x,x)) & (P(x,x) | x = null))) # label(non_clause).  [assumption].
59 (all x ((-P(x,x) | x != null) & (x = null | P(x,x)))) # label(non_clause).  [assumption].

============================== end of process non-clausal formulas ===

============================== PROCESS INITIAL CLAUSES ===============

% Clauses before input processing:

formulas(usable).
end_of_list.

formulas(sos).
null != c1.  [clausify(1)].
null != c2.  [clausify(1)].
B(c3,c1).  [clausify(1)].
B(c4,c2).  [clausify(1)].
OV(c1,c2).  [clausify(1)].
EQ(c1,c2).  [clausify(1)].
null = x | P(x,x).  [clausify(2)].
-P(x,y) | -P(y,x) | y = x.  [clausify(3)].
-P(x,y) | -P(y,z) | P(x,z).  [clausify(4)].
null != x | -P(y,x).  [clausify(5)].
null != x | -P(x,y).  [clausify(5)].
P(f1(x),x) | P(x,f1(x)) | null = x.  [clausify(5)].
-PI(x,y) | P(y,x).  [clausify(6)].
-P(x,y) | PI(y,x).  [clausify(6)].
-PP(x,y) | P(f2(x,y),y).  [clausify(7)].
-PP(x,y) | D(f2(x,y),x).  [clausify(7)].
null = x | P(x,c5).  [clausify(8)].
cuniversal != x | null = y | P(y,x).  [clausify(9)].
null != f3(x) | cuniversal = x.  [clausify(9)].
-P(f3(x),x) | cuniversal = x.  [clausify(9)].
-B(x,cuniversal).  [clausify(10)].
-Point(x) | null != x.  [clausify(11)].
-Point(x) | -P(y,x) | EQ(x,y).  [clausify(11)].
null = x | P(f4(x),x) | Point(x).  [clausify(11)].
null = x | -EQ(x,f4(x)) | Point(x).  [clausify(11)].
-PP(x,y) | P(x,y).  [clausify(12)].
-PP(x,y) | -P(y,x).  [clausify(12)].
-P(x,y) | P(y,x) | PP(x,y).  [clausify(12)].
-PPI(x,y) | PP(y,x).  [clausify(13)].
-PP(x,y) | PPI(y,x).  [clausify(13)].
-EQ(x,y) | P(y,x).  [clausify(14)].
-EQ(x,y) | P(x,y).  [clausify(14)].
-P(x,y) | -P(y,x) | EQ(y,x).  [clausify(14)].
-O(x,y) | P(f5(x,y),x).  [clausify(15)].
-O(x,y) | P(f5(x,y),y).  [clausify(15)].
-P(x,y) | -P(x,z) | O(y,z).  [clausify(15)].
-D(x,y) | -O(x,y).  [clausify(16)].
O(x,y) | D(x,y).  [clausify(16)].
-B(x,y) | PP(x,y).  [clausify(17)].
-B(x,y) | -B(y,z) | B(x,z).  [clausify(18)].
-P(x,y) | -B(y,z) | B(x,z).  [clausify(19)].
-B(x,y) | -P(y,z) | P(x,z).  [clausify(20)].
-IMB(x,y) | O(x,y).  [clausify(21)].
-IMB(x,y) | -P(x,y).  [clausify(21)].
-IMB(x,y) | -P(y,x).  [clausify(21)].
-O(x,y) | P(x,y) | P(y,x) | IMB(x,y).  [clausify(21)].
-I(x,y) | P(x,y).  [clausify(22)].
-I(x,y) | -B(z,y) | D(z,x).  [clausify(22)].
-P(x,y) | B(f6(x,y),y) | I(x,y).  [clausify(22)].
-P(x,y) | -D(f6(x,y),x) | I(x,y).  [clausify(22)].
-II(x,y) | I(y,x).  [clausify(23)].
-I(x,y) | II(y,x).  [clausify(23)].
-IP(x,y) | -B(z,y).  [clausify(24)].
-IP(x,y) | I(x,y).  [clausify(24)].
-IP(x,y) | -I(y,x).  [clausify(24)].
B(f7(x,y),y) | -I(x,y) | I(y,x) | IP(x,y).  [clausify(24)].
-IPI(x,y) | IP(y,x).  [clausify(25)].
-IP(x,y) | IPI(y,x).  [clausify(25)].
-TPP(x,y) | PP(x,y).  [clausify(26)].
-TPP(x,y) | P(f8(x,y),x).  [clausify(26)].
-TPP(x,y) | B(f8(x,y),y).  [clausify(26)].
-PP(x,y) | -P(z,x) | -B(z,y) | TPP(x,y).  [clausify(26)].
-TPPI(x,y) | TPP(y,x).  [clausify(27)].
-TPP(x,y) | TPPI(y,x).  [clausify(27)].
-OV(x,y) | IMB(x,y).  [clausify(28)].
-OV(x,y) | I(f9(x,y),x).  [clausify(28)].
-OV(x,y) | I(f9(x,y),y).  [clausify(28)].
-IMB(x,y) | -I(z,x) | -I(z,y) | OV(x,y).  [clausify(28)].
-EC(x,y) | IMB(x,y).  [clausify(29)].
-EC(x,y) | -P(z,x) | -P(z,y) | B(z,x).  [clausify(29)].
-EC(x,y) | -P(z,x) | -P(z,y) | B(z,y).  [clausify(29)].
-IMB(x,y) | P(f10(x,y),x) | EC(x,y).  [clausify(29)].
-IMB(x,y) | P(f10(x,y),y) | EC(x,y).  [clausify(29)].
-IMB(x,y) | -B(f10(x,y),x) | -B(f10(x,y),y) | EC(x,y).  [clausify(29)].
-IC(x,y) | IMB(x,y).  [clausify(30)].
-IC(x,y) | -EC(x,y).  [clausify(30)].
-IC(x,y) | -I(z,x) | -I(z,y).  [clausify(30)].
-IMB(x,y) | EC(x,y) | I(f11(x,y),x) | IC(x,y).  [clausify(30)].
-IMB(x,y) | EC(x,y) | I(f11(x,y),y) | IC(x,y).  [clausify(30)].
null = x | I(f12(x),x).  [clausify(31)].
B(f13(x),x) | -EC(y,x).  [clausify(32)].
-B(x,y) | -B(z,y) | -I(z,y).  [clausify(33)].
-B(x,y) | -I(z,y) | -B(z,y).  [clausify(34)].
-B(x,y) | -EQ(y,z) | B(f14(y,z),z).  [clausify(35)].
B(f15(x,y),x) | -EQ(x,y) | -B(z,y).  [clausify(36)].
B(f16(x,y),x) | -B(z,y) | -EQ(x,y).  [clausify(37)].
-PP(x,y) | B(f17(x,y),y) | IP(x,y).  [clausify(38)].
-O(x,sum(y,z)) | O(x,y) | O(x,z).  [clausify(39)].
-O(x,y) | O(x,sum(y,z)).  [clausify(39)].
-O(x,y) | O(x,sum(z,y)).  [clausify(39)].
-P(x,prod(y,z)) | P(x,y).  [clausify(40)].
-P(x,prod(y,z)) | P(x,z).  [clausify(40)].
-P(x,y) | -P(x,z) | P(x,prod(y,z)).  [clausify(40)].
-P(x,compl(y)) | D(x,y).  [clausify(41)].
-P(x,diff(y,z)) | P(x,y).  [clausify(42)].
-P(x,diff(y,z)) | D(x,z).  [clausify(42)].
-P(x,y) | -D(x,z) | P(x,diff(y,z)).  [clausify(42)].
compl(x) != y | compl(x) != z | z = y.  [clausify(43)].
diff(x,y) != z | diff(x,y) != u | u = z.  [clausify(44)].
prod(x,y) != z | prod(x,y) != u | u = z.  [clausify(45)].
sum(x,y) != z | sum(x,y) != u | u = z.  [clausify(46)].
null = x | null = y | f18(x,y) != null.  [clausify(47)].
null = x | null = y | sum(x,y) = f18(x,y).  [clausify(47)].
sum(x,y) = sum(y,x).  [clausify(48)].
compl(x) != null | cuniversal = x.  [clausify(49)].
cuniversal != x | compl(x) = null.  [clausify(49)].
compl(x) != cuniversal | null = x.  [clausify(50)].
null != x | compl(x) = cuniversal.  [clausify(50)].
prod(x,y) = prod(y,x).  [clausify(51)].
diff(x,y) != null | null = x | P(x,y).  [clausify(52)].
-D(x,y) | diff(x,y) = x.  [clausify(53)].
-P(x,cuniversal) | diff(x,null) = x.  [clausify(54)].
-P(x,cuniversal) | sum(null,x) = x.  [clausify(55)].
null = x | I(f19(x),x).  [clausify(56)].
null = x | -I(y,x) | I(y,f19(x)).  [clausify(56)].
null = x | -B(y,f19(x)).  [clausify(56)].
bdy(x) = null | B(bdy(x),x).  [clausify(57)].
bdy(x) = null | -B(y,x) | P(y,bdy(x)).  [clausify(57)].
null != x | -P(x,x).  [clausify(58)].
P(x,x) | null = x.  [clausify(58)].
-P(x,x) | null != x.  [clausify(59)].
null = x | P(x,x).  [clausify(59)].
end_of_list.

formulas(demodulators).
end_of_list.

============================== PREDICATE ELIMINATION =================

Eliminating OV/2
60 -OV(x,y) | IMB(x,y).  [clausify(28)].
61 OV(c1,c2).  [clausify(1)].
Derived: IMB(c1,c2).  [resolve(60,a,61,a)].
62 -OV(x,y) | I(f9(x,y),x).  [clausify(28)].
Derived: I(f9(c1,c2),c1).  [resolve(62,a,61,a)].
63 -OV(x,y) | I(f9(x,y),y).  [clausify(28)].
Derived: I(f9(c1,c2),c2).  [resolve(63,a,61,a)].
64 -IMB(x,y) | -I(z,x) | -I(z,y) | OV(x,y).  [clausify(28)].
Derived: -IMB(x,y) | -I(z,x) | -I(z,y) | I(f9(x,y),x).  [resolve(64,d,62,a)].
Derived: -IMB(x,y) | -I(z,x) | -I(z,y) | I(f9(x,y),y).  [resolve(64,d,63,a)].

Eliminating PI/2
65 -P(x,y) | PI(y,x).  [clausify(6)].
66 -PI(x,y) | P(y,x).  [clausify(6)].

Eliminating PP/2
67 -P(x,y) | P(y,x) | PP(x,y).  [clausify(12)].
68 -PP(x,y) | P(f2(x,y),y).  [clausify(7)].
69 -PP(x,y) | D(f2(x,y),x).  [clausify(7)].
70 -PP(x,y) | P(x,y).  [clausify(12)].
71 -PP(x,y) | -P(y,x).  [clausify(12)].
Derived: -P(x,y) | P(y,x) | P(f2(x,y),y).  [resolve(67,c,68,a)].
Derived: -P(x,y) | P(y,x) | D(f2(x,y),x).  [resolve(67,c,69,a)].
72 -PPI(x,y) | PP(y,x).  [clausify(13)].
Derived: -PPI(x,y) | P(f2(y,x),x).  [resolve(72,b,68,a)].
Derived: -PPI(x,y) | D(f2(y,x),y).  [resolve(72,b,69,a)].
Derived: -PPI(x,y) | P(y,x).  [resolve(72,b,70,a)].
Derived: -PPI(x,y) | -P(x,y).  [resolve(72,b,71,a)].
73 -PP(x,y) | PPI(y,x).  [clausify(13)].
Derived: PPI(x,y) | -P(y,x) | P(x,y).  [resolve(73,a,67,c)].
74 -B(x,y) | PP(x,y).  [clausify(17)].
Derived: -B(x,y) | P(f2(x,y),y).  [resolve(74,b,68,a)].
Derived: -B(x,y) | D(f2(x,y),x).  [resolve(74,b,69,a)].
Derived: -B(x,y) | P(x,y).  [resolve(74,b,70,a)].
Derived: -B(x,y) | -P(y,x).  [resolve(74,b,71,a)].
Derived: -B(x,y) | PPI(y,x).  [resolve(74,b,73,a)].
75 -TPP(x,y) | PP(x,y).  [clausify(26)].
Derived: -TPP(x,y) | P(f2(x,y),y).  [resolve(75,b,68,a)].
Derived: -TPP(x,y) | D(f2(x,y),x).  [resolve(75,b,69,a)].
Derived: -TPP(x,y) | P(x,y).  [resolve(75,b,70,a)].
Derived: -TPP(x,y) | -P(y,x).  [resolve(75,b,71,a)].
Derived: -TPP(x,y) | PPI(y,x).  [resolve(75,b,73,a)].
76 -PP(x,y) | -P(z,x) | -B(z,y) | TPP(x,y).  [clausify(26)].
Derived: -P(x,y) | -B(x,z) | TPP(y,z) | -P(y,z) | P(z,y).  [resolve(76,a,67,c)].
Derived: -P(x,y) | -B(x,z) | TPP(y,z) | -PPI(z,y).  [resolve(76,a,72,b)].
Derived: -P(x,y) | -B(x,z) | TPP(y,z) | -B(y,z).  [resolve(76,a,74,b)].
77 -PP(x,y) | B(f17(x,y),y) | IP(x,y).  [clausify(38)].
Derived: B(f17(x,y),y) | IP(x,y) | -P(x,y) | P(y,x).  [resolve(77,a,67,c)].
Derived: B(f17(x,y),y) | IP(x,y) | -PPI(y,x).  [resolve(77,a,72,b)].
Derived: B(f17(x,y),y) | IP(x,y) | -B(x,y).  [resolve(77,a,74,b)].
Derived: B(f17(x,y),y) | IP(x,y) | -TPP(x,y).  [resolve(77,a,75,b)].

Eliminating Point/1
78 null = x | P(f4(x),x) | Point(x).  [clausify(11)].
79 -Point(x) | null != x.  [clausify(11)].
80 -Point(x) | -P(y,x) | EQ(x,y).  [clausify(11)].
Derived: null = x | P(f4(x),x) | -P(y,x) | EQ(x,y).  [resolve(78,c,80,a)].
81 null = x | -EQ(x,f4(x)) | Point(x).  [clausify(11)].
Derived: null = x | -EQ(x,f4(x)) | -P(y,x) | EQ(x,y).  [resolve(81,c,80,a)].

Eliminating IMB/2
82 -O(x,y) | P(x,y) | P(y,x) | IMB(x,y).  [clausify(21)].
83 -IMB(x,y) | O(x,y).  [clausify(21)].
84 -IMB(x,y) | -P(x,y).  [clausify(21)].
85 -IMB(x,y) | -P(y,x).  [clausify(21)].
86 -EC(x,y) | IMB(x,y).  [clausify(29)].
Derived: -EC(x,y) | O(x,y).  [resolve(86,b,83,a)].
Derived: -EC(x,y) | -P(x,y).  [resolve(86,b,84,a)].
Derived: -EC(x,y) | -P(y,x).  [resolve(86,b,85,a)].
87 -IMB(x,y) | P(f10(x,y),x) | EC(x,y).  [clausify(29)].
Derived: P(f10(x,y),x) | EC(x,y) | -O(x,y) | P(x,y) | P(y,x).  [resolve(87,a,82,d)].
88 -IMB(x,y) | P(f10(x,y),y) | EC(x,y).  [clausify(29)].
Derived: P(f10(x,y),y) | EC(x,y) | -O(x,y) | P(x,y) | P(y,x).  [resolve(88,a,82,d)].
89 -IMB(x,y) | -B(f10(x,y),x) | -B(f10(x,y),y) | EC(x,y).  [clausify(29)].
Derived: -B(f10(x,y),x) | -B(f10(x,y),y) | EC(x,y) | -O(x,y) | P(x,y) | P(y,x).  [resolve(89,a,82,d)].
90 -IC(x,y) | IMB(x,y).  [clausify(30)].
Derived: -IC(x,y) | O(x,y).  [resolve(90,b,83,a)].
Derived: -IC(x,y) | -P(x,y).  [resolve(90,b,84,a)].
Derived: -IC(x,y) | -P(y,x).  [resolve(90,b,85,a)].
Derived: -IC(x,y) | P(f10(x,y),x) | EC(x,y).  [resolve(90,b,87,a)].
Derived: -IC(x,y) | P(f10(x,y),y) | EC(x,y).  [resolve(90,b,88,a)].
Derived: -IC(x,y) | -B(f10(x,y),x) | -B(f10(x,y),y) | EC(x,y).  [resolve(90,b,89,a)].
91 -IMB(x,y) | EC(x,y) | I(f11(x,y),x) | IC(x,y).  [clausify(30)].
Derived: EC(x,y) | I(f11(x,y),x) | IC(x,y) | -O(x,y) | P(x,y) | P(y,x).  [resolve(91,a,82,d)].
92 -IMB(x,y) | EC(x,y) | I(f11(x,y),y) | IC(x,y).  [clausify(30)].
Derived: EC(x,y) | I(f11(x,y),y) | IC(x,y) | -O(x,y) | P(x,y) | P(y,x).  [resolve(92,a,82,d)].
93 IMB(c1,c2).  [resolve(60,a,61,a)].
Derived: O(c1,c2).  [resolve(93,a,83,a)].
Derived: -P(c1,c2).  [resolve(93,a,84,a)].
Derived: -P(c2,c1).  [resolve(93,a,85,a)].
Derived: P(f10(c1,c2),c1) | EC(c1,c2).  [resolve(93,a,87,a)].
Derived: P(f10(c1,c2),c2) | EC(c1,c2).  [resolve(93,a,88,a)].
Derived: -B(f10(c1,c2),c1) | -B(f10(c1,c2),c2) | EC(c1,c2).  [resolve(93,a,89,a)].
Derived: EC(c1,c2) | I(f11(c1,c2),c1) | IC(c1,c2).  [resolve(93,a,91,a)].
Derived: EC(c1,c2) | I(f11(c1,c2),c2) | IC(c1,c2).  [resolve(93,a,92,a)].
94 -IMB(x,y) | -I(z,x) | -I(z,y) | I(f9(x,y),x).  [resolve(64,d,62,a)].
Derived: -I(x,y) | -I(x,z) | I(f9(y,z),y) | -O(y,z) | P(y,z) | P(z,y).  [resolve(94,a,82,d)].
Derived: -I(x,y) | -I(x,z) | I(f9(y,z),y) | -EC(y,z).  [resolve(94,a,86,b)].
Derived: -I(x,y) | -I(x,z) | I(f9(y,z),y) | -IC(y,z).  [resolve(94,a,90,b)].
Derived: -I(x,c1) | -I(x,c2) | I(f9(c1,c2),c1).  [resolve(94,a,93,a)].
95 -IMB(x,y) | -I(z,x) | -I(z,y) | I(f9(x,y),y).  [resolve(64,d,63,a)].
Derived: -I(x,y) | -I(x,z) | I(f9(y,z),z) | -O(y,z) | P(y,z) | P(z,y).  [resolve(95,a,82,d)].
Derived: -I(x,y) | -I(x,z) | I(f9(y,z),z) | -EC(y,z).  [resolve(95,a,86,b)].
Derived: -I(x,y) | -I(x,z) | I(f9(y,z),z) | -IC(y,z).  [resolve(95,a,90,b)].
Derived: -I(x,c1) | -I(x,c2) | I(f9(c1,c2),c2).  [resolve(95,a,93,a)].

Eliminating II/2
96 -I(x,y) | II(y,x).  [clausify(23)].
97 -II(x,y) | I(y,x).  [clausify(23)].

Eliminating IP/2
98 B(f7(x,y),y) | -I(x,y) | I(y,x) | IP(x,y).  [clausify(24)].
99 -IP(x,y) | -B(z,y).  [clausify(24)].
100 -IP(x,y) | I(x,y).  [clausify(24)].
101 -IP(x,y) | -I(y,x).  [clausify(24)].
Derived: B(f7(x,y),y) | -I(x,y) | I(y,x) | -B(z,y).  [resolve(98,d,99,a)].
102 -IPI(x,y) | IP(y,x).  [clausify(25)].
Derived: -IPI(x,y) | -B(z,x).  [resolve(102,b,99,a)].
Derived: -IPI(x,y) | I(y,x).  [resolve(102,b,100,a)].
Derived: -IPI(x,y) | -I(x,y).  [resolve(102,b,101,a)].
103 -IP(x,y) | IPI(y,x).  [clausify(25)].
Derived: IPI(x,y) | B(f7(y,x),x) | -I(y,x) | I(x,y).  [resolve(103,a,98,d)].
104 B(f17(x,y),y) | IP(x,y) | -P(x,y) | P(y,x).  [resolve(77,a,67,c)].
Derived: B(f17(x,y),y) | -P(x,y) | P(y,x) | -B(z,y).  [resolve(104,b,99,a)].
Derived: B(f17(x,y),y) | -P(x,y) | P(y,x) | I(x,y).  [resolve(104,b,100,a)].
Derived: B(f17(x,y),y) | -P(x,y) | P(y,x) | -I(y,x).  [resolve(104,b,101,a)].
Derived: B(f17(x,y),y) | -P(x,y) | P(y,x) | IPI(y,x).  [resolve(104,b,103,a)].
105 B(f17(x,y),y) | IP(x,y) | -PPI(y,x).  [resolve(77,a,72,b)].
Derived: B(f17(x,y),y) | -PPI(y,x) | -B(z,y).  [resolve(105,b,99,a)].
Derived: B(f17(x,y),y) | -PPI(y,x) | I(x,y).  [resolve(105,b,100,a)].
Derived: B(f17(x,y),y) | -PPI(y,x) | -I(y,x).  [resolve(105,b,101,a)].
Derived: B(f17(x,y),y) | -PPI(y,x) | IPI(y,x).  [resolve(105,b,103,a)].
106 B(f17(x,y),y) | IP(x,y) | -B(x,y).  [resolve(77,a,74,b)].
Derived: B(f17(x,y),y) | -B(x,y) | -B(z,y).  [resolve(106,b,99,a)].
107 B(f17(x,y),y) | IP(x,y) | -TPP(x,y).  [resolve(77,a,75,b)].
Derived: B(f17(x,y),y) | -TPP(x,y) | -B(z,y).  [resolve(107,b,99,a)].
Derived: B(f17(x,y),y) | -TPP(x,y) | I(x,y).  [resolve(107,b,100,a)].
Derived: B(f17(x,y),y) | -TPP(x,y) | -I(y,x).  [resolve(107,b,101,a)].
Derived: B(f17(x,y),y) | -TPP(x,y) | IPI(y,x).  [resolve(107,b,103,a)].

Eliminating TPP/2
108 -TPPI(x,y) | TPP(y,x).  [clausify(27)].
109 -TPP(x,y) | P(f8(x,y),x).  [clausify(26)].
110 -TPP(x,y) | B(f8(x,y),y).  [clausify(26)].
Derived: -TPPI(x,y) | P(f8(y,x),y).  [resolve(108,b,109,a)].
Derived: -TPPI(x,y) | B(f8(y,x),x).  [resolve(108,b,110,a)].
111 -TPP(x,y) | TPPI(y,x).  [clausify(27)].
112 -TPP(x,y) | P(f2(x,y),y).  [resolve(75,b,68,a)].
Derived: P(f2(x,y),y) | -TPPI(y,x).  [resolve(112,a,108,b)].
113 -TPP(x,y) | D(f2(x,y),x).  [resolve(75,b,69,a)].
Derived: D(f2(x,y),x) | -TPPI(y,x).  [resolve(113,a,108,b)].
114 -TPP(x,y) | P(x,y).  [resolve(75,b,70,a)].
Derived: P(x,y) | -TPPI(y,x).  [resolve(114,a,108,b)].
115 -TPP(x,y) | -P(y,x).  [resolve(75,b,71,a)].
Derived: -P(x,y) | -TPPI(x,y).  [resolve(115,a,108,b)].
116 -TPP(x,y) | PPI(y,x).  [resolve(75,b,73,a)].
Derived: PPI(x,y) | -TPPI(x,y).  [resolve(116,a,108,b)].
117 -P(x,y) | -B(x,z) | TPP(y,z) | -P(y,z) | P(z,y).  [resolve(76,a,67,c)].
Derived: -P(x,y) | -B(x,z) | -P(y,z) | P(z,y) | P(f8(y,z),y).  [resolve(117,c,109,a)].
Derived: -P(x,y) | -B(x,z) | -P(y,z) | P(z,y) | B(f8(y,z),z).  [resolve(117,c,110,a)].
Derived: -P(x,y) | -B(x,z) | -P(y,z) | P(z,y) | TPPI(z,y).  [resolve(117,c,111,a)].
Derived: -P(x,y) | -B(x,z) | -P(y,z) | P(z,y) | P(f2(y,z),z).  [resolve(117,c,112,a)].
Derived: -P(x,y) | -B(x,z) | -P(y,z) | P(z,y) | D(f2(y,z),y).  [resolve(117,c,113,a)].
Derived: -P(x,y) | -B(x,z) | -P(y,z) | P(z,y) | PPI(z,y).  [resolve(117,c,116,a)].
118 -P(x,y) | -B(x,z) | TPP(y,z) | -PPI(z,y).  [resolve(76,a,72,b)].
Derived: -P(x,y) | -B(x,z) | -PPI(z,y) | P(f8(y,z),y).  [resolve(118,c,109,a)].
Derived: -P(x,y) | -B(x,z) | -PPI(z,y) | B(f8(y,z),z).  [resolve(118,c,110,a)].
Derived: -P(x,y) | -B(x,z) | -PPI(z,y) | TPPI(z,y).  [resolve(118,c,111,a)].
Derived: -P(x,y) | -B(x,z) | -PPI(z,y) | P(f2(y,z),z).  [resolve(118,c,112,a)].
Derived: -P(x,y) | -B(x,z) | -PPI(z,y) | D(f2(y,z),y).  [resolve(118,c,113,a)].
Derived: -P(x,y) | -B(x,z) | -PPI(z,y) | P(y,z).  [resolve(118,c,114,a)].
Derived: -P(x,y) | -B(x,z) | -PPI(z,y) | -P(z,y).  [resolve(118,c,115,a)].
119 -P(x,y) | -B(x,z) | TPP(y,z) | -B(y,z).  [resolve(76,a,74,b)].
Derived: -P(x,y) | -B(x,z) | -B(y,z) | P(f8(y,z),y).  [resolve(119,c,109,a)].
Derived: -P(x,y) | -B(x,z) | -B(y,z) | B(f8(y,z),z).  [resolve(119,c,110,a)].
Derived: -P(x,y) | -B(x,z) | -B(y,z) | TPPI(z,y).  [resolve(119,c,111,a)].
Derived: -P(x,y) | -B(x,z) | -B(y,z) | P(f2(y,z),z).  [resolve(119,c,112,a)].
Derived: -P(x,y) | -B(x,z) | -B(y,z) | D(f2(y,z),y).  [resolve(119,c,113,a)].
Derived: -P(x,y) | -B(x,z) | -B(y,z) | P(y,z).  [resolve(119,c,114,a)].
Derived: -P(x,y) | -B(x,z) | -B(y,z) | -P(z,y).  [resolve(119,c,115,a)].
Derived: -P(x,y) | -B(x,z) | -B(y,z) | PPI(z,y).  [resolve(119,c,116,a)].
120 B(f17(x,y),y) | -TPP(x,y) | -B(z,y).  [resolve(107,b,99,a)].
Derived: B(f17(x,y),y) | -B(z,y) | -TPPI(y,x).  [resolve(120,b,108,b)].
Derived: B(f17(x,y),y) | -B(z,y) | -P(u,x) | -B(u,y) | -P(x,y) | P(y,x).  [resolve(120,b,117,c)].
Derived: B(f17(x,y),y) | -B(z,y) | -P(u,x) | -B(u,y) | -PPI(y,x).  [resolve(120,b,118,c)].
Derived: B(f17(x,y),y) | -B(z,y) | -P(u,x) | -B(u,y) | -B(x,y).  [resolve(120,b,119,c)].
121 B(f17(x,y),y) | -TPP(x,y) | I(x,y).  [resolve(107,b,100,a)].
Derived: B(f17(x,y),y) | I(x,y) | -TPPI(y,x).  [resolve(121,b,108,b)].
122 B(f17(x,y),y) | -TPP(x,y) | -I(y,x).  [resolve(107,b,101,a)].
Derived: B(f17(x,y),y) | -I(y,x) | -TPPI(y,x).  [resolve(122,b,108,b)].
123 B(f17(x,y),y) | -TPP(x,y) | IPI(y,x).  [resolve(107,b,103,a)].
Derived: B(f17(x,y),y) | IPI(y,x) | -TPPI(y,x).  [resolve(123,b,108,b)].

Eliminating EC/2
124 P(f10(x,y),x) | EC(x,y) | -O(x,y) | P(x,y) | P(y,x).  [resolve(87,a,82,d)].
125 -EC(x,y) | -P(z,x) | -P(z,y) | B(z,x).  [clausify(29)].
126 -EC(x,y) | -P(z,x) | -P(z,y) | B(z,y).  [clausify(29)].
127 -IC(x,y) | -EC(x,y).  [clausify(30)].
128 B(f13(x),x) | -EC(y,x).  [clausify(32)].
129 -EC(x,y) | O(x,y).  [resolve(86,b,83,a)].
130 -EC(x,y) | -P(x,y).  [resolve(86,b,84,a)].
131 -EC(x,y) | -P(y,x).  [resolve(86,b,85,a)].
Derived: P(f10(x,y),x) | -O(x,y) | P(x,y) | P(y,x) | -P(z,x) | -P(z,y) | B(z,x).  [resolve(124,b,125,a)].
Derived: P(f10(x,y),x) | -O(x,y) | P(x,y) | P(y,x) | -P(z,x) | -P(z,y) | B(z,y).  [resolve(124,b,126,a)].
Derived: P(f10(x,y),x) | -O(x,y) | P(x,y) | P(y,x) | -IC(x,y).  [resolve(124,b,127,b)].
Derived: P(f10(x,y),x) | -O(x,y) | P(x,y) | P(y,x) | B(f13(y),y).  [resolve(124,b,128,b)].
132 P(f10(x,y),y) | EC(x,y) | -O(x,y) | P(x,y) | P(y,x).  [resolve(88,a,82,d)].
Derived: P(f10(x,y),y) | -O(x,y) | P(x,y) | P(y,x) | -P(z,x) | -P(z,y) | B(z,x).  [resolve(132,b,125,a)].
Derived: P(f10(x,y),y) | -O(x,y) | P(x,y) | P(y,x) | -P(z,x) | -P(z,y) | B(z,y).  [resolve(132,b,126,a)].
Derived: P(f10(x,y),y) | -O(x,y) | P(x,y) | P(y,x) | -IC(x,y).  [resolve(132,b,127,b)].
Derived: P(f10(x,y),y) | -O(x,y) | P(x,y) | P(y,x) | B(f13(y),y).  [resolve(132,b,128,b)].
133 -B(f10(x,y),x) | -B(f10(x,y),y) | EC(x,y) | -O(x,y) | P(x,y) | P(y,x).  [resolve(89,a,82,d)].
Derived: -B(f10(x,y),x) | -B(f10(x,y),y) | -O(x,y) | P(x,y) | P(y,x) | -P(z,x) | -P(z,y) | B(z,x).  [resolve(133,c,125,a)].
Derived: -B(f10(x,y),x) | -B(f10(x,y),y) | -O(x,y) | P(x,y) | P(y,x) | -P(z,x) | -P(z,y) | B(z,y).  [resolve(133,c,126,a)].
Derived: -B(f10(x,y),x) | -B(f10(x,y),y) | -O(x,y) | P(x,y) | P(y,x) | -IC(x,y).  [resolve(133,c,127,b)].
Derived: -B(f10(x,y),x) | -B(f10(x,y),y) | -O(x,y) | P(x,y) | P(y,x) | B(f13(y),y).  [resolve(133,c,128,b)].
134 -IC(x,y) | P(f10(x,y),x) | EC(x,y).  [resolve(90,b,87,a)].
Derived: -IC(x,y) | P(f10(x,y),x) | -P(z,x) | -P(z,y) | B(z,x).  [resolve(134,c,125,a)].
Derived: -IC(x,y) | P(f10(x,y),x) | -P(z,x) | -P(z,y) | B(z,y).  [resolve(134,c,126,a)].
Derived: -IC(x,y) | P(f10(x,y),x) | -IC(x,y).  [resolve(134,c,127,b)].
135 -IC(x,y) | P(f10(x,y),y) | EC(x,y).  [resolve(90,b,88,a)].
Derived: -IC(x,y) | P(f10(x,y),y) | -P(z,x) | -P(z,y) | B(z,x).  [resolve(135,c,125,a)].
Derived: -IC(x,y) | P(f10(x,y),y) | -P(z,x) | -P(z,y) | B(z,y).  [resolve(135,c,126,a)].
Derived: -IC(x,y) | P(f10(x,y),y) | -IC(x,y).  [resolve(135,c,127,b)].
136 -IC(x,y) | -B(f10(x,y),x) | -B(f10(x,y),y) | EC(x,y).  [resolve(90,b,89,a)].
Derived: -IC(x,y) | -B(f10(x,y),x) | -B(f10(x,y),y) | -P(z,x) | -P(z,y) | B(z,x).  [resolve(136,d,125,a)].
Derived: -IC(x,y) | -B(f10(x,y),x) | -B(f10(x,y),y) | -P(z,x) | -P(z,y) | B(z,y).  [resolve(136,d,126,a)].
Derived: -IC(x,y) | -B(f10(x,y),x) | -B(f10(x,y),y) | -IC(x,y).  [resolve(136,d,127,b)].
137 EC(x,y) | I(f11(x,y),x) | IC(x,y) | -O(x,y) | P(x,y) | P(y,x).  [resolve(91,a,82,d)].
Derived: I(f11(x,y),x) | IC(x,y) | -O(x,y) | P(x,y) | P(y,x) | -P(z,x) | -P(z,y) | B(z,x).  [resolve(137,a,125,a)].
Derived: I(f11(x,y),x) | IC(x,y) | -O(x,y) | P(x,y) | P(y,x) | -P(z,x) | -P(z,y) | B(z,y).  [resolve(137,a,126,a)].
Derived: I(f11(x,y),x) | IC(x,y) | -O(x,y) | P(x,y) | P(y,x) | B(f13(y),y).  [resolve(137,a,128,b)].
138 EC(x,y) | I(f11(x,y),y) | IC(x,y) | -O(x,y) | P(x,y) | P(y,x).  [resolve(92,a,82,d)].
Derived: I(f11(x,y),y) | IC(x,y) | -O(x,y) | P(x,y) | P(y,x) | -P(z,x) | -P(z,y) | B(z,x).  [resolve(138,a,125,a)].
Derived: I(f11(x,y),y) | IC(x,y) | -O(x,y) | P(x,y) | P(y,x) | -P(z,x) | -P(z,y) | B(z,y).  [resolve(138,a,126,a)].
Derived: I(f11(x,y),y) | IC(x,y) | -O(x,y) | P(x,y) | P(y,x) | B(f13(y),y).  [resolve(138,a,128,b)].
139 P(f10(c1,c2),c1) | EC(c1,c2).  [resolve(93,a,87,a)].
Derived: P(f10(c1,c2),c1) | -P(x,c1) | -P(x,c2) | B(x,c1).  [resolve(139,b,125,a)].
Derived: P(f10(c1,c2),c1) | -P(x,c1) | -P(x,c2) | B(x,c2).  [resolve(139,b,126,a)].
Derived: P(f10(c1,c2),c1) | B(f13(c2),c2).  [resolve(139,b,128,b)].
Derived: P(f10(c1,c2),c1) | O(c1,c2).  [resolve(139,b,129,a)].
Derived: P(f10(c1,c2),c1) | -P(c1,c2).  [resolve(139,b,130,a)].
Derived: P(f10(c1,c2),c1) | -P(c2,c1).  [resolve(139,b,131,a)].
140 P(f10(c1,c2),c2) | EC(c1,c2).  [resolve(93,a,88,a)].
Derived: P(f10(c1,c2),c2) | -P(x,c1) | -P(x,c2) | B(x,c1).  [resolve(140,b,125,a)].
Derived: P(f10(c1,c2),c2) | -P(x,c1) | -P(x,c2) | B(x,c2).  [resolve(140,b,126,a)].
Derived: P(f10(c1,c2),c2) | B(f13(c2),c2).  [resolve(140,b,128,b)].
Derived: P(f10(c1,c2),c2) | O(c1,c2).  [resolve(140,b,129,a)].
Derived: P(f10(c1,c2),c2) | -P(c1,c2).  [resolve(140,b,130,a)].
Derived: P(f10(c1,c2),c2) | -P(c2,c1).  [resolve(140,b,131,a)].
141 -B(f10(c1,c2),c1) | -B(f10(c1,c2),c2) | EC(c1,c2).  [resolve(93,a,89,a)].
Derived: -B(f10(c1,c2),c1) | -B(f10(c1,c2),c2) | -P(x,c1) | -P(x,c2) | B(x,c1).  [resolve(141,c,125,a)].
Derived: -B(f10(c1,c2),c1) | -B(f10(c1,c2),c2) | -P(x,c1) | -P(x,c2) | B(x,c2).  [resolve(141,c,126,a)].
Derived: -B(f10(c1,c2),c1) | -B(f10(c1,c2),c2) | B(f13(c2),c2).  [resolve(141,c,128,b)].
Derived: -B(f10(c1,c2),c1) | -B(f10(c1,c2),c2) | O(c1,c2).  [resolve(141,c,129,a)].
Derived: -B(f10(c1,c2),c1) | -B(f10(c1,c2),c2) | -P(c1,c2).  [resolve(141,c,130,a)].
Derived: -B(f10(c1,c2),c1) | -B(f10(c1,c2),c2) | -P(c2,c1).  [resolve(141,c,131,a)].
142 EC(c1,c2) | I(f11(c1,c2),c1) | IC(c1,c2).  [resolve(93,a,91,a)].
Derived: I(f11(c1,c2),c1) | IC(c1,c2) | -P(x,c1) | -P(x,c2) | B(x,c1).  [resolve(142,a,125,a)].
Derived: I(f11(c1,c2),c1) | IC(c1,c2) | -P(x,c1) | -P(x,c2) | B(x,c2).  [resolve(142,a,126,a)].
Derived: I(f11(c1,c2),c1) | IC(c1,c2) | B(f13(c2),c2).  [resolve(142,a,128,b)].
Derived: I(f11(c1,c2),c1) | IC(c1,c2) | O(c1,c2).  [resolve(142,a,129,a)].
Derived: I(f11(c1,c2),c1) | IC(c1,c2) | -P(c1,c2).  [resolve(142,a,130,a)].
Derived: I(f11(c1,c2),c1) | IC(c1,c2) | -P(c2,c1).  [resolve(142,a,131,a)].
143 EC(c1,c2) | I(f11(c1,c2),c2) | IC(c1,c2).  [resolve(93,a,92,a)].
Derived: I(f11(c1,c2),c2) | IC(c1,c2) | -P(x,c1) | -P(x,c2) | B(x,c1).  [resolve(143,a,125,a)].
Derived: I(f11(c1,c2),c2) | IC(c1,c2) | -P(x,c1) | -P(x,c2) | B(x,c2).  [resolve(143,a,126,a)].
Derived: I(f11(c1,c2),c2) | IC(c1,c2) | B(f13(c2),c2).  [resolve(143,a,128,b)].
Derived: I(f11(c1,c2),c2) | IC(c1,c2) | O(c1,c2).  [resolve(143,a,129,a)].
Derived: I(f11(c1,c2),c2) | IC(c1,c2) | -P(c1,c2).  [resolve(143,a,130,a)].
Derived: I(f11(c1,c2),c2) | IC(c1,c2) | -P(c2,c1).  [resolve(143,a,131,a)].
144 -I(x,y) | -I(x,z) | I(f9(y,z),y) | -EC(y,z).  [resolve(94,a,86,b)].
Derived: -I(x,y) | -I(x,z) | I(f9(y,z),y) | P(f10(y,z),y) | -O(y,z) | P(y,z) | P(z,y).  [resolve(144,d,124,b)].
Derived: -I(x,y) | -I(x,z) | I(f9(y,z),y) | P(f10(y,z),z) | -O(y,z) | P(y,z) | P(z,y).  [resolve(144,d,132,b)].
Derived: -I(x,y) | -I(x,z) | I(f9(y,z),y) | -B(f10(y,z),y) | -B(f10(y,z),z) | -O(y,z) | P(y,z) | P(z,y).  [resolve(144,d,133,c)].
Derived: -I(x,y) | -I(x,z) | I(f9(y,z),y) | I(f11(y,z),y) | IC(y,z) | -O(y,z) | P(y,z) | P(z,y).  [resolve(144,d,137,a)].
Derived: -I(x,y) | -I(x,z) | I(f9(y,z),y) | I(f11(y,z),z) | IC(y,z) | -O(y,z) | P(y,z) | P(z,y).  [resolve(144,d,138,a)].
145 -I(x,y) | -I(x,z) | I(f9(y,z),z) | -EC(y,z).  [resolve(95,a,86,b)].
Derived: -I(x,y) | -I(x,z) | I(f9(y,z),z) | P(f10(y,z),y) | -O(y,z) | P(y,z) | P(z,y).  [resolve(145,d,124,b)].
Derived: -I(x,y) | -I(x,z) | I(f9(y,z),z) | P(f10(y,z),z) | -O(y,z) | P(y,z) | P(z,y).  [resolve(145,d,132,b)].
Derived: -I(x,y) | -I(x,z) | I(f9(y,z),z) | -B(f10(y,z),y) | -B(f10(y,z),z) | -O(y,z) | P(y,z) | P(z,y).  [resolve(145,d,133,c)].
Derived: -I(x,y) | -I(x,z) | I(f9(y,z),z) | I(f11(y,z),y) | IC(y,z) | -O(y,z) | P(y,z) | P(z,y).  [resolve(145,d,137,a)].
Derived: -I(x,y) | -I(x,z) | I(f9(y,z),z) | I(f11(y,z),z) | IC(y,z) | -O(y,z) | P(y,z) | P(z,y).  [resolve(145,d,138,a)].

Eliminating PPI/2
146 PPI(x,y) | -P(y,x) | P(x,y).  [resolve(73,a,67,c)].
147 -PPI(x,y) | P(f2(y,x),x).  [resolve(72,b,68,a)].
148 -PPI(x,y) | D(f2(y,x),y).  [resolve(72,b,69,a)].
149 -PPI(x,y) | P(y,x).  [resolve(72,b,70,a)].
150 -PPI(x,y) | -P(x,y).  [resolve(72,b,71,a)].
Derived: -P(x,y) | P(y,x) | P(f2(x,y),y).  [resolve(146,a,147,a)].
Derived: -P(x,y) | P(y,x) | D(f2(x,y),x).  [resolve(146,a,148,a)].
151 -B(x,y) | PPI(y,x).  [resolve(74,b,73,a)].
Derived: -B(x,y) | P(f2(x,y),y).  [resolve(151,b,147,a)].
Derived: -B(x,y) | D(f2(x,y),x).  [resolve(151,b,148,a)].
Derived: -B(x,y) | P(x,y).  [resolve(151,b,149,a)].
Derived: -B(x,y) | -P(y,x).  [resolve(151,b,150,a)].
152 B(f17(x,y),y) | -PPI(y,x) | -B(z,y).  [resolve(105,b,99,a)].
Derived: B(f17(x,y),y) | -B(z,y) | -P(x,y) | P(y,x).  [resolve(152,b,146,a)].
153 B(f17(x,y),y) | -PPI(y,x) | I(x,y).  [resolve(105,b,100,a)].
Derived: B(f17(x,y),y) | I(x,y) | -P(x,y) | P(y,x).  [resolve(153,b,146,a)].
154 B(f17(x,y),y) | -PPI(y,x) | -I(y,x).  [resolve(105,b,101,a)].
Derived: B(f17(x,y),y) | -I(y,x) | -P(x,y) | P(y,x).  [resolve(154,b,146,a)].
155 B(f17(x,y),y) | -PPI(y,x) | IPI(y,x).  [resolve(105,b,103,a)].
Derived: B(f17(x,y),y) | IPI(y,x) | -P(x,y) | P(y,x).  [resolve(155,b,146,a)].
156 PPI(x,y) | -TPPI(x,y).  [resolve(116,a,108,b)].
Derived: -TPPI(x,y) | P(f2(y,x),x).  [resolve(156,a,147,a)].
Derived: -TPPI(x,y) | D(f2(y,x),y).  [resolve(156,a,148,a)].
Derived: -TPPI(x,y) | P(y,x).  [resolve(156,a,149,a)].
Derived: -TPPI(x,y) | -P(x,y).  [resolve(156,a,150,a)].
157 -P(x,y) | -B(x,z) | -P(y,z) | P(z,y) | PPI(z,y).  [resolve(117,c,116,a)].
158 -P(x,y) | -B(x,z) | -PPI(z,y) | P(f8(y,z),y).  [resolve(118,c,109,a)].
Derived: -P(x,y) | -B(x,z) | P(f8(y,z),y) | -P(y,z) | P(z,y).  [resolve(158,c,146,a)].
Derived: -P(x,y) | -B(x,z) | P(f8(y,z),y) | -TPPI(z,y).  [resolve(158,c,156,a)].
159 -P(x,y) | -B(x,z) | -PPI(z,y) | B(f8(y,z),z).  [resolve(118,c,110,a)].
Derived: -P(x,y) | -B(x,z) | B(f8(y,z),z) | -P(y,z) | P(z,y).  [resolve(159,c,146,a)].
Derived: -P(x,y) | -B(x,z) | B(f8(y,z),z) | -TPPI(z,y).  [resolve(159,c,156,a)].
160 -P(x,y) | -B(x,z) | -PPI(z,y) | TPPI(z,y).  [resolve(118,c,111,a)].
Derived: -P(x,y) | -B(x,z) | TPPI(z,y) | -P(y,z) | P(z,y).  [resolve(160,c,146,a)].
161 -P(x,y) | -B(x,z) | -PPI(z,y) | P(f2(y,z),z).  [resolve(118,c,112,a)].
162 -P(x,y) | -B(x,z) | -PPI(z,y) | D(f2(y,z),y).  [resolve(118,c,113,a)].
163 -P(x,y) | -B(x,z) | -PPI(z,y) | P(y,z).  [resolve(118,c,114,a)].
164 -P(x,y) | -B(x,z) | -PPI(z,y) | -P(z,y).  [resolve(118,c,115,a)].
165 -P(x,y) | -B(x,z) | -B(y,z) | PPI(z,y).  [resolve(119,c,116,a)].
Derived: -P(x,y) | -B(x,z) | -B(y,z) | -P(u,y) | -B(u,z) | P(f8(y,z),y).  [resolve(165,d,158,c)].
Derived: -P(x,y) | -B(x,z) | -B(y,z) | -P(u,y) | -B(u,z) | B(f8(y,z),z).  [resolve(165,d,159,c)].
Derived: -P(x,y) | -B(x,z) | -B(y,z) | -P(u,y) | -B(u,z) | TPPI(z,y).  [resolve(165,d,160,c)].
166 B(f17(x,y),y) | -B(z,y) | -P(u,x) | -B(u,y) | -PPI(y,x).  [resolve(120,b,118,c)].
Derived: B(f17(x,y),y) | -B(z,y) | -P(u,x) | -B(u,y) | -TPPI(y,x).  [resolve(166,e,156,a)].

Eliminating IPI/2
167 IPI(x,y) | B(f7(y,x),x) | -I(y,x) | I(x,y).  [resolve(103,a,98,d)].
168 -IPI(x,y) | -B(z,x).  [resolve(102,b,99,a)].
169 -IPI(x,y) | I(y,x).  [resolve(102,b,100,a)].
170 -IPI(x,y) | -I(x,y).  [resolve(102,b,101,a)].
Derived: B(f7(x,y),y) | -I(x,y) | I(y,x) | -B(z,y).  [resolve(167,a,168,a)].
171 B(f17(x,y),y) | -P(x,y) | P(y,x) | IPI(y,x).  [resolve(104,b,103,a)].
172 B(f17(x,y),y) | IPI(y,x) | -TPPI(y,x).  [resolve(123,b,108,b)].
Derived: B(f17(x,y),y) | -TPPI(y,x) | -B(z,y).  [resolve(172,b,168,a)].
Derived: B(f17(x,y),y) | -TPPI(y,x) | I(x,y).  [resolve(172,b,169,a)].
Derived: B(f17(x,y),y) | -TPPI(y,x) | -I(y,x).  [resolve(172,b,170,a)].
173 B(f17(x,y),y) | IPI(y,x) | -P(x,y) | P(y,x).  [resolve(155,b,146,a)].
Derived: B(f17(x,y),y) | -P(x,y) | P(y,x) | -B(z,y).  [resolve(173,b,168,a)].
Derived: B(f17(x,y),y) | -P(x,y) | P(y,x) | I(x,y).  [resolve(173,b,169,a)].
Derived: B(f17(x,y),y) | -P(x,y) | P(y,x) | -I(y,x).  [resolve(173,b,170,a)].

Eliminating TPPI/2
174 -P(x,y) | -B(x,z) | -P(y,z) | P(z,y) | TPPI(z,y).  [resolve(117,c,111,a)].
175 -TPPI(x,y) | P(f8(y,x),y).  [resolve(108,b,109,a)].
176 -TPPI(x,y) | B(f8(y,x),x).  [resolve(108,b,110,a)].
177 P(f2(x,y),y) | -TPPI(y,x).  [resolve(112,a,108,b)].
178 D(f2(x,y),x) | -TPPI(y,x).  [resolve(113,a,108,b)].
179 P(x,y) | -TPPI(y,x).  [resolve(114,a,108,b)].
180 -P(x,y) | -TPPI(x,y).  [resolve(115,a,108,b)].
181 -P(x,y) | -B(x,z) | -B(y,z) | TPPI(z,y).  [resolve(119,c,111,a)].
182 B(f17(x,y),y) | -B(z,y) | -TPPI(y,x).  [resolve(120,b,108,b)].
183 B(f17(x,y),y) | I(x,y) | -TPPI(y,x).  [resolve(121,b,108,b)].
Derived: B(f17(x,y),y) | I(x,y) | -P(z,x) | -B(z,y) | -B(x,y).  [resolve(183,c,181,d)].
184 B(f17(x,y),y) | -I(y,x) | -TPPI(y,x).  [resolve(122,b,108,b)].
Derived: B(f17(x,y),y) | -I(y,x) | -P(z,x) | -B(z,y) | -B(x,y).  [resolve(184,c,181,d)].
185 -TPPI(x,y) | P(f2(y,x),x).  [resolve(156,a,147,a)].
Derived: P(f2(x,y),y) | -P(z,x) | -B(z,y) | -P(x,y) | P(y,x).  [resolve(185,a,174,e)].
Derived: P(f2(x,y),y) | -P(z,x) | -B(z,y) | -B(x,y).  [resolve(185,a,181,d)].
186 -TPPI(x,y) | D(f2(y,x),y).  [resolve(156,a,148,a)].
Derived: D(f2(x,y),x) | -P(z,x) | -B(z,y) | -P(x,y) | P(y,x).  [resolve(186,a,174,e)].
Derived: D(f2(x,y),x) | -P(z,x) | -B(z,y) | -B(x,y).  [resolve(186,a,181,d)].
187 -TPPI(x,y) | P(y,x).  [resolve(156,a,149,a)].
Derived: P(x,y) | -P(z,x) | -B(z,y) | -B(x,y).  [resolve(187,a,181,d)].
188 -TPPI(x,y) | -P(x,y).  [resolve(156,a,150,a)].
Derived: -P(x,y) | -P(z,y) | -B(z,x) | -B(y,x).  [resolve(188,a,181,d)].
189 -P(x,y) | -B(x,z) | P(f8(y,z),y) | -TPPI(z,y).  [resolve(158,c,156,a)].
Derived: -P(x,y) | -B(x,z) | P(f8(y,z),y) | -P(u,y) | -B(u,z) | -P(y,z) | P(z,y).  [resolve(189,d,174,e)].
190 -P(x,y) | -B(x,z) | B(f8(y,z),z) | -TPPI(z,y).  [resolve(159,c,156,a)].
Derived: -P(x,y) | -B(x,z) | B(f8(y,z),z) | -P(u,y) | -B(u,z) | -P(y,z) | P(z,y).  [resolve(190,d,174,e)].
191 -P(x,y) | -B(x,z) | TPPI(z,y) | -P(y,z) | P(z,y).  [resolve(160,c,146,a)].
192 -P(x,y) | -B(x,z) | -B(y,z) | -P(u,y) | -B(u,z) | TPPI(z,y).  [resolve(165,d,160,c)].
Derived: -P(x,y) | -B(x,z) | -B(y,z) | -P(u,y) | -B(u,z) | P(f8(y,z),y).  [resolve(192,f,175,a)].
Derived: -P(x,y) | -B(x,z) | -B(y,z) | -P(u,y) | -B(u,z) | B(f8(y,z),z).  [resolve(192,f,176,a)].
Derived: -P(x,y) | -B(x,z) | -B(y,z) | -P(u,y) | -B(u,z) | B(f17(y,z),z) | -B(w,z).  [resolve(192,f,182,c)].
193 B(f17(x,y),y) | -B(z,y) | -P(u,x) | -B(u,y) | -TPPI(y,x).  [resolve(166,e,156,a)].
194 B(f17(x,y),y) | -TPPI(y,x) | -B(z,y).  [resolve(172,b,168,a)].
195 B(f17(x,y),y) | -TPPI(y,x) | I(x,y).  [resolve(172,b,169,a)].
196 B(f17(x,y),y) | -TPPI(y,x) | -I(y,x).  [resolve(172,b,170,a)].

============================== end predicate elimination =============

Auto_denials:  (non-Horn, no changes).

Term ordering decisions:
Predicate symbol precedence:  predicate_order([ =, P, B, I, O, IC, D, EQ ]).
Function symbol precedence:  function_order([ null, cuniversal, c1, c2, c3, c4, c5, sum, diff, prod, f2, f5, f6, f7, f8, f9, f10, f11, f14, f15, f16, f17, f18, compl, bdy, f1, f3, f4, f12, f13, f19 ]).
After inverse_order:  (no changes).
Unfolding symbols: (none).

Auto_inference settings:
  % set(paramodulation).  % (positive equality literals)
  % set(binary_resolution).  % (non-Horn)

Auto_process settings:
  % set(factor).  % (non-Horn)
  % set(unit_deletion).  % (non-Horn)

           197 null != c1.  [clausify(1)].
kept:      198 c1 != null.  [copy(197),flip(a)].
           199 null != c2.  [clausify(1)].
kept:      200 c2 != null.  [copy(199),flip(a)].
kept:      201 B(c3,c1).  [clausify(1)].
kept:      202 B(c4,c2).  [clausify(1)].
kept:      203 EQ(c1,c2).  [clausify(1)].
kept:      204 null = x | P(x,x).  [clausify(2)].
kept:      205 -P(x,y) | -P(y,x) | y = x.  [clausify(3)].
kept:      206 -P(x,y) | -P(y,z) | P(x,z).  [clausify(4)].
kept:      207 null != x | -P(y,x).  [clausify(5)].
kept:      208 null != x | -P(x,y).  [clausify(5)].
kept:      209 P(f1(x),x) | P(x,f1(x)) | null = x.  [clausify(5)].
kept:      210 null = x | P(x,c5).  [clausify(8)].
kept:      211 cuniversal != x | null = y | P(y,x).  [clausify(9)].
           212 null != f3(x) | cuniversal = x.  [clausify(9)].
kept:      213 f3(x) != null | cuniversal = x.  [copy(212),flip(a)].
kept:      214 -P(f3(x),x) | cuniversal = x.  [clausify(9)].
kept:      215 -B(x,cuniversal).  [clausify(10)].
kept:      216 -EQ(x,y) | P(y,x).  [clausify(14)].
kept:      217 -EQ(x,y) | P(x,y).  [clausify(14)].
kept:      218 -P(x,y) | -P(y,x) | EQ(y,x).  [clausify(14)].
kept:      219 -O(x,y) | P(f5(x,y),x).  [clausify(15)].
kept:      220 -O(x,y) | P(f5(x,y),y).  [clausify(15)].
kept:      221 -P(x,y) | -P(x,z) | O(y,z).  [clausify(15)].
kept:      222 -D(x,y) | -O(x,y).  [clausify(16)].
kept:      223 O(x,y) | D(x,y).  [clausify(16)].
kept:      224 -B(x,y) | -B(y,z) | B(x,z).  [clausify(18)].
kept:      225 -P(x,y) | -B(y,z) | B(x,z).  [clausify(19)].
kept:      226 -B(x,y) | -P(y,z) | P(x,z).  [clausify(20)].
kept:      227 -I(x,y) | P(x,y).  [clausify(22)].
kept:      228 -I(x,y) | -B(z,y) | D(z,x).  [clausify(22)].
kept:      229 -P(x,y) | B(f6(x,y),y) | I(x,y).  [clausify(22)].
kept:      230 -P(x,y) | -D(f6(x,y),x) | I(x,y).  [clausify(22)].
kept:      231 -IC(x,y) | -I(z,x) | -I(z,y).  [clausify(30)].
kept:      232 null = x | I(f12(x),x).  [clausify(31)].
kept:      233 -B(x,y) | -B(z,y) | -I(z,y).  [clausify(33)].
kept:      234 -B(x,y) | -EQ(y,z) | B(f14(y,z),z).  [clausify(35)].
kept:      235 B(f15(x,y),x) | -EQ(x,y) | -B(z,y).  [clausify(36)].
kept:      236 B(f16(x,y),x) | -B(z,y) | -EQ(x,y).  [clausify(37)].
kept:      237 -O(x,sum(y,z)) | O(x,y) | O(x,z).  [clausify(39)].
kept:      238 -O(x,y) | O(x,sum(y,z)).  [clausify(39)].
kept:      239 -O(x,y) | O(x,sum(z,y)).  [clausify(39)].
kept:      240 -P(x,prod(y,z)) | P(x,y).  [clausify(40)].
kept:      241 -P(x,prod(y,z)) | P(x,z).  [clausify(40)].
kept:      242 -P(x,y) | -P(x,z) | P(x,prod(y,z)).  [clausify(40)].
kept:      243 -P(x,compl(y)) | D(x,y).  [clausify(41)].
kept:      244 -P(x,diff(y,z)) | P(x,y).  [clausify(42)].
kept:      245 -P(x,diff(y,z)) | D(x,z).  [clausify(42)].
kept:      246 -P(x,y) | -D(x,z) | P(x,diff(y,z)).  [clausify(42)].
kept:      247 compl(x) != y | compl(x) != z | z = y.  [clausify(43)].
kept:      248 diff(x,y) != z | diff(x,y) != u | u = z.  [clausify(44)].
kept:      249 prod(x,y) != z | prod(x,y) != u | u = z.  [clausify(45)].
kept:      250 sum(x,y) != z | sum(x,y) != u | u = z.  [clausify(46)].
kept:      251 null = x | null = y | f18(x,y) != null.  [clausify(47)].
           252 null = x | null = y | sum(x,y) = f18(x,y).  [clausify(47)].
kept:      253 null = x | null = y | f18(x,y) = sum(x,y).  [copy(252),flip(c)].

% Operation sum is commutative; C redundancy checks enabled.
kept:      254 sum(x,y) = sum(y,x).  [clausify(48)].
kept:      255 compl(x) != null | cuniversal = x.  [clausify(49)].
kept:      256 cuniversal != x | compl(x) = null.  [clausify(49)].
kept:      257 compl(x) != cuniversal | null = x.  [clausify(50)].
kept:      258 null != x | compl(x) = cuniversal.  [clausify(50)].

% Operation prod is commutative; C redundancy checks enabled.
kept:      259 prod(x,y) = prod(y,x).  [clausify(51)].
kept:      260 diff(x,y) != null | null = x | P(x,y).  [clausify(52)].
kept:      261 -D(x,y) | diff(x,y) = x.  [clausify(53)].
kept:      262 -P(x,cuniversal) | diff(x,null) = x.  [clausify(54)].
kept:      263 -P(x,cuniversal) | sum(null,x) = x.  [clausify(55)].
kept:      264 null = x | I(f19(x),x).  [clausify(56)].
kept:      265 null = x | -I(y,x) | I(y,f19(x)).  [clausify(56)].
kept:      266 null = x | -B(y,f19(x)).  [clausify(56)].
kept:      267 bdy(x) = null | B(bdy(x),x).  [clausify(57)].
kept:      268 bdy(x) = null | -B(y,x) | P(y,bdy(x)).  [clausify(57)].
kept:      269 I(f9(c1,c2),c1).  [resolve(62,a,61,a)].
kept:      270 I(f9(c1,c2),c2).  [resolve(63,a,61,a)].
kept:      271 -P(x,y) | P(y,x) | P(f2(x,y),y).  [resolve(67,c,68,a)].
kept:      272 -P(x,y) | P(y,x) | D(f2(x,y),x).  [resolve(67,c,69,a)].
kept:      273 -B(x,y) | P(f2(x,y),y).  [resolve(74,b,68,a)].
kept:      274 -B(x,y) | D(f2(x,y),x).  [resolve(74,b,69,a)].
kept:      275 -B(x,y) | P(x,y).  [resolve(74,b,70,a)].
kept:      276 -B(x,y) | -P(y,x).  [resolve(74,b,71,a)].
kept:      277 null = x | P(f4(x),x) | -P(y,x) | EQ(x,y).  [resolve(78,c,80,a)].
kept:      278 null = x | -EQ(x,f4(x)) | -P(y,x) | EQ(x,y).  [resolve(81,c,80,a)].
kept:      279 -IC(x,y) | O(x,y).  [resolve(90,b,83,a)].
kept:      280 -IC(x,y) | -P(x,y).  [resolve(90,b,84,a)].
kept:      281 -IC(x,y) | -P(y,x).  [resolve(90,b,85,a)].
kept:      282 O(c1,c2).  [resolve(93,a,83,a)].
kept:      283 -P(c1,c2).  [resolve(93,a,84,a)].
kept:      284 -P(c2,c1).  [resolve(93,a,85,a)].
kept:      285 -I(x,y) | -I(x,z) | I(f9(y,z),y) | -O(y,z) | P(y,z) | P(z,y).  [resolve(94,a,82,d)].
kept:      286 -I(x,y) | -I(x,z) | I(f9(y,z),z) | -O(y,z) | P(y,z) | P(z,y).  [resolve(95,a,82,d)].
kept:      287 B(f7(x,y),y) | -I(x,y) | I(y,x) | -B(z,y).  [resolve(98,d,99,a)].
kept:      288 B(f17(x,y),y) | -P(x,y) | P(y,x) | -B(z,y).  [resolve(104,b,99,a)].
kept:      289 B(f17(x,y),y) | -P(x,y) | P(y,x) | I(x,y).  [resolve(104,b,100,a)].
kept:      290 B(f17(x,y),y) | -B(x,y) | -B(z,y).  [resolve(106,b,99,a)].
kept:      291 -P(x,y) | -B(x,z) | -P(y,z) | P(z,y) | P(f8(y,z),y).  [resolve(117,c,109,a)].
kept:      292 -P(x,y) | -B(x,z) | -P(y,z) | P(z,y) | B(f8(y,z),z).  [resolve(117,c,110,a)].
kept:      293 -P(x,y) | -B(x,z) | -B(y,z) | P(f8(y,z),y).  [resolve(119,c,109,a)].
kept:      294 -P(x,y) | -B(x,z) | -B(y,z) | B(f8(y,z),z).  [resolve(119,c,110,a)].
kept:      295 P(f10(x,y),x) | -O(x,y) | P(x,y) | P(y,x) | -P(z,x) | -P(z,y) | B(z,x).  [resolve(124,b,125,a)].
kept:      296 P(f10(x,y),x) | -O(x,y) | P(x,y) | P(y,x) | -P(z,x) | -P(z,y) | B(z,y).  [resolve(124,b,126,a)].
kept:      297 P(f10(x,y),x) | -O(x,y) | P(x,y) | P(y,x) | -IC(x,y).  [resolve(124,b,127,b)].
kept:      298 P(f10(x,y),x) | -O(x,y) | P(x,y) | P(y,x) | B(f13(y),y).  [resolve(124,b,128,b)].
kept:      299 P(f10(x,y),y) | -O(x,y) | P(x,y) | P(y,x) | -P(z,x) | -P(z,y) | B(z,x).  [resolve(132,b,125,a)].
kept:      300 P(f10(x,y),y) | -O(x,y) | P(x,y) | P(y,x) | -P(z,x) | -P(z,y) | B(z,y).  [resolve(132,b,126,a)].
kept:      301 P(f10(x,y),y) | -O(x,y) | P(x,y) | P(y,x) | -IC(x,y).  [resolve(132,b,127,b)].
kept:      302 P(f10(x,y),y) | -O(x,y) | P(x,y) | P(y,x) | B(f13(y),y).  [resolve(132,b,128,b)].
kept:      303 -B(f10(x,y),x) | -B(f10(x,y),y) | -O(x,y) | P(x,y) | P(y,x) | -P(z,x) | -P(z,y) | B(z,x).  [resolve(133,c,125,a)].
kept:      304 -B(f10(x,y),x) | -B(f10(x,y),y) | -O(x,y) | P(x,y) | P(y,x) | -P(z,x) | -P(z,y) | B(z,y).  [resolve(133,c,126,a)].
kept:      305 -B(f10(x,y),x) | -B(f10(x,y),y) | -O(x,y) | P(x,y) | P(y,x) | -IC(x,y).  [resolve(133,c,127,b)].
kept:      306 -B(f10(x,y),x) | -B(f10(x,y),y) | -O(x,y) | P(x,y) | P(y,x) | B(f13(y),y).  [resolve(133,c,128,b)].
kept:      307 -IC(x,y) | P(f10(x,y),x) | -P(z,x) | -P(z,y) | B(z,x).  [resolve(134,c,125,a)].
kept:      308 -IC(x,y) | P(f10(x,y),x) | -P(z,x) | -P(z,y) | B(z,y).  [resolve(134,c,126,a)].
           309 -IC(x,y) | P(f10(x,y),x) | -IC(x,y).  [resolve(134,c,127,b)].
kept:      310 -IC(x,y) | P(f10(x,y),x).  [copy(309),merge(c)].
kept:      311 -IC(x,y) | P(f10(x,y),y) | -P(z,x) | -P(z,y) | B(z,x).  [resolve(135,c,125,a)].
kept:      312 -IC(x,y) | P(f10(x,y),y) | -P(z,x) | -P(z,y) | B(z,y).  [resolve(135,c,126,a)].
           313 -IC(x,y) | P(f10(x,y),y) | -IC(x,y).  [resolve(135,c,127,b)].
kept:      314 -IC(x,y) | P(f10(x,y),y).  [copy(313),merge(c)].
kept:      315 -IC(x,y) | -B(f10(x,y),x) | -B(f10(x,y),y) | -P(z,x) | -P(z,y) | B(z,x).  [resolve(136,d,125,a)].
kept:      316 -IC(x,y) | -B(f10(x,y),x) | -B(f10(x,y),y) | -P(z,x) | -P(z,y) | B(z,y).  [resolve(136,d,126,a)].
           317 -IC(x,y) | -B(f10(x,y),x) | -B(f10(x,y),y) | -IC(x,y).  [resolve(136,d,127,b)].
kept:      318 -IC(x,y) | -B(f10(x,y),x) | -B(f10(x,y),y).  [copy(317),merge(d)].
kept:      319 I(f11(x,y),x) | IC(x,y) | -O(x,y) | P(x,y) | P(y,x) | -P(z,x) | -P(z,y) | B(z,x).  [resolve(137,a,125,a)].
kept:      320 I(f11(x,y),x) | IC(x,y) | -O(x,y) | P(x,y) | P(y,x) | -P(z,x) | -P(z,y) | B(z,y).  [resolve(137,a,126,a)].
kept:      321 I(f11(x,y),x) | IC(x,y) | -O(x,y) | P(x,y) | P(y,x) | B(f13(y),y).  [resolve(137,a,128,b)].
kept:      322 I(f11(x,y),y) | IC(x,y) | -O(x,y) | P(x,y) | P(y,x) | -P(z,x) | -P(z,y) | B(z,x).  [resolve(138,a,125,a)].
kept:      323 I(f11(x,y),y) | IC(x,y) | -O(x,y) | P(x,y) | P(y,x) | -P(z,x) | -P(z,y) | B(z,y).  [resolve(138,a,126,a)].
kept:      324 I(f11(x,y),y) | IC(x,y) | -O(x,y) | P(x,y) | P(y,x) | B(f13(y),y).  [resolve(138,a,128,b)].
kept:      325 P(f10(c1,c2),c1) | -P(x,c1) | -P(x,c2) | B(x,c1).  [resolve(139,b,125,a)].
kept:      326 P(f10(c1,c2),c1) | -P(x,c1) | -P(x,c2) | B(x,c2).  [resolve(139,b,126,a)].
kept:      327 P(f10(c1,c2),c1) | B(f13(c2),c2).  [resolve(139,b,128,b)].
kept:      328 P(f10(c1,c2),c2) | -P(x,c1) | -P(x,c2) | B(x,c1).  [resolve(140,b,125,a)].
kept:      329 P(f10(c1,c2),c2) | -P(x,c1) | -P(x,c2) | B(x,c2).  [resolve(140,b,126,a)].
kept:      330 P(f10(c1,c2),c2) | B(f13(c2),c2).  [resolve(140,b,128,b)].
kept:      331 -B(f10(c1,c2),c1) | -B(f10(c1,c2),c2) | -P(x,c1) | -P(x,c2) | B(x,c1).  [resolve(141,c,125,a)].
kept:      332 -B(f10(c1,c2),c1) | -B(f10(c1,c2),c2) | -P(x,c1) | -P(x,c2) | B(x,c2).  [resolve(141,c,126,a)].
kept:      333 -B(f10(c1,c2),c1) | -B(f10(c1,c2),c2) | B(f13(c2),c2).  [resolve(141,c,128,b)].
kept:      334 I(f11(c1,c2),c1) | IC(c1,c2) | -P(x,c1) | -P(x,c2) | B(x,c1).  [resolve(142,a,125,a)].
kept:      335 I(f11(c1,c2),c1) | IC(c1,c2) | -P(x,c1) | -P(x,c2) | B(x,c2).  [resolve(142,a,126,a)].
kept:      336 I(f11(c1,c2),c1) | IC(c1,c2) | B(f13(c2),c2).  [resolve(142,a,128,b)].
kept:      337 I(f11(c1,c2),c2) | IC(c1,c2) | -P(x,c1) | -P(x,c2) | B(x,c1).  [resolve(143,a,125,a)].
kept:      338 I(f11(c1,c2),c2) | IC(c1,c2) | -P(x,c1) | -P(x,c2) | B(x,c2).  [resolve(143,a,126,a)].
kept:      339 I(f11(c1,c2),c2) | IC(c1,c2) | B(f13(c2),c2).  [resolve(143,a,128,b)].
kept:      340 -P(x,x) | EQ(x,x).  [factor(218,a,b)].
kept:      341 -P(x,y) | O(y,y).  [factor(221,a,b)].
kept:      342 -IC(x,x) | -I(y,x).  [factor(231,b,c)].
kept:      343 -B(x,y) | -I(x,y).  [factor(233,a,b)].
kept:      344 -O(x,sum(y,y)) | O(x,y).  [factor(237,b,c)].
kept:      345 -P(x,y) | P(x,prod(y,y)).  [factor(242,a,b)].
kept:      346 null = x | f18(x,x) != null.  [factor(251,a,b)].
kept:      347 null = x | f18(x,x) = sum(x,x).  [factor(253,a,b)].
kept:      348 -I(x,y) | I(f9(y,y),y) | -O(y,y) | P(y,y).  [factor(285,a,b),merge(e)].
kept:      349 B(f17(x,y),y) | -B(x,y).  [factor(290,b,c)].
kept:      350 -P(x,x) | -B(x,y) | P(f8(x,y),x).  [factor(293,b,c)].
kept:      351 -P(x,x) | -B(x,y) | B(f8(x,y),y).  [factor(294,b,c)].
kept:      352 P(f10(x,x),x) | -O(x,x) | P(x,x) | -P(y,x) | B(y,x).  [factor(295,c,d),merge(e)].
kept:      353 P(f10(x,x),x) | -O(x,x) | P(x,x) | B(f13(x),x).  [factor(298,c,d)].
kept:      354 -B(f10(x,x),x) | -O(x,x) | P(x,x) | -P(y,x) | B(y,x).  [factor(303,a,b),merge(d),merge(f)].
kept:      355 -B(f10(x,x),x) | -O(x,x) | P(x,x) | -IC(x,x).  [factor(305,a,b),merge(d)].
kept:      356 -B(f10(x,x),x) | -O(x,x) | P(x,x) | B(f13(x),x).  [factor(306,a,b),merge(d)].
kept:      357 -IC(x,x) | -B(f10(x,x),x) | -P(y,x) | B(y,x).  [factor(315,b,c),merge(d)].
kept:      358 -IC(x,x) | -B(f10(x,x),x).  [factor(318,b,c)].
kept:      359 I(f11(x,x),x) | IC(x,x) | -O(x,x) | P(x,x) | -P(y,x) | B(y,x).  [factor(319,d,e),merge(f)].
kept:      360 I(f11(x,x),x) | IC(x,x) | -O(x,x) | P(x,x) | B(f13(x),x).  [factor(321,d,e)].

============================== end of process initial clauses ========

============================== CLAUSES FOR SEARCH ====================

% Clauses after input processing:

formulas(usable).
end_of_list.

formulas(sos).
198 c1 != null.  [copy(197),flip(a)].
200 c2 != null.  [copy(199),flip(a)].
201 B(c3,c1).  [clausify(1)].
202 B(c4,c2).  [clausify(1)].
203 EQ(c1,c2).  [clausify(1)].
204 null = x | P(x,x).  [clausify(2)].
205 -P(x,y) | -P(y,x) | y = x.  [clausify(3)].
206 -P(x,y) | -P(y,z) | P(x,z).  [clausify(4)].
207 null != x | -P(y,x).  [clausify(5)].
208 null != x | -P(x,y).  [clausify(5)].
209 P(f1(x),x) | P(x,f1(x)) | null = x.  [clausify(5)].
210 null = x | P(x,c5).  [clausify(8)].
211 cuniversal != x | null = y | P(y,x).  [clausify(9)].
213 f3(x) != null | cuniversal = x.  [copy(212),flip(a)].
214 -P(f3(x),x) | cuniversal = x.  [clausify(9)].
215 -B(x,cuniversal).  [clausify(10)].
216 -EQ(x,y) | P(y,x).  [clausify(14)].
217 -EQ(x,y) | P(x,y).  [clausify(14)].
218 -P(x,y) | -P(y,x) | EQ(y,x).  [clausify(14)].
219 -O(x,y) | P(f5(x,y),x).  [clausify(15)].
220 -O(x,y) | P(f5(x,y),y).  [clausify(15)].
221 -P(x,y) | -P(x,z) | O(y,z).  [clausify(15)].
222 -D(x,y) | -O(x,y).  [clausify(16)].
223 O(x,y) | D(x,y).  [clausify(16)].
224 -B(x,y) | -B(y,z) | B(x,z).  [clausify(18)].
225 -P(x,y) | -B(y,z) | B(x,z).  [clausify(19)].
226 -B(x,y) | -P(y,z) | P(x,z).  [clausify(20)].
227 -I(x,y) | P(x,y).  [clausify(22)].
228 -I(x,y) | -B(z,y) | D(z,x).  [clausify(22)].
229 -P(x,y) | B(f6(x,y),y) | I(x,y).  [clausify(22)].
230 -P(x,y) | -D(f6(x,y),x) | I(x,y).  [clausify(22)].
231 -IC(x,y) | -I(z,x) | -I(z,y).  [clausify(30)].
232 null = x | I(f12(x),x).  [clausify(31)].
234 -B(x,y) | -EQ(y,z) | B(f14(y,z),z).  [clausify(35)].
235 B(f15(x,y),x) | -EQ(x,y) | -B(z,y).  [clausify(36)].
236 B(f16(x,y),x) | -B(z,y) | -EQ(x,y).  [clausify(37)].
237 -O(x,sum(y,z)) | O(x,y) | O(x,z).  [clausify(39)].
238 -O(x,y) | O(x,sum(y,z)).  [clausify(39)].
239 -O(x,y) | O(x,sum(z,y)).  [clausify(39)].
240 -P(x,prod(y,z)) | P(x,y).  [clausify(40)].
241 -P(x,prod(y,z)) | P(x,z).  [clausify(40)].
242 -P(x,y) | -P(x,z) | P(x,prod(y,z)).  [clausify(40)].
243 -P(x,compl(y)) | D(x,y).  [clausify(41)].
244 -P(x,diff(y,z)) | P(x,y).  [clausify(42)].
245 -P(x,diff(y,z)) | D(x,z).  [clausify(42)].
246 -P(x,y) | -D(x,z) | P(x,diff(y,z)).  [clausify(42)].
247 compl(x) != y | compl(x) != z | z = y.  [clausify(43)].
248 diff(x,y) != z | diff(x,y) != u | u = z.  [clausify(44)].
249 prod(x,y) != z | prod(x,y) != u | u = z.  [clausify(45)].
250 sum(x,y) != z | sum(x,y) != u | u = z.  [clausify(46)].
251 null = x | null = y | f18(x,y) != null.  [clausify(47)].
253 null = x | null = y | f18(x,y) = sum(x,y).  [copy(252),flip(c)].
254 sum(x,y) = sum(y,x).  [clausify(48)].
255 compl(x) != null | cuniversal = x.  [clausify(49)].
256 cuniversal != x | compl(x) = null.  [clausify(49)].
257 compl(x) != cuniversal | null = x.  [clausify(50)].
258 null != x | compl(x) = cuniversal.  [clausify(50)].
259 prod(x,y) = prod(y,x).  [clausify(51)].
260 diff(x,y) != null | null = x | P(x,y).  [clausify(52)].
261 -D(x,y) | diff(x,y) = x.  [clausify(53)].
262 -P(x,cuniversal) | diff(x,null) = x.  [clausify(54)].
263 -P(x,cuniversal) | sum(null,x) = x.  [clausify(55)].
264 null = x | I(f19(x),x).  [clausify(56)].
265 null = x | -I(y,x) | I(y,f19(x)).  [clausify(56)].
266 null = x | -B(y,f19(x)).  [clausify(56)].
267 bdy(x) = null | B(bdy(x),x).  [clausify(57)].
268 bdy(x) = null | -B(y,x) | P(y,bdy(x)).  [clausify(57)].
269 I(f9(c1,c2),c1).  [resolve(62,a,61,a)].
270 I(f9(c1,c2),c2).  [resolve(63,a,61,a)].
271 -P(x,y) | P(y,x) | P(f2(x,y),y).  [resolve(67,c,68,a)].
272 -P(x,y) | P(y,x) | D(f2(x,y),x).  [resolve(67,c,69,a)].
273 -B(x,y) | P(f2(x,y),y).  [resolve(74,b,68,a)].
274 -B(x,y) | D(f2(x,y),x).  [resolve(74,b,69,a)].
275 -B(x,y) | P(x,y).  [resolve(74,b,70,a)].
276 -B(x,y) | -P(y,x).  [resolve(74,b,71,a)].
277 null = x | P(f4(x),x) | -P(y,x) | EQ(x,y).  [resolve(78,c,80,a)].
278 null = x | -EQ(x,f4(x)) | -P(y,x) | EQ(x,y).  [resolve(81,c,80,a)].
279 -IC(x,y) | O(x,y).  [resolve(90,b,83,a)].
280 -IC(x,y) | -P(x,y).  [resolve(90,b,84,a)].
281 -IC(x,y) | -P(y,x).  [resolve(90,b,85,a)].
282 O(c1,c2).  [resolve(93,a,83,a)].
283 -P(c1,c2).  [resolve(93,a,84,a)].
284 -P(c2,c1).  [resolve(93,a,85,a)].
285 -I(x,y) | -I(x,z) | I(f9(y,z),y) | -O(y,z) | P(y,z) | P(z,y).  [resolve(94,a,82,d)].
286 -I(x,y) | -I(x,z) | I(f9(y,z),z) | -O(y,z) | P(y,z) | P(z,y).  [resolve(95,a,82,d)].
287 B(f7(x,y),y) | -I(x,y) | I(y,x) | -B(z,y).  [resolve(98,d,99,a)].
288 B(f17(x,y),y) | -P(x,y) | P(y,x) | -B(z,y).  [resolve(104,b,99,a)].
289 B(f17(x,y),y) | -P(x,y) | P(y,x) | I(x,y).  [resolve(104,b,100,a)].
291 -P(x,y) | -B(x,z) | -P(y,z) | P(z,y) | P(f8(y,z),y).  [resolve(117,c,109,a)].
292 -P(x,y) | -B(x,z) | -P(y,z) | P(z,y) | B(f8(y,z),z).  [resolve(117,c,110,a)].
293 -P(x,y) | -B(x,z) | -B(y,z) | P(f8(y,z),y).  [resolve(119,c,109,a)].
294 -P(x,y) | -B(x,z) | -B(y,z) | B(f8(y,z),z).  [resolve(119,c,110,a)].
295 P(f10(x,y),x) | -O(x,y) | P(x,y) | P(y,x) | -P(z,x) | -P(z,y) | B(z,x).  [resolve(124,b,125,a)].
296 P(f10(x,y),x) | -O(x,y) | P(x,y) | P(y,x) | -P(z,x) | -P(z,y) | B(z,y).  [resolve(124,b,126,a)].
298 P(f10(x,y),x) | -O(x,y) | P(x,y) | P(y,x) | B(f13(y),y).  [resolve(124,b,128,b)].
299 P(f10(x,y),y) | -O(x,y) | P(x,y) | P(y,x) | -P(z,x) | -P(z,y) | B(z,x).  [resolve(132,b,125,a)].
300 P(f10(x,y),y) | -O(x,y) | P(x,y) | P(y,x) | -P(z,x) | -P(z,y) | B(z,y).  [resolve(132,b,126,a)].
302 P(f10(x,y),y) | -O(x,y) | P(x,y) | P(y,x) | B(f13(y),y).  [resolve(132,b,128,b)].
303 -B(f10(x,y),x) | -B(f10(x,y),y) | -O(x,y) | P(x,y) | P(y,x) | -P(z,x) | -P(z,y) | B(z,x).  [resolve(133,c,125,a)].
304 -B(f10(x,y),x) | -B(f10(x,y),y) | -O(x,y) | P(x,y) | P(y,x) | -P(z,x) | -P(z,y) | B(z,y).  [resolve(133,c,126,a)].
306 -B(f10(x,y),x) | -B(f10(x,y),y) | -O(x,y) | P(x,y) | P(y,x) | B(f13(y),y).  [resolve(133,c,128,b)].
310 -IC(x,y) | P(f10(x,y),x).  [copy(309),merge(c)].
314 -IC(x,y) | P(f10(x,y),y).  [copy(313),merge(c)].
318 -IC(x,y) | -B(f10(x,y),x) | -B(f10(x,y),y).  [copy(317),merge(d)].
319 I(f11(x,y),x) | IC(x,y) | -O(x,y) | P(x,y) | P(y,x) | -P(z,x) | -P(z,y) | B(z,x).  [resolve(137,a,125,a)].
320 I(f11(x,y),x) | IC(x,y) | -O(x,y) | P(x,y) | P(y,x) | -P(z,x) | -P(z,y) | B(z,y).  [resolve(137,a,126,a)].
321 I(f11(x,y),x) | IC(x,y) | -O(x,y) | P(x,y) | P(y,x) | B(f13(y),y).  [resolve(137,a,128,b)].
322 I(f11(x,y),y) | IC(x,y) | -O(x,y) | P(x,y) | P(y,x) | -P(z,x) | -P(z,y) | B(z,x).  [resolve(138,a,125,a)].
323 I(f11(x,y),y) | IC(x,y) | -O(x,y) | P(x,y) | P(y,x) | -P(z,x) | -P(z,y) | B(z,y).  [resolve(138,a,126,a)].
324 I(f11(x,y),y) | IC(x,y) | -O(x,y) | P(x,y) | P(y,x) | B(f13(y),y).  [resolve(138,a,128,b)].
325 P(f10(c1,c2),c1) | -P(x,c1) | -P(x,c2) | B(x,c1).  [resolve(139,b,125,a)].
326 P(f10(c1,c2),c1) | -P(x,c1) | -P(x,c2) | B(x,c2).  [resolve(139,b,126,a)].
327 P(f10(c1,c2),c1) | B(f13(c2),c2).  [resolve(139,b,128,b)].
328 P(f10(c1,c2),c2) | -P(x,c1) | -P(x,c2) | B(x,c1).  [resolve(140,b,125,a)].
329 P(f10(c1,c2),c2) | -P(x,c1) | -P(x,c2) | B(x,c2).  [resolve(140,b,126,a)].
330 P(f10(c1,c2),c2) | B(f13(c2),c2).  [resolve(140,b,128,b)].
331 -B(f10(c1,c2),c1) | -B(f10(c1,c2),c2) | -P(x,c1) | -P(x,c2) | B(x,c1).  [resolve(141,c,125,a)].
332 -B(f10(c1,c2),c1) | -B(f10(c1,c2),c2) | -P(x,c1) | -P(x,c2) | B(x,c2).  [resolve(141,c,126,a)].
333 -B(f10(c1,c2),c1) | -B(f10(c1,c2),c2) | B(f13(c2),c2).  [resolve(141,c,128,b)].
334 I(f11(c1,c2),c1) | IC(c1,c2) | -P(x,c1) | -P(x,c2) | B(x,c1).  [resolve(142,a,125,a)].
335 I(f11(c1,c2),c1) | IC(c1,c2) | -P(x,c1) | -P(x,c2) | B(x,c2).  [resolve(142,a,126,a)].
336 I(f11(c1,c2),c1) | IC(c1,c2) | B(f13(c2),c2).  [resolve(142,a,128,b)].
337 I(f11(c1,c2),c2) | IC(c1,c2) | -P(x,c1) | -P(x,c2) | B(x,c1).  [resolve(143,a,125,a)].
338 I(f11(c1,c2),c2) | IC(c1,c2) | -P(x,c1) | -P(x,c2) | B(x,c2).  [resolve(143,a,126,a)].
339 I(f11(c1,c2),c2) | IC(c1,c2) | B(f13(c2),c2).  [resolve(143,a,128,b)].
340 -P(x,x) | EQ(x,x).  [factor(218,a,b)].
341 -P(x,y) | O(y,y).  [factor(221,a,b)].
342 -IC(x,x) | -I(y,x).  [factor(231,b,c)].
343 -B(x,y) | -I(x,y).  [factor(233,a,b)].
344 -O(x,sum(y,y)) | O(x,y).  [factor(237,b,c)].
345 -P(x,y) | P(x,prod(y,y)).  [factor(242,a,b)].
346 null = x | f18(x,x) != null.  [factor(251,a,b)].
347 null = x | f18(x,x) = sum(x,x).  [factor(253,a,b)].
348 -I(x,y) | I(f9(y,y),y) | -O(y,y) | P(y,y).  [factor(285,a,b),merge(e)].
349 B(f17(x,y),y) | -B(x,y).  [factor(290,b,c)].
350 -P(x,x) | -B(x,y) | P(f8(x,y),x).  [factor(293,b,c)].
351 -P(x,x) | -B(x,y) | B(f8(x,y),y).  [factor(294,b,c)].
352 P(f10(x,x),x) | -O(x,x) | P(x,x) | -P(y,x) | B(y,x).  [factor(295,c,d),merge(e)].
353 P(f10(x,x),x) | -O(x,x) | P(x,x) | B(f13(x),x).  [factor(298,c,d)].
354 -B(f10(x,x),x) | -O(x,x) | P(x,x) | -P(y,x) | B(y,x).  [factor(303,a,b),merge(d),merge(f)].
356 -B(f10(x,x),x) | -O(x,x) | P(x,x) | B(f13(x),x).  [factor(306,a,b),merge(d)].
358 -IC(x,x) | -B(f10(x,x),x).  [factor(318,b,c)].
359 I(f11(x,x),x) | IC(x,x) | -O(x,x) | P(x,x) | -P(y,x) | B(y,x).  [factor(319,d,e),merge(f)].
360 I(f11(x,x),x) | IC(x,x) | -O(x,x) | P(x,x) | B(f13(x),x).  [factor(321,d,e)].
end_of_list.

formulas(demodulators).
254 sum(x,y) = sum(y,x).  [clausify(48)].
        % (lex-dep)
259 prod(x,y) = prod(y,x).  [clausify(51)].
        % (lex-dep)
end_of_list.

============================== end of clauses for search =============

============================== SEARCH ================================

% Starting search at 0.06 seconds.

given #1 (I,wt=3): 198 c1 != null.  [copy(197),flip(a)].

given #2 (I,wt=3): 200 c2 != null.  [copy(199),flip(a)].

given #3 (I,wt=3): 201 B(c3,c1).  [clausify(1)].

given #4 (I,wt=3): 202 B(c4,c2).  [clausify(1)].

given #5 (I,wt=3): 203 EQ(c1,c2).  [clausify(1)].

given #6 (I,wt=6): 204 null = x | P(x,x).  [clausify(2)].

given #7 (I,wt=9): 205 -P(x,y) | -P(y,x) | y = x.  [clausify(3)].

given #8 (I,wt=9): 206 -P(x,y) | -P(y,z) | P(x,z).  [clausify(4)].

given #9 (I,wt=6): 207 null != x | -P(y,x).  [clausify(5)].

given #10 (I,wt=6): 208 null != x | -P(x,y).  [clausify(5)].

given #11 (I,wt=11): 209 P(f1(x),x) | P(x,f1(x)) | null = x.  [clausify(5)].

given #12 (I,wt=6): 210 null = x | P(x,c5).  [clausify(8)].

given #13 (I,wt=9): 211 cuniversal != x | null = y | P(y,x).  [clausify(9)].

given #14 (I,wt=7): 213 f3(x) != null | cuniversal = x.  [copy(212),flip(a)].

given #15 (I,wt=7): 214 -P(f3(x),x) | cuniversal = x.  [clausify(9)].

given #16 (I,wt=3): 215 -B(x,cuniversal).  [clausify(10)].

given #17 (I,wt=6): 216 -EQ(x,y) | P(y,x).  [clausify(14)].
-------- Proof 1 -------- 

============================== PROOF =================================

% Proof 1 at 0.06 (+ 0.01) seconds.
% Length of proof is 12.
% Level of proof is 4.
% Maximum clause weight is 6.000.
% Given clauses 17.

1 -(all x all y (-(x != null & y != null & (exists z B(z,x)) & (exists t B(t,y)) & OV(x,y)) | -EQ(x,y))) # label(non_clause).  [assumption].
14 (all x all y ((-EQ(x,y) | P(y,x) & P(x,y)) & (-(P(y,x) & P(x,y)) | EQ(x,y)))) # label(non_clause).  [assumption].
21 (all x all y ((-IMB(x,y) | O(x,y) & -P(x,y) & -P(y,x)) & (-(O(x,y) & -P(x,y) & -P(y,x)) | IMB(x,y)))) # label(non_clause).  [assumption].
28 (all x all y ((-OV(x,y) | IMB(x,y) & (exists p (I(p,x) & I(p,y)))) & (-(IMB(x,y) & (exists p (I(p,x) & I(p,y)))) | OV(x,y)))) # label(non_clause).  [assumption].
60 -OV(x,y) | IMB(x,y).  [clausify(28)].
61 OV(c1,c2).  [clausify(1)].
85 -IMB(x,y) | -P(y,x).  [clausify(21)].
93 IMB(c1,c2).  [resolve(60,a,61,a)].
203 EQ(c1,c2).  [clausify(1)].
216 -EQ(x,y) | P(y,x).  [clausify(14)].
284 -P(c2,c1).  [resolve(93,a,85,a)].
370 $F.  [resolve(216,a,203,a),unit_del(a,284)].

============================== end of proof ==========================

============================== STATISTICS ============================

Given=17. Generated=295. Kept=166. proofs=1.
Usable=17. Sos=136. Demods=2. Limbo=0, Disabled=359. Hints=0.
Kept_by_rule=0, Deleted_by_rule=0.
Forward_subsumed=128. Back_subsumed=13.
Sos_limit_deleted=0. Sos_displaced=0. Sos_removed=0.
New_demodulators=2 (2 lex), Back_demodulated=0. Back_unit_deleted=0.
Demod_attempts=2607. Demod_rewrites=0.
Res_instance_prunes=0. Para_instance_prunes=0. Basic_paramod_prunes=0.
Nonunit_fsub_feature_tests=396. Nonunit_bsub_feature_tests=377.
Megabytes=0.99.
User_CPU=0.06, System_CPU=0.01, Wall_clock=0.

============================== end of statistics =====================

============================== end of search =========================

THEOREM PROVED

THEOREM PROVED

Exiting with 1 proof.

------ process 8388 exit (max_proofs) ------

Process 8388 exit (max_proofs) Mon Feb  3 12:01:11 2020

========================== MACLEOD SUMMARY ===========================
reasoner: /home/aidin12/macleod/Reasoning/prover9_bin/prover9
status: PROOF
execution finished: Mon Feb 03 12:01:14 2020
total CPU time used: 0
The command was "/home/aidin12/macleod/Reasoning/prover9_bin/prover9 -t100 -f /home/aidin12/macleod/ontologies/after/JEPD/PD/conversions/PD37.all.p9"
============================ end of footer ===========================
