============================== Prover9 ===============================
Prover9 (64) version 2009-11A, November 2009.
Process 8233 was started by aidin12 on aidin12-HP-Pavilion-dv7-Notebook-PC,
Mon Feb  3 12:00:43 2020
The command was "/home/aidin12/macleod/Reasoning/prover9_bin/prover9 -t100 -f /home/aidin12/macleod/ontologies/after/JEPD/PD/conversions/PD40.all.p9".
============================== end of head ===========================

============================== INPUT =================================

% Reading from file /home/aidin12/macleod/ontologies/after/JEPD/PD/conversions/PD40.all.p9


formulas(assumptions).
-(all x all y (-(x != null & y != null & (exists z B(z,x)) & (exists t B(t,y)) & I(x,y)) | -D(x,y))).
(all x (x = null | P(x,x))).
(all x all y (-(P(x,y) & P(y,x)) | x = y)).
(all x all y all z (-(P(x,y) & P(y,z)) | P(x,z))).
(all x ((x != null | (all y (-P(y,x) & -P(x,y)))) & (-(all y (-P(y,x) & -P(x,y))) | x = null))).
(all x all y ((-PI(x,y) | P(y,x)) & (-P(y,x) | PI(x,y)))).
(all x all y (-PP(x,y) | (exists z (P(z,y) & D(z,x))))).
(exists z all x (x = null | P(x,z))).
(all x ((x != cuniversal | (all y (y = null | P(y,x)))) & (-(all y (y = null | P(y,x))) | x = cuniversal))).
-(exists x B(x,cuniversal)).
(all x ((-Point(x) | x != null & (all y (-P(y,x) | EQ(x,y)))) & (-(x != null & (all y (-P(y,x) | EQ(x,y)))) | Point(x)))).
(all x all y ((-PP(x,y) | P(x,y) & -P(y,x)) & (-(P(x,y) & -P(y,x)) | PP(x,y)))).
(all x all y ((-PPI(x,y) | PP(y,x)) & (-PP(y,x) | PPI(x,y)))).
(all x all y ((-EQ(x,y) | P(y,x) & P(x,y)) & (-(P(y,x) & P(x,y)) | EQ(x,y)))).
(all x all y ((-O(x,y) | (exists z (P(z,x) & P(z,y)))) & (-(exists z (P(z,x) & P(z,y))) | O(x,y)))).
(all x all y ((-D(x,y) | -O(x,y)) & (O(x,y) | D(x,y)))).
(all x all y (-B(x,y) | PP(x,y))).
(all x all y all z (-(B(x,y) & B(y,z)) | B(x,z))).
(all x all y all z (-(P(x,y) & B(y,z)) | B(x,z))).
(all x all y all z (-(B(x,y) & P(y,z)) | P(x,z))).
(all x all y ((-IMB(x,y) | O(x,y) & -P(x,y) & -P(y,x)) & (-(O(x,y) & -P(x,y) & -P(y,x)) | IMB(x,y)))).
(all x all y ((-I(x,y) | P(x,y) & (all z (-B(z,y) | D(z,x)))) & (-(P(x,y) & (all z (-B(z,y) | D(z,x)))) | I(x,y)))).
(all x all y ((-II(x,y) | I(y,x)) & (-I(y,x) | II(x,y)))).
(all x all y ((-IP(x,y) | -(exists t B(t,y)) & I(x,y) & -I(y,x)) & (-(-(exists t B(t,y)) & I(x,y) & -I(y,x)) | IP(x,y)))).
(all x all y ((-IPI(x,y) | IP(y,x)) & (-IP(y,x) | IPI(x,y)))).
(all x all y ((-TPP(x,y) | PP(x,y) & (exists z (P(z,x) & B(z,y)))) & (-(PP(x,y) & (exists z (P(z,x) & B(z,y)))) | TPP(x,y)))).
(all x all y ((-TPPI(x,y) | TPP(y,x)) & (-TPP(y,x) | TPPI(x,y)))).
(all x all y ((-OV(x,y) | IMB(x,y) & (exists p (I(p,x) & I(p,y)))) & (-(IMB(x,y) & (exists p (I(p,x) & I(p,y)))) | OV(x,y)))).
(all x all y ((-EC(x,y) | IMB(x,y) & (all z (-(P(z,x) & P(z,y)) | B(z,x) & B(z,y)))) & (-(IMB(x,y) & (all z (-(P(z,x) & P(z,y)) | B(z,x) & B(z,y)))) | EC(x,y)))).
(all x all y ((-IC(x,y) | IMB(x,y) & -EC(x,y) & -(exists p (I(p,x) & I(p,y)))) & (-(IMB(x,y) & -EC(x,y) & -(exists p (I(p,x) & I(p,y)))) | IC(x,y)))).
(all x (x = null | (exists y I(y,x)))).
(all x ((exists z B(z,x)) | -(exists y EC(y,x)))).
(all x (-(exists z B(z,x)) | (all y (-B(y,x) | -I(y,x))))).
(all x (-(exists z B(z,x)) | (all y (-I(y,x) | -B(y,x))))).
(all x all y (-((exists z B(z,x)) & EQ(x,y)) | (exists t B(t,y)))).
(all x all y (-(-(exists z B(z,x)) & EQ(x,y)) | -(exists t B(t,y)))).
(all x all y (-(-(exists z B(z,x)) & (exists t B(t,y))) | -EQ(x,y))).
(all x all y (-(PP(x,y) & -(exists z B(z,y))) | IP(x,y))).
(all x all y all w ((-O(w,sum(x,y)) | O(w,x) | O(w,y)) & (-(O(w,x) | O(w,y)) | O(w,sum(x,y))))).
(all x all y all w ((-P(w,prod(x,y)) | P(w,x) & P(w,y)) & (-(P(w,x) & P(w,y)) | P(w,prod(x,y))))).
(all x all w ((-P(w,compl(x)) | D(w,x) & P(w,compl(x))) & (-(D(w,x) & P(w,compl(x))) | P(w,compl(x))))).
(all x all y all w ((-P(w,diff(x,y)) | P(w,x) & D(w,y)) & (-(P(w,x) & D(w,y)) | P(w,diff(x,y))))).
(all x all z all t (-(compl(x) = z & compl(x) = t) | z = t)).
(all x all y all z all t (-(diff(x,y) = z & diff(x,y) = t) | z = t)).
(all x all y all z all t (-(prod(x,y) = z & prod(x,y) = t) | z = t)).
(all x all y all z all t (-(sum(x,y) = z & sum(x,y) = t) | z = t)).
(all x all y (-(x != null & y != null) | (exists z (z != null & z = sum(x,y))))).
(all x all y sum(x,y) = sum(y,x)).
(all x ((compl(x) != null | x = cuniversal) & (x != cuniversal | compl(x) = null))).
(all x ((compl(x) != cuniversal | x = null) & (x != null | compl(x) = cuniversal))).
(all x all y prod(x,y) = prod(y,x)).
(all x all y (diff(x,y) != null | x = null | P(x,y))).
(all x all y (-D(x,y) | diff(x,y) = x)).
(all x (-P(x,cuniversal) | diff(x,null) = x)).
(all x (-P(x,cuniversal) | sum(null,x) = x)).
(all x (x = null | (exists z (I(z,x) & (all u (-I(u,x) | I(u,z))) & -(exists y B(y,z)))))).
(all x (bdy(x) = null | B(bdy(x),x) & (all z (-B(z,x) | P(z,bdy(x)))))).
(all x ((x != null | -P(x,x)) & (P(x,x) | x = null))).
(all x ((-P(x,x) | x != null) & (x = null | P(x,x)))).
end_of_list.

============================== end of input ==========================

% From the command line: assign(max_seconds, 100).

============================== PROCESS NON-CLAUSAL FORMULAS ==========

% Formulas that are not ordinary clauses:
1 -(all x all y (-(x != null & y != null & (exists z B(z,x)) & (exists t B(t,y)) & I(x,y)) | -D(x,y))) # label(non_clause).  [assumption].
2 (all x (x = null | P(x,x))) # label(non_clause).  [assumption].
3 (all x all y (-(P(x,y) & P(y,x)) | x = y)) # label(non_clause).  [assumption].
4 (all x all y all z (-(P(x,y) & P(y,z)) | P(x,z))) # label(non_clause).  [assumption].
5 (all x ((x != null | (all y (-P(y,x) & -P(x,y)))) & (-(all y (-P(y,x) & -P(x,y))) | x = null))) # label(non_clause).  [assumption].
6 (all x all y ((-PI(x,y) | P(y,x)) & (-P(y,x) | PI(x,y)))) # label(non_clause).  [assumption].
7 (all x all y (-PP(x,y) | (exists z (P(z,y) & D(z,x))))) # label(non_clause).  [assumption].
8 (exists z all x (x = null | P(x,z))) # label(non_clause).  [assumption].
9 (all x ((x != cuniversal | (all y (y = null | P(y,x)))) & (-(all y (y = null | P(y,x))) | x = cuniversal))) # label(non_clause).  [assumption].
10 -(exists x B(x,cuniversal)) # label(non_clause).  [assumption].
11 (all x ((-Point(x) | x != null & (all y (-P(y,x) | EQ(x,y)))) & (-(x != null & (all y (-P(y,x) | EQ(x,y)))) | Point(x)))) # label(non_clause).  [assumption].
12 (all x all y ((-PP(x,y) | P(x,y) & -P(y,x)) & (-(P(x,y) & -P(y,x)) | PP(x,y)))) # label(non_clause).  [assumption].
13 (all x all y ((-PPI(x,y) | PP(y,x)) & (-PP(y,x) | PPI(x,y)))) # label(non_clause).  [assumption].
14 (all x all y ((-EQ(x,y) | P(y,x) & P(x,y)) & (-(P(y,x) & P(x,y)) | EQ(x,y)))) # label(non_clause).  [assumption].
15 (all x all y ((-O(x,y) | (exists z (P(z,x) & P(z,y)))) & (-(exists z (P(z,x) & P(z,y))) | O(x,y)))) # label(non_clause).  [assumption].
16 (all x all y ((-D(x,y) | -O(x,y)) & (O(x,y) | D(x,y)))) # label(non_clause).  [assumption].
17 (all x all y (-B(x,y) | PP(x,y))) # label(non_clause).  [assumption].
18 (all x all y all z (-(B(x,y) & B(y,z)) | B(x,z))) # label(non_clause).  [assumption].
19 (all x all y all z (-(P(x,y) & B(y,z)) | B(x,z))) # label(non_clause).  [assumption].
20 (all x all y all z (-(B(x,y) & P(y,z)) | P(x,z))) # label(non_clause).  [assumption].
21 (all x all y ((-IMB(x,y) | O(x,y) & -P(x,y) & -P(y,x)) & (-(O(x,y) & -P(x,y) & -P(y,x)) | IMB(x,y)))) # label(non_clause).  [assumption].
22 (all x all y ((-I(x,y) | P(x,y) & (all z (-B(z,y) | D(z,x)))) & (-(P(x,y) & (all z (-B(z,y) | D(z,x)))) | I(x,y)))) # label(non_clause).  [assumption].
23 (all x all y ((-II(x,y) | I(y,x)) & (-I(y,x) | II(x,y)))) # label(non_clause).  [assumption].
24 (all x all y ((-IP(x,y) | -(exists t B(t,y)) & I(x,y) & -I(y,x)) & (-(-(exists t B(t,y)) & I(x,y) & -I(y,x)) | IP(x,y)))) # label(non_clause).  [assumption].
25 (all x all y ((-IPI(x,y) | IP(y,x)) & (-IP(y,x) | IPI(x,y)))) # label(non_clause).  [assumption].
26 (all x all y ((-TPP(x,y) | PP(x,y) & (exists z (P(z,x) & B(z,y)))) & (-(PP(x,y) & (exists z (P(z,x) & B(z,y)))) | TPP(x,y)))) # label(non_clause).  [assumption].
27 (all x all y ((-TPPI(x,y) | TPP(y,x)) & (-TPP(y,x) | TPPI(x,y)))) # label(non_clause).  [assumption].
28 (all x all y ((-OV(x,y) | IMB(x,y) & (exists p (I(p,x) & I(p,y)))) & (-(IMB(x,y) & (exists p (I(p,x) & I(p,y)))) | OV(x,y)))) # label(non_clause).  [assumption].
29 (all x all y ((-EC(x,y) | IMB(x,y) & (all z (-(P(z,x) & P(z,y)) | B(z,x) & B(z,y)))) & (-(IMB(x,y) & (all z (-(P(z,x) & P(z,y)) | B(z,x) & B(z,y)))) | EC(x,y)))) # label(non_clause).  [assumption].
30 (all x all y ((-IC(x,y) | IMB(x,y) & -EC(x,y) & -(exists p (I(p,x) & I(p,y)))) & (-(IMB(x,y) & -EC(x,y) & -(exists p (I(p,x) & I(p,y)))) | IC(x,y)))) # label(non_clause).  [assumption].
31 (all x (x = null | (exists y I(y,x)))) # label(non_clause).  [assumption].
32 (all x ((exists z B(z,x)) | -(exists y EC(y,x)))) # label(non_clause).  [assumption].
33 (all x (-(exists z B(z,x)) | (all y (-B(y,x) | -I(y,x))))) # label(non_clause).  [assumption].
34 (all x (-(exists z B(z,x)) | (all y (-I(y,x) | -B(y,x))))) # label(non_clause).  [assumption].
35 (all x all y (-((exists z B(z,x)) & EQ(x,y)) | (exists t B(t,y)))) # label(non_clause).  [assumption].
36 (all x all y (-(-(exists z B(z,x)) & EQ(x,y)) | -(exists t B(t,y)))) # label(non_clause).  [assumption].
37 (all x all y (-(-(exists z B(z,x)) & (exists t B(t,y))) | -EQ(x,y))) # label(non_clause).  [assumption].
38 (all x all y (-(PP(x,y) & -(exists z B(z,y))) | IP(x,y))) # label(non_clause).  [assumption].
39 (all x all y all w ((-O(w,sum(x,y)) | O(w,x) | O(w,y)) & (-(O(w,x) | O(w,y)) | O(w,sum(x,y))))) # label(non_clause).  [assumption].
40 (all x all y all w ((-P(w,prod(x,y)) | P(w,x) & P(w,y)) & (-(P(w,x) & P(w,y)) | P(w,prod(x,y))))) # label(non_clause).  [assumption].
41 (all x all w ((-P(w,compl(x)) | D(w,x) & P(w,compl(x))) & (-(D(w,x) & P(w,compl(x))) | P(w,compl(x))))) # label(non_clause).  [assumption].
42 (all x all y all w ((-P(w,diff(x,y)) | P(w,x) & D(w,y)) & (-(P(w,x) & D(w,y)) | P(w,diff(x,y))))) # label(non_clause).  [assumption].
43 (all x all z all t (-(compl(x) = z & compl(x) = t) | z = t)) # label(non_clause).  [assumption].
44 (all x all y all z all t (-(diff(x,y) = z & diff(x,y) = t) | z = t)) # label(non_clause).  [assumption].
45 (all x all y all z all t (-(prod(x,y) = z & prod(x,y) = t) | z = t)) # label(non_clause).  [assumption].
46 (all x all y all z all t (-(sum(x,y) = z & sum(x,y) = t) | z = t)) # label(non_clause).  [assumption].
47 (all x all y (-(x != null & y != null) | (exists z (z != null & z = sum(x,y))))) # label(non_clause).  [assumption].
48 (all x all y sum(x,y) = sum(y,x)) # label(non_clause).  [assumption].
49 (all x ((compl(x) != null | x = cuniversal) & (x != cuniversal | compl(x) = null))) # label(non_clause).  [assumption].
50 (all x ((compl(x) != cuniversal | x = null) & (x != null | compl(x) = cuniversal))) # label(non_clause).  [assumption].
51 (all x all y prod(x,y) = prod(y,x)) # label(non_clause).  [assumption].
52 (all x all y (diff(x,y) != null | x = null | P(x,y))) # label(non_clause).  [assumption].
53 (all x all y (-D(x,y) | diff(x,y) = x)) # label(non_clause).  [assumption].
54 (all x (-P(x,cuniversal) | diff(x,null) = x)) # label(non_clause).  [assumption].
55 (all x (-P(x,cuniversal) | sum(null,x) = x)) # label(non_clause).  [assumption].
56 (all x (x = null | (exists z (I(z,x) & (all u (-I(u,x) | I(u,z))) & -(exists y B(y,z)))))) # label(non_clause).  [assumption].
57 (all x (bdy(x) = null | B(bdy(x),x) & (all z (-B(z,x) | P(z,bdy(x)))))) # label(non_clause).  [assumption].
58 (all x ((x != null | -P(x,x)) & (P(x,x) | x = null))) # label(non_clause).  [assumption].
59 (all x ((-P(x,x) | x != null) & (x = null | P(x,x)))) # label(non_clause).  [assumption].

============================== end of process non-clausal formulas ===

============================== PROCESS INITIAL CLAUSES ===============

% Clauses before input processing:

formulas(usable).
end_of_list.

formulas(sos).
null != c1.  [clausify(1)].
null != c2.  [clausify(1)].
B(c3,c1).  [clausify(1)].
B(c4,c2).  [clausify(1)].
I(c1,c2).  [clausify(1)].
D(c1,c2).  [clausify(1)].
null = x | P(x,x).  [clausify(2)].
-P(x,y) | -P(y,x) | y = x.  [clausify(3)].
-P(x,y) | -P(y,z) | P(x,z).  [clausify(4)].
null != x | -P(y,x).  [clausify(5)].
null != x | -P(x,y).  [clausify(5)].
P(f1(x),x) | P(x,f1(x)) | null = x.  [clausify(5)].
-PI(x,y) | P(y,x).  [clausify(6)].
-P(x,y) | PI(y,x).  [clausify(6)].
-PP(x,y) | P(f2(x,y),y).  [clausify(7)].
-PP(x,y) | D(f2(x,y),x).  [clausify(7)].
null = x | P(x,c5).  [clausify(8)].
cuniversal != x | null = y | P(y,x).  [clausify(9)].
null != f3(x) | cuniversal = x.  [clausify(9)].
-P(f3(x),x) | cuniversal = x.  [clausify(9)].
-B(x,cuniversal).  [clausify(10)].
-Point(x) | null != x.  [clausify(11)].
-Point(x) | -P(y,x) | EQ(x,y).  [clausify(11)].
null = x | P(f4(x),x) | Point(x).  [clausify(11)].
null = x | -EQ(x,f4(x)) | Point(x).  [clausify(11)].
-PP(x,y) | P(x,y).  [clausify(12)].
-PP(x,y) | -P(y,x).  [clausify(12)].
-P(x,y) | P(y,x) | PP(x,y).  [clausify(12)].
-PPI(x,y) | PP(y,x).  [clausify(13)].
-PP(x,y) | PPI(y,x).  [clausify(13)].
-EQ(x,y) | P(y,x).  [clausify(14)].
-EQ(x,y) | P(x,y).  [clausify(14)].
-P(x,y) | -P(y,x) | EQ(y,x).  [clausify(14)].
-O(x,y) | P(f5(x,y),x).  [clausify(15)].
-O(x,y) | P(f5(x,y),y).  [clausify(15)].
-P(x,y) | -P(x,z) | O(y,z).  [clausify(15)].
-D(x,y) | -O(x,y).  [clausify(16)].
O(x,y) | D(x,y).  [clausify(16)].
-B(x,y) | PP(x,y).  [clausify(17)].
-B(x,y) | -B(y,z) | B(x,z).  [clausify(18)].
-P(x,y) | -B(y,z) | B(x,z).  [clausify(19)].
-B(x,y) | -P(y,z) | P(x,z).  [clausify(20)].
-IMB(x,y) | O(x,y).  [clausify(21)].
-IMB(x,y) | -P(x,y).  [clausify(21)].
-IMB(x,y) | -P(y,x).  [clausify(21)].
-O(x,y) | P(x,y) | P(y,x) | IMB(x,y).  [clausify(21)].
-I(x,y) | P(x,y).  [clausify(22)].
-I(x,y) | -B(z,y) | D(z,x).  [clausify(22)].
-P(x,y) | B(f6(x,y),y) | I(x,y).  [clausify(22)].
-P(x,y) | -D(f6(x,y),x) | I(x,y).  [clausify(22)].
-II(x,y) | I(y,x).  [clausify(23)].
-I(x,y) | II(y,x).  [clausify(23)].
-IP(x,y) | -B(z,y).  [clausify(24)].
-IP(x,y) | I(x,y).  [clausify(24)].
-IP(x,y) | -I(y,x).  [clausify(24)].
B(f7(x,y),y) | -I(x,y) | I(y,x) | IP(x,y).  [clausify(24)].
-IPI(x,y) | IP(y,x).  [clausify(25)].
-IP(x,y) | IPI(y,x).  [clausify(25)].
-TPP(x,y) | PP(x,y).  [clausify(26)].
-TPP(x,y) | P(f8(x,y),x).  [clausify(26)].
-TPP(x,y) | B(f8(x,y),y).  [clausify(26)].
-PP(x,y) | -P(z,x) | -B(z,y) | TPP(x,y).  [clausify(26)].
-TPPI(x,y) | TPP(y,x).  [clausify(27)].
-TPP(x,y) | TPPI(y,x).  [clausify(27)].
-OV(x,y) | IMB(x,y).  [clausify(28)].
-OV(x,y) | I(f9(x,y),x).  [clausify(28)].
-OV(x,y) | I(f9(x,y),y).  [clausify(28)].
-IMB(x,y) | -I(z,x) | -I(z,y) | OV(x,y).  [clausify(28)].
-EC(x,y) | IMB(x,y).  [clausify(29)].
-EC(x,y) | -P(z,x) | -P(z,y) | B(z,x).  [clausify(29)].
-EC(x,y) | -P(z,x) | -P(z,y) | B(z,y).  [clausify(29)].
-IMB(x,y) | P(f10(x,y),x) | EC(x,y).  [clausify(29)].
-IMB(x,y) | P(f10(x,y),y) | EC(x,y).  [clausify(29)].
-IMB(x,y) | -B(f10(x,y),x) | -B(f10(x,y),y) | EC(x,y).  [clausify(29)].
-IC(x,y) | IMB(x,y).  [clausify(30)].
-IC(x,y) | -EC(x,y).  [clausify(30)].
-IC(x,y) | -I(z,x) | -I(z,y).  [clausify(30)].
-IMB(x,y) | EC(x,y) | I(f11(x,y),x) | IC(x,y).  [clausify(30)].
-IMB(x,y) | EC(x,y) | I(f11(x,y),y) | IC(x,y).  [clausify(30)].
null = x | I(f12(x),x).  [clausify(31)].
B(f13(x),x) | -EC(y,x).  [clausify(32)].
-B(x,y) | -B(z,y) | -I(z,y).  [clausify(33)].
-B(x,y) | -I(z,y) | -B(z,y).  [clausify(34)].
-B(x,y) | -EQ(y,z) | B(f14(y,z),z).  [clausify(35)].
B(f15(x,y),x) | -EQ(x,y) | -B(z,y).  [clausify(36)].
B(f16(x,y),x) | -B(z,y) | -EQ(x,y).  [clausify(37)].
-PP(x,y) | B(f17(x,y),y) | IP(x,y).  [clausify(38)].
-O(x,sum(y,z)) | O(x,y) | O(x,z).  [clausify(39)].
-O(x,y) | O(x,sum(y,z)).  [clausify(39)].
-O(x,y) | O(x,sum(z,y)).  [clausify(39)].
-P(x,prod(y,z)) | P(x,y).  [clausify(40)].
-P(x,prod(y,z)) | P(x,z).  [clausify(40)].
-P(x,y) | -P(x,z) | P(x,prod(y,z)).  [clausify(40)].
-P(x,compl(y)) | D(x,y).  [clausify(41)].
-P(x,diff(y,z)) | P(x,y).  [clausify(42)].
-P(x,diff(y,z)) | D(x,z).  [clausify(42)].
-P(x,y) | -D(x,z) | P(x,diff(y,z)).  [clausify(42)].
compl(x) != y | compl(x) != z | z = y.  [clausify(43)].
diff(x,y) != z | diff(x,y) != u | u = z.  [clausify(44)].
prod(x,y) != z | prod(x,y) != u | u = z.  [clausify(45)].
sum(x,y) != z | sum(x,y) != u | u = z.  [clausify(46)].
null = x | null = y | f18(x,y) != null.  [clausify(47)].
null = x | null = y | sum(x,y) = f18(x,y).  [clausify(47)].
sum(x,y) = sum(y,x).  [clausify(48)].
compl(x) != null | cuniversal = x.  [clausify(49)].
cuniversal != x | compl(x) = null.  [clausify(49)].
compl(x) != cuniversal | null = x.  [clausify(50)].
null != x | compl(x) = cuniversal.  [clausify(50)].
prod(x,y) = prod(y,x).  [clausify(51)].
diff(x,y) != null | null = x | P(x,y).  [clausify(52)].
-D(x,y) | diff(x,y) = x.  [clausify(53)].
-P(x,cuniversal) | diff(x,null) = x.  [clausify(54)].
-P(x,cuniversal) | sum(null,x) = x.  [clausify(55)].
null = x | I(f19(x),x).  [clausify(56)].
null = x | -I(y,x) | I(y,f19(x)).  [clausify(56)].
null = x | -B(y,f19(x)).  [clausify(56)].
bdy(x) = null | B(bdy(x),x).  [clausify(57)].
bdy(x) = null | -B(y,x) | P(y,bdy(x)).  [clausify(57)].
null != x | -P(x,x).  [clausify(58)].
P(x,x) | null = x.  [clausify(58)].
-P(x,x) | null != x.  [clausify(59)].
null = x | P(x,x).  [clausify(59)].
end_of_list.

formulas(demodulators).
end_of_list.

============================== PREDICATE ELIMINATION =================

Eliminating PI/2
60 -P(x,y) | PI(y,x).  [clausify(6)].
61 -PI(x,y) | P(y,x).  [clausify(6)].

Eliminating PP/2
62 -P(x,y) | P(y,x) | PP(x,y).  [clausify(12)].
63 -PP(x,y) | P(f2(x,y),y).  [clausify(7)].
64 -PP(x,y) | D(f2(x,y),x).  [clausify(7)].
65 -PP(x,y) | P(x,y).  [clausify(12)].
66 -PP(x,y) | -P(y,x).  [clausify(12)].
Derived: -P(x,y) | P(y,x) | P(f2(x,y),y).  [resolve(62,c,63,a)].
Derived: -P(x,y) | P(y,x) | D(f2(x,y),x).  [resolve(62,c,64,a)].
67 -PPI(x,y) | PP(y,x).  [clausify(13)].
Derived: -PPI(x,y) | P(f2(y,x),x).  [resolve(67,b,63,a)].
Derived: -PPI(x,y) | D(f2(y,x),y).  [resolve(67,b,64,a)].
Derived: -PPI(x,y) | P(y,x).  [resolve(67,b,65,a)].
Derived: -PPI(x,y) | -P(x,y).  [resolve(67,b,66,a)].
68 -PP(x,y) | PPI(y,x).  [clausify(13)].
Derived: PPI(x,y) | -P(y,x) | P(x,y).  [resolve(68,a,62,c)].
69 -B(x,y) | PP(x,y).  [clausify(17)].
Derived: -B(x,y) | P(f2(x,y),y).  [resolve(69,b,63,a)].
Derived: -B(x,y) | D(f2(x,y),x).  [resolve(69,b,64,a)].
Derived: -B(x,y) | P(x,y).  [resolve(69,b,65,a)].
Derived: -B(x,y) | -P(y,x).  [resolve(69,b,66,a)].
Derived: -B(x,y) | PPI(y,x).  [resolve(69,b,68,a)].
70 -TPP(x,y) | PP(x,y).  [clausify(26)].
Derived: -TPP(x,y) | P(f2(x,y),y).  [resolve(70,b,63,a)].
Derived: -TPP(x,y) | D(f2(x,y),x).  [resolve(70,b,64,a)].
Derived: -TPP(x,y) | P(x,y).  [resolve(70,b,65,a)].
Derived: -TPP(x,y) | -P(y,x).  [resolve(70,b,66,a)].
Derived: -TPP(x,y) | PPI(y,x).  [resolve(70,b,68,a)].
71 -PP(x,y) | -P(z,x) | -B(z,y) | TPP(x,y).  [clausify(26)].
Derived: -P(x,y) | -B(x,z) | TPP(y,z) | -P(y,z) | P(z,y).  [resolve(71,a,62,c)].
Derived: -P(x,y) | -B(x,z) | TPP(y,z) | -PPI(z,y).  [resolve(71,a,67,b)].
Derived: -P(x,y) | -B(x,z) | TPP(y,z) | -B(y,z).  [resolve(71,a,69,b)].
72 -PP(x,y) | B(f17(x,y),y) | IP(x,y).  [clausify(38)].
Derived: B(f17(x,y),y) | IP(x,y) | -P(x,y) | P(y,x).  [resolve(72,a,62,c)].
Derived: B(f17(x,y),y) | IP(x,y) | -PPI(y,x).  [resolve(72,a,67,b)].
Derived: B(f17(x,y),y) | IP(x,y) | -B(x,y).  [resolve(72,a,69,b)].
Derived: B(f17(x,y),y) | IP(x,y) | -TPP(x,y).  [resolve(72,a,70,b)].

Eliminating Point/1
73 null = x | P(f4(x),x) | Point(x).  [clausify(11)].
74 -Point(x) | null != x.  [clausify(11)].
75 -Point(x) | -P(y,x) | EQ(x,y).  [clausify(11)].
Derived: null = x | P(f4(x),x) | -P(y,x) | EQ(x,y).  [resolve(73,c,75,a)].
76 null = x | -EQ(x,f4(x)) | Point(x).  [clausify(11)].
Derived: null = x | -EQ(x,f4(x)) | -P(y,x) | EQ(x,y).  [resolve(76,c,75,a)].

Eliminating IMB/2
77 -O(x,y) | P(x,y) | P(y,x) | IMB(x,y).  [clausify(21)].
78 -IMB(x,y) | O(x,y).  [clausify(21)].
79 -IMB(x,y) | -P(x,y).  [clausify(21)].
80 -IMB(x,y) | -P(y,x).  [clausify(21)].
81 -OV(x,y) | IMB(x,y).  [clausify(28)].
Derived: -OV(x,y) | O(x,y).  [resolve(81,b,78,a)].
Derived: -OV(x,y) | -P(x,y).  [resolve(81,b,79,a)].
Derived: -OV(x,y) | -P(y,x).  [resolve(81,b,80,a)].
82 -IMB(x,y) | -I(z,x) | -I(z,y) | OV(x,y).  [clausify(28)].
Derived: -I(x,y) | -I(x,z) | OV(y,z) | -O(y,z) | P(y,z) | P(z,y).  [resolve(82,a,77,d)].
83 -EC(x,y) | IMB(x,y).  [clausify(29)].
Derived: -EC(x,y) | O(x,y).  [resolve(83,b,78,a)].
Derived: -EC(x,y) | -P(x,y).  [resolve(83,b,79,a)].
Derived: -EC(x,y) | -P(y,x).  [resolve(83,b,80,a)].
Derived: -EC(x,y) | -I(z,x) | -I(z,y) | OV(x,y).  [resolve(83,b,82,a)].
84 -IMB(x,y) | P(f10(x,y),x) | EC(x,y).  [clausify(29)].
Derived: P(f10(x,y),x) | EC(x,y) | -O(x,y) | P(x,y) | P(y,x).  [resolve(84,a,77,d)].
Derived: P(f10(x,y),x) | EC(x,y) | -OV(x,y).  [resolve(84,a,81,b)].
85 -IMB(x,y) | P(f10(x,y),y) | EC(x,y).  [clausify(29)].
Derived: P(f10(x,y),y) | EC(x,y) | -O(x,y) | P(x,y) | P(y,x).  [resolve(85,a,77,d)].
Derived: P(f10(x,y),y) | EC(x,y) | -OV(x,y).  [resolve(85,a,81,b)].
86 -IMB(x,y) | -B(f10(x,y),x) | -B(f10(x,y),y) | EC(x,y).  [clausify(29)].
Derived: -B(f10(x,y),x) | -B(f10(x,y),y) | EC(x,y) | -O(x,y) | P(x,y) | P(y,x).  [resolve(86,a,77,d)].
Derived: -B(f10(x,y),x) | -B(f10(x,y),y) | EC(x,y) | -OV(x,y).  [resolve(86,a,81,b)].
87 -IC(x,y) | IMB(x,y).  [clausify(30)].
Derived: -IC(x,y) | O(x,y).  [resolve(87,b,78,a)].
Derived: -IC(x,y) | -P(x,y).  [resolve(87,b,79,a)].
Derived: -IC(x,y) | -P(y,x).  [resolve(87,b,80,a)].
Derived: -IC(x,y) | P(f10(x,y),x) | EC(x,y).  [resolve(87,b,84,a)].
Derived: -IC(x,y) | P(f10(x,y),y) | EC(x,y).  [resolve(87,b,85,a)].
Derived: -IC(x,y) | -B(f10(x,y),x) | -B(f10(x,y),y) | EC(x,y).  [resolve(87,b,86,a)].
88 -IMB(x,y) | EC(x,y) | I(f11(x,y),x) | IC(x,y).  [clausify(30)].
Derived: EC(x,y) | I(f11(x,y),x) | IC(x,y) | -O(x,y) | P(x,y) | P(y,x).  [resolve(88,a,77,d)].
Derived: EC(x,y) | I(f11(x,y),x) | IC(x,y) | -OV(x,y).  [resolve(88,a,81,b)].
89 -IMB(x,y) | EC(x,y) | I(f11(x,y),y) | IC(x,y).  [clausify(30)].
Derived: EC(x,y) | I(f11(x,y),y) | IC(x,y) | -O(x,y) | P(x,y) | P(y,x).  [resolve(89,a,77,d)].
Derived: EC(x,y) | I(f11(x,y),y) | IC(x,y) | -OV(x,y).  [resolve(89,a,81,b)].

Eliminating II/2
90 -I(x,y) | II(y,x).  [clausify(23)].
91 -II(x,y) | I(y,x).  [clausify(23)].

Eliminating IP/2
92 B(f7(x,y),y) | -I(x,y) | I(y,x) | IP(x,y).  [clausify(24)].
93 -IP(x,y) | -B(z,y).  [clausify(24)].
94 -IP(x,y) | I(x,y).  [clausify(24)].
95 -IP(x,y) | -I(y,x).  [clausify(24)].
Derived: B(f7(x,y),y) | -I(x,y) | I(y,x) | -B(z,y).  [resolve(92,d,93,a)].
96 -IPI(x,y) | IP(y,x).  [clausify(25)].
Derived: -IPI(x,y) | -B(z,x).  [resolve(96,b,93,a)].
Derived: -IPI(x,y) | I(y,x).  [resolve(96,b,94,a)].
Derived: -IPI(x,y) | -I(x,y).  [resolve(96,b,95,a)].
97 -IP(x,y) | IPI(y,x).  [clausify(25)].
Derived: IPI(x,y) | B(f7(y,x),x) | -I(y,x) | I(x,y).  [resolve(97,a,92,d)].
98 B(f17(x,y),y) | IP(x,y) | -P(x,y) | P(y,x).  [resolve(72,a,62,c)].
Derived: B(f17(x,y),y) | -P(x,y) | P(y,x) | -B(z,y).  [resolve(98,b,93,a)].
Derived: B(f17(x,y),y) | -P(x,y) | P(y,x) | I(x,y).  [resolve(98,b,94,a)].
Derived: B(f17(x,y),y) | -P(x,y) | P(y,x) | -I(y,x).  [resolve(98,b,95,a)].
Derived: B(f17(x,y),y) | -P(x,y) | P(y,x) | IPI(y,x).  [resolve(98,b,97,a)].
99 B(f17(x,y),y) | IP(x,y) | -PPI(y,x).  [resolve(72,a,67,b)].
Derived: B(f17(x,y),y) | -PPI(y,x) | -B(z,y).  [resolve(99,b,93,a)].
Derived: B(f17(x,y),y) | -PPI(y,x) | I(x,y).  [resolve(99,b,94,a)].
Derived: B(f17(x,y),y) | -PPI(y,x) | -I(y,x).  [resolve(99,b,95,a)].
Derived: B(f17(x,y),y) | -PPI(y,x) | IPI(y,x).  [resolve(99,b,97,a)].
100 B(f17(x,y),y) | IP(x,y) | -B(x,y).  [resolve(72,a,69,b)].
Derived: B(f17(x,y),y) | -B(x,y) | -B(z,y).  [resolve(100,b,93,a)].
101 B(f17(x,y),y) | IP(x,y) | -TPP(x,y).  [resolve(72,a,70,b)].
Derived: B(f17(x,y),y) | -TPP(x,y) | -B(z,y).  [resolve(101,b,93,a)].
Derived: B(f17(x,y),y) | -TPP(x,y) | I(x,y).  [resolve(101,b,94,a)].
Derived: B(f17(x,y),y) | -TPP(x,y) | -I(y,x).  [resolve(101,b,95,a)].
Derived: B(f17(x,y),y) | -TPP(x,y) | IPI(y,x).  [resolve(101,b,97,a)].

Eliminating TPP/2
102 -TPPI(x,y) | TPP(y,x).  [clausify(27)].
103 -TPP(x,y) | P(f8(x,y),x).  [clausify(26)].
104 -TPP(x,y) | B(f8(x,y),y).  [clausify(26)].
Derived: -TPPI(x,y) | P(f8(y,x),y).  [resolve(102,b,103,a)].
Derived: -TPPI(x,y) | B(f8(y,x),x).  [resolve(102,b,104,a)].
105 -TPP(x,y) | TPPI(y,x).  [clausify(27)].
106 -TPP(x,y) | P(f2(x,y),y).  [resolve(70,b,63,a)].
Derived: P(f2(x,y),y) | -TPPI(y,x).  [resolve(106,a,102,b)].
107 -TPP(x,y) | D(f2(x,y),x).  [resolve(70,b,64,a)].
Derived: D(f2(x,y),x) | -TPPI(y,x).  [resolve(107,a,102,b)].
108 -TPP(x,y) | P(x,y).  [resolve(70,b,65,a)].
Derived: P(x,y) | -TPPI(y,x).  [resolve(108,a,102,b)].
109 -TPP(x,y) | -P(y,x).  [resolve(70,b,66,a)].
Derived: -P(x,y) | -TPPI(x,y).  [resolve(109,a,102,b)].
110 -TPP(x,y) | PPI(y,x).  [resolve(70,b,68,a)].
Derived: PPI(x,y) | -TPPI(x,y).  [resolve(110,a,102,b)].
111 -P(x,y) | -B(x,z) | TPP(y,z) | -P(y,z) | P(z,y).  [resolve(71,a,62,c)].
Derived: -P(x,y) | -B(x,z) | -P(y,z) | P(z,y) | P(f8(y,z),y).  [resolve(111,c,103,a)].
Derived: -P(x,y) | -B(x,z) | -P(y,z) | P(z,y) | B(f8(y,z),z).  [resolve(111,c,104,a)].
Derived: -P(x,y) | -B(x,z) | -P(y,z) | P(z,y) | TPPI(z,y).  [resolve(111,c,105,a)].
Derived: -P(x,y) | -B(x,z) | -P(y,z) | P(z,y) | P(f2(y,z),z).  [resolve(111,c,106,a)].
Derived: -P(x,y) | -B(x,z) | -P(y,z) | P(z,y) | D(f2(y,z),y).  [resolve(111,c,107,a)].
Derived: -P(x,y) | -B(x,z) | -P(y,z) | P(z,y) | PPI(z,y).  [resolve(111,c,110,a)].
112 -P(x,y) | -B(x,z) | TPP(y,z) | -PPI(z,y).  [resolve(71,a,67,b)].
Derived: -P(x,y) | -B(x,z) | -PPI(z,y) | P(f8(y,z),y).  [resolve(112,c,103,a)].
Derived: -P(x,y) | -B(x,z) | -PPI(z,y) | B(f8(y,z),z).  [resolve(112,c,104,a)].
Derived: -P(x,y) | -B(x,z) | -PPI(z,y) | TPPI(z,y).  [resolve(112,c,105,a)].
Derived: -P(x,y) | -B(x,z) | -PPI(z,y) | P(f2(y,z),z).  [resolve(112,c,106,a)].
Derived: -P(x,y) | -B(x,z) | -PPI(z,y) | D(f2(y,z),y).  [resolve(112,c,107,a)].
Derived: -P(x,y) | -B(x,z) | -PPI(z,y) | P(y,z).  [resolve(112,c,108,a)].
Derived: -P(x,y) | -B(x,z) | -PPI(z,y) | -P(z,y).  [resolve(112,c,109,a)].
113 -P(x,y) | -B(x,z) | TPP(y,z) | -B(y,z).  [resolve(71,a,69,b)].
Derived: -P(x,y) | -B(x,z) | -B(y,z) | P(f8(y,z),y).  [resolve(113,c,103,a)].
Derived: -P(x,y) | -B(x,z) | -B(y,z) | B(f8(y,z),z).  [resolve(113,c,104,a)].
Derived: -P(x,y) | -B(x,z) | -B(y,z) | TPPI(z,y).  [resolve(113,c,105,a)].
Derived: -P(x,y) | -B(x,z) | -B(y,z) | P(f2(y,z),z).  [resolve(113,c,106,a)].
Derived: -P(x,y) | -B(x,z) | -B(y,z) | D(f2(y,z),y).  [resolve(113,c,107,a)].
Derived: -P(x,y) | -B(x,z) | -B(y,z) | P(y,z).  [resolve(113,c,108,a)].
Derived: -P(x,y) | -B(x,z) | -B(y,z) | -P(z,y).  [resolve(113,c,109,a)].
Derived: -P(x,y) | -B(x,z) | -B(y,z) | PPI(z,y).  [resolve(113,c,110,a)].
114 B(f17(x,y),y) | -TPP(x,y) | -B(z,y).  [resolve(101,b,93,a)].
Derived: B(f17(x,y),y) | -B(z,y) | -TPPI(y,x).  [resolve(114,b,102,b)].
Derived: B(f17(x,y),y) | -B(z,y) | -P(u,x) | -B(u,y) | -P(x,y) | P(y,x).  [resolve(114,b,111,c)].
Derived: B(f17(x,y),y) | -B(z,y) | -P(u,x) | -B(u,y) | -PPI(y,x).  [resolve(114,b,112,c)].
Derived: B(f17(x,y),y) | -B(z,y) | -P(u,x) | -B(u,y) | -B(x,y).  [resolve(114,b,113,c)].
115 B(f17(x,y),y) | -TPP(x,y) | I(x,y).  [resolve(101,b,94,a)].
Derived: B(f17(x,y),y) | I(x,y) | -TPPI(y,x).  [resolve(115,b,102,b)].
116 B(f17(x,y),y) | -TPP(x,y) | -I(y,x).  [resolve(101,b,95,a)].
Derived: B(f17(x,y),y) | -I(y,x) | -TPPI(y,x).  [resolve(116,b,102,b)].
117 B(f17(x,y),y) | -TPP(x,y) | IPI(y,x).  [resolve(101,b,97,a)].
Derived: B(f17(x,y),y) | IPI(y,x) | -TPPI(y,x).  [resolve(117,b,102,b)].

Eliminating OV/2
118 -I(x,y) | -I(x,z) | OV(y,z) | -O(y,z) | P(y,z) | P(z,y).  [resolve(82,a,77,d)].
119 -OV(x,y) | I(f9(x,y),x).  [clausify(28)].
120 -OV(x,y) | I(f9(x,y),y).  [clausify(28)].
121 -OV(x,y) | O(x,y).  [resolve(81,b,78,a)].
122 -OV(x,y) | -P(x,y).  [resolve(81,b,79,a)].
123 -OV(x,y) | -P(y,x).  [resolve(81,b,80,a)].
Derived: -I(x,y) | -I(x,z) | -O(y,z) | P(y,z) | P(z,y) | I(f9(y,z),y).  [resolve(118,c,119,a)].
Derived: -I(x,y) | -I(x,z) | -O(y,z) | P(y,z) | P(z,y) | I(f9(y,z),z).  [resolve(118,c,120,a)].
124 -EC(x,y) | -I(z,x) | -I(z,y) | OV(x,y).  [resolve(83,b,82,a)].
Derived: -EC(x,y) | -I(z,x) | -I(z,y) | I(f9(x,y),x).  [resolve(124,d,119,a)].
Derived: -EC(x,y) | -I(z,x) | -I(z,y) | I(f9(x,y),y).  [resolve(124,d,120,a)].
Derived: -EC(x,y) | -I(z,x) | -I(z,y) | O(x,y).  [resolve(124,d,121,a)].
Derived: -EC(x,y) | -I(z,x) | -I(z,y) | -P(x,y).  [resolve(124,d,122,a)].
Derived: -EC(x,y) | -I(z,x) | -I(z,y) | -P(y,x).  [resolve(124,d,123,a)].
125 P(f10(x,y),x) | EC(x,y) | -OV(x,y).  [resolve(84,a,81,b)].
Derived: P(f10(x,y),x) | EC(x,y) | -I(z,x) | -I(z,y) | -O(x,y) | P(x,y) | P(y,x).  [resolve(125,c,118,c)].
126 P(f10(x,y),y) | EC(x,y) | -OV(x,y).  [resolve(85,a,81,b)].
Derived: P(f10(x,y),y) | EC(x,y) | -I(z,x) | -I(z,y) | -O(x,y) | P(x,y) | P(y,x).  [resolve(126,c,118,c)].
127 -B(f10(x,y),x) | -B(f10(x,y),y) | EC(x,y) | -OV(x,y).  [resolve(86,a,81,b)].
Derived: -B(f10(x,y),x) | -B(f10(x,y),y) | EC(x,y) | -I(z,x) | -I(z,y) | -O(x,y) | P(x,y) | P(y,x).  [resolve(127,d,118,c)].
128 EC(x,y) | I(f11(x,y),x) | IC(x,y) | -OV(x,y).  [resolve(88,a,81,b)].
Derived: EC(x,y) | I(f11(x,y),x) | IC(x,y) | -I(z,x) | -I(z,y) | -O(x,y) | P(x,y) | P(y,x).  [resolve(128,d,118,c)].
129 EC(x,y) | I(f11(x,y),y) | IC(x,y) | -OV(x,y).  [resolve(89,a,81,b)].
Derived: EC(x,y) | I(f11(x,y),y) | IC(x,y) | -I(z,x) | -I(z,y) | -O(x,y) | P(x,y) | P(y,x).  [resolve(129,d,118,c)].

Eliminating EC/2
130 P(f10(x,y),x) | EC(x,y) | -O(x,y) | P(x,y) | P(y,x).  [resolve(84,a,77,d)].
131 -EC(x,y) | -P(z,x) | -P(z,y) | B(z,x).  [clausify(29)].
132 -EC(x,y) | -P(z,x) | -P(z,y) | B(z,y).  [clausify(29)].
133 -IC(x,y) | -EC(x,y).  [clausify(30)].
134 B(f13(x),x) | -EC(y,x).  [clausify(32)].
135 -EC(x,y) | O(x,y).  [resolve(83,b,78,a)].
136 -EC(x,y) | -P(x,y).  [resolve(83,b,79,a)].
137 -EC(x,y) | -P(y,x).  [resolve(83,b,80,a)].
Derived: P(f10(x,y),x) | -O(x,y) | P(x,y) | P(y,x) | -P(z,x) | -P(z,y) | B(z,x).  [resolve(130,b,131,a)].
Derived: P(f10(x,y),x) | -O(x,y) | P(x,y) | P(y,x) | -P(z,x) | -P(z,y) | B(z,y).  [resolve(130,b,132,a)].
Derived: P(f10(x,y),x) | -O(x,y) | P(x,y) | P(y,x) | -IC(x,y).  [resolve(130,b,133,b)].
Derived: P(f10(x,y),x) | -O(x,y) | P(x,y) | P(y,x) | B(f13(y),y).  [resolve(130,b,134,b)].
138 P(f10(x,y),y) | EC(x,y) | -O(x,y) | P(x,y) | P(y,x).  [resolve(85,a,77,d)].
Derived: P(f10(x,y),y) | -O(x,y) | P(x,y) | P(y,x) | -P(z,x) | -P(z,y) | B(z,x).  [resolve(138,b,131,a)].
Derived: P(f10(x,y),y) | -O(x,y) | P(x,y) | P(y,x) | -P(z,x) | -P(z,y) | B(z,y).  [resolve(138,b,132,a)].
Derived: P(f10(x,y),y) | -O(x,y) | P(x,y) | P(y,x) | -IC(x,y).  [resolve(138,b,133,b)].
Derived: P(f10(x,y),y) | -O(x,y) | P(x,y) | P(y,x) | B(f13(y),y).  [resolve(138,b,134,b)].
139 -B(f10(x,y),x) | -B(f10(x,y),y) | EC(x,y) | -O(x,y) | P(x,y) | P(y,x).  [resolve(86,a,77,d)].
Derived: -B(f10(x,y),x) | -B(f10(x,y),y) | -O(x,y) | P(x,y) | P(y,x) | -P(z,x) | -P(z,y) | B(z,x).  [resolve(139,c,131,a)].
Derived: -B(f10(x,y),x) | -B(f10(x,y),y) | -O(x,y) | P(x,y) | P(y,x) | -P(z,x) | -P(z,y) | B(z,y).  [resolve(139,c,132,a)].
Derived: -B(f10(x,y),x) | -B(f10(x,y),y) | -O(x,y) | P(x,y) | P(y,x) | -IC(x,y).  [resolve(139,c,133,b)].
Derived: -B(f10(x,y),x) | -B(f10(x,y),y) | -O(x,y) | P(x,y) | P(y,x) | B(f13(y),y).  [resolve(139,c,134,b)].
140 -IC(x,y) | P(f10(x,y),x) | EC(x,y).  [resolve(87,b,84,a)].
Derived: -IC(x,y) | P(f10(x,y),x) | -P(z,x) | -P(z,y) | B(z,x).  [resolve(140,c,131,a)].
Derived: -IC(x,y) | P(f10(x,y),x) | -P(z,x) | -P(z,y) | B(z,y).  [resolve(140,c,132,a)].
Derived: -IC(x,y) | P(f10(x,y),x) | -IC(x,y).  [resolve(140,c,133,b)].
141 -IC(x,y) | P(f10(x,y),y) | EC(x,y).  [resolve(87,b,85,a)].
Derived: -IC(x,y) | P(f10(x,y),y) | -P(z,x) | -P(z,y) | B(z,x).  [resolve(141,c,131,a)].
Derived: -IC(x,y) | P(f10(x,y),y) | -P(z,x) | -P(z,y) | B(z,y).  [resolve(141,c,132,a)].
Derived: -IC(x,y) | P(f10(x,y),y) | -IC(x,y).  [resolve(141,c,133,b)].
142 -IC(x,y) | -B(f10(x,y),x) | -B(f10(x,y),y) | EC(x,y).  [resolve(87,b,86,a)].
Derived: -IC(x,y) | -B(f10(x,y),x) | -B(f10(x,y),y) | -P(z,x) | -P(z,y) | B(z,x).  [resolve(142,d,131,a)].
Derived: -IC(x,y) | -B(f10(x,y),x) | -B(f10(x,y),y) | -P(z,x) | -P(z,y) | B(z,y).  [resolve(142,d,132,a)].
Derived: -IC(x,y) | -B(f10(x,y),x) | -B(f10(x,y),y) | -IC(x,y).  [resolve(142,d,133,b)].
143 EC(x,y) | I(f11(x,y),x) | IC(x,y) | -O(x,y) | P(x,y) | P(y,x).  [resolve(88,a,77,d)].
Derived: I(f11(x,y),x) | IC(x,y) | -O(x,y) | P(x,y) | P(y,x) | -P(z,x) | -P(z,y) | B(z,x).  [resolve(143,a,131,a)].
Derived: I(f11(x,y),x) | IC(x,y) | -O(x,y) | P(x,y) | P(y,x) | -P(z,x) | -P(z,y) | B(z,y).  [resolve(143,a,132,a)].
Derived: I(f11(x,y),x) | IC(x,y) | -O(x,y) | P(x,y) | P(y,x) | B(f13(y),y).  [resolve(143,a,134,b)].
144 EC(x,y) | I(f11(x,y),y) | IC(x,y) | -O(x,y) | P(x,y) | P(y,x).  [resolve(89,a,77,d)].
Derived: I(f11(x,y),y) | IC(x,y) | -O(x,y) | P(x,y) | P(y,x) | -P(z,x) | -P(z,y) | B(z,x).  [resolve(144,a,131,a)].
Derived: I(f11(x,y),y) | IC(x,y) | -O(x,y) | P(x,y) | P(y,x) | -P(z,x) | -P(z,y) | B(z,y).  [resolve(144,a,132,a)].
Derived: I(f11(x,y),y) | IC(x,y) | -O(x,y) | P(x,y) | P(y,x) | B(f13(y),y).  [resolve(144,a,134,b)].
145 -EC(x,y) | -I(z,x) | -I(z,y) | I(f9(x,y),x).  [resolve(124,d,119,a)].
Derived: -I(x,y) | -I(x,z) | I(f9(y,z),y) | P(f10(y,z),y) | -O(y,z) | P(y,z) | P(z,y).  [resolve(145,a,130,b)].
Derived: -I(x,y) | -I(x,z) | I(f9(y,z),y) | P(f10(y,z),z) | -O(y,z) | P(y,z) | P(z,y).  [resolve(145,a,138,b)].
Derived: -I(x,y) | -I(x,z) | I(f9(y,z),y) | -B(f10(y,z),y) | -B(f10(y,z),z) | -O(y,z) | P(y,z) | P(z,y).  [resolve(145,a,139,c)].
Derived: -I(x,y) | -I(x,z) | I(f9(y,z),y) | I(f11(y,z),y) | IC(y,z) | -O(y,z) | P(y,z) | P(z,y).  [resolve(145,a,143,a)].
Derived: -I(x,y) | -I(x,z) | I(f9(y,z),y) | I(f11(y,z),z) | IC(y,z) | -O(y,z) | P(y,z) | P(z,y).  [resolve(145,a,144,a)].
146 -EC(x,y) | -I(z,x) | -I(z,y) | I(f9(x,y),y).  [resolve(124,d,120,a)].
Derived: -I(x,y) | -I(x,z) | I(f9(y,z),z) | P(f10(y,z),y) | -O(y,z) | P(y,z) | P(z,y).  [resolve(146,a,130,b)].
Derived: -I(x,y) | -I(x,z) | I(f9(y,z),z) | P(f10(y,z),z) | -O(y,z) | P(y,z) | P(z,y).  [resolve(146,a,138,b)].
Derived: -I(x,y) | -I(x,z) | I(f9(y,z),z) | -B(f10(y,z),y) | -B(f10(y,z),z) | -O(y,z) | P(y,z) | P(z,y).  [resolve(146,a,139,c)].
Derived: -I(x,y) | -I(x,z) | I(f9(y,z),z) | I(f11(y,z),y) | IC(y,z) | -O(y,z) | P(y,z) | P(z,y).  [resolve(146,a,143,a)].
Derived: -I(x,y) | -I(x,z) | I(f9(y,z),z) | I(f11(y,z),z) | IC(y,z) | -O(y,z) | P(y,z) | P(z,y).  [resolve(146,a,144,a)].
147 -EC(x,y) | -I(z,x) | -I(z,y) | O(x,y).  [resolve(124,d,121,a)].
148 -EC(x,y) | -I(z,x) | -I(z,y) | -P(x,y).  [resolve(124,d,122,a)].
149 -EC(x,y) | -I(z,x) | -I(z,y) | -P(y,x).  [resolve(124,d,123,a)].
150 P(f10(x,y),x) | EC(x,y) | -I(z,x) | -I(z,y) | -O(x,y) | P(x,y) | P(y,x).  [resolve(125,c,118,c)].
151 P(f10(x,y),y) | EC(x,y) | -I(z,x) | -I(z,y) | -O(x,y) | P(x,y) | P(y,x).  [resolve(126,c,118,c)].
152 -B(f10(x,y),x) | -B(f10(x,y),y) | EC(x,y) | -I(z,x) | -I(z,y) | -O(x,y) | P(x,y) | P(y,x).  [resolve(127,d,118,c)].
153 EC(x,y) | I(f11(x,y),x) | IC(x,y) | -I(z,x) | -I(z,y) | -O(x,y) | P(x,y) | P(y,x).  [resolve(128,d,118,c)].
154 EC(x,y) | I(f11(x,y),y) | IC(x,y) | -I(z,x) | -I(z,y) | -O(x,y) | P(x,y) | P(y,x).  [resolve(129,d,118,c)].

Eliminating PPI/2
155 PPI(x,y) | -P(y,x) | P(x,y).  [resolve(68,a,62,c)].
156 -PPI(x,y) | P(f2(y,x),x).  [resolve(67,b,63,a)].
157 -PPI(x,y) | D(f2(y,x),y).  [resolve(67,b,64,a)].
158 -PPI(x,y) | P(y,x).  [resolve(67,b,65,a)].
159 -PPI(x,y) | -P(x,y).  [resolve(67,b,66,a)].
Derived: -P(x,y) | P(y,x) | P(f2(x,y),y).  [resolve(155,a,156,a)].
Derived: -P(x,y) | P(y,x) | D(f2(x,y),x).  [resolve(155,a,157,a)].
160 -B(x,y) | PPI(y,x).  [resolve(69,b,68,a)].
Derived: -B(x,y) | P(f2(x,y),y).  [resolve(160,b,156,a)].
Derived: -B(x,y) | D(f2(x,y),x).  [resolve(160,b,157,a)].
Derived: -B(x,y) | P(x,y).  [resolve(160,b,158,a)].
Derived: -B(x,y) | -P(y,x).  [resolve(160,b,159,a)].
161 B(f17(x,y),y) | -PPI(y,x) | -B(z,y).  [resolve(99,b,93,a)].
Derived: B(f17(x,y),y) | -B(z,y) | -P(x,y) | P(y,x).  [resolve(161,b,155,a)].
162 B(f17(x,y),y) | -PPI(y,x) | I(x,y).  [resolve(99,b,94,a)].
Derived: B(f17(x,y),y) | I(x,y) | -P(x,y) | P(y,x).  [resolve(162,b,155,a)].
163 B(f17(x,y),y) | -PPI(y,x) | -I(y,x).  [resolve(99,b,95,a)].
Derived: B(f17(x,y),y) | -I(y,x) | -P(x,y) | P(y,x).  [resolve(163,b,155,a)].
164 B(f17(x,y),y) | -PPI(y,x) | IPI(y,x).  [resolve(99,b,97,a)].
Derived: B(f17(x,y),y) | IPI(y,x) | -P(x,y) | P(y,x).  [resolve(164,b,155,a)].
165 PPI(x,y) | -TPPI(x,y).  [resolve(110,a,102,b)].
Derived: -TPPI(x,y) | P(f2(y,x),x).  [resolve(165,a,156,a)].
Derived: -TPPI(x,y) | D(f2(y,x),y).  [resolve(165,a,157,a)].
Derived: -TPPI(x,y) | P(y,x).  [resolve(165,a,158,a)].
Derived: -TPPI(x,y) | -P(x,y).  [resolve(165,a,159,a)].
166 -P(x,y) | -B(x,z) | -P(y,z) | P(z,y) | PPI(z,y).  [resolve(111,c,110,a)].
167 -P(x,y) | -B(x,z) | -PPI(z,y) | P(f8(y,z),y).  [resolve(112,c,103,a)].
Derived: -P(x,y) | -B(x,z) | P(f8(y,z),y) | -P(y,z) | P(z,y).  [resolve(167,c,155,a)].
Derived: -P(x,y) | -B(x,z) | P(f8(y,z),y) | -TPPI(z,y).  [resolve(167,c,165,a)].
168 -P(x,y) | -B(x,z) | -PPI(z,y) | B(f8(y,z),z).  [resolve(112,c,104,a)].
Derived: -P(x,y) | -B(x,z) | B(f8(y,z),z) | -P(y,z) | P(z,y).  [resolve(168,c,155,a)].
Derived: -P(x,y) | -B(x,z) | B(f8(y,z),z) | -TPPI(z,y).  [resolve(168,c,165,a)].
169 -P(x,y) | -B(x,z) | -PPI(z,y) | TPPI(z,y).  [resolve(112,c,105,a)].
Derived: -P(x,y) | -B(x,z) | TPPI(z,y) | -P(y,z) | P(z,y).  [resolve(169,c,155,a)].
170 -P(x,y) | -B(x,z) | -PPI(z,y) | P(f2(y,z),z).  [resolve(112,c,106,a)].
171 -P(x,y) | -B(x,z) | -PPI(z,y) | D(f2(y,z),y).  [resolve(112,c,107,a)].
172 -P(x,y) | -B(x,z) | -PPI(z,y) | P(y,z).  [resolve(112,c,108,a)].
173 -P(x,y) | -B(x,z) | -PPI(z,y) | -P(z,y).  [resolve(112,c,109,a)].
174 -P(x,y) | -B(x,z) | -B(y,z) | PPI(z,y).  [resolve(113,c,110,a)].
Derived: -P(x,y) | -B(x,z) | -B(y,z) | -P(u,y) | -B(u,z) | P(f8(y,z),y).  [resolve(174,d,167,c)].
Derived: -P(x,y) | -B(x,z) | -B(y,z) | -P(u,y) | -B(u,z) | B(f8(y,z),z).  [resolve(174,d,168,c)].
Derived: -P(x,y) | -B(x,z) | -B(y,z) | -P(u,y) | -B(u,z) | TPPI(z,y).  [resolve(174,d,169,c)].
175 B(f17(x,y),y) | -B(z,y) | -P(u,x) | -B(u,y) | -PPI(y,x).  [resolve(114,b,112,c)].
Derived: B(f17(x,y),y) | -B(z,y) | -P(u,x) | -B(u,y) | -TPPI(y,x).  [resolve(175,e,165,a)].

Eliminating IPI/2
176 IPI(x,y) | B(f7(y,x),x) | -I(y,x) | I(x,y).  [resolve(97,a,92,d)].
177 -IPI(x,y) | -B(z,x).  [resolve(96,b,93,a)].
178 -IPI(x,y) | I(y,x).  [resolve(96,b,94,a)].
179 -IPI(x,y) | -I(x,y).  [resolve(96,b,95,a)].
Derived: B(f7(x,y),y) | -I(x,y) | I(y,x) | -B(z,y).  [resolve(176,a,177,a)].
180 B(f17(x,y),y) | -P(x,y) | P(y,x) | IPI(y,x).  [resolve(98,b,97,a)].
181 B(f17(x,y),y) | IPI(y,x) | -TPPI(y,x).  [resolve(117,b,102,b)].
Derived: B(f17(x,y),y) | -TPPI(y,x) | -B(z,y).  [resolve(181,b,177,a)].
Derived: B(f17(x,y),y) | -TPPI(y,x) | I(x,y).  [resolve(181,b,178,a)].
Derived: B(f17(x,y),y) | -TPPI(y,x) | -I(y,x).  [resolve(181,b,179,a)].
182 B(f17(x,y),y) | IPI(y,x) | -P(x,y) | P(y,x).  [resolve(164,b,155,a)].
Derived: B(f17(x,y),y) | -P(x,y) | P(y,x) | -B(z,y).  [resolve(182,b,177,a)].
Derived: B(f17(x,y),y) | -P(x,y) | P(y,x) | I(x,y).  [resolve(182,b,178,a)].
Derived: B(f17(x,y),y) | -P(x,y) | P(y,x) | -I(y,x).  [resolve(182,b,179,a)].

Eliminating TPPI/2
183 -P(x,y) | -B(x,z) | -P(y,z) | P(z,y) | TPPI(z,y).  [resolve(111,c,105,a)].
184 -TPPI(x,y) | P(f8(y,x),y).  [resolve(102,b,103,a)].
185 -TPPI(x,y) | B(f8(y,x),x).  [resolve(102,b,104,a)].
186 P(f2(x,y),y) | -TPPI(y,x).  [resolve(106,a,102,b)].
187 D(f2(x,y),x) | -TPPI(y,x).  [resolve(107,a,102,b)].
188 P(x,y) | -TPPI(y,x).  [resolve(108,a,102,b)].
189 -P(x,y) | -TPPI(x,y).  [resolve(109,a,102,b)].
190 -P(x,y) | -B(x,z) | -B(y,z) | TPPI(z,y).  [resolve(113,c,105,a)].
191 B(f17(x,y),y) | -B(z,y) | -TPPI(y,x).  [resolve(114,b,102,b)].
192 B(f17(x,y),y) | I(x,y) | -TPPI(y,x).  [resolve(115,b,102,b)].
Derived: B(f17(x,y),y) | I(x,y) | -P(z,x) | -B(z,y) | -B(x,y).  [resolve(192,c,190,d)].
193 B(f17(x,y),y) | -I(y,x) | -TPPI(y,x).  [resolve(116,b,102,b)].
Derived: B(f17(x,y),y) | -I(y,x) | -P(z,x) | -B(z,y) | -B(x,y).  [resolve(193,c,190,d)].
194 -TPPI(x,y) | P(f2(y,x),x).  [resolve(165,a,156,a)].
Derived: P(f2(x,y),y) | -P(z,x) | -B(z,y) | -P(x,y) | P(y,x).  [resolve(194,a,183,e)].
Derived: P(f2(x,y),y) | -P(z,x) | -B(z,y) | -B(x,y).  [resolve(194,a,190,d)].
195 -TPPI(x,y) | D(f2(y,x),y).  [resolve(165,a,157,a)].
Derived: D(f2(x,y),x) | -P(z,x) | -B(z,y) | -P(x,y) | P(y,x).  [resolve(195,a,183,e)].
Derived: D(f2(x,y),x) | -P(z,x) | -B(z,y) | -B(x,y).  [resolve(195,a,190,d)].
196 -TPPI(x,y) | P(y,x).  [resolve(165,a,158,a)].
Derived: P(x,y) | -P(z,x) | -B(z,y) | -B(x,y).  [resolve(196,a,190,d)].
197 -TPPI(x,y) | -P(x,y).  [resolve(165,a,159,a)].
Derived: -P(x,y) | -P(z,y) | -B(z,x) | -B(y,x).  [resolve(197,a,190,d)].
198 -P(x,y) | -B(x,z) | P(f8(y,z),y) | -TPPI(z,y).  [resolve(167,c,165,a)].
Derived: -P(x,y) | -B(x,z) | P(f8(y,z),y) | -P(u,y) | -B(u,z) | -P(y,z) | P(z,y).  [resolve(198,d,183,e)].
199 -P(x,y) | -B(x,z) | B(f8(y,z),z) | -TPPI(z,y).  [resolve(168,c,165,a)].
Derived: -P(x,y) | -B(x,z) | B(f8(y,z),z) | -P(u,y) | -B(u,z) | -P(y,z) | P(z,y).  [resolve(199,d,183,e)].
200 -P(x,y) | -B(x,z) | TPPI(z,y) | -P(y,z) | P(z,y).  [resolve(169,c,155,a)].
201 -P(x,y) | -B(x,z) | -B(y,z) | -P(u,y) | -B(u,z) | TPPI(z,y).  [resolve(174,d,169,c)].
Derived: -P(x,y) | -B(x,z) | -B(y,z) | -P(u,y) | -B(u,z) | P(f8(y,z),y).  [resolve(201,f,184,a)].
Derived: -P(x,y) | -B(x,z) | -B(y,z) | -P(u,y) | -B(u,z) | B(f8(y,z),z).  [resolve(201,f,185,a)].
Derived: -P(x,y) | -B(x,z) | -B(y,z) | -P(u,y) | -B(u,z) | B(f17(y,z),z) | -B(w,z).  [resolve(201,f,191,c)].
202 B(f17(x,y),y) | -B(z,y) | -P(u,x) | -B(u,y) | -TPPI(y,x).  [resolve(175,e,165,a)].
203 B(f17(x,y),y) | -TPPI(y,x) | -B(z,y).  [resolve(181,b,177,a)].
204 B(f17(x,y),y) | -TPPI(y,x) | I(x,y).  [resolve(181,b,178,a)].
205 B(f17(x,y),y) | -TPPI(y,x) | -I(y,x).  [resolve(181,b,179,a)].

============================== end predicate elimination =============

Auto_denials:  (non-Horn, no changes).

Term ordering decisions:
Predicate symbol precedence:  predicate_order([ =, P, B, I, O, IC, D, EQ ]).
Function symbol precedence:  function_order([ null, cuniversal, c1, c2, c3, c4, c5, sum, diff, prod, f2, f5, f6, f7, f8, f9, f10, f11, f14, f15, f16, f17, f18, compl, bdy, f1, f3, f4, f12, f13, f19 ]).
After inverse_order:  (no changes).
Unfolding symbols: (none).

Auto_inference settings:
  % set(paramodulation).  % (positive equality literals)
  % set(binary_resolution).  % (non-Horn)

Auto_process settings:
  % set(factor).  % (non-Horn)
  % set(unit_deletion).  % (non-Horn)

           206 null != c1.  [clausify(1)].
kept:      207 c1 != null.  [copy(206),flip(a)].
           208 null != c2.  [clausify(1)].
kept:      209 c2 != null.  [copy(208),flip(a)].
kept:      210 B(c3,c1).  [clausify(1)].
kept:      211 B(c4,c2).  [clausify(1)].
kept:      212 I(c1,c2).  [clausify(1)].
kept:      213 D(c1,c2).  [clausify(1)].
kept:      214 null = x | P(x,x).  [clausify(2)].
kept:      215 -P(x,y) | -P(y,x) | y = x.  [clausify(3)].
kept:      216 -P(x,y) | -P(y,z) | P(x,z).  [clausify(4)].
kept:      217 null != x | -P(y,x).  [clausify(5)].
kept:      218 null != x | -P(x,y).  [clausify(5)].
kept:      219 P(f1(x),x) | P(x,f1(x)) | null = x.  [clausify(5)].
kept:      220 null = x | P(x,c5).  [clausify(8)].
kept:      221 cuniversal != x | null = y | P(y,x).  [clausify(9)].
           222 null != f3(x) | cuniversal = x.  [clausify(9)].
kept:      223 f3(x) != null | cuniversal = x.  [copy(222),flip(a)].
kept:      224 -P(f3(x),x) | cuniversal = x.  [clausify(9)].
kept:      225 -B(x,cuniversal).  [clausify(10)].
kept:      226 -EQ(x,y) | P(y,x).  [clausify(14)].
kept:      227 -EQ(x,y) | P(x,y).  [clausify(14)].
kept:      228 -P(x,y) | -P(y,x) | EQ(y,x).  [clausify(14)].
kept:      229 -O(x,y) | P(f5(x,y),x).  [clausify(15)].
kept:      230 -O(x,y) | P(f5(x,y),y).  [clausify(15)].
kept:      231 -P(x,y) | -P(x,z) | O(y,z).  [clausify(15)].
kept:      232 -D(x,y) | -O(x,y).  [clausify(16)].
kept:      233 O(x,y) | D(x,y).  [clausify(16)].
kept:      234 -B(x,y) | -B(y,z) | B(x,z).  [clausify(18)].
kept:      235 -P(x,y) | -B(y,z) | B(x,z).  [clausify(19)].
kept:      236 -B(x,y) | -P(y,z) | P(x,z).  [clausify(20)].
kept:      237 -I(x,y) | P(x,y).  [clausify(22)].
kept:      238 -I(x,y) | -B(z,y) | D(z,x).  [clausify(22)].
kept:      239 -P(x,y) | B(f6(x,y),y) | I(x,y).  [clausify(22)].
kept:      240 -P(x,y) | -D(f6(x,y),x) | I(x,y).  [clausify(22)].
kept:      241 -IC(x,y) | -I(z,x) | -I(z,y).  [clausify(30)].
kept:      242 null = x | I(f12(x),x).  [clausify(31)].
kept:      243 -B(x,y) | -B(z,y) | -I(z,y).  [clausify(33)].
kept:      244 -B(x,y) | -EQ(y,z) | B(f14(y,z),z).  [clausify(35)].
kept:      245 B(f15(x,y),x) | -EQ(x,y) | -B(z,y).  [clausify(36)].
kept:      246 B(f16(x,y),x) | -B(z,y) | -EQ(x,y).  [clausify(37)].
kept:      247 -O(x,sum(y,z)) | O(x,y) | O(x,z).  [clausify(39)].
kept:      248 -O(x,y) | O(x,sum(y,z)).  [clausify(39)].
kept:      249 -O(x,y) | O(x,sum(z,y)).  [clausify(39)].
kept:      250 -P(x,prod(y,z)) | P(x,y).  [clausify(40)].
kept:      251 -P(x,prod(y,z)) | P(x,z).  [clausify(40)].
kept:      252 -P(x,y) | -P(x,z) | P(x,prod(y,z)).  [clausify(40)].
kept:      253 -P(x,compl(y)) | D(x,y).  [clausify(41)].
kept:      254 -P(x,diff(y,z)) | P(x,y).  [clausify(42)].
kept:      255 -P(x,diff(y,z)) | D(x,z).  [clausify(42)].
kept:      256 -P(x,y) | -D(x,z) | P(x,diff(y,z)).  [clausify(42)].
kept:      257 compl(x) != y | compl(x) != z | z = y.  [clausify(43)].
kept:      258 diff(x,y) != z | diff(x,y) != u | u = z.  [clausify(44)].
kept:      259 prod(x,y) != z | prod(x,y) != u | u = z.  [clausify(45)].
kept:      260 sum(x,y) != z | sum(x,y) != u | u = z.  [clausify(46)].
kept:      261 null = x | null = y | f18(x,y) != null.  [clausify(47)].
           262 null = x | null = y | sum(x,y) = f18(x,y).  [clausify(47)].
kept:      263 null = x | null = y | f18(x,y) = sum(x,y).  [copy(262),flip(c)].

% Operation sum is commutative; C redundancy checks enabled.
kept:      264 sum(x,y) = sum(y,x).  [clausify(48)].
kept:      265 compl(x) != null | cuniversal = x.  [clausify(49)].
kept:      266 cuniversal != x | compl(x) = null.  [clausify(49)].
kept:      267 compl(x) != cuniversal | null = x.  [clausify(50)].
kept:      268 null != x | compl(x) = cuniversal.  [clausify(50)].

% Operation prod is commutative; C redundancy checks enabled.
kept:      269 prod(x,y) = prod(y,x).  [clausify(51)].
kept:      270 diff(x,y) != null | null = x | P(x,y).  [clausify(52)].
kept:      271 -D(x,y) | diff(x,y) = x.  [clausify(53)].
kept:      272 -P(x,cuniversal) | diff(x,null) = x.  [clausify(54)].
kept:      273 -P(x,cuniversal) | sum(null,x) = x.  [clausify(55)].
kept:      274 null = x | I(f19(x),x).  [clausify(56)].
kept:      275 null = x | -I(y,x) | I(y,f19(x)).  [clausify(56)].
kept:      276 null = x | -B(y,f19(x)).  [clausify(56)].
kept:      277 bdy(x) = null | B(bdy(x),x).  [clausify(57)].
kept:      278 bdy(x) = null | -B(y,x) | P(y,bdy(x)).  [clausify(57)].
kept:      279 -P(x,y) | P(y,x) | P(f2(x,y),y).  [resolve(62,c,63,a)].
kept:      280 -P(x,y) | P(y,x) | D(f2(x,y),x).  [resolve(62,c,64,a)].
kept:      281 -B(x,y) | P(f2(x,y),y).  [resolve(69,b,63,a)].
kept:      282 -B(x,y) | D(f2(x,y),x).  [resolve(69,b,64,a)].
kept:      283 -B(x,y) | P(x,y).  [resolve(69,b,65,a)].
kept:      284 -B(x,y) | -P(y,x).  [resolve(69,b,66,a)].
kept:      285 null = x | P(f4(x),x) | -P(y,x) | EQ(x,y).  [resolve(73,c,75,a)].
kept:      286 null = x | -EQ(x,f4(x)) | -P(y,x) | EQ(x,y).  [resolve(76,c,75,a)].
kept:      287 -IC(x,y) | O(x,y).  [resolve(87,b,78,a)].
kept:      288 -IC(x,y) | -P(x,y).  [resolve(87,b,79,a)].
kept:      289 -IC(x,y) | -P(y,x).  [resolve(87,b,80,a)].
kept:      290 B(f7(x,y),y) | -I(x,y) | I(y,x) | -B(z,y).  [resolve(92,d,93,a)].
kept:      291 B(f17(x,y),y) | -P(x,y) | P(y,x) | -B(z,y).  [resolve(98,b,93,a)].
kept:      292 B(f17(x,y),y) | -P(x,y) | P(y,x) | I(x,y).  [resolve(98,b,94,a)].
kept:      293 B(f17(x,y),y) | -B(x,y) | -B(z,y).  [resolve(100,b,93,a)].
kept:      294 -P(x,y) | -B(x,z) | -P(y,z) | P(z,y) | P(f8(y,z),y).  [resolve(111,c,103,a)].
kept:      295 -P(x,y) | -B(x,z) | -P(y,z) | P(z,y) | B(f8(y,z),z).  [resolve(111,c,104,a)].
kept:      296 -P(x,y) | -B(x,z) | -B(y,z) | P(f8(y,z),y).  [resolve(113,c,103,a)].
kept:      297 -P(x,y) | -B(x,z) | -B(y,z) | B(f8(y,z),z).  [resolve(113,c,104,a)].
kept:      298 -I(x,y) | -I(x,z) | -O(y,z) | P(y,z) | P(z,y) | I(f9(y,z),y).  [resolve(118,c,119,a)].
kept:      299 -I(x,y) | -I(x,z) | -O(y,z) | P(y,z) | P(z,y) | I(f9(y,z),z).  [resolve(118,c,120,a)].
kept:      300 P(f10(x,y),x) | -O(x,y) | P(x,y) | P(y,x) | -P(z,x) | -P(z,y) | B(z,x).  [resolve(130,b,131,a)].
kept:      301 P(f10(x,y),x) | -O(x,y) | P(x,y) | P(y,x) | -P(z,x) | -P(z,y) | B(z,y).  [resolve(130,b,132,a)].
kept:      302 P(f10(x,y),x) | -O(x,y) | P(x,y) | P(y,x) | -IC(x,y).  [resolve(130,b,133,b)].
kept:      303 P(f10(x,y),x) | -O(x,y) | P(x,y) | P(y,x) | B(f13(y),y).  [resolve(130,b,134,b)].
kept:      304 P(f10(x,y),y) | -O(x,y) | P(x,y) | P(y,x) | -P(z,x) | -P(z,y) | B(z,x).  [resolve(138,b,131,a)].
kept:      305 P(f10(x,y),y) | -O(x,y) | P(x,y) | P(y,x) | -P(z,x) | -P(z,y) | B(z,y).  [resolve(138,b,132,a)].
kept:      306 P(f10(x,y),y) | -O(x,y) | P(x,y) | P(y,x) | -IC(x,y).  [resolve(138,b,133,b)].
kept:      307 P(f10(x,y),y) | -O(x,y) | P(x,y) | P(y,x) | B(f13(y),y).  [resolve(138,b,134,b)].
kept:      308 -B(f10(x,y),x) | -B(f10(x,y),y) | -O(x,y) | P(x,y) | P(y,x) | -P(z,x) | -P(z,y) | B(z,x).  [resolve(139,c,131,a)].
kept:      309 -B(f10(x,y),x) | -B(f10(x,y),y) | -O(x,y) | P(x,y) | P(y,x) | -P(z,x) | -P(z,y) | B(z,y).  [resolve(139,c,132,a)].
kept:      310 -B(f10(x,y),x) | -B(f10(x,y),y) | -O(x,y) | P(x,y) | P(y,x) | -IC(x,y).  [resolve(139,c,133,b)].
kept:      311 -B(f10(x,y),x) | -B(f10(x,y),y) | -O(x,y) | P(x,y) | P(y,x) | B(f13(y),y).  [resolve(139,c,134,b)].
kept:      312 -IC(x,y) | P(f10(x,y),x) | -P(z,x) | -P(z,y) | B(z,x).  [resolve(140,c,131,a)].
kept:      313 -IC(x,y) | P(f10(x,y),x) | -P(z,x) | -P(z,y) | B(z,y).  [resolve(140,c,132,a)].
           314 -IC(x,y) | P(f10(x,y),x) | -IC(x,y).  [resolve(140,c,133,b)].
kept:      315 -IC(x,y) | P(f10(x,y),x).  [copy(314),merge(c)].
kept:      316 -IC(x,y) | P(f10(x,y),y) | -P(z,x) | -P(z,y) | B(z,x).  [resolve(141,c,131,a)].
kept:      317 -IC(x,y) | P(f10(x,y),y) | -P(z,x) | -P(z,y) | B(z,y).  [resolve(141,c,132,a)].
           318 -IC(x,y) | P(f10(x,y),y) | -IC(x,y).  [resolve(141,c,133,b)].
kept:      319 -IC(x,y) | P(f10(x,y),y).  [copy(318),merge(c)].
kept:      320 -IC(x,y) | -B(f10(x,y),x) | -B(f10(x,y),y) | -P(z,x) | -P(z,y) | B(z,x).  [resolve(142,d,131,a)].
kept:      321 -IC(x,y) | -B(f10(x,y),x) | -B(f10(x,y),y) | -P(z,x) | -P(z,y) | B(z,y).  [resolve(142,d,132,a)].
           322 -IC(x,y) | -B(f10(x,y),x) | -B(f10(x,y),y) | -IC(x,y).  [resolve(142,d,133,b)].
kept:      323 -IC(x,y) | -B(f10(x,y),x) | -B(f10(x,y),y).  [copy(322),merge(d)].
kept:      324 I(f11(x,y),x) | IC(x,y) | -O(x,y) | P(x,y) | P(y,x) | -P(z,x) | -P(z,y) | B(z,x).  [resolve(143,a,131,a)].
kept:      325 I(f11(x,y),x) | IC(x,y) | -O(x,y) | P(x,y) | P(y,x) | -P(z,x) | -P(z,y) | B(z,y).  [resolve(143,a,132,a)].
kept:      326 I(f11(x,y),x) | IC(x,y) | -O(x,y) | P(x,y) | P(y,x) | B(f13(y),y).  [resolve(143,a,134,b)].
kept:      327 I(f11(x,y),y) | IC(x,y) | -O(x,y) | P(x,y) | P(y,x) | -P(z,x) | -P(z,y) | B(z,x).  [resolve(144,a,131,a)].
kept:      328 I(f11(x,y),y) | IC(x,y) | -O(x,y) | P(x,y) | P(y,x) | -P(z,x) | -P(z,y) | B(z,y).  [resolve(144,a,132,a)].
kept:      329 I(f11(x,y),y) | IC(x,y) | -O(x,y) | P(x,y) | P(y,x) | B(f13(y),y).  [resolve(144,a,134,b)].
kept:      330 -P(x,x) | EQ(x,x).  [factor(228,a,b)].
kept:      331 -P(x,y) | O(y,y).  [factor(231,a,b)].
kept:      332 -IC(x,x) | -I(y,x).  [factor(241,b,c)].
kept:      333 -B(x,y) | -I(x,y).  [factor(243,a,b)].
kept:      334 -O(x,sum(y,y)) | O(x,y).  [factor(247,b,c)].
kept:      335 -P(x,y) | P(x,prod(y,y)).  [factor(252,a,b)].
kept:      336 null = x | f18(x,x) != null.  [factor(261,a,b)].
kept:      337 null = x | f18(x,x) = sum(x,x).  [factor(263,a,b)].
kept:      338 B(f17(x,y),y) | -B(x,y).  [factor(293,b,c)].
kept:      339 -P(x,x) | -B(x,y) | P(f8(x,y),x).  [factor(296,b,c)].
kept:      340 -P(x,x) | -B(x,y) | B(f8(x,y),y).  [factor(297,b,c)].
kept:      341 -I(x,y) | -O(y,y) | P(y,y) | I(f9(y,y),y).  [factor(298,a,b),merge(d)].
kept:      342 P(f10(x,x),x) | -O(x,x) | P(x,x) | -P(y,x) | B(y,x).  [factor(300,c,d),merge(e)].
kept:      343 P(f10(x,x),x) | -O(x,x) | P(x,x) | B(f13(x),x).  [factor(303,c,d)].
kept:      344 -B(f10(x,x),x) | -O(x,x) | P(x,x) | -P(y,x) | B(y,x).  [factor(308,a,b),merge(d),merge(f)].
kept:      345 -B(f10(x,x),x) | -O(x,x) | P(x,x) | -IC(x,x).  [factor(310,a,b),merge(d)].
kept:      346 -B(f10(x,x),x) | -O(x,x) | P(x,x) | B(f13(x),x).  [factor(311,a,b),merge(d)].
kept:      347 -IC(x,x) | -B(f10(x,x),x) | -P(y,x) | B(y,x).  [factor(320,b,c),merge(d)].
kept:      348 -IC(x,x) | -B(f10(x,x),x).  [factor(323,b,c)].
kept:      349 I(f11(x,x),x) | IC(x,x) | -O(x,x) | P(x,x) | -P(y,x) | B(y,x).  [factor(324,d,e),merge(f)].
kept:      350 I(f11(x,x),x) | IC(x,x) | -O(x,x) | P(x,x) | B(f13(x),x).  [factor(326,d,e)].

============================== end of process initial clauses ========

============================== CLAUSES FOR SEARCH ====================

% Clauses after input processing:

formulas(usable).
end_of_list.

formulas(sos).
207 c1 != null.  [copy(206),flip(a)].
209 c2 != null.  [copy(208),flip(a)].
210 B(c3,c1).  [clausify(1)].
211 B(c4,c2).  [clausify(1)].
212 I(c1,c2).  [clausify(1)].
213 D(c1,c2).  [clausify(1)].
214 null = x | P(x,x).  [clausify(2)].
215 -P(x,y) | -P(y,x) | y = x.  [clausify(3)].
216 -P(x,y) | -P(y,z) | P(x,z).  [clausify(4)].
217 null != x | -P(y,x).  [clausify(5)].
218 null != x | -P(x,y).  [clausify(5)].
219 P(f1(x),x) | P(x,f1(x)) | null = x.  [clausify(5)].
220 null = x | P(x,c5).  [clausify(8)].
221 cuniversal != x | null = y | P(y,x).  [clausify(9)].
223 f3(x) != null | cuniversal = x.  [copy(222),flip(a)].
224 -P(f3(x),x) | cuniversal = x.  [clausify(9)].
225 -B(x,cuniversal).  [clausify(10)].
226 -EQ(x,y) | P(y,x).  [clausify(14)].
227 -EQ(x,y) | P(x,y).  [clausify(14)].
228 -P(x,y) | -P(y,x) | EQ(y,x).  [clausify(14)].
229 -O(x,y) | P(f5(x,y),x).  [clausify(15)].
230 -O(x,y) | P(f5(x,y),y).  [clausify(15)].
231 -P(x,y) | -P(x,z) | O(y,z).  [clausify(15)].
232 -D(x,y) | -O(x,y).  [clausify(16)].
233 O(x,y) | D(x,y).  [clausify(16)].
234 -B(x,y) | -B(y,z) | B(x,z).  [clausify(18)].
235 -P(x,y) | -B(y,z) | B(x,z).  [clausify(19)].
236 -B(x,y) | -P(y,z) | P(x,z).  [clausify(20)].
237 -I(x,y) | P(x,y).  [clausify(22)].
238 -I(x,y) | -B(z,y) | D(z,x).  [clausify(22)].
239 -P(x,y) | B(f6(x,y),y) | I(x,y).  [clausify(22)].
240 -P(x,y) | -D(f6(x,y),x) | I(x,y).  [clausify(22)].
241 -IC(x,y) | -I(z,x) | -I(z,y).  [clausify(30)].
242 null = x | I(f12(x),x).  [clausify(31)].
244 -B(x,y) | -EQ(y,z) | B(f14(y,z),z).  [clausify(35)].
245 B(f15(x,y),x) | -EQ(x,y) | -B(z,y).  [clausify(36)].
246 B(f16(x,y),x) | -B(z,y) | -EQ(x,y).  [clausify(37)].
247 -O(x,sum(y,z)) | O(x,y) | O(x,z).  [clausify(39)].
248 -O(x,y) | O(x,sum(y,z)).  [clausify(39)].
249 -O(x,y) | O(x,sum(z,y)).  [clausify(39)].
250 -P(x,prod(y,z)) | P(x,y).  [clausify(40)].
251 -P(x,prod(y,z)) | P(x,z).  [clausify(40)].
252 -P(x,y) | -P(x,z) | P(x,prod(y,z)).  [clausify(40)].
253 -P(x,compl(y)) | D(x,y).  [clausify(41)].
254 -P(x,diff(y,z)) | P(x,y).  [clausify(42)].
255 -P(x,diff(y,z)) | D(x,z).  [clausify(42)].
256 -P(x,y) | -D(x,z) | P(x,diff(y,z)).  [clausify(42)].
257 compl(x) != y | compl(x) != z | z = y.  [clausify(43)].
258 diff(x,y) != z | diff(x,y) != u | u = z.  [clausify(44)].
259 prod(x,y) != z | prod(x,y) != u | u = z.  [clausify(45)].
260 sum(x,y) != z | sum(x,y) != u | u = z.  [clausify(46)].
261 null = x | null = y | f18(x,y) != null.  [clausify(47)].
263 null = x | null = y | f18(x,y) = sum(x,y).  [copy(262),flip(c)].
264 sum(x,y) = sum(y,x).  [clausify(48)].
265 compl(x) != null | cuniversal = x.  [clausify(49)].
266 cuniversal != x | compl(x) = null.  [clausify(49)].
267 compl(x) != cuniversal | null = x.  [clausify(50)].
268 null != x | compl(x) = cuniversal.  [clausify(50)].
269 prod(x,y) = prod(y,x).  [clausify(51)].
270 diff(x,y) != null | null = x | P(x,y).  [clausify(52)].
271 -D(x,y) | diff(x,y) = x.  [clausify(53)].
272 -P(x,cuniversal) | diff(x,null) = x.  [clausify(54)].
273 -P(x,cuniversal) | sum(null,x) = x.  [clausify(55)].
274 null = x | I(f19(x),x).  [clausify(56)].
275 null = x | -I(y,x) | I(y,f19(x)).  [clausify(56)].
276 null = x | -B(y,f19(x)).  [clausify(56)].
277 bdy(x) = null | B(bdy(x),x).  [clausify(57)].
278 bdy(x) = null | -B(y,x) | P(y,bdy(x)).  [clausify(57)].
279 -P(x,y) | P(y,x) | P(f2(x,y),y).  [resolve(62,c,63,a)].
280 -P(x,y) | P(y,x) | D(f2(x,y),x).  [resolve(62,c,64,a)].
281 -B(x,y) | P(f2(x,y),y).  [resolve(69,b,63,a)].
282 -B(x,y) | D(f2(x,y),x).  [resolve(69,b,64,a)].
283 -B(x,y) | P(x,y).  [resolve(69,b,65,a)].
284 -B(x,y) | -P(y,x).  [resolve(69,b,66,a)].
285 null = x | P(f4(x),x) | -P(y,x) | EQ(x,y).  [resolve(73,c,75,a)].
286 null = x | -EQ(x,f4(x)) | -P(y,x) | EQ(x,y).  [resolve(76,c,75,a)].
287 -IC(x,y) | O(x,y).  [resolve(87,b,78,a)].
288 -IC(x,y) | -P(x,y).  [resolve(87,b,79,a)].
289 -IC(x,y) | -P(y,x).  [resolve(87,b,80,a)].
290 B(f7(x,y),y) | -I(x,y) | I(y,x) | -B(z,y).  [resolve(92,d,93,a)].
291 B(f17(x,y),y) | -P(x,y) | P(y,x) | -B(z,y).  [resolve(98,b,93,a)].
292 B(f17(x,y),y) | -P(x,y) | P(y,x) | I(x,y).  [resolve(98,b,94,a)].
294 -P(x,y) | -B(x,z) | -P(y,z) | P(z,y) | P(f8(y,z),y).  [resolve(111,c,103,a)].
295 -P(x,y) | -B(x,z) | -P(y,z) | P(z,y) | B(f8(y,z),z).  [resolve(111,c,104,a)].
296 -P(x,y) | -B(x,z) | -B(y,z) | P(f8(y,z),y).  [resolve(113,c,103,a)].
297 -P(x,y) | -B(x,z) | -B(y,z) | B(f8(y,z),z).  [resolve(113,c,104,a)].
298 -I(x,y) | -I(x,z) | -O(y,z) | P(y,z) | P(z,y) | I(f9(y,z),y).  [resolve(118,c,119,a)].
299 -I(x,y) | -I(x,z) | -O(y,z) | P(y,z) | P(z,y) | I(f9(y,z),z).  [resolve(118,c,120,a)].
300 P(f10(x,y),x) | -O(x,y) | P(x,y) | P(y,x) | -P(z,x) | -P(z,y) | B(z,x).  [resolve(130,b,131,a)].
301 P(f10(x,y),x) | -O(x,y) | P(x,y) | P(y,x) | -P(z,x) | -P(z,y) | B(z,y).  [resolve(130,b,132,a)].
303 P(f10(x,y),x) | -O(x,y) | P(x,y) | P(y,x) | B(f13(y),y).  [resolve(130,b,134,b)].
304 P(f10(x,y),y) | -O(x,y) | P(x,y) | P(y,x) | -P(z,x) | -P(z,y) | B(z,x).  [resolve(138,b,131,a)].
305 P(f10(x,y),y) | -O(x,y) | P(x,y) | P(y,x) | -P(z,x) | -P(z,y) | B(z,y).  [resolve(138,b,132,a)].
307 P(f10(x,y),y) | -O(x,y) | P(x,y) | P(y,x) | B(f13(y),y).  [resolve(138,b,134,b)].
308 -B(f10(x,y),x) | -B(f10(x,y),y) | -O(x,y) | P(x,y) | P(y,x) | -P(z,x) | -P(z,y) | B(z,x).  [resolve(139,c,131,a)].
309 -B(f10(x,y),x) | -B(f10(x,y),y) | -O(x,y) | P(x,y) | P(y,x) | -P(z,x) | -P(z,y) | B(z,y).  [resolve(139,c,132,a)].
311 -B(f10(x,y),x) | -B(f10(x,y),y) | -O(x,y) | P(x,y) | P(y,x) | B(f13(y),y).  [resolve(139,c,134,b)].
315 -IC(x,y) | P(f10(x,y),x).  [copy(314),merge(c)].
319 -IC(x,y) | P(f10(x,y),y).  [copy(318),merge(c)].
323 -IC(x,y) | -B(f10(x,y),x) | -B(f10(x,y),y).  [copy(322),merge(d)].
324 I(f11(x,y),x) | IC(x,y) | -O(x,y) | P(x,y) | P(y,x) | -P(z,x) | -P(z,y) | B(z,x).  [resolve(143,a,131,a)].
325 I(f11(x,y),x) | IC(x,y) | -O(x,y) | P(x,y) | P(y,x) | -P(z,x) | -P(z,y) | B(z,y).  [resolve(143,a,132,a)].
326 I(f11(x,y),x) | IC(x,y) | -O(x,y) | P(x,y) | P(y,x) | B(f13(y),y).  [resolve(143,a,134,b)].
327 I(f11(x,y),y) | IC(x,y) | -O(x,y) | P(x,y) | P(y,x) | -P(z,x) | -P(z,y) | B(z,x).  [resolve(144,a,131,a)].
328 I(f11(x,y),y) | IC(x,y) | -O(x,y) | P(x,y) | P(y,x) | -P(z,x) | -P(z,y) | B(z,y).  [resolve(144,a,132,a)].
329 I(f11(x,y),y) | IC(x,y) | -O(x,y) | P(x,y) | P(y,x) | B(f13(y),y).  [resolve(144,a,134,b)].
330 -P(x,x) | EQ(x,x).  [factor(228,a,b)].
331 -P(x,y) | O(y,y).  [factor(231,a,b)].
332 -IC(x,x) | -I(y,x).  [factor(241,b,c)].
333 -B(x,y) | -I(x,y).  [factor(243,a,b)].
334 -O(x,sum(y,y)) | O(x,y).  [factor(247,b,c)].
335 -P(x,y) | P(x,prod(y,y)).  [factor(252,a,b)].
336 null = x | f18(x,x) != null.  [factor(261,a,b)].
337 null = x | f18(x,x) = sum(x,x).  [factor(263,a,b)].
338 B(f17(x,y),y) | -B(x,y).  [factor(293,b,c)].
339 -P(x,x) | -B(x,y) | P(f8(x,y),x).  [factor(296,b,c)].
340 -P(x,x) | -B(x,y) | B(f8(x,y),y).  [factor(297,b,c)].
341 -I(x,y) | -O(y,y) | P(y,y) | I(f9(y,y),y).  [factor(298,a,b),merge(d)].
342 P(f10(x,x),x) | -O(x,x) | P(x,x) | -P(y,x) | B(y,x).  [factor(300,c,d),merge(e)].
343 P(f10(x,x),x) | -O(x,x) | P(x,x) | B(f13(x),x).  [factor(303,c,d)].
344 -B(f10(x,x),x) | -O(x,x) | P(x,x) | -P(y,x) | B(y,x).  [factor(308,a,b),merge(d),merge(f)].
346 -B(f10(x,x),x) | -O(x,x) | P(x,x) | B(f13(x),x).  [factor(311,a,b),merge(d)].
348 -IC(x,x) | -B(f10(x,x),x).  [factor(323,b,c)].
349 I(f11(x,x),x) | IC(x,x) | -O(x,x) | P(x,x) | -P(y,x) | B(y,x).  [factor(324,d,e),merge(f)].
350 I(f11(x,x),x) | IC(x,x) | -O(x,x) | P(x,x) | B(f13(x),x).  [factor(326,d,e)].
end_of_list.

formulas(demodulators).
264 sum(x,y) = sum(y,x).  [clausify(48)].
        % (lex-dep)
269 prod(x,y) = prod(y,x).  [clausify(51)].
        % (lex-dep)
end_of_list.

============================== end of clauses for search =============

============================== SEARCH ================================

% Starting search at 0.05 seconds.

given #1 (I,wt=3): 207 c1 != null.  [copy(206),flip(a)].

given #2 (I,wt=3): 209 c2 != null.  [copy(208),flip(a)].

given #3 (I,wt=3): 210 B(c3,c1).  [clausify(1)].

given #4 (I,wt=3): 211 B(c4,c2).  [clausify(1)].

given #5 (I,wt=3): 212 I(c1,c2).  [clausify(1)].

given #6 (I,wt=3): 213 D(c1,c2).  [clausify(1)].

given #7 (I,wt=6): 214 null = x | P(x,x).  [clausify(2)].

given #8 (I,wt=9): 215 -P(x,y) | -P(y,x) | y = x.  [clausify(3)].

given #9 (I,wt=9): 216 -P(x,y) | -P(y,z) | P(x,z).  [clausify(4)].

given #10 (I,wt=6): 217 null != x | -P(y,x).  [clausify(5)].

given #11 (I,wt=6): 218 null != x | -P(x,y).  [clausify(5)].

given #12 (I,wt=11): 219 P(f1(x),x) | P(x,f1(x)) | null = x.  [clausify(5)].

given #13 (I,wt=6): 220 null = x | P(x,c5).  [clausify(8)].

given #14 (I,wt=9): 221 cuniversal != x | null = y | P(y,x).  [clausify(9)].

given #15 (I,wt=7): 223 f3(x) != null | cuniversal = x.  [copy(222),flip(a)].

given #16 (I,wt=7): 224 -P(f3(x),x) | cuniversal = x.  [clausify(9)].

given #17 (I,wt=3): 225 -B(x,cuniversal).  [clausify(10)].

given #18 (I,wt=6): 226 -EQ(x,y) | P(y,x).  [clausify(14)].

given #19 (I,wt=6): 227 -EQ(x,y) | P(x,y).  [clausify(14)].

given #20 (I,wt=9): 228 -P(x,y) | -P(y,x) | EQ(y,x).  [clausify(14)].

given #21 (I,wt=8): 229 -O(x,y) | P(f5(x,y),x).  [clausify(15)].

given #22 (I,wt=8): 230 -O(x,y) | P(f5(x,y),y).  [clausify(15)].

given #23 (I,wt=9): 231 -P(x,y) | -P(x,z) | O(y,z).  [clausify(15)].

given #24 (I,wt=6): 232 -D(x,y) | -O(x,y).  [clausify(16)].

given #25 (I,wt=6): 233 O(x,y) | D(x,y).  [clausify(16)].

given #26 (I,wt=9): 234 -B(x,y) | -B(y,z) | B(x,z).  [clausify(18)].

given #27 (I,wt=9): 235 -P(x,y) | -B(y,z) | B(x,z).  [clausify(19)].

given #28 (I,wt=9): 236 -B(x,y) | -P(y,z) | P(x,z).  [clausify(20)].

given #29 (I,wt=6): 237 -I(x,y) | P(x,y).  [clausify(22)].

given #30 (I,wt=9): 238 -I(x,y) | -B(z,y) | D(z,x).  [clausify(22)].

given #31 (I,wt=11): 239 -P(x,y) | B(f6(x,y),y) | I(x,y).  [clausify(22)].

given #32 (I,wt=11): 240 -P(x,y) | -D(f6(x,y),x) | I(x,y).  [clausify(22)].

given #33 (I,wt=9): 241 -IC(x,y) | -I(z,x) | -I(z,y).  [clausify(30)].

given #34 (I,wt=7): 242 null = x | I(f12(x),x).  [clausify(31)].

given #35 (I,wt=11): 244 -B(x,y) | -EQ(y,z) | B(f14(y,z),z).  [clausify(35)].

given #36 (I,wt=11): 245 B(f15(x,y),x) | -EQ(x,y) | -B(z,y).  [clausify(36)].

given #37 (I,wt=11): 246 B(f16(x,y),x) | -B(z,y) | -EQ(x,y).  [clausify(37)].

given #38 (I,wt=11): 247 -O(x,sum(y,z)) | O(x,y) | O(x,z).  [clausify(39)].

given #39 (I,wt=8): 248 -O(x,y) | O(x,sum(y,z)).  [clausify(39)].

given #40 (I,wt=8): 249 -O(x,y) | O(x,sum(z,y)).  [clausify(39)].

given #41 (I,wt=8): 250 -P(x,prod(y,z)) | P(x,y).  [clausify(40)].

given #42 (I,wt=8): 251 -P(x,prod(y,z)) | P(x,z).  [clausify(40)].

given #43 (I,wt=11): 252 -P(x,y) | -P(x,z) | P(x,prod(y,z)).  [clausify(40)].

given #44 (I,wt=7): 253 -P(x,compl(y)) | D(x,y).  [clausify(41)].

given #45 (I,wt=8): 254 -P(x,diff(y,z)) | P(x,y).  [clausify(42)].

given #46 (I,wt=8): 255 -P(x,diff(y,z)) | D(x,z).  [clausify(42)].

given #47 (I,wt=11): 256 -P(x,y) | -D(x,z) | P(x,diff(y,z)).  [clausify(42)].

given #48 (I,wt=11): 257 compl(x) != y | compl(x) != z | z = y.  [clausify(43)].

given #49 (I,wt=13): 258 diff(x,y) != z | diff(x,y) != u | u = z.  [clausify(44)].

given #50 (I,wt=13): 259 prod(x,y) != z | prod(x,y) != u | u = z.  [clausify(45)].

given #51 (I,wt=13): 260 sum(x,y) != z | sum(x,y) != u | u = z.  [clausify(46)].

given #52 (I,wt=11): 261 null = x | null = y | f18(x,y) != null.  [clausify(47)].

given #53 (I,wt=13): 263 null = x | null = y | f18(x,y) = sum(x,y).  [copy(262),flip(c)].

given #54 (I,wt=7): 264 sum(x,y) = sum(y,x).  [clausify(48)].

given #55 (I,wt=7): 265 compl(x) != null | cuniversal = x.  [clausify(49)].

given #56 (I,wt=7): 266 cuniversal != x | compl(x) = null.  [clausify(49)].

given #57 (I,wt=7): 267 compl(x) != cuniversal | null = x.  [clausify(50)].

given #58 (I,wt=7): 268 null != x | compl(x) = cuniversal.  [clausify(50)].

given #59 (I,wt=7): 269 prod(x,y) = prod(y,x).  [clausify(51)].

given #60 (I,wt=11): 270 diff(x,y) != null | null = x | P(x,y).  [clausify(52)].

given #61 (I,wt=8): 271 -D(x,y) | diff(x,y) = x.  [clausify(53)].

given #62 (I,wt=8): 272 -P(x,cuniversal) | diff(x,null) = x.  [clausify(54)].

given #63 (I,wt=8): 273 -P(x,cuniversal) | sum(null,x) = x.  [clausify(55)].

given #64 (I,wt=7): 274 null = x | I(f19(x),x).  [clausify(56)].

given #65 (I,wt=10): 275 null = x | -I(y,x) | I(y,f19(x)).  [clausify(56)].

given #66 (I,wt=7): 276 null = x | -B(y,f19(x)).  [clausify(56)].

given #67 (I,wt=8): 277 bdy(x) = null | B(bdy(x),x).  [clausify(57)].

given #68 (I,wt=11): 278 bdy(x) = null | -B(y,x) | P(y,bdy(x)).  [clausify(57)].

given #69 (I,wt=11): 279 -P(x,y) | P(y,x) | P(f2(x,y),y).  [resolve(62,c,63,a)].

given #70 (I,wt=11): 280 -P(x,y) | P(y,x) | D(f2(x,y),x).  [resolve(62,c,64,a)].

given #71 (I,wt=8): 281 -B(x,y) | P(f2(x,y),y).  [resolve(69,b,63,a)].

given #72 (I,wt=8): 282 -B(x,y) | D(f2(x,y),x).  [resolve(69,b,64,a)].

given #73 (I,wt=6): 283 -B(x,y) | P(x,y).  [resolve(69,b,65,a)].

given #74 (I,wt=6): 284 -B(x,y) | -P(y,x).  [resolve(69,b,66,a)].

given #75 (I,wt=13): 285 null = x | P(f4(x),x) | -P(y,x) | EQ(x,y).  [resolve(73,c,75,a)].

given #76 (I,wt=13): 286 null = x | -EQ(x,f4(x)) | -P(y,x) | EQ(x,y).  [resolve(76,c,75,a)].

given #77 (I,wt=6): 287 -IC(x,y) | O(x,y).  [resolve(87,b,78,a)].

given #78 (I,wt=6): 288 -IC(x,y) | -P(x,y).  [resolve(87,b,79,a)].

given #79 (I,wt=6): 289 -IC(x,y) | -P(y,x).  [resolve(87,b,80,a)].

given #80 (I,wt=14): 290 B(f7(x,y),y) | -I(x,y) | I(y,x) | -B(z,y).  [resolve(92,d,93,a)].

given #81 (I,wt=14): 291 B(f17(x,y),y) | -P(x,y) | P(y,x) | -B(z,y).  [resolve(98,b,93,a)].

given #82 (I,wt=14): 292 B(f17(x,y),y) | -P(x,y) | P(y,x) | I(x,y).  [resolve(98,b,94,a)].

given #83 (I,wt=17): 294 -P(x,y) | -B(x,z) | -P(y,z) | P(z,y) | P(f8(y,z),y).  [resolve(111,c,103,a)].

given #84 (I,wt=17): 295 -P(x,y) | -B(x,z) | -P(y,z) | P(z,y) | B(f8(y,z),z).  [resolve(111,c,104,a)].

given #85 (I,wt=14): 296 -P(x,y) | -B(x,z) | -B(y,z) | P(f8(y,z),y).  [resolve(113,c,103,a)].

given #86 (I,wt=14): 297 -P(x,y) | -B(x,z) | -B(y,z) | B(f8(y,z),z).  [resolve(113,c,104,a)].

given #87 (I,wt=20): 298 -I(x,y) | -I(x,z) | -O(y,z) | P(y,z) | P(z,y) | I(f9(y,z),y).  [resolve(118,c,119,a)].

given #88 (I,wt=20): 299 -I(x,y) | -I(x,z) | -O(y,z) | P(y,z) | P(z,y) | I(f9(y,z),z).  [resolve(118,c,120,a)].

given #89 (I,wt=23): 300 P(f10(x,y),x) | -O(x,y) | P(x,y) | P(y,x) | -P(z,x) | -P(z,y) | B(z,x).  [resolve(130,b,131,a)].

given #90 (I,wt=23): 301 P(f10(x,y),x) | -O(x,y) | P(x,y) | P(y,x) | -P(z,x) | -P(z,y) | B(z,y).  [resolve(130,b,132,a)].

given #91 (I,wt=18): 303 P(f10(x,y),x) | -O(x,y) | P(x,y) | P(y,x) | B(f13(y),y).  [resolve(130,b,134,b)].

given #92 (I,wt=23): 304 P(f10(x,y),y) | -O(x,y) | P(x,y) | P(y,x) | -P(z,x) | -P(z,y) | B(z,x).  [resolve(138,b,131,a)].

given #93 (I,wt=23): 305 P(f10(x,y),y) | -O(x,y) | P(x,y) | P(y,x) | -P(z,x) | -P(z,y) | B(z,y).  [resolve(138,b,132,a)].

given #94 (I,wt=18): 307 P(f10(x,y),y) | -O(x,y) | P(x,y) | P(y,x) | B(f13(y),y).  [resolve(138,b,134,b)].

given #95 (I,wt=28): 308 -B(f10(x,y),x) | -B(f10(x,y),y) | -O(x,y) | P(x,y) | P(y,x) | -P(z,x) | -P(z,y) | B(z,x).  [resolve(139,c,131,a)].

given #96 (I,wt=28): 309 -B(f10(x,y),x) | -B(f10(x,y),y) | -O(x,y) | P(x,y) | P(y,x) | -P(z,x) | -P(z,y) | B(z,y).  [resolve(139,c,132,a)].

given #97 (I,wt=23): 311 -B(f10(x,y),x) | -B(f10(x,y),y) | -O(x,y) | P(x,y) | P(y,x) | B(f13(y),y).  [resolve(139,c,134,b)].

given #98 (I,wt=8): 315 -IC(x,y) | P(f10(x,y),x).  [copy(314),merge(c)].

given #99 (I,wt=8): 319 -IC(x,y) | P(f10(x,y),y).  [copy(318),merge(c)].

given #100 (I,wt=13): 323 -IC(x,y) | -B(f10(x,y),x) | -B(f10(x,y),y).  [copy(322),merge(d)].

given #101 (I,wt=26): 324 I(f11(x,y),x) | IC(x,y) | -O(x,y) | P(x,y) | P(y,x) | -P(z,x) | -P(z,y) | B(z,x).  [resolve(143,a,131,a)].

given #102 (I,wt=26): 325 I(f11(x,y),x) | IC(x,y) | -O(x,y) | P(x,y) | P(y,x) | -P(z,x) | -P(z,y) | B(z,y).  [resolve(143,a,132,a)].

given #103 (I,wt=21): 326 I(f11(x,y),x) | IC(x,y) | -O(x,y) | P(x,y) | P(y,x) | B(f13(y),y).  [resolve(143,a,134,b)].

given #104 (I,wt=26): 327 I(f11(x,y),y) | IC(x,y) | -O(x,y) | P(x,y) | P(y,x) | -P(z,x) | -P(z,y) | B(z,x).  [resolve(144,a,131,a)].

given #105 (I,wt=26): 328 I(f11(x,y),y) | IC(x,y) | -O(x,y) | P(x,y) | P(y,x) | -P(z,x) | -P(z,y) | B(z,y).  [resolve(144,a,132,a)].

given #106 (I,wt=21): 329 I(f11(x,y),y) | IC(x,y) | -O(x,y) | P(x,y) | P(y,x) | B(f13(y),y).  [resolve(144,a,134,b)].

given #107 (I,wt=6): 330 -P(x,x) | EQ(x,x).  [factor(228,a,b)].

given #108 (I,wt=6): 331 -P(x,y) | O(y,y).  [factor(231,a,b)].

given #109 (I,wt=6): 332 -IC(x,x) | -I(y,x).  [factor(241,b,c)].

given #110 (I,wt=6): 333 -B(x,y) | -I(x,y).  [factor(243,a,b)].

given #111 (I,wt=8): 334 -O(x,sum(y,y)) | O(x,y).  [factor(247,b,c)].

given #112 (I,wt=8): 335 -P(x,y) | P(x,prod(y,y)).  [factor(252,a,b)].

given #113 (I,wt=8): 336 null = x | f18(x,x) != null.  [factor(261,a,b)].

given #114 (I,wt=10): 337 null = x | f18(x,x) = sum(x,x).  [factor(263,a,b)].

given #115 (I,wt=8): 338 B(f17(x,y),y) | -B(x,y).  [factor(293,b,c)].

given #116 (I,wt=11): 339 -P(x,x) | -B(x,y) | P(f8(x,y),x).  [factor(296,b,c)].

given #117 (I,wt=11): 340 -P(x,x) | -B(x,y) | B(f8(x,y),y).  [factor(297,b,c)].

given #118 (I,wt=14): 341 -I(x,y) | -O(y,y) | P(y,y) | I(f9(y,y),y).  [factor(298,a,b),merge(d)].

given #119 (I,wt=17): 342 P(f10(x,x),x) | -O(x,x) | P(x,x) | -P(y,x) | B(y,x).  [factor(300,c,d),merge(e)].

given #120 (I,wt=15): 343 P(f10(x,x),x) | -O(x,x) | P(x,x) | B(f13(x),x).  [factor(303,c,d)].

given #121 (I,wt=17): 344 -B(f10(x,x),x) | -O(x,x) | P(x,x) | -P(y,x) | B(y,x).  [factor(308,a,b),merge(d),merge(f)].

given #122 (I,wt=15): 346 -B(f10(x,x),x) | -O(x,x) | P(x,x) | B(f13(x),x).  [factor(311,a,b),merge(d)].

given #123 (I,wt=8): 348 -IC(x,x) | -B(f10(x,x),x).  [factor(323,b,c)].

given #124 (I,wt=20): 349 I(f11(x,x),x) | IC(x,x) | -O(x,x) | P(x,x) | -P(y,x) | B(y,x).  [factor(324,d,e),merge(f)].

given #125 (I,wt=18): 350 I(f11(x,x),x) | IC(x,x) | -O(x,x) | P(x,x) | B(f13(x),x).  [factor(326,d,e)].

given #126 (A,wt=11): 351 P(x,f1(x)) | null = x | f1(x) != null.  [resolve(219,a,218,b),flip(c)].

given #127 (F,wt=3): 368 -O(c1,c2).  [resolve(232,a,213,a)].

given #128 (F,wt=3): 448 -P(c2,c4).  [resolve(284,a,211,a)].

given #129 (F,wt=3): 449 -P(c1,c3).  [resolve(284,a,210,a)].

given #130 (F,wt=3): 486 -B(c1,c2).  [resolve(333,b,212,a)].

given #131 (T,wt=3): 377 P(c1,c2).  [resolve(237,a,212,a)].

given #132 (T,wt=3): 445 P(c4,c2).  [resolve(283,a,211,a)].

given #133 (T,wt=3): 446 P(c3,c1).  [resolve(283,a,210,a)].

given #134 (T,wt=3): 500 O(c2,c2).  [resolve(377,a,331,a)].

given #135 (A,wt=14): 352 P(x,f1(x)) | null = x | -P(y,f1(x)) | P(y,x).  [resolve(219,a,216,b)].

given #136 (F,wt=3): 520 c4 != null.  [resolve(445,a,218,b),flip(a)].

given #137 (F,wt=3): 530 c3 != null.  [resolve(446,a,218,b),flip(a)].

given #138 (T,wt=3): 523 O(c1,c1).  [resolve(446,a,331,a)].

given #139 (T,wt=4): 410 compl(cuniversal) = null.  [xx_res(266,a)].

given #140 (T,wt=4): 411 compl(null) = cuniversal.  [xx_res(268,a)].

given #141 (T,wt=4): 424 I(c1,f19(c2)).  [resolve(275,b,212,a),flip(a),unit_del(a,209)].

given #142 (A,wt=14): 353 P(x,f1(x)) | null = x | -P(x,y) | P(f1(x),y).  [resolve(219,a,216,a)].

given #143 (F,wt=4): 557 -B(c1,f19(c2)).  [resolve(424,a,333,b)].

given #144 (T,wt=4): 430 bdy(cuniversal) = null.  [resolve(277,b,225,a)].

given #145 (T,wt=4): 561 P(c1,f19(c2)).  [resolve(424,a,237,a)].

given #146 (T,wt=5): 415 diff(c1,c2) = c1.  [resolve(271,a,213,a)].

given #147 (T,wt=5): 439 P(f2(c4,c2),c2).  [resolve(281,a,211,a)].

given #148 (A,wt=6): 354 null = x | c5 != null.  [resolve(220,b,217,b),flip(b)].

given #149 (F,wt=4): 578 f19(c2) != null.  [resolve(561,a,217,b),flip(a)].

given #150 (F,wt=5): 599 f2(c4,c2) != null.  [resolve(439,a,218,b),flip(a)].

given #151 (T,wt=5): 440 P(f2(c3,c1),c1).  [resolve(281,a,210,a)].

given #152 (T,wt=5): 442 D(f2(c4,c2),c4).  [resolve(282,a,211,a)].

given #153 (T,wt=5): 443 D(f2(c3,c1),c3).  [resolve(282,a,210,a)].

given #154 (T,wt=5): 491 B(f17(c4,c2),c2).  [resolve(338,b,211,a)].

given #155 (A,wt=9): 355 null = x | -P(y,x) | P(y,c5).  [resolve(220,b,216,b)].

given #156 (F,wt=5): 617 f2(c3,c1) != null.  [resolve(440,a,218,b),flip(a)].

given #157 (F,wt=5): 624 -O(f2(c4,c2),c4).  [resolve(442,a,232,a)].

given #158 (F,wt=5): 627 -O(f2(c3,c1),c3).  [resolve(443,a,232,a)].

given #159 (F,wt=5): 637 -P(c2,f17(c4,c2)).  [resolve(491,a,284,a)].

given #160 (T,wt=3): 646 P(c1,c5).  [resolve(355,b,561,a),flip(a),unit_del(a,578)].

given #161 (T,wt=3): 647 P(c3,c5).  [resolve(355,b,446,a),flip(a),unit_del(a,207)].

given #162 (T,wt=3): 648 P(c4,c5).  [resolve(355,b,445,a),flip(a),unit_del(a,209)].

given #163 (T,wt=3): 653 O(c5,c5).  [resolve(646,a,331,a)].

given #164 (A,wt=9): 356 null = x | -P(c5,y) | P(x,y).  [resolve(220,b,216,a)].

given #165 (F,wt=3): 665 c5 != null.  [resolve(646,a,217,b),flip(a)].

given #166 (T,wt=3): 670 EQ(c5,c5).  [back_unit_del(479),unit_del(b,665)].

given #167 (T,wt=3): 717 P(c5,c5).  [resolve(670,a,227,a)].

given #168 (T,wt=5): 492 B(f17(c3,c1),c1).  [resolve(338,b,210,a)].

given #169 (T,wt=5): 499 P(c1,prod(c2,c2)).  [resolve(377,a,335,a)].

given #170 (A,wt=9): 357 null = x | -P(c5,x) | c5 = x.  [resolve(220,b,215,b),flip(c)].

given #171 (F,wt=5): 734 -P(c1,f17(c3,c1)).  [resolve(492,a,284,a)].

given #172 (F,wt=5): 757 prod(c2,c2) != null.  [resolve(499,a,217,b),flip(a)].

given #173 (T,wt=5): 513 P(c4,prod(c2,c2)).  [resolve(445,a,335,a)].

given #174 (T,wt=5): 522 P(c3,prod(c1,c1)).  [resolve(446,a,335,a)].

given #175 (T,wt=5): 539 O(c2,sum(x,c2)).  [resolve(500,a,249,a)].

given #176 (T,wt=5): 540 O(c2,sum(c2,x)).  [resolve(500,a,248,a)].

given #177 (A,wt=6): 358 null = x | P(x,cuniversal).  [xx_res(221,a)].

given #178 (F,wt=5): 792 prod(c1,c1) != null.  [resolve(522,a,217,b),flip(a)].

given #179 (T,wt=5): 541 P(f5(c2,c2),c2).  [resolve(500,a,230,a)].

given #180 (T,wt=5): 550 O(c1,sum(x,c1)).  [resolve(523,a,249,a)].

given #181 (T,wt=5): 551 O(c1,sum(c1,x)).  [resolve(523,a,248,a)].

given #182 (T,wt=5): 552 P(f5(c1,c1),c1).  [resolve(523,a,230,a)].

given #183 (A,wt=7): 359 c5 = cuniversal | f3(c5) = null.  [resolve(224,a,220,b),flip(a),flip(b)].

given #184 (F,wt=3): 991 cuniversal != null.  [back_rewrite(665),rewrite([941(1)])].

given #185 (F,wt=5): 875 f5(c2,c2) != null.  [resolve(541,a,218,b),flip(a)].

given #186 (F,wt=5): 936 f5(c1,c1) != null.  [resolve(552,a,218,b),flip(a)].

given #187 (T,wt=3): 941 c5 = cuniversal.  [resolve(359,b,223,a),flip(b),merge(b)].

given #188 (T,wt=3): 946 I(cuniversal,cuniversal).  [back_rewrite(722),rewrite([941(1),941(2),941(4),941(6),941(7)]),unit_del(a,225)].

given #189 (T,wt=3): 951 P(cuniversal,cuniversal).  [back_rewrite(717),rewrite([941(1),941(2)])].

given #190 (T,wt=3): 962 I(c4,cuniversal).  [back_rewrite(696),rewrite([941(2),941(4),941(7)]),unit_del(a,225)].

given #191 (A,wt=14): 363 -P(f1(x),y) | O(x,y) | P(x,f1(x)) | null = x.  [resolve(231,a,219,a)].

given #192 (T,wt=3): 977 I(c3,cuniversal).  [back_rewrite(680),rewrite([941(2),941(4),941(7)]),unit_del(a,225)].

given #193 (T,wt=3): 986 EQ(cuniversal,cuniversal).  [back_rewrite(670),rewrite([941(1),941(2)])].

given #194 (T,wt=3): 996 I(c1,cuniversal).  [back_rewrite(660),rewrite([941(2),941(4),941(7)]),unit_del(a,225)].

given #195 (T,wt=3): 1001 O(cuniversal,cuniversal).  [back_rewrite(653),rewrite([941(1),941(2)])].

given #196 (A,wt=9): 364 -P(x,y) | O(x,y) | null = x.  [resolve(231,a,214,b)].
-------- Proof 1 -------- 

============================== PROOF =================================

% Proof 1 at 0.09 (+ 0.01) seconds.
% Length of proof is 17.
% Level of proof is 3.
% Maximum clause weight is 9.000.
% Given clauses 196.

1 -(all x all y (-(x != null & y != null & (exists z B(z,x)) & (exists t B(t,y)) & I(x,y)) | -D(x,y))) # label(non_clause).  [assumption].
2 (all x (x = null | P(x,x))) # label(non_clause).  [assumption].
15 (all x all y ((-O(x,y) | (exists z (P(z,x) & P(z,y)))) & (-(exists z (P(z,x) & P(z,y))) | O(x,y)))) # label(non_clause).  [assumption].
16 (all x all y ((-D(x,y) | -O(x,y)) & (O(x,y) | D(x,y)))) # label(non_clause).  [assumption].
22 (all x all y ((-I(x,y) | P(x,y) & (all z (-B(z,y) | D(z,x)))) & (-(P(x,y) & (all z (-B(z,y) | D(z,x)))) | I(x,y)))) # label(non_clause).  [assumption].
206 null != c1.  [clausify(1)].
207 c1 != null.  [copy(206),flip(a)].
212 I(c1,c2).  [clausify(1)].
213 D(c1,c2).  [clausify(1)].
214 null = x | P(x,x).  [clausify(2)].
231 -P(x,y) | -P(x,z) | O(y,z).  [clausify(15)].
232 -D(x,y) | -O(x,y).  [clausify(16)].
237 -I(x,y) | P(x,y).  [clausify(22)].
364 -P(x,y) | O(x,y) | null = x.  [resolve(231,a,214,b)].
368 -O(c1,c2).  [resolve(232,a,213,a)].
377 P(c1,c2).  [resolve(237,a,212,a)].
1029 $F.  [resolve(364,a,377,a),flip(b),unit_del(a,368),unit_del(b,207)].

============================== end of proof ==========================

============================== STATISTICS ============================

Given=196. Generated=1282. Kept=816. proofs=1.
Usable=183. Sos=488. Demods=11. Limbo=10, Disabled=452. Hints=0.
Kept_by_rule=0, Deleted_by_rule=0.
Forward_subsumed=465. Back_subsumed=31.
Sos_limit_deleted=0. Sos_displaced=0. Sos_removed=0.
New_demodulators=11 (2 lex), Back_demodulated=89. Back_unit_deleted=15.
Demod_attempts=11193. Demod_rewrites=210.
Res_instance_prunes=0. Para_instance_prunes=0. Basic_paramod_prunes=0.
Nonunit_fsub_feature_tests=1575. Nonunit_bsub_feature_tests=1412.
Megabytes=2.62.
User_CPU=0.09, System_CPU=0.01, Wall_clock=0.

============================== end of statistics =====================

============================== end of search =========================

THEOREM PROVED

THEOREM PROVED

Exiting with 1 proof.

------ process 8233 exit (max_proofs) ------

Process 8233 exit (max_proofs) Mon Feb  3 12:00:43 2020

========================== MACLEOD SUMMARY ===========================
reasoner: /home/aidin12/macleod/Reasoning/prover9_bin/prover9
status: PROOF
execution finished: Mon Feb 03 12:00:45 2020
total CPU time used: 0
The command was "/home/aidin12/macleod/Reasoning/prover9_bin/prover9 -t100 -f /home/aidin12/macleod/ontologies/after/JEPD/PD/conversions/PD40.all.p9"
============================ end of footer ===========================
