============================== Prover9 ===============================
Prover9 (64) version 2009-11A, November 2009.
Process 9849 was started by aidin12 on aidin12-HP-Pavilion-dv7-Notebook-PC,
Mon Feb  3 12:05:36 2020
The command was "/home/aidin12/macleod/Reasoning/prover9_bin/prover9 -t100 -f /home/aidin12/macleod/ontologies/after/JEPD/PD/conversions/PD51.all.p9".
============================== end of head ===========================

============================== INPUT =================================

% Reading from file /home/aidin12/macleod/ontologies/after/JEPD/PD/conversions/PD51.all.p9


formulas(assumptions).
-(all x all y (-(x != null & y != null & (exists z B(z,x)) & (exists t B(t,y)) & II(x,y)) | -EC(x,y))).
(all x (x = null | P(x,x))).
(all x all y (-(P(x,y) & P(y,x)) | x = y)).
(all x all y all z (-(P(x,y) & P(y,z)) | P(x,z))).
(all x ((x != null | (all y (-P(y,x) & -P(x,y)))) & (-(all y (-P(y,x) & -P(x,y))) | x = null))).
(all x all y ((-PI(x,y) | P(y,x)) & (-P(y,x) | PI(x,y)))).
(all x all y (-PP(x,y) | (exists z (P(z,y) & D(z,x))))).
(exists z all x (x = null | P(x,z))).
(all x ((x != cuniversal | (all y (y = null | P(y,x)))) & (-(all y (y = null | P(y,x))) | x = cuniversal))).
-(exists x B(x,cuniversal)).
(all x ((-Point(x) | x != null & (all y (-P(y,x) | EQ(x,y)))) & (-(x != null & (all y (-P(y,x) | EQ(x,y)))) | Point(x)))).
(all x all y ((-PP(x,y) | P(x,y) & -P(y,x)) & (-(P(x,y) & -P(y,x)) | PP(x,y)))).
(all x all y ((-PPI(x,y) | PP(y,x)) & (-PP(y,x) | PPI(x,y)))).
(all x all y ((-EQ(x,y) | P(y,x) & P(x,y)) & (-(P(y,x) & P(x,y)) | EQ(x,y)))).
(all x all y ((-O(x,y) | (exists z (P(z,x) & P(z,y)))) & (-(exists z (P(z,x) & P(z,y))) | O(x,y)))).
(all x all y ((-D(x,y) | -O(x,y)) & (O(x,y) | D(x,y)))).
(all x all y (-B(x,y) | PP(x,y))).
(all x all y all z (-(B(x,y) & B(y,z)) | B(x,z))).
(all x all y all z (-(P(x,y) & B(y,z)) | B(x,z))).
(all x all y all z (-(B(x,y) & P(y,z)) | P(x,z))).
(all x all y ((-IMB(x,y) | O(x,y) & -P(x,y) & -P(y,x)) & (-(O(x,y) & -P(x,y) & -P(y,x)) | IMB(x,y)))).
(all x all y ((-I(x,y) | P(x,y) & (all z (-B(z,y) | D(z,x)))) & (-(P(x,y) & (all z (-B(z,y) | D(z,x)))) | I(x,y)))).
(all x all y ((-II(x,y) | I(y,x)) & (-I(y,x) | II(x,y)))).
(all x all y ((-IP(x,y) | -(exists t B(t,y)) & I(x,y) & -I(y,x)) & (-(-(exists t B(t,y)) & I(x,y) & -I(y,x)) | IP(x,y)))).
(all x all y ((-IPI(x,y) | IP(y,x)) & (-IP(y,x) | IPI(x,y)))).
(all x all y ((-TPP(x,y) | PP(x,y) & (exists z (P(z,x) & B(z,y)))) & (-(PP(x,y) & (exists z (P(z,x) & B(z,y)))) | TPP(x,y)))).
(all x all y ((-TPPI(x,y) | TPP(y,x)) & (-TPP(y,x) | TPPI(x,y)))).
(all x all y ((-OV(x,y) | IMB(x,y) & (exists p (I(p,x) & I(p,y)))) & (-(IMB(x,y) & (exists p (I(p,x) & I(p,y)))) | OV(x,y)))).
(all x all y ((-EC(x,y) | IMB(x,y) & (all z (-(P(z,x) & P(z,y)) | B(z,x) & B(z,y)))) & (-(IMB(x,y) & (all z (-(P(z,x) & P(z,y)) | B(z,x) & B(z,y)))) | EC(x,y)))).
(all x all y ((-IC(x,y) | IMB(x,y) & -EC(x,y) & -(exists p (I(p,x) & I(p,y)))) & (-(IMB(x,y) & -EC(x,y) & -(exists p (I(p,x) & I(p,y)))) | IC(x,y)))).
(all x (x = null | (exists y I(y,x)))).
(all x ((exists z B(z,x)) | -(exists y EC(y,x)))).
(all x (-(exists z B(z,x)) | (all y (-B(y,x) | -I(y,x))))).
(all x (-(exists z B(z,x)) | (all y (-I(y,x) | -B(y,x))))).
(all x all y (-((exists z B(z,x)) & EQ(x,y)) | (exists t B(t,y)))).
(all x all y (-(-(exists z B(z,x)) & EQ(x,y)) | -(exists t B(t,y)))).
(all x all y (-(-(exists z B(z,x)) & (exists t B(t,y))) | -EQ(x,y))).
(all x all y (-(PP(x,y) & -(exists z B(z,y))) | IP(x,y))).
(all x all y all w ((-O(w,sum(x,y)) | O(w,x) | O(w,y)) & (-(O(w,x) | O(w,y)) | O(w,sum(x,y))))).
(all x all y all w ((-P(w,prod(x,y)) | P(w,x) & P(w,y)) & (-(P(w,x) & P(w,y)) | P(w,prod(x,y))))).
(all x all w ((-P(w,compl(x)) | D(w,x) & P(w,compl(x))) & (-(D(w,x) & P(w,compl(x))) | P(w,compl(x))))).
(all x all y all w ((-P(w,diff(x,y)) | P(w,x) & D(w,y)) & (-(P(w,x) & D(w,y)) | P(w,diff(x,y))))).
(all x all z all t (-(compl(x) = z & compl(x) = t) | z = t)).
(all x all y all z all t (-(diff(x,y) = z & diff(x,y) = t) | z = t)).
(all x all y all z all t (-(prod(x,y) = z & prod(x,y) = t) | z = t)).
(all x all y all z all t (-(sum(x,y) = z & sum(x,y) = t) | z = t)).
(all x all y (-(x != null & y != null) | (exists z (z != null & z = sum(x,y))))).
(all x all y sum(x,y) = sum(y,x)).
(all x ((compl(x) != null | x = cuniversal) & (x != cuniversal | compl(x) = null))).
(all x ((compl(x) != cuniversal | x = null) & (x != null | compl(x) = cuniversal))).
(all x all y prod(x,y) = prod(y,x)).
(all x all y (diff(x,y) != null | x = null | P(x,y))).
(all x all y (-D(x,y) | diff(x,y) = x)).
(all x (-P(x,cuniversal) | diff(x,null) = x)).
(all x (-P(x,cuniversal) | sum(null,x) = x)).
(all x (x = null | (exists z (I(z,x) & (all u (-I(u,x) | I(u,z))) & -(exists y B(y,z)))))).
(all x (bdy(x) = null | B(bdy(x),x) & (all z (-B(z,x) | P(z,bdy(x)))))).
(all x ((x != null | -P(x,x)) & (P(x,x) | x = null))).
(all x ((-P(x,x) | x != null) & (x = null | P(x,x)))).
end_of_list.

============================== end of input ==========================

% From the command line: assign(max_seconds, 100).

============================== PROCESS NON-CLAUSAL FORMULAS ==========

% Formulas that are not ordinary clauses:
1 -(all x all y (-(x != null & y != null & (exists z B(z,x)) & (exists t B(t,y)) & II(x,y)) | -EC(x,y))) # label(non_clause).  [assumption].
2 (all x (x = null | P(x,x))) # label(non_clause).  [assumption].
3 (all x all y (-(P(x,y) & P(y,x)) | x = y)) # label(non_clause).  [assumption].
4 (all x all y all z (-(P(x,y) & P(y,z)) | P(x,z))) # label(non_clause).  [assumption].
5 (all x ((x != null | (all y (-P(y,x) & -P(x,y)))) & (-(all y (-P(y,x) & -P(x,y))) | x = null))) # label(non_clause).  [assumption].
6 (all x all y ((-PI(x,y) | P(y,x)) & (-P(y,x) | PI(x,y)))) # label(non_clause).  [assumption].
7 (all x all y (-PP(x,y) | (exists z (P(z,y) & D(z,x))))) # label(non_clause).  [assumption].
8 (exists z all x (x = null | P(x,z))) # label(non_clause).  [assumption].
9 (all x ((x != cuniversal | (all y (y = null | P(y,x)))) & (-(all y (y = null | P(y,x))) | x = cuniversal))) # label(non_clause).  [assumption].
10 -(exists x B(x,cuniversal)) # label(non_clause).  [assumption].
11 (all x ((-Point(x) | x != null & (all y (-P(y,x) | EQ(x,y)))) & (-(x != null & (all y (-P(y,x) | EQ(x,y)))) | Point(x)))) # label(non_clause).  [assumption].
12 (all x all y ((-PP(x,y) | P(x,y) & -P(y,x)) & (-(P(x,y) & -P(y,x)) | PP(x,y)))) # label(non_clause).  [assumption].
13 (all x all y ((-PPI(x,y) | PP(y,x)) & (-PP(y,x) | PPI(x,y)))) # label(non_clause).  [assumption].
14 (all x all y ((-EQ(x,y) | P(y,x) & P(x,y)) & (-(P(y,x) & P(x,y)) | EQ(x,y)))) # label(non_clause).  [assumption].
15 (all x all y ((-O(x,y) | (exists z (P(z,x) & P(z,y)))) & (-(exists z (P(z,x) & P(z,y))) | O(x,y)))) # label(non_clause).  [assumption].
16 (all x all y ((-D(x,y) | -O(x,y)) & (O(x,y) | D(x,y)))) # label(non_clause).  [assumption].
17 (all x all y (-B(x,y) | PP(x,y))) # label(non_clause).  [assumption].
18 (all x all y all z (-(B(x,y) & B(y,z)) | B(x,z))) # label(non_clause).  [assumption].
19 (all x all y all z (-(P(x,y) & B(y,z)) | B(x,z))) # label(non_clause).  [assumption].
20 (all x all y all z (-(B(x,y) & P(y,z)) | P(x,z))) # label(non_clause).  [assumption].
21 (all x all y ((-IMB(x,y) | O(x,y) & -P(x,y) & -P(y,x)) & (-(O(x,y) & -P(x,y) & -P(y,x)) | IMB(x,y)))) # label(non_clause).  [assumption].
22 (all x all y ((-I(x,y) | P(x,y) & (all z (-B(z,y) | D(z,x)))) & (-(P(x,y) & (all z (-B(z,y) | D(z,x)))) | I(x,y)))) # label(non_clause).  [assumption].
23 (all x all y ((-II(x,y) | I(y,x)) & (-I(y,x) | II(x,y)))) # label(non_clause).  [assumption].
24 (all x all y ((-IP(x,y) | -(exists t B(t,y)) & I(x,y) & -I(y,x)) & (-(-(exists t B(t,y)) & I(x,y) & -I(y,x)) | IP(x,y)))) # label(non_clause).  [assumption].
25 (all x all y ((-IPI(x,y) | IP(y,x)) & (-IP(y,x) | IPI(x,y)))) # label(non_clause).  [assumption].
26 (all x all y ((-TPP(x,y) | PP(x,y) & (exists z (P(z,x) & B(z,y)))) & (-(PP(x,y) & (exists z (P(z,x) & B(z,y)))) | TPP(x,y)))) # label(non_clause).  [assumption].
27 (all x all y ((-TPPI(x,y) | TPP(y,x)) & (-TPP(y,x) | TPPI(x,y)))) # label(non_clause).  [assumption].
28 (all x all y ((-OV(x,y) | IMB(x,y) & (exists p (I(p,x) & I(p,y)))) & (-(IMB(x,y) & (exists p (I(p,x) & I(p,y)))) | OV(x,y)))) # label(non_clause).  [assumption].
29 (all x all y ((-EC(x,y) | IMB(x,y) & (all z (-(P(z,x) & P(z,y)) | B(z,x) & B(z,y)))) & (-(IMB(x,y) & (all z (-(P(z,x) & P(z,y)) | B(z,x) & B(z,y)))) | EC(x,y)))) # label(non_clause).  [assumption].
30 (all x all y ((-IC(x,y) | IMB(x,y) & -EC(x,y) & -(exists p (I(p,x) & I(p,y)))) & (-(IMB(x,y) & -EC(x,y) & -(exists p (I(p,x) & I(p,y)))) | IC(x,y)))) # label(non_clause).  [assumption].
31 (all x (x = null | (exists y I(y,x)))) # label(non_clause).  [assumption].
32 (all x ((exists z B(z,x)) | -(exists y EC(y,x)))) # label(non_clause).  [assumption].
33 (all x (-(exists z B(z,x)) | (all y (-B(y,x) | -I(y,x))))) # label(non_clause).  [assumption].
34 (all x (-(exists z B(z,x)) | (all y (-I(y,x) | -B(y,x))))) # label(non_clause).  [assumption].
35 (all x all y (-((exists z B(z,x)) & EQ(x,y)) | (exists t B(t,y)))) # label(non_clause).  [assumption].
36 (all x all y (-(-(exists z B(z,x)) & EQ(x,y)) | -(exists t B(t,y)))) # label(non_clause).  [assumption].
37 (all x all y (-(-(exists z B(z,x)) & (exists t B(t,y))) | -EQ(x,y))) # label(non_clause).  [assumption].
38 (all x all y (-(PP(x,y) & -(exists z B(z,y))) | IP(x,y))) # label(non_clause).  [assumption].
39 (all x all y all w ((-O(w,sum(x,y)) | O(w,x) | O(w,y)) & (-(O(w,x) | O(w,y)) | O(w,sum(x,y))))) # label(non_clause).  [assumption].
40 (all x all y all w ((-P(w,prod(x,y)) | P(w,x) & P(w,y)) & (-(P(w,x) & P(w,y)) | P(w,prod(x,y))))) # label(non_clause).  [assumption].
41 (all x all w ((-P(w,compl(x)) | D(w,x) & P(w,compl(x))) & (-(D(w,x) & P(w,compl(x))) | P(w,compl(x))))) # label(non_clause).  [assumption].
42 (all x all y all w ((-P(w,diff(x,y)) | P(w,x) & D(w,y)) & (-(P(w,x) & D(w,y)) | P(w,diff(x,y))))) # label(non_clause).  [assumption].
43 (all x all z all t (-(compl(x) = z & compl(x) = t) | z = t)) # label(non_clause).  [assumption].
44 (all x all y all z all t (-(diff(x,y) = z & diff(x,y) = t) | z = t)) # label(non_clause).  [assumption].
45 (all x all y all z all t (-(prod(x,y) = z & prod(x,y) = t) | z = t)) # label(non_clause).  [assumption].
46 (all x all y all z all t (-(sum(x,y) = z & sum(x,y) = t) | z = t)) # label(non_clause).  [assumption].
47 (all x all y (-(x != null & y != null) | (exists z (z != null & z = sum(x,y))))) # label(non_clause).  [assumption].
48 (all x all y sum(x,y) = sum(y,x)) # label(non_clause).  [assumption].
49 (all x ((compl(x) != null | x = cuniversal) & (x != cuniversal | compl(x) = null))) # label(non_clause).  [assumption].
50 (all x ((compl(x) != cuniversal | x = null) & (x != null | compl(x) = cuniversal))) # label(non_clause).  [assumption].
51 (all x all y prod(x,y) = prod(y,x)) # label(non_clause).  [assumption].
52 (all x all y (diff(x,y) != null | x = null | P(x,y))) # label(non_clause).  [assumption].
53 (all x all y (-D(x,y) | diff(x,y) = x)) # label(non_clause).  [assumption].
54 (all x (-P(x,cuniversal) | diff(x,null) = x)) # label(non_clause).  [assumption].
55 (all x (-P(x,cuniversal) | sum(null,x) = x)) # label(non_clause).  [assumption].
56 (all x (x = null | (exists z (I(z,x) & (all u (-I(u,x) | I(u,z))) & -(exists y B(y,z)))))) # label(non_clause).  [assumption].
57 (all x (bdy(x) = null | B(bdy(x),x) & (all z (-B(z,x) | P(z,bdy(x)))))) # label(non_clause).  [assumption].
58 (all x ((x != null | -P(x,x)) & (P(x,x) | x = null))) # label(non_clause).  [assumption].
59 (all x ((-P(x,x) | x != null) & (x = null | P(x,x)))) # label(non_clause).  [assumption].

============================== end of process non-clausal formulas ===

============================== PROCESS INITIAL CLAUSES ===============

% Clauses before input processing:

formulas(usable).
end_of_list.

formulas(sos).
null != c1.  [clausify(1)].
null != c2.  [clausify(1)].
B(c3,c1).  [clausify(1)].
B(c4,c2).  [clausify(1)].
II(c1,c2).  [clausify(1)].
EC(c1,c2).  [clausify(1)].
null = x | P(x,x).  [clausify(2)].
-P(x,y) | -P(y,x) | y = x.  [clausify(3)].
-P(x,y) | -P(y,z) | P(x,z).  [clausify(4)].
null != x | -P(y,x).  [clausify(5)].
null != x | -P(x,y).  [clausify(5)].
P(f1(x),x) | P(x,f1(x)) | null = x.  [clausify(5)].
-PI(x,y) | P(y,x).  [clausify(6)].
-P(x,y) | PI(y,x).  [clausify(6)].
-PP(x,y) | P(f2(x,y),y).  [clausify(7)].
-PP(x,y) | D(f2(x,y),x).  [clausify(7)].
null = x | P(x,c5).  [clausify(8)].
cuniversal != x | null = y | P(y,x).  [clausify(9)].
null != f3(x) | cuniversal = x.  [clausify(9)].
-P(f3(x),x) | cuniversal = x.  [clausify(9)].
-B(x,cuniversal).  [clausify(10)].
-Point(x) | null != x.  [clausify(11)].
-Point(x) | -P(y,x) | EQ(x,y).  [clausify(11)].
null = x | P(f4(x),x) | Point(x).  [clausify(11)].
null = x | -EQ(x,f4(x)) | Point(x).  [clausify(11)].
-PP(x,y) | P(x,y).  [clausify(12)].
-PP(x,y) | -P(y,x).  [clausify(12)].
-P(x,y) | P(y,x) | PP(x,y).  [clausify(12)].
-PPI(x,y) | PP(y,x).  [clausify(13)].
-PP(x,y) | PPI(y,x).  [clausify(13)].
-EQ(x,y) | P(y,x).  [clausify(14)].
-EQ(x,y) | P(x,y).  [clausify(14)].
-P(x,y) | -P(y,x) | EQ(y,x).  [clausify(14)].
-O(x,y) | P(f5(x,y),x).  [clausify(15)].
-O(x,y) | P(f5(x,y),y).  [clausify(15)].
-P(x,y) | -P(x,z) | O(y,z).  [clausify(15)].
-D(x,y) | -O(x,y).  [clausify(16)].
O(x,y) | D(x,y).  [clausify(16)].
-B(x,y) | PP(x,y).  [clausify(17)].
-B(x,y) | -B(y,z) | B(x,z).  [clausify(18)].
-P(x,y) | -B(y,z) | B(x,z).  [clausify(19)].
-B(x,y) | -P(y,z) | P(x,z).  [clausify(20)].
-IMB(x,y) | O(x,y).  [clausify(21)].
-IMB(x,y) | -P(x,y).  [clausify(21)].
-IMB(x,y) | -P(y,x).  [clausify(21)].
-O(x,y) | P(x,y) | P(y,x) | IMB(x,y).  [clausify(21)].
-I(x,y) | P(x,y).  [clausify(22)].
-I(x,y) | -B(z,y) | D(z,x).  [clausify(22)].
-P(x,y) | B(f6(x,y),y) | I(x,y).  [clausify(22)].
-P(x,y) | -D(f6(x,y),x) | I(x,y).  [clausify(22)].
-II(x,y) | I(y,x).  [clausify(23)].
-I(x,y) | II(y,x).  [clausify(23)].
-IP(x,y) | -B(z,y).  [clausify(24)].
-IP(x,y) | I(x,y).  [clausify(24)].
-IP(x,y) | -I(y,x).  [clausify(24)].
B(f7(x,y),y) | -I(x,y) | I(y,x) | IP(x,y).  [clausify(24)].
-IPI(x,y) | IP(y,x).  [clausify(25)].
-IP(x,y) | IPI(y,x).  [clausify(25)].
-TPP(x,y) | PP(x,y).  [clausify(26)].
-TPP(x,y) | P(f8(x,y),x).  [clausify(26)].
-TPP(x,y) | B(f8(x,y),y).  [clausify(26)].
-PP(x,y) | -P(z,x) | -B(z,y) | TPP(x,y).  [clausify(26)].
-TPPI(x,y) | TPP(y,x).  [clausify(27)].
-TPP(x,y) | TPPI(y,x).  [clausify(27)].
-OV(x,y) | IMB(x,y).  [clausify(28)].
-OV(x,y) | I(f9(x,y),x).  [clausify(28)].
-OV(x,y) | I(f9(x,y),y).  [clausify(28)].
-IMB(x,y) | -I(z,x) | -I(z,y) | OV(x,y).  [clausify(28)].
-EC(x,y) | IMB(x,y).  [clausify(29)].
-EC(x,y) | -P(z,x) | -P(z,y) | B(z,x).  [clausify(29)].
-EC(x,y) | -P(z,x) | -P(z,y) | B(z,y).  [clausify(29)].
-IMB(x,y) | P(f10(x,y),x) | EC(x,y).  [clausify(29)].
-IMB(x,y) | P(f10(x,y),y) | EC(x,y).  [clausify(29)].
-IMB(x,y) | -B(f10(x,y),x) | -B(f10(x,y),y) | EC(x,y).  [clausify(29)].
-IC(x,y) | IMB(x,y).  [clausify(30)].
-IC(x,y) | -EC(x,y).  [clausify(30)].
-IC(x,y) | -I(z,x) | -I(z,y).  [clausify(30)].
-IMB(x,y) | EC(x,y) | I(f11(x,y),x) | IC(x,y).  [clausify(30)].
-IMB(x,y) | EC(x,y) | I(f11(x,y),y) | IC(x,y).  [clausify(30)].
null = x | I(f12(x),x).  [clausify(31)].
B(f13(x),x) | -EC(y,x).  [clausify(32)].
-B(x,y) | -B(z,y) | -I(z,y).  [clausify(33)].
-B(x,y) | -I(z,y) | -B(z,y).  [clausify(34)].
-B(x,y) | -EQ(y,z) | B(f14(y,z),z).  [clausify(35)].
B(f15(x,y),x) | -EQ(x,y) | -B(z,y).  [clausify(36)].
B(f16(x,y),x) | -B(z,y) | -EQ(x,y).  [clausify(37)].
-PP(x,y) | B(f17(x,y),y) | IP(x,y).  [clausify(38)].
-O(x,sum(y,z)) | O(x,y) | O(x,z).  [clausify(39)].
-O(x,y) | O(x,sum(y,z)).  [clausify(39)].
-O(x,y) | O(x,sum(z,y)).  [clausify(39)].
-P(x,prod(y,z)) | P(x,y).  [clausify(40)].
-P(x,prod(y,z)) | P(x,z).  [clausify(40)].
-P(x,y) | -P(x,z) | P(x,prod(y,z)).  [clausify(40)].
-P(x,compl(y)) | D(x,y).  [clausify(41)].
-P(x,diff(y,z)) | P(x,y).  [clausify(42)].
-P(x,diff(y,z)) | D(x,z).  [clausify(42)].
-P(x,y) | -D(x,z) | P(x,diff(y,z)).  [clausify(42)].
compl(x) != y | compl(x) != z | z = y.  [clausify(43)].
diff(x,y) != z | diff(x,y) != u | u = z.  [clausify(44)].
prod(x,y) != z | prod(x,y) != u | u = z.  [clausify(45)].
sum(x,y) != z | sum(x,y) != u | u = z.  [clausify(46)].
null = x | null = y | f18(x,y) != null.  [clausify(47)].
null = x | null = y | sum(x,y) = f18(x,y).  [clausify(47)].
sum(x,y) = sum(y,x).  [clausify(48)].
compl(x) != null | cuniversal = x.  [clausify(49)].
cuniversal != x | compl(x) = null.  [clausify(49)].
compl(x) != cuniversal | null = x.  [clausify(50)].
null != x | compl(x) = cuniversal.  [clausify(50)].
prod(x,y) = prod(y,x).  [clausify(51)].
diff(x,y) != null | null = x | P(x,y).  [clausify(52)].
-D(x,y) | diff(x,y) = x.  [clausify(53)].
-P(x,cuniversal) | diff(x,null) = x.  [clausify(54)].
-P(x,cuniversal) | sum(null,x) = x.  [clausify(55)].
null = x | I(f19(x),x).  [clausify(56)].
null = x | -I(y,x) | I(y,f19(x)).  [clausify(56)].
null = x | -B(y,f19(x)).  [clausify(56)].
bdy(x) = null | B(bdy(x),x).  [clausify(57)].
bdy(x) = null | -B(y,x) | P(y,bdy(x)).  [clausify(57)].
null != x | -P(x,x).  [clausify(58)].
P(x,x) | null = x.  [clausify(58)].
-P(x,x) | null != x.  [clausify(59)].
null = x | P(x,x).  [clausify(59)].
end_of_list.

formulas(demodulators).
end_of_list.

============================== PREDICATE ELIMINATION =================

Eliminating II/2
60 -II(x,y) | I(y,x).  [clausify(23)].
61 II(c1,c2).  [clausify(1)].
Derived: I(c2,c1).  [resolve(60,a,61,a)].
62 -I(x,y) | II(y,x).  [clausify(23)].

Eliminating EC/2
63 -EC(x,y) | IMB(x,y).  [clausify(29)].
64 EC(c1,c2).  [clausify(1)].
Derived: IMB(c1,c2).  [resolve(63,a,64,a)].
65 -EC(x,y) | -P(z,x) | -P(z,y) | B(z,x).  [clausify(29)].
Derived: -P(x,c1) | -P(x,c2) | B(x,c1).  [resolve(65,a,64,a)].
66 -EC(x,y) | -P(z,x) | -P(z,y) | B(z,y).  [clausify(29)].
Derived: -P(x,c1) | -P(x,c2) | B(x,c2).  [resolve(66,a,64,a)].
67 -IMB(x,y) | P(f10(x,y),x) | EC(x,y).  [clausify(29)].
Derived: -IMB(x,y) | P(f10(x,y),x) | -P(z,x) | -P(z,y) | B(z,x).  [resolve(67,c,65,a)].
Derived: -IMB(x,y) | P(f10(x,y),x) | -P(z,x) | -P(z,y) | B(z,y).  [resolve(67,c,66,a)].
68 -IMB(x,y) | P(f10(x,y),y) | EC(x,y).  [clausify(29)].
Derived: -IMB(x,y) | P(f10(x,y),y) | -P(z,x) | -P(z,y) | B(z,x).  [resolve(68,c,65,a)].
Derived: -IMB(x,y) | P(f10(x,y),y) | -P(z,x) | -P(z,y) | B(z,y).  [resolve(68,c,66,a)].
69 -IMB(x,y) | -B(f10(x,y),x) | -B(f10(x,y),y) | EC(x,y).  [clausify(29)].
Derived: -IMB(x,y) | -B(f10(x,y),x) | -B(f10(x,y),y) | -P(z,x) | -P(z,y) | B(z,x).  [resolve(69,d,65,a)].
Derived: -IMB(x,y) | -B(f10(x,y),x) | -B(f10(x,y),y) | -P(z,x) | -P(z,y) | B(z,y).  [resolve(69,d,66,a)].
70 -IC(x,y) | -EC(x,y).  [clausify(30)].
Derived: -IC(c1,c2).  [resolve(70,b,64,a)].
Derived: -IC(x,y) | -IMB(x,y) | P(f10(x,y),x).  [resolve(70,b,67,c)].
Derived: -IC(x,y) | -IMB(x,y) | P(f10(x,y),y).  [resolve(70,b,68,c)].
Derived: -IC(x,y) | -IMB(x,y) | -B(f10(x,y),x) | -B(f10(x,y),y).  [resolve(70,b,69,d)].
71 -IMB(x,y) | EC(x,y) | I(f11(x,y),x) | IC(x,y).  [clausify(30)].
Derived: -IMB(x,y) | I(f11(x,y),x) | IC(x,y) | -P(z,x) | -P(z,y) | B(z,x).  [resolve(71,b,65,a)].
Derived: -IMB(x,y) | I(f11(x,y),x) | IC(x,y) | -P(z,x) | -P(z,y) | B(z,y).  [resolve(71,b,66,a)].
72 -IMB(x,y) | EC(x,y) | I(f11(x,y),y) | IC(x,y).  [clausify(30)].
Derived: -IMB(x,y) | I(f11(x,y),y) | IC(x,y) | -P(z,x) | -P(z,y) | B(z,x).  [resolve(72,b,65,a)].
Derived: -IMB(x,y) | I(f11(x,y),y) | IC(x,y) | -P(z,x) | -P(z,y) | B(z,y).  [resolve(72,b,66,a)].
73 B(f13(x),x) | -EC(y,x).  [clausify(32)].
Derived: B(f13(c2),c2).  [resolve(73,b,64,a)].
Derived: B(f13(x),x) | -IMB(y,x) | P(f10(y,x),y).  [resolve(73,b,67,c)].
Derived: B(f13(x),x) | -IMB(y,x) | P(f10(y,x),x).  [resolve(73,b,68,c)].
Derived: B(f13(x),x) | -IMB(y,x) | -B(f10(y,x),y) | -B(f10(y,x),x).  [resolve(73,b,69,d)].
Derived: B(f13(x),x) | -IMB(y,x) | I(f11(y,x),y) | IC(y,x).  [resolve(73,b,71,b)].
Derived: B(f13(x),x) | -IMB(y,x) | I(f11(y,x),x) | IC(y,x).  [resolve(73,b,72,b)].

Eliminating PI/2
74 -P(x,y) | PI(y,x).  [clausify(6)].
75 -PI(x,y) | P(y,x).  [clausify(6)].

Eliminating PP/2
76 -P(x,y) | P(y,x) | PP(x,y).  [clausify(12)].
77 -PP(x,y) | P(f2(x,y),y).  [clausify(7)].
78 -PP(x,y) | D(f2(x,y),x).  [clausify(7)].
79 -PP(x,y) | P(x,y).  [clausify(12)].
80 -PP(x,y) | -P(y,x).  [clausify(12)].
Derived: -P(x,y) | P(y,x) | P(f2(x,y),y).  [resolve(76,c,77,a)].
Derived: -P(x,y) | P(y,x) | D(f2(x,y),x).  [resolve(76,c,78,a)].
81 -PPI(x,y) | PP(y,x).  [clausify(13)].
Derived: -PPI(x,y) | P(f2(y,x),x).  [resolve(81,b,77,a)].
Derived: -PPI(x,y) | D(f2(y,x),y).  [resolve(81,b,78,a)].
Derived: -PPI(x,y) | P(y,x).  [resolve(81,b,79,a)].
Derived: -PPI(x,y) | -P(x,y).  [resolve(81,b,80,a)].
82 -PP(x,y) | PPI(y,x).  [clausify(13)].
Derived: PPI(x,y) | -P(y,x) | P(x,y).  [resolve(82,a,76,c)].
83 -B(x,y) | PP(x,y).  [clausify(17)].
Derived: -B(x,y) | P(f2(x,y),y).  [resolve(83,b,77,a)].
Derived: -B(x,y) | D(f2(x,y),x).  [resolve(83,b,78,a)].
Derived: -B(x,y) | P(x,y).  [resolve(83,b,79,a)].
Derived: -B(x,y) | -P(y,x).  [resolve(83,b,80,a)].
Derived: -B(x,y) | PPI(y,x).  [resolve(83,b,82,a)].
84 -TPP(x,y) | PP(x,y).  [clausify(26)].
Derived: -TPP(x,y) | P(f2(x,y),y).  [resolve(84,b,77,a)].
Derived: -TPP(x,y) | D(f2(x,y),x).  [resolve(84,b,78,a)].
Derived: -TPP(x,y) | P(x,y).  [resolve(84,b,79,a)].
Derived: -TPP(x,y) | -P(y,x).  [resolve(84,b,80,a)].
Derived: -TPP(x,y) | PPI(y,x).  [resolve(84,b,82,a)].
85 -PP(x,y) | -P(z,x) | -B(z,y) | TPP(x,y).  [clausify(26)].
Derived: -P(x,y) | -B(x,z) | TPP(y,z) | -P(y,z) | P(z,y).  [resolve(85,a,76,c)].
Derived: -P(x,y) | -B(x,z) | TPP(y,z) | -PPI(z,y).  [resolve(85,a,81,b)].
Derived: -P(x,y) | -B(x,z) | TPP(y,z) | -B(y,z).  [resolve(85,a,83,b)].
86 -PP(x,y) | B(f17(x,y),y) | IP(x,y).  [clausify(38)].
Derived: B(f17(x,y),y) | IP(x,y) | -P(x,y) | P(y,x).  [resolve(86,a,76,c)].
Derived: B(f17(x,y),y) | IP(x,y) | -PPI(y,x).  [resolve(86,a,81,b)].
Derived: B(f17(x,y),y) | IP(x,y) | -B(x,y).  [resolve(86,a,83,b)].
Derived: B(f17(x,y),y) | IP(x,y) | -TPP(x,y).  [resolve(86,a,84,b)].

Eliminating Point/1
87 null = x | P(f4(x),x) | Point(x).  [clausify(11)].
88 -Point(x) | null != x.  [clausify(11)].
89 -Point(x) | -P(y,x) | EQ(x,y).  [clausify(11)].
Derived: null = x | P(f4(x),x) | -P(y,x) | EQ(x,y).  [resolve(87,c,89,a)].
90 null = x | -EQ(x,f4(x)) | Point(x).  [clausify(11)].
Derived: null = x | -EQ(x,f4(x)) | -P(y,x) | EQ(x,y).  [resolve(90,c,89,a)].

Eliminating IMB/2
91 -O(x,y) | P(x,y) | P(y,x) | IMB(x,y).  [clausify(21)].
92 -IMB(x,y) | O(x,y).  [clausify(21)].
93 -IMB(x,y) | -P(x,y).  [clausify(21)].
94 -IMB(x,y) | -P(y,x).  [clausify(21)].
95 -OV(x,y) | IMB(x,y).  [clausify(28)].
Derived: -OV(x,y) | O(x,y).  [resolve(95,b,92,a)].
Derived: -OV(x,y) | -P(x,y).  [resolve(95,b,93,a)].
Derived: -OV(x,y) | -P(y,x).  [resolve(95,b,94,a)].
96 -IMB(x,y) | -I(z,x) | -I(z,y) | OV(x,y).  [clausify(28)].
Derived: -I(x,y) | -I(x,z) | OV(y,z) | -O(y,z) | P(y,z) | P(z,y).  [resolve(96,a,91,d)].
97 -IC(x,y) | IMB(x,y).  [clausify(30)].
Derived: -IC(x,y) | O(x,y).  [resolve(97,b,92,a)].
Derived: -IC(x,y) | -P(x,y).  [resolve(97,b,93,a)].
Derived: -IC(x,y) | -P(y,x).  [resolve(97,b,94,a)].
98 IMB(c1,c2).  [resolve(63,a,64,a)].
Derived: O(c1,c2).  [resolve(98,a,92,a)].
Derived: -P(c1,c2).  [resolve(98,a,93,a)].
Derived: -P(c2,c1).  [resolve(98,a,94,a)].
Derived: -I(x,c1) | -I(x,c2) | OV(c1,c2).  [resolve(98,a,96,a)].
99 -IMB(x,y) | P(f10(x,y),x) | -P(z,x) | -P(z,y) | B(z,x).  [resolve(67,c,65,a)].
Derived: P(f10(x,y),x) | -P(z,x) | -P(z,y) | B(z,x) | -O(x,y) | P(x,y) | P(y,x).  [resolve(99,a,91,d)].
Derived: P(f10(x,y),x) | -P(z,x) | -P(z,y) | B(z,x) | -OV(x,y).  [resolve(99,a,95,b)].
Derived: P(f10(x,y),x) | -P(z,x) | -P(z,y) | B(z,x) | -IC(x,y).  [resolve(99,a,97,b)].
Derived: P(f10(c1,c2),c1) | -P(x,c1) | -P(x,c2) | B(x,c1).  [resolve(99,a,98,a)].
100 -IMB(x,y) | P(f10(x,y),x) | -P(z,x) | -P(z,y) | B(z,y).  [resolve(67,c,66,a)].
Derived: P(f10(x,y),x) | -P(z,x) | -P(z,y) | B(z,y) | -O(x,y) | P(x,y) | P(y,x).  [resolve(100,a,91,d)].
Derived: P(f10(x,y),x) | -P(z,x) | -P(z,y) | B(z,y) | -OV(x,y).  [resolve(100,a,95,b)].
Derived: P(f10(x,y),x) | -P(z,x) | -P(z,y) | B(z,y) | -IC(x,y).  [resolve(100,a,97,b)].
Derived: P(f10(c1,c2),c1) | -P(x,c1) | -P(x,c2) | B(x,c2).  [resolve(100,a,98,a)].
101 -IMB(x,y) | P(f10(x,y),y) | -P(z,x) | -P(z,y) | B(z,x).  [resolve(68,c,65,a)].
Derived: P(f10(x,y),y) | -P(z,x) | -P(z,y) | B(z,x) | -O(x,y) | P(x,y) | P(y,x).  [resolve(101,a,91,d)].
Derived: P(f10(x,y),y) | -P(z,x) | -P(z,y) | B(z,x) | -OV(x,y).  [resolve(101,a,95,b)].
Derived: P(f10(x,y),y) | -P(z,x) | -P(z,y) | B(z,x) | -IC(x,y).  [resolve(101,a,97,b)].
Derived: P(f10(c1,c2),c2) | -P(x,c1) | -P(x,c2) | B(x,c1).  [resolve(101,a,98,a)].
102 -IMB(x,y) | P(f10(x,y),y) | -P(z,x) | -P(z,y) | B(z,y).  [resolve(68,c,66,a)].
Derived: P(f10(x,y),y) | -P(z,x) | -P(z,y) | B(z,y) | -O(x,y) | P(x,y) | P(y,x).  [resolve(102,a,91,d)].
Derived: P(f10(x,y),y) | -P(z,x) | -P(z,y) | B(z,y) | -OV(x,y).  [resolve(102,a,95,b)].
Derived: P(f10(x,y),y) | -P(z,x) | -P(z,y) | B(z,y) | -IC(x,y).  [resolve(102,a,97,b)].
Derived: P(f10(c1,c2),c2) | -P(x,c1) | -P(x,c2) | B(x,c2).  [resolve(102,a,98,a)].
103 -IMB(x,y) | -B(f10(x,y),x) | -B(f10(x,y),y) | -P(z,x) | -P(z,y) | B(z,x).  [resolve(69,d,65,a)].
Derived: -B(f10(x,y),x) | -B(f10(x,y),y) | -P(z,x) | -P(z,y) | B(z,x) | -O(x,y) | P(x,y) | P(y,x).  [resolve(103,a,91,d)].
Derived: -B(f10(x,y),x) | -B(f10(x,y),y) | -P(z,x) | -P(z,y) | B(z,x) | -OV(x,y).  [resolve(103,a,95,b)].
Derived: -B(f10(x,y),x) | -B(f10(x,y),y) | -P(z,x) | -P(z,y) | B(z,x) | -IC(x,y).  [resolve(103,a,97,b)].
Derived: -B(f10(c1,c2),c1) | -B(f10(c1,c2),c2) | -P(x,c1) | -P(x,c2) | B(x,c1).  [resolve(103,a,98,a)].
104 -IMB(x,y) | -B(f10(x,y),x) | -B(f10(x,y),y) | -P(z,x) | -P(z,y) | B(z,y).  [resolve(69,d,66,a)].
Derived: -B(f10(x,y),x) | -B(f10(x,y),y) | -P(z,x) | -P(z,y) | B(z,y) | -O(x,y) | P(x,y) | P(y,x).  [resolve(104,a,91,d)].
Derived: -B(f10(x,y),x) | -B(f10(x,y),y) | -P(z,x) | -P(z,y) | B(z,y) | -OV(x,y).  [resolve(104,a,95,b)].
Derived: -B(f10(x,y),x) | -B(f10(x,y),y) | -P(z,x) | -P(z,y) | B(z,y) | -IC(x,y).  [resolve(104,a,97,b)].
Derived: -B(f10(c1,c2),c1) | -B(f10(c1,c2),c2) | -P(x,c1) | -P(x,c2) | B(x,c2).  [resolve(104,a,98,a)].
105 -IC(x,y) | -IMB(x,y) | P(f10(x,y),x).  [resolve(70,b,67,c)].
Derived: -IC(x,y) | P(f10(x,y),x) | -O(x,y) | P(x,y) | P(y,x).  [resolve(105,b,91,d)].
Derived: -IC(x,y) | P(f10(x,y),x) | -OV(x,y).  [resolve(105,b,95,b)].
Derived: -IC(x,y) | P(f10(x,y),x) | -IC(x,y).  [resolve(105,b,97,b)].
106 -IC(x,y) | -IMB(x,y) | P(f10(x,y),y).  [resolve(70,b,68,c)].
Derived: -IC(x,y) | P(f10(x,y),y) | -O(x,y) | P(x,y) | P(y,x).  [resolve(106,b,91,d)].
Derived: -IC(x,y) | P(f10(x,y),y) | -OV(x,y).  [resolve(106,b,95,b)].
Derived: -IC(x,y) | P(f10(x,y),y) | -IC(x,y).  [resolve(106,b,97,b)].
107 -IC(x,y) | -IMB(x,y) | -B(f10(x,y),x) | -B(f10(x,y),y).  [resolve(70,b,69,d)].
Derived: -IC(x,y) | -B(f10(x,y),x) | -B(f10(x,y),y) | -O(x,y) | P(x,y) | P(y,x).  [resolve(107,b,91,d)].
Derived: -IC(x,y) | -B(f10(x,y),x) | -B(f10(x,y),y) | -OV(x,y).  [resolve(107,b,95,b)].
Derived: -IC(x,y) | -B(f10(x,y),x) | -B(f10(x,y),y) | -IC(x,y).  [resolve(107,b,97,b)].
108 -IMB(x,y) | I(f11(x,y),x) | IC(x,y) | -P(z,x) | -P(z,y) | B(z,x).  [resolve(71,b,65,a)].
Derived: I(f11(x,y),x) | IC(x,y) | -P(z,x) | -P(z,y) | B(z,x) | -O(x,y) | P(x,y) | P(y,x).  [resolve(108,a,91,d)].
Derived: I(f11(x,y),x) | IC(x,y) | -P(z,x) | -P(z,y) | B(z,x) | -OV(x,y).  [resolve(108,a,95,b)].
Derived: I(f11(c1,c2),c1) | IC(c1,c2) | -P(x,c1) | -P(x,c2) | B(x,c1).  [resolve(108,a,98,a)].
109 -IMB(x,y) | I(f11(x,y),x) | IC(x,y) | -P(z,x) | -P(z,y) | B(z,y).  [resolve(71,b,66,a)].
Derived: I(f11(x,y),x) | IC(x,y) | -P(z,x) | -P(z,y) | B(z,y) | -O(x,y) | P(x,y) | P(y,x).  [resolve(109,a,91,d)].
Derived: I(f11(x,y),x) | IC(x,y) | -P(z,x) | -P(z,y) | B(z,y) | -OV(x,y).  [resolve(109,a,95,b)].
Derived: I(f11(c1,c2),c1) | IC(c1,c2) | -P(x,c1) | -P(x,c2) | B(x,c2).  [resolve(109,a,98,a)].
110 -IMB(x,y) | I(f11(x,y),y) | IC(x,y) | -P(z,x) | -P(z,y) | B(z,x).  [resolve(72,b,65,a)].
Derived: I(f11(x,y),y) | IC(x,y) | -P(z,x) | -P(z,y) | B(z,x) | -O(x,y) | P(x,y) | P(y,x).  [resolve(110,a,91,d)].
Derived: I(f11(x,y),y) | IC(x,y) | -P(z,x) | -P(z,y) | B(z,x) | -OV(x,y).  [resolve(110,a,95,b)].
Derived: I(f11(c1,c2),c2) | IC(c1,c2) | -P(x,c1) | -P(x,c2) | B(x,c1).  [resolve(110,a,98,a)].
111 -IMB(x,y) | I(f11(x,y),y) | IC(x,y) | -P(z,x) | -P(z,y) | B(z,y).  [resolve(72,b,66,a)].
Derived: I(f11(x,y),y) | IC(x,y) | -P(z,x) | -P(z,y) | B(z,y) | -O(x,y) | P(x,y) | P(y,x).  [resolve(111,a,91,d)].
Derived: I(f11(x,y),y) | IC(x,y) | -P(z,x) | -P(z,y) | B(z,y) | -OV(x,y).  [resolve(111,a,95,b)].
Derived: I(f11(c1,c2),c2) | IC(c1,c2) | -P(x,c1) | -P(x,c2) | B(x,c2).  [resolve(111,a,98,a)].
112 B(f13(x),x) | -IMB(y,x) | P(f10(y,x),y).  [resolve(73,b,67,c)].
Derived: B(f13(x),x) | P(f10(y,x),y) | -O(y,x) | P(y,x) | P(x,y).  [resolve(112,b,91,d)].
Derived: B(f13(x),x) | P(f10(y,x),y) | -OV(y,x).  [resolve(112,b,95,b)].
Derived: B(f13(c2),c2) | P(f10(c1,c2),c1).  [resolve(112,b,98,a)].
113 B(f13(x),x) | -IMB(y,x) | P(f10(y,x),x).  [resolve(73,b,68,c)].
Derived: B(f13(x),x) | P(f10(y,x),x) | -O(y,x) | P(y,x) | P(x,y).  [resolve(113,b,91,d)].
Derived: B(f13(x),x) | P(f10(y,x),x) | -OV(y,x).  [resolve(113,b,95,b)].
Derived: B(f13(c2),c2) | P(f10(c1,c2),c2).  [resolve(113,b,98,a)].
114 B(f13(x),x) | -IMB(y,x) | -B(f10(y,x),y) | -B(f10(y,x),x).  [resolve(73,b,69,d)].
Derived: B(f13(x),x) | -B(f10(y,x),y) | -B(f10(y,x),x) | -O(y,x) | P(y,x) | P(x,y).  [resolve(114,b,91,d)].
Derived: B(f13(x),x) | -B(f10(y,x),y) | -B(f10(y,x),x) | -OV(y,x).  [resolve(114,b,95,b)].
Derived: B(f13(c2),c2) | -B(f10(c1,c2),c1) | -B(f10(c1,c2),c2).  [resolve(114,b,98,a)].
115 B(f13(x),x) | -IMB(y,x) | I(f11(y,x),y) | IC(y,x).  [resolve(73,b,71,b)].
Derived: B(f13(x),x) | I(f11(y,x),y) | IC(y,x) | -O(y,x) | P(y,x) | P(x,y).  [resolve(115,b,91,d)].
Derived: B(f13(x),x) | I(f11(y,x),y) | IC(y,x) | -OV(y,x).  [resolve(115,b,95,b)].
Derived: B(f13(c2),c2) | I(f11(c1,c2),c1) | IC(c1,c2).  [resolve(115,b,98,a)].
116 B(f13(x),x) | -IMB(y,x) | I(f11(y,x),x) | IC(y,x).  [resolve(73,b,72,b)].
Derived: B(f13(x),x) | I(f11(y,x),x) | IC(y,x) | -O(y,x) | P(y,x) | P(x,y).  [resolve(116,b,91,d)].
Derived: B(f13(x),x) | I(f11(y,x),x) | IC(y,x) | -OV(y,x).  [resolve(116,b,95,b)].
Derived: B(f13(c2),c2) | I(f11(c1,c2),c2) | IC(c1,c2).  [resolve(116,b,98,a)].

Eliminating IP/2
117 B(f7(x,y),y) | -I(x,y) | I(y,x) | IP(x,y).  [clausify(24)].
118 -IP(x,y) | -B(z,y).  [clausify(24)].
119 -IP(x,y) | I(x,y).  [clausify(24)].
120 -IP(x,y) | -I(y,x).  [clausify(24)].
Derived: B(f7(x,y),y) | -I(x,y) | I(y,x) | -B(z,y).  [resolve(117,d,118,a)].
121 -IPI(x,y) | IP(y,x).  [clausify(25)].
Derived: -IPI(x,y) | -B(z,x).  [resolve(121,b,118,a)].
Derived: -IPI(x,y) | I(y,x).  [resolve(121,b,119,a)].
Derived: -IPI(x,y) | -I(x,y).  [resolve(121,b,120,a)].
122 -IP(x,y) | IPI(y,x).  [clausify(25)].
Derived: IPI(x,y) | B(f7(y,x),x) | -I(y,x) | I(x,y).  [resolve(122,a,117,d)].
123 B(f17(x,y),y) | IP(x,y) | -P(x,y) | P(y,x).  [resolve(86,a,76,c)].
Derived: B(f17(x,y),y) | -P(x,y) | P(y,x) | -B(z,y).  [resolve(123,b,118,a)].
Derived: B(f17(x,y),y) | -P(x,y) | P(y,x) | I(x,y).  [resolve(123,b,119,a)].
Derived: B(f17(x,y),y) | -P(x,y) | P(y,x) | -I(y,x).  [resolve(123,b,120,a)].
Derived: B(f17(x,y),y) | -P(x,y) | P(y,x) | IPI(y,x).  [resolve(123,b,122,a)].
124 B(f17(x,y),y) | IP(x,y) | -PPI(y,x).  [resolve(86,a,81,b)].
Derived: B(f17(x,y),y) | -PPI(y,x) | -B(z,y).  [resolve(124,b,118,a)].
Derived: B(f17(x,y),y) | -PPI(y,x) | I(x,y).  [resolve(124,b,119,a)].
Derived: B(f17(x,y),y) | -PPI(y,x) | -I(y,x).  [resolve(124,b,120,a)].
Derived: B(f17(x,y),y) | -PPI(y,x) | IPI(y,x).  [resolve(124,b,122,a)].
125 B(f17(x,y),y) | IP(x,y) | -B(x,y).  [resolve(86,a,83,b)].
Derived: B(f17(x,y),y) | -B(x,y) | -B(z,y).  [resolve(125,b,118,a)].
126 B(f17(x,y),y) | IP(x,y) | -TPP(x,y).  [resolve(86,a,84,b)].
Derived: B(f17(x,y),y) | -TPP(x,y) | -B(z,y).  [resolve(126,b,118,a)].
Derived: B(f17(x,y),y) | -TPP(x,y) | I(x,y).  [resolve(126,b,119,a)].
Derived: B(f17(x,y),y) | -TPP(x,y) | -I(y,x).  [resolve(126,b,120,a)].
Derived: B(f17(x,y),y) | -TPP(x,y) | IPI(y,x).  [resolve(126,b,122,a)].

Eliminating TPP/2
127 -TPPI(x,y) | TPP(y,x).  [clausify(27)].
128 -TPP(x,y) | P(f8(x,y),x).  [clausify(26)].
129 -TPP(x,y) | B(f8(x,y),y).  [clausify(26)].
Derived: -TPPI(x,y) | P(f8(y,x),y).  [resolve(127,b,128,a)].
Derived: -TPPI(x,y) | B(f8(y,x),x).  [resolve(127,b,129,a)].
130 -TPP(x,y) | TPPI(y,x).  [clausify(27)].
131 -TPP(x,y) | P(f2(x,y),y).  [resolve(84,b,77,a)].
Derived: P(f2(x,y),y) | -TPPI(y,x).  [resolve(131,a,127,b)].
132 -TPP(x,y) | D(f2(x,y),x).  [resolve(84,b,78,a)].
Derived: D(f2(x,y),x) | -TPPI(y,x).  [resolve(132,a,127,b)].
133 -TPP(x,y) | P(x,y).  [resolve(84,b,79,a)].
Derived: P(x,y) | -TPPI(y,x).  [resolve(133,a,127,b)].
134 -TPP(x,y) | -P(y,x).  [resolve(84,b,80,a)].
Derived: -P(x,y) | -TPPI(x,y).  [resolve(134,a,127,b)].
135 -TPP(x,y) | PPI(y,x).  [resolve(84,b,82,a)].
Derived: PPI(x,y) | -TPPI(x,y).  [resolve(135,a,127,b)].
136 -P(x,y) | -B(x,z) | TPP(y,z) | -P(y,z) | P(z,y).  [resolve(85,a,76,c)].
Derived: -P(x,y) | -B(x,z) | -P(y,z) | P(z,y) | P(f8(y,z),y).  [resolve(136,c,128,a)].
Derived: -P(x,y) | -B(x,z) | -P(y,z) | P(z,y) | B(f8(y,z),z).  [resolve(136,c,129,a)].
Derived: -P(x,y) | -B(x,z) | -P(y,z) | P(z,y) | TPPI(z,y).  [resolve(136,c,130,a)].
Derived: -P(x,y) | -B(x,z) | -P(y,z) | P(z,y) | P(f2(y,z),z).  [resolve(136,c,131,a)].
Derived: -P(x,y) | -B(x,z) | -P(y,z) | P(z,y) | D(f2(y,z),y).  [resolve(136,c,132,a)].
Derived: -P(x,y) | -B(x,z) | -P(y,z) | P(z,y) | PPI(z,y).  [resolve(136,c,135,a)].
137 -P(x,y) | -B(x,z) | TPP(y,z) | -PPI(z,y).  [resolve(85,a,81,b)].
Derived: -P(x,y) | -B(x,z) | -PPI(z,y) | P(f8(y,z),y).  [resolve(137,c,128,a)].
Derived: -P(x,y) | -B(x,z) | -PPI(z,y) | B(f8(y,z),z).  [resolve(137,c,129,a)].
Derived: -P(x,y) | -B(x,z) | -PPI(z,y) | TPPI(z,y).  [resolve(137,c,130,a)].
Derived: -P(x,y) | -B(x,z) | -PPI(z,y) | P(f2(y,z),z).  [resolve(137,c,131,a)].
Derived: -P(x,y) | -B(x,z) | -PPI(z,y) | D(f2(y,z),y).  [resolve(137,c,132,a)].
Derived: -P(x,y) | -B(x,z) | -PPI(z,y) | P(y,z).  [resolve(137,c,133,a)].
Derived: -P(x,y) | -B(x,z) | -PPI(z,y) | -P(z,y).  [resolve(137,c,134,a)].
138 -P(x,y) | -B(x,z) | TPP(y,z) | -B(y,z).  [resolve(85,a,83,b)].
Derived: -P(x,y) | -B(x,z) | -B(y,z) | P(f8(y,z),y).  [resolve(138,c,128,a)].
Derived: -P(x,y) | -B(x,z) | -B(y,z) | B(f8(y,z),z).  [resolve(138,c,129,a)].
Derived: -P(x,y) | -B(x,z) | -B(y,z) | TPPI(z,y).  [resolve(138,c,130,a)].
Derived: -P(x,y) | -B(x,z) | -B(y,z) | P(f2(y,z),z).  [resolve(138,c,131,a)].
Derived: -P(x,y) | -B(x,z) | -B(y,z) | D(f2(y,z),y).  [resolve(138,c,132,a)].
Derived: -P(x,y) | -B(x,z) | -B(y,z) | P(y,z).  [resolve(138,c,133,a)].
Derived: -P(x,y) | -B(x,z) | -B(y,z) | -P(z,y).  [resolve(138,c,134,a)].
Derived: -P(x,y) | -B(x,z) | -B(y,z) | PPI(z,y).  [resolve(138,c,135,a)].
139 B(f17(x,y),y) | -TPP(x,y) | -B(z,y).  [resolve(126,b,118,a)].
Derived: B(f17(x,y),y) | -B(z,y) | -TPPI(y,x).  [resolve(139,b,127,b)].
Derived: B(f17(x,y),y) | -B(z,y) | -P(u,x) | -B(u,y) | -P(x,y) | P(y,x).  [resolve(139,b,136,c)].
Derived: B(f17(x,y),y) | -B(z,y) | -P(u,x) | -B(u,y) | -PPI(y,x).  [resolve(139,b,137,c)].
Derived: B(f17(x,y),y) | -B(z,y) | -P(u,x) | -B(u,y) | -B(x,y).  [resolve(139,b,138,c)].
140 B(f17(x,y),y) | -TPP(x,y) | I(x,y).  [resolve(126,b,119,a)].
Derived: B(f17(x,y),y) | I(x,y) | -TPPI(y,x).  [resolve(140,b,127,b)].
141 B(f17(x,y),y) | -TPP(x,y) | -I(y,x).  [resolve(126,b,120,a)].
Derived: B(f17(x,y),y) | -I(y,x) | -TPPI(y,x).  [resolve(141,b,127,b)].
142 B(f17(x,y),y) | -TPP(x,y) | IPI(y,x).  [resolve(126,b,122,a)].
Derived: B(f17(x,y),y) | IPI(y,x) | -TPPI(y,x).  [resolve(142,b,127,b)].

Eliminating OV/2
143 -I(x,y) | -I(x,z) | OV(y,z) | -O(y,z) | P(y,z) | P(z,y).  [resolve(96,a,91,d)].
144 -OV(x,y) | I(f9(x,y),x).  [clausify(28)].
145 -OV(x,y) | I(f9(x,y),y).  [clausify(28)].
146 -OV(x,y) | O(x,y).  [resolve(95,b,92,a)].
147 -OV(x,y) | -P(x,y).  [resolve(95,b,93,a)].
148 -OV(x,y) | -P(y,x).  [resolve(95,b,94,a)].
Derived: -I(x,y) | -I(x,z) | -O(y,z) | P(y,z) | P(z,y) | I(f9(y,z),y).  [resolve(143,c,144,a)].
Derived: -I(x,y) | -I(x,z) | -O(y,z) | P(y,z) | P(z,y) | I(f9(y,z),z).  [resolve(143,c,145,a)].
149 -I(x,c1) | -I(x,c2) | OV(c1,c2).  [resolve(98,a,96,a)].
Derived: -I(x,c1) | -I(x,c2) | I(f9(c1,c2),c1).  [resolve(149,c,144,a)].
Derived: -I(x,c1) | -I(x,c2) | I(f9(c1,c2),c2).  [resolve(149,c,145,a)].
Derived: -I(x,c1) | -I(x,c2) | O(c1,c2).  [resolve(149,c,146,a)].
Derived: -I(x,c1) | -I(x,c2) | -P(c1,c2).  [resolve(149,c,147,a)].
Derived: -I(x,c1) | -I(x,c2) | -P(c2,c1).  [resolve(149,c,148,a)].
150 P(f10(x,y),x) | -P(z,x) | -P(z,y) | B(z,x) | -OV(x,y).  [resolve(99,a,95,b)].
Derived: P(f10(x,y),x) | -P(z,x) | -P(z,y) | B(z,x) | -I(u,x) | -I(u,y) | -O(x,y) | P(x,y) | P(y,x).  [resolve(150,e,143,c)].
151 P(f10(x,y),x) | -P(z,x) | -P(z,y) | B(z,y) | -OV(x,y).  [resolve(100,a,95,b)].
Derived: P(f10(x,y),x) | -P(z,x) | -P(z,y) | B(z,y) | -I(u,x) | -I(u,y) | -O(x,y) | P(x,y) | P(y,x).  [resolve(151,e,143,c)].
152 P(f10(x,y),y) | -P(z,x) | -P(z,y) | B(z,x) | -OV(x,y).  [resolve(101,a,95,b)].
Derived: P(f10(x,y),y) | -P(z,x) | -P(z,y) | B(z,x) | -I(u,x) | -I(u,y) | -O(x,y) | P(x,y) | P(y,x).  [resolve(152,e,143,c)].
153 P(f10(x,y),y) | -P(z,x) | -P(z,y) | B(z,y) | -OV(x,y).  [resolve(102,a,95,b)].
Derived: P(f10(x,y),y) | -P(z,x) | -P(z,y) | B(z,y) | -I(u,x) | -I(u,y) | -O(x,y) | P(x,y) | P(y,x).  [resolve(153,e,143,c)].
154 -B(f10(x,y),x) | -B(f10(x,y),y) | -P(z,x) | -P(z,y) | B(z,x) | -OV(x,y).  [resolve(103,a,95,b)].
Derived: -B(f10(x,y),x) | -B(f10(x,y),y) | -P(z,x) | -P(z,y) | B(z,x) | -I(u,x) | -I(u,y) | -O(x,y) | P(x,y) | P(y,x).  [resolve(154,f,143,c)].
155 -B(f10(x,y),x) | -B(f10(x,y),y) | -P(z,x) | -P(z,y) | B(z,y) | -OV(x,y).  [resolve(104,a,95,b)].
Derived: -B(f10(x,y),x) | -B(f10(x,y),y) | -P(z,x) | -P(z,y) | B(z,y) | -I(u,x) | -I(u,y) | -O(x,y) | P(x,y) | P(y,x).  [resolve(155,f,143,c)].
156 -IC(x,y) | P(f10(x,y),x) | -OV(x,y).  [resolve(105,b,95,b)].
157 -IC(x,y) | P(f10(x,y),y) | -OV(x,y).  [resolve(106,b,95,b)].
158 -IC(x,y) | -B(f10(x,y),x) | -B(f10(x,y),y) | -OV(x,y).  [resolve(107,b,95,b)].
159 I(f11(x,y),x) | IC(x,y) | -P(z,x) | -P(z,y) | B(z,x) | -OV(x,y).  [resolve(108,a,95,b)].
Derived: I(f11(x,y),x) | IC(x,y) | -P(z,x) | -P(z,y) | B(z,x) | -I(u,x) | -I(u,y) | -O(x,y) | P(x,y) | P(y,x).  [resolve(159,f,143,c)].
160 I(f11(x,y),x) | IC(x,y) | -P(z,x) | -P(z,y) | B(z,y) | -OV(x,y).  [resolve(109,a,95,b)].
Derived: I(f11(x,y),x) | IC(x,y) | -P(z,x) | -P(z,y) | B(z,y) | -I(u,x) | -I(u,y) | -O(x,y) | P(x,y) | P(y,x).  [resolve(160,f,143,c)].
161 I(f11(x,y),y) | IC(x,y) | -P(z,x) | -P(z,y) | B(z,x) | -OV(x,y).  [resolve(110,a,95,b)].
Derived: I(f11(x,y),y) | IC(x,y) | -P(z,x) | -P(z,y) | B(z,x) | -I(u,x) | -I(u,y) | -O(x,y) | P(x,y) | P(y,x).  [resolve(161,f,143,c)].
162 I(f11(x,y),y) | IC(x,y) | -P(z,x) | -P(z,y) | B(z,y) | -OV(x,y).  [resolve(111,a,95,b)].
Derived: I(f11(x,y),y) | IC(x,y) | -P(z,x) | -P(z,y) | B(z,y) | -I(u,x) | -I(u,y) | -O(x,y) | P(x,y) | P(y,x).  [resolve(162,f,143,c)].
163 B(f13(x),x) | P(f10(y,x),y) | -OV(y,x).  [resolve(112,b,95,b)].
Derived: B(f13(x),x) | P(f10(y,x),y) | -I(z,y) | -I(z,x) | -O(y,x) | P(y,x) | P(x,y).  [resolve(163,c,143,c)].
164 B(f13(x),x) | P(f10(y,x),x) | -OV(y,x).  [resolve(113,b,95,b)].
Derived: B(f13(x),x) | P(f10(y,x),x) | -I(z,y) | -I(z,x) | -O(y,x) | P(y,x) | P(x,y).  [resolve(164,c,143,c)].
165 B(f13(x),x) | -B(f10(y,x),y) | -B(f10(y,x),x) | -OV(y,x).  [resolve(114,b,95,b)].
Derived: B(f13(x),x) | -B(f10(y,x),y) | -B(f10(y,x),x) | -I(z,y) | -I(z,x) | -O(y,x) | P(y,x) | P(x,y).  [resolve(165,d,143,c)].
166 B(f13(x),x) | I(f11(y,x),y) | IC(y,x) | -OV(y,x).  [resolve(115,b,95,b)].
Derived: B(f13(x),x) | I(f11(y,x),y) | IC(y,x) | -I(z,y) | -I(z,x) | -O(y,x) | P(y,x) | P(x,y).  [resolve(166,d,143,c)].
167 B(f13(x),x) | I(f11(y,x),x) | IC(y,x) | -OV(y,x).  [resolve(116,b,95,b)].
Derived: B(f13(x),x) | I(f11(y,x),x) | IC(y,x) | -I(z,y) | -I(z,x) | -O(y,x) | P(y,x) | P(x,y).  [resolve(167,d,143,c)].

Eliminating PPI/2
168 PPI(x,y) | -P(y,x) | P(x,y).  [resolve(82,a,76,c)].
169 -PPI(x,y) | P(f2(y,x),x).  [resolve(81,b,77,a)].
170 -PPI(x,y) | D(f2(y,x),y).  [resolve(81,b,78,a)].
171 -PPI(x,y) | P(y,x).  [resolve(81,b,79,a)].
172 -PPI(x,y) | -P(x,y).  [resolve(81,b,80,a)].
Derived: -P(x,y) | P(y,x) | P(f2(x,y),y).  [resolve(168,a,169,a)].
Derived: -P(x,y) | P(y,x) | D(f2(x,y),x).  [resolve(168,a,170,a)].
173 -B(x,y) | PPI(y,x).  [resolve(83,b,82,a)].
Derived: -B(x,y) | P(f2(x,y),y).  [resolve(173,b,169,a)].
Derived: -B(x,y) | D(f2(x,y),x).  [resolve(173,b,170,a)].
Derived: -B(x,y) | P(x,y).  [resolve(173,b,171,a)].
Derived: -B(x,y) | -P(y,x).  [resolve(173,b,172,a)].
174 B(f17(x,y),y) | -PPI(y,x) | -B(z,y).  [resolve(124,b,118,a)].
Derived: B(f17(x,y),y) | -B(z,y) | -P(x,y) | P(y,x).  [resolve(174,b,168,a)].
175 B(f17(x,y),y) | -PPI(y,x) | I(x,y).  [resolve(124,b,119,a)].
Derived: B(f17(x,y),y) | I(x,y) | -P(x,y) | P(y,x).  [resolve(175,b,168,a)].
176 B(f17(x,y),y) | -PPI(y,x) | -I(y,x).  [resolve(124,b,120,a)].
Derived: B(f17(x,y),y) | -I(y,x) | -P(x,y) | P(y,x).  [resolve(176,b,168,a)].
177 B(f17(x,y),y) | -PPI(y,x) | IPI(y,x).  [resolve(124,b,122,a)].
Derived: B(f17(x,y),y) | IPI(y,x) | -P(x,y) | P(y,x).  [resolve(177,b,168,a)].
178 PPI(x,y) | -TPPI(x,y).  [resolve(135,a,127,b)].
Derived: -TPPI(x,y) | P(f2(y,x),x).  [resolve(178,a,169,a)].
Derived: -TPPI(x,y) | D(f2(y,x),y).  [resolve(178,a,170,a)].
Derived: -TPPI(x,y) | P(y,x).  [resolve(178,a,171,a)].
Derived: -TPPI(x,y) | -P(x,y).  [resolve(178,a,172,a)].
179 -P(x,y) | -B(x,z) | -P(y,z) | P(z,y) | PPI(z,y).  [resolve(136,c,135,a)].
180 -P(x,y) | -B(x,z) | -PPI(z,y) | P(f8(y,z),y).  [resolve(137,c,128,a)].
Derived: -P(x,y) | -B(x,z) | P(f8(y,z),y) | -P(y,z) | P(z,y).  [resolve(180,c,168,a)].
Derived: -P(x,y) | -B(x,z) | P(f8(y,z),y) | -TPPI(z,y).  [resolve(180,c,178,a)].
181 -P(x,y) | -B(x,z) | -PPI(z,y) | B(f8(y,z),z).  [resolve(137,c,129,a)].
Derived: -P(x,y) | -B(x,z) | B(f8(y,z),z) | -P(y,z) | P(z,y).  [resolve(181,c,168,a)].
Derived: -P(x,y) | -B(x,z) | B(f8(y,z),z) | -TPPI(z,y).  [resolve(181,c,178,a)].
182 -P(x,y) | -B(x,z) | -PPI(z,y) | TPPI(z,y).  [resolve(137,c,130,a)].
Derived: -P(x,y) | -B(x,z) | TPPI(z,y) | -P(y,z) | P(z,y).  [resolve(182,c,168,a)].
183 -P(x,y) | -B(x,z) | -PPI(z,y) | P(f2(y,z),z).  [resolve(137,c,131,a)].
184 -P(x,y) | -B(x,z) | -PPI(z,y) | D(f2(y,z),y).  [resolve(137,c,132,a)].
185 -P(x,y) | -B(x,z) | -PPI(z,y) | P(y,z).  [resolve(137,c,133,a)].
186 -P(x,y) | -B(x,z) | -PPI(z,y) | -P(z,y).  [resolve(137,c,134,a)].
187 -P(x,y) | -B(x,z) | -B(y,z) | PPI(z,y).  [resolve(138,c,135,a)].
Derived: -P(x,y) | -B(x,z) | -B(y,z) | -P(u,y) | -B(u,z) | P(f8(y,z),y).  [resolve(187,d,180,c)].
Derived: -P(x,y) | -B(x,z) | -B(y,z) | -P(u,y) | -B(u,z) | B(f8(y,z),z).  [resolve(187,d,181,c)].
Derived: -P(x,y) | -B(x,z) | -B(y,z) | -P(u,y) | -B(u,z) | TPPI(z,y).  [resolve(187,d,182,c)].
188 B(f17(x,y),y) | -B(z,y) | -P(u,x) | -B(u,y) | -PPI(y,x).  [resolve(139,b,137,c)].
Derived: B(f17(x,y),y) | -B(z,y) | -P(u,x) | -B(u,y) | -TPPI(y,x).  [resolve(188,e,178,a)].

Eliminating IPI/2
189 IPI(x,y) | B(f7(y,x),x) | -I(y,x) | I(x,y).  [resolve(122,a,117,d)].
190 -IPI(x,y) | -B(z,x).  [resolve(121,b,118,a)].
191 -IPI(x,y) | I(y,x).  [resolve(121,b,119,a)].
192 -IPI(x,y) | -I(x,y).  [resolve(121,b,120,a)].
Derived: B(f7(x,y),y) | -I(x,y) | I(y,x) | -B(z,y).  [resolve(189,a,190,a)].
193 B(f17(x,y),y) | -P(x,y) | P(y,x) | IPI(y,x).  [resolve(123,b,122,a)].
194 B(f17(x,y),y) | IPI(y,x) | -TPPI(y,x).  [resolve(142,b,127,b)].
Derived: B(f17(x,y),y) | -TPPI(y,x) | -B(z,y).  [resolve(194,b,190,a)].
Derived: B(f17(x,y),y) | -TPPI(y,x) | I(x,y).  [resolve(194,b,191,a)].
Derived: B(f17(x,y),y) | -TPPI(y,x) | -I(y,x).  [resolve(194,b,192,a)].
195 B(f17(x,y),y) | IPI(y,x) | -P(x,y) | P(y,x).  [resolve(177,b,168,a)].
Derived: B(f17(x,y),y) | -P(x,y) | P(y,x) | -B(z,y).  [resolve(195,b,190,a)].
Derived: B(f17(x,y),y) | -P(x,y) | P(y,x) | I(x,y).  [resolve(195,b,191,a)].
Derived: B(f17(x,y),y) | -P(x,y) | P(y,x) | -I(y,x).  [resolve(195,b,192,a)].

Eliminating TPPI/2
196 -P(x,y) | -B(x,z) | -P(y,z) | P(z,y) | TPPI(z,y).  [resolve(136,c,130,a)].
197 -TPPI(x,y) | P(f8(y,x),y).  [resolve(127,b,128,a)].
198 -TPPI(x,y) | B(f8(y,x),x).  [resolve(127,b,129,a)].
199 P(f2(x,y),y) | -TPPI(y,x).  [resolve(131,a,127,b)].
200 D(f2(x,y),x) | -TPPI(y,x).  [resolve(132,a,127,b)].
201 P(x,y) | -TPPI(y,x).  [resolve(133,a,127,b)].
202 -P(x,y) | -TPPI(x,y).  [resolve(134,a,127,b)].
203 -P(x,y) | -B(x,z) | -B(y,z) | TPPI(z,y).  [resolve(138,c,130,a)].
204 B(f17(x,y),y) | -B(z,y) | -TPPI(y,x).  [resolve(139,b,127,b)].
205 B(f17(x,y),y) | I(x,y) | -TPPI(y,x).  [resolve(140,b,127,b)].
Derived: B(f17(x,y),y) | I(x,y) | -P(z,x) | -B(z,y) | -B(x,y).  [resolve(205,c,203,d)].
206 B(f17(x,y),y) | -I(y,x) | -TPPI(y,x).  [resolve(141,b,127,b)].
Derived: B(f17(x,y),y) | -I(y,x) | -P(z,x) | -B(z,y) | -B(x,y).  [resolve(206,c,203,d)].
207 -TPPI(x,y) | P(f2(y,x),x).  [resolve(178,a,169,a)].
Derived: P(f2(x,y),y) | -P(z,x) | -B(z,y) | -P(x,y) | P(y,x).  [resolve(207,a,196,e)].
Derived: P(f2(x,y),y) | -P(z,x) | -B(z,y) | -B(x,y).  [resolve(207,a,203,d)].
208 -TPPI(x,y) | D(f2(y,x),y).  [resolve(178,a,170,a)].
Derived: D(f2(x,y),x) | -P(z,x) | -B(z,y) | -P(x,y) | P(y,x).  [resolve(208,a,196,e)].
Derived: D(f2(x,y),x) | -P(z,x) | -B(z,y) | -B(x,y).  [resolve(208,a,203,d)].
209 -TPPI(x,y) | P(y,x).  [resolve(178,a,171,a)].
Derived: P(x,y) | -P(z,x) | -B(z,y) | -B(x,y).  [resolve(209,a,203,d)].
210 -TPPI(x,y) | -P(x,y).  [resolve(178,a,172,a)].
Derived: -P(x,y) | -P(z,y) | -B(z,x) | -B(y,x).  [resolve(210,a,203,d)].
211 -P(x,y) | -B(x,z) | P(f8(y,z),y) | -TPPI(z,y).  [resolve(180,c,178,a)].
Derived: -P(x,y) | -B(x,z) | P(f8(y,z),y) | -P(u,y) | -B(u,z) | -P(y,z) | P(z,y).  [resolve(211,d,196,e)].
212 -P(x,y) | -B(x,z) | B(f8(y,z),z) | -TPPI(z,y).  [resolve(181,c,178,a)].
Derived: -P(x,y) | -B(x,z) | B(f8(y,z),z) | -P(u,y) | -B(u,z) | -P(y,z) | P(z,y).  [resolve(212,d,196,e)].
213 -P(x,y) | -B(x,z) | TPPI(z,y) | -P(y,z) | P(z,y).  [resolve(182,c,168,a)].
214 -P(x,y) | -B(x,z) | -B(y,z) | -P(u,y) | -B(u,z) | TPPI(z,y).  [resolve(187,d,182,c)].
Derived: -P(x,y) | -B(x,z) | -B(y,z) | -P(u,y) | -B(u,z) | P(f8(y,z),y).  [resolve(214,f,197,a)].
Derived: -P(x,y) | -B(x,z) | -B(y,z) | -P(u,y) | -B(u,z) | B(f8(y,z),z).  [resolve(214,f,198,a)].
Derived: -P(x,y) | -B(x,z) | -B(y,z) | -P(u,y) | -B(u,z) | B(f17(y,z),z) | -B(w,z).  [resolve(214,f,204,c)].
215 B(f17(x,y),y) | -B(z,y) | -P(u,x) | -B(u,y) | -TPPI(y,x).  [resolve(188,e,178,a)].
216 B(f17(x,y),y) | -TPPI(y,x) | -B(z,y).  [resolve(194,b,190,a)].
217 B(f17(x,y),y) | -TPPI(y,x) | I(x,y).  [resolve(194,b,191,a)].
218 B(f17(x,y),y) | -TPPI(y,x) | -I(y,x).  [resolve(194,b,192,a)].

============================== end predicate elimination =============

Auto_denials:  (non-Horn, no changes).

Term ordering decisions:
Predicate symbol precedence:  predicate_order([ =, P, B, I, O, IC, D, EQ ]).
Function symbol precedence:  function_order([ null, cuniversal, c1, c2, c3, c4, c5, sum, diff, prod, f2, f5, f6, f7, f8, f9, f10, f11, f14, f15, f16, f17, f18, compl, bdy, f1, f3, f4, f12, f13, f19 ]).
After inverse_order:  (no changes).
Unfolding symbols: (none).

Auto_inference settings:
  % set(paramodulation).  % (positive equality literals)
  % set(binary_resolution).  % (non-Horn)

Auto_process settings:
  % set(factor).  % (non-Horn)
  % set(unit_deletion).  % (non-Horn)

           219 null != c1.  [clausify(1)].
kept:      220 c1 != null.  [copy(219),flip(a)].
           221 null != c2.  [clausify(1)].
kept:      222 c2 != null.  [copy(221),flip(a)].
kept:      223 B(c3,c1).  [clausify(1)].
kept:      224 B(c4,c2).  [clausify(1)].
kept:      225 null = x | P(x,x).  [clausify(2)].
kept:      226 -P(x,y) | -P(y,x) | y = x.  [clausify(3)].
kept:      227 -P(x,y) | -P(y,z) | P(x,z).  [clausify(4)].
kept:      228 null != x | -P(y,x).  [clausify(5)].
kept:      229 null != x | -P(x,y).  [clausify(5)].
kept:      230 P(f1(x),x) | P(x,f1(x)) | null = x.  [clausify(5)].
kept:      231 null = x | P(x,c5).  [clausify(8)].
kept:      232 cuniversal != x | null = y | P(y,x).  [clausify(9)].
           233 null != f3(x) | cuniversal = x.  [clausify(9)].
kept:      234 f3(x) != null | cuniversal = x.  [copy(233),flip(a)].
kept:      235 -P(f3(x),x) | cuniversal = x.  [clausify(9)].
kept:      236 -B(x,cuniversal).  [clausify(10)].
kept:      237 -EQ(x,y) | P(y,x).  [clausify(14)].
kept:      238 -EQ(x,y) | P(x,y).  [clausify(14)].
kept:      239 -P(x,y) | -P(y,x) | EQ(y,x).  [clausify(14)].
kept:      240 -O(x,y) | P(f5(x,y),x).  [clausify(15)].
kept:      241 -O(x,y) | P(f5(x,y),y).  [clausify(15)].
kept:      242 -P(x,y) | -P(x,z) | O(y,z).  [clausify(15)].
kept:      243 -D(x,y) | -O(x,y).  [clausify(16)].
kept:      244 O(x,y) | D(x,y).  [clausify(16)].
kept:      245 -B(x,y) | -B(y,z) | B(x,z).  [clausify(18)].
kept:      246 -P(x,y) | -B(y,z) | B(x,z).  [clausify(19)].
kept:      247 -B(x,y) | -P(y,z) | P(x,z).  [clausify(20)].
kept:      248 -I(x,y) | P(x,y).  [clausify(22)].
kept:      249 -I(x,y) | -B(z,y) | D(z,x).  [clausify(22)].
kept:      250 -P(x,y) | B(f6(x,y),y) | I(x,y).  [clausify(22)].
kept:      251 -P(x,y) | -D(f6(x,y),x) | I(x,y).  [clausify(22)].
kept:      252 -IC(x,y) | -I(z,x) | -I(z,y).  [clausify(30)].
kept:      253 null = x | I(f12(x),x).  [clausify(31)].
kept:      254 -B(x,y) | -B(z,y) | -I(z,y).  [clausify(33)].
kept:      255 -B(x,y) | -EQ(y,z) | B(f14(y,z),z).  [clausify(35)].
kept:      256 B(f15(x,y),x) | -EQ(x,y) | -B(z,y).  [clausify(36)].
kept:      257 B(f16(x,y),x) | -B(z,y) | -EQ(x,y).  [clausify(37)].
kept:      258 -O(x,sum(y,z)) | O(x,y) | O(x,z).  [clausify(39)].
kept:      259 -O(x,y) | O(x,sum(y,z)).  [clausify(39)].
kept:      260 -O(x,y) | O(x,sum(z,y)).  [clausify(39)].
kept:      261 -P(x,prod(y,z)) | P(x,y).  [clausify(40)].
kept:      262 -P(x,prod(y,z)) | P(x,z).  [clausify(40)].
kept:      263 -P(x,y) | -P(x,z) | P(x,prod(y,z)).  [clausify(40)].
kept:      264 -P(x,compl(y)) | D(x,y).  [clausify(41)].
kept:      265 -P(x,diff(y,z)) | P(x,y).  [clausify(42)].
kept:      266 -P(x,diff(y,z)) | D(x,z).  [clausify(42)].
kept:      267 -P(x,y) | -D(x,z) | P(x,diff(y,z)).  [clausify(42)].
kept:      268 compl(x) != y | compl(x) != z | z = y.  [clausify(43)].
kept:      269 diff(x,y) != z | diff(x,y) != u | u = z.  [clausify(44)].
kept:      270 prod(x,y) != z | prod(x,y) != u | u = z.  [clausify(45)].
kept:      271 sum(x,y) != z | sum(x,y) != u | u = z.  [clausify(46)].
kept:      272 null = x | null = y | f18(x,y) != null.  [clausify(47)].
           273 null = x | null = y | sum(x,y) = f18(x,y).  [clausify(47)].
kept:      274 null = x | null = y | f18(x,y) = sum(x,y).  [copy(273),flip(c)].

% Operation sum is commutative; C redundancy checks enabled.
kept:      275 sum(x,y) = sum(y,x).  [clausify(48)].
kept:      276 compl(x) != null | cuniversal = x.  [clausify(49)].
kept:      277 cuniversal != x | compl(x) = null.  [clausify(49)].
kept:      278 compl(x) != cuniversal | null = x.  [clausify(50)].
kept:      279 null != x | compl(x) = cuniversal.  [clausify(50)].

% Operation prod is commutative; C redundancy checks enabled.
kept:      280 prod(x,y) = prod(y,x).  [clausify(51)].
kept:      281 diff(x,y) != null | null = x | P(x,y).  [clausify(52)].
kept:      282 -D(x,y) | diff(x,y) = x.  [clausify(53)].
kept:      283 -P(x,cuniversal) | diff(x,null) = x.  [clausify(54)].
kept:      284 -P(x,cuniversal) | sum(null,x) = x.  [clausify(55)].
kept:      285 null = x | I(f19(x),x).  [clausify(56)].
kept:      286 null = x | -I(y,x) | I(y,f19(x)).  [clausify(56)].
kept:      287 null = x | -B(y,f19(x)).  [clausify(56)].
kept:      288 bdy(x) = null | B(bdy(x),x).  [clausify(57)].
kept:      289 bdy(x) = null | -B(y,x) | P(y,bdy(x)).  [clausify(57)].
kept:      290 I(c2,c1).  [resolve(60,a,61,a)].
kept:      291 -P(x,c1) | -P(x,c2) | B(x,c1).  [resolve(65,a,64,a)].
kept:      292 -P(x,c1) | -P(x,c2) | B(x,c2).  [resolve(66,a,64,a)].
kept:      293 -IC(c1,c2).  [resolve(70,b,64,a)].
kept:      294 B(f13(c2),c2).  [resolve(73,b,64,a)].
kept:      295 -P(x,y) | P(y,x) | P(f2(x,y),y).  [resolve(76,c,77,a)].
kept:      296 -P(x,y) | P(y,x) | D(f2(x,y),x).  [resolve(76,c,78,a)].
kept:      297 -B(x,y) | P(f2(x,y),y).  [resolve(83,b,77,a)].
kept:      298 -B(x,y) | D(f2(x,y),x).  [resolve(83,b,78,a)].
kept:      299 -B(x,y) | P(x,y).  [resolve(83,b,79,a)].
kept:      300 -B(x,y) | -P(y,x).  [resolve(83,b,80,a)].
kept:      301 null = x | P(f4(x),x) | -P(y,x) | EQ(x,y).  [resolve(87,c,89,a)].
kept:      302 null = x | -EQ(x,f4(x)) | -P(y,x) | EQ(x,y).  [resolve(90,c,89,a)].
kept:      303 -IC(x,y) | O(x,y).  [resolve(97,b,92,a)].
kept:      304 -IC(x,y) | -P(x,y).  [resolve(97,b,93,a)].
kept:      305 -IC(x,y) | -P(y,x).  [resolve(97,b,94,a)].
kept:      306 O(c1,c2).  [resolve(98,a,92,a)].
kept:      307 -P(c1,c2).  [resolve(98,a,93,a)].
kept:      308 -P(c2,c1).  [resolve(98,a,94,a)].
kept:      309 P(f10(x,y),x) | -P(z,x) | -P(z,y) | B(z,x) | -O(x,y) | P(x,y) | P(y,x).  [resolve(99,a,91,d)].
kept:      310 P(f10(x,y),x) | -P(z,x) | -P(z,y) | B(z,x) | -IC(x,y).  [resolve(99,a,97,b)].
kept:      311 P(f10(x,y),x) | -P(z,x) | -P(z,y) | B(z,y) | -O(x,y) | P(x,y) | P(y,x).  [resolve(100,a,91,d)].
kept:      312 P(f10(x,y),x) | -P(z,x) | -P(z,y) | B(z,y) | -IC(x,y).  [resolve(100,a,97,b)].
kept:      313 P(f10(x,y),y) | -P(z,x) | -P(z,y) | B(z,x) | -O(x,y) | P(x,y) | P(y,x).  [resolve(101,a,91,d)].
kept:      314 P(f10(x,y),y) | -P(z,x) | -P(z,y) | B(z,x) | -IC(x,y).  [resolve(101,a,97,b)].
kept:      315 P(f10(x,y),y) | -P(z,x) | -P(z,y) | B(z,y) | -O(x,y) | P(x,y) | P(y,x).  [resolve(102,a,91,d)].
kept:      316 P(f10(x,y),y) | -P(z,x) | -P(z,y) | B(z,y) | -IC(x,y).  [resolve(102,a,97,b)].
kept:      317 -B(f10(x,y),x) | -B(f10(x,y),y) | -P(z,x) | -P(z,y) | B(z,x) | -O(x,y) | P(x,y) | P(y,x).  [resolve(103,a,91,d)].
kept:      318 -B(f10(x,y),x) | -B(f10(x,y),y) | -P(z,x) | -P(z,y) | B(z,x) | -IC(x,y).  [resolve(103,a,97,b)].
kept:      319 -B(f10(x,y),x) | -B(f10(x,y),y) | -P(z,x) | -P(z,y) | B(z,y) | -O(x,y) | P(x,y) | P(y,x).  [resolve(104,a,91,d)].
kept:      320 -B(f10(x,y),x) | -B(f10(x,y),y) | -P(z,x) | -P(z,y) | B(z,y) | -IC(x,y).  [resolve(104,a,97,b)].
kept:      321 -IC(x,y) | P(f10(x,y),x) | -O(x,y) | P(x,y) | P(y,x).  [resolve(105,b,91,d)].
           322 -IC(x,y) | P(f10(x,y),x) | -IC(x,y).  [resolve(105,b,97,b)].
kept:      323 -IC(x,y) | P(f10(x,y),x).  [copy(322),merge(c)].
kept:      324 -IC(x,y) | P(f10(x,y),y) | -O(x,y) | P(x,y) | P(y,x).  [resolve(106,b,91,d)].
           325 -IC(x,y) | P(f10(x,y),y) | -IC(x,y).  [resolve(106,b,97,b)].
kept:      326 -IC(x,y) | P(f10(x,y),y).  [copy(325),merge(c)].
kept:      327 -IC(x,y) | -B(f10(x,y),x) | -B(f10(x,y),y) | -O(x,y) | P(x,y) | P(y,x).  [resolve(107,b,91,d)].
           328 -IC(x,y) | -B(f10(x,y),x) | -B(f10(x,y),y) | -IC(x,y).  [resolve(107,b,97,b)].
kept:      329 -IC(x,y) | -B(f10(x,y),x) | -B(f10(x,y),y).  [copy(328),merge(d)].
kept:      330 I(f11(x,y),x) | IC(x,y) | -P(z,x) | -P(z,y) | B(z,x) | -O(x,y) | P(x,y) | P(y,x).  [resolve(108,a,91,d)].
           331 I(f11(c1,c2),c1) | IC(c1,c2) | -P(x,c1) | -P(x,c2) | B(x,c1).  [resolve(108,a,98,a)].
kept:      332 I(f11(x,y),x) | IC(x,y) | -P(z,x) | -P(z,y) | B(z,y) | -O(x,y) | P(x,y) | P(y,x).  [resolve(109,a,91,d)].
           333 I(f11(c1,c2),c1) | IC(c1,c2) | -P(x,c1) | -P(x,c2) | B(x,c2).  [resolve(109,a,98,a)].
kept:      334 I(f11(x,y),y) | IC(x,y) | -P(z,x) | -P(z,y) | B(z,x) | -O(x,y) | P(x,y) | P(y,x).  [resolve(110,a,91,d)].
           335 I(f11(c1,c2),c2) | IC(c1,c2) | -P(x,c1) | -P(x,c2) | B(x,c1).  [resolve(110,a,98,a)].
kept:      336 I(f11(x,y),y) | IC(x,y) | -P(z,x) | -P(z,y) | B(z,y) | -O(x,y) | P(x,y) | P(y,x).  [resolve(111,a,91,d)].
           337 I(f11(c1,c2),c2) | IC(c1,c2) | -P(x,c1) | -P(x,c2) | B(x,c2).  [resolve(111,a,98,a)].
kept:      338 B(f13(x),x) | P(f10(y,x),y) | -O(y,x) | P(y,x) | P(x,y).  [resolve(112,b,91,d)].
kept:      339 B(f13(x),x) | P(f10(y,x),x) | -O(y,x) | P(y,x) | P(x,y).  [resolve(113,b,91,d)].
kept:      340 B(f13(x),x) | -B(f10(y,x),y) | -B(f10(y,x),x) | -O(y,x) | P(y,x) | P(x,y).  [resolve(114,b,91,d)].
kept:      341 B(f13(x),x) | I(f11(y,x),y) | IC(y,x) | -O(y,x) | P(y,x) | P(x,y).  [resolve(115,b,91,d)].
           342 B(f13(c2),c2) | I(f11(c1,c2),c1) | IC(c1,c2).  [resolve(115,b,98,a)].
kept:      343 B(f13(x),x) | I(f11(y,x),x) | IC(y,x) | -O(y,x) | P(y,x) | P(x,y).  [resolve(116,b,91,d)].
           344 B(f13(c2),c2) | I(f11(c1,c2),c2) | IC(c1,c2).  [resolve(116,b,98,a)].
kept:      345 B(f7(x,y),y) | -I(x,y) | I(y,x) | -B(z,y).  [resolve(117,d,118,a)].
kept:      346 B(f17(x,y),y) | -P(x,y) | P(y,x) | -B(z,y).  [resolve(123,b,118,a)].
kept:      347 B(f17(x,y),y) | -P(x,y) | P(y,x) | I(x,y).  [resolve(123,b,119,a)].
kept:      348 B(f17(x,y),y) | -B(x,y) | -B(z,y).  [resolve(125,b,118,a)].
kept:      349 -P(x,y) | -B(x,z) | -P(y,z) | P(z,y) | P(f8(y,z),y).  [resolve(136,c,128,a)].
kept:      350 -P(x,y) | -B(x,z) | -P(y,z) | P(z,y) | B(f8(y,z),z).  [resolve(136,c,129,a)].
kept:      351 -P(x,y) | -B(x,z) | -B(y,z) | P(f8(y,z),y).  [resolve(138,c,128,a)].
kept:      352 -P(x,y) | -B(x,z) | -B(y,z) | B(f8(y,z),z).  [resolve(138,c,129,a)].
kept:      353 -I(x,y) | -I(x,z) | -O(y,z) | P(y,z) | P(z,y) | I(f9(y,z),y).  [resolve(143,c,144,a)].
kept:      354 -I(x,y) | -I(x,z) | -O(y,z) | P(y,z) | P(z,y) | I(f9(y,z),z).  [resolve(143,c,145,a)].
kept:      355 -I(x,c1) | -I(x,c2) | I(f9(c1,c2),c1).  [resolve(149,c,144,a)].
kept:      356 -I(x,c1) | -I(x,c2) | I(f9(c1,c2),c2).  [resolve(149,c,145,a)].
kept:      357 -P(x,x) | EQ(x,x).  [factor(239,a,b)].
kept:      358 -P(x,y) | O(y,y).  [factor(242,a,b)].
kept:      359 -IC(x,x) | -I(y,x).  [factor(252,b,c)].
kept:      360 -B(x,y) | -I(x,y).  [factor(254,a,b)].
kept:      361 -O(x,sum(y,y)) | O(x,y).  [factor(258,b,c)].
kept:      362 -P(x,y) | P(x,prod(y,y)).  [factor(263,a,b)].
kept:      363 null = x | f18(x,x) != null.  [factor(272,a,b)].
kept:      364 null = x | f18(x,x) = sum(x,x).  [factor(274,a,b)].
kept:      365 P(f10(x,x),x) | -P(y,x) | B(y,x) | -O(x,x) | P(x,x).  [factor(309,b,c),merge(f)].
kept:      366 -B(f10(x,x),x) | -P(y,x) | B(y,x) | -O(x,x) | P(x,x).  [factor(317,a,b),merge(c),merge(g)].
kept:      367 -B(f10(x,x),x) | -P(y,x) | B(y,x) | -IC(x,x).  [factor(318,a,b),merge(c)].
kept:      368 -IC(x,x) | -B(f10(x,x),x) | -O(x,x) | P(x,x).  [factor(327,b,c),merge(e)].
kept:      369 -IC(x,x) | -B(f10(x,x),x).  [factor(329,b,c)].
kept:      370 I(f11(x,x),x) | IC(x,x) | -P(y,x) | B(y,x) | -O(x,x) | P(x,x).  [factor(330,c,d),merge(g)].
kept:      371 B(f13(x),x) | P(f10(x,x),x) | -O(x,x) | P(x,x).  [factor(338,d,e)].
kept:      372 B(f13(x),x) | -B(f10(x,x),x) | -O(x,x) | P(x,x).  [factor(340,b,c),merge(e)].
kept:      373 B(f13(x),x) | I(f11(x,x),x) | IC(x,x) | -O(x,x) | P(x,x).  [factor(341,e,f)].
kept:      374 B(f17(x,y),y) | -B(x,y).  [factor(348,b,c)].
kept:      375 -P(x,x) | -B(x,y) | P(f8(x,y),x).  [factor(351,b,c)].
kept:      376 -P(x,x) | -B(x,y) | B(f8(x,y),y).  [factor(352,b,c)].
kept:      377 -I(x,y) | -O(y,y) | P(y,y) | I(f9(y,y),y).  [factor(353,a,b),merge(d)].

============================== end of process initial clauses ========

============================== CLAUSES FOR SEARCH ====================

% Clauses after input processing:

formulas(usable).
end_of_list.

formulas(sos).
220 c1 != null.  [copy(219),flip(a)].
222 c2 != null.  [copy(221),flip(a)].
223 B(c3,c1).  [clausify(1)].
224 B(c4,c2).  [clausify(1)].
225 null = x | P(x,x).  [clausify(2)].
226 -P(x,y) | -P(y,x) | y = x.  [clausify(3)].
227 -P(x,y) | -P(y,z) | P(x,z).  [clausify(4)].
228 null != x | -P(y,x).  [clausify(5)].
229 null != x | -P(x,y).  [clausify(5)].
230 P(f1(x),x) | P(x,f1(x)) | null = x.  [clausify(5)].
231 null = x | P(x,c5).  [clausify(8)].
232 cuniversal != x | null = y | P(y,x).  [clausify(9)].
234 f3(x) != null | cuniversal = x.  [copy(233),flip(a)].
235 -P(f3(x),x) | cuniversal = x.  [clausify(9)].
236 -B(x,cuniversal).  [clausify(10)].
237 -EQ(x,y) | P(y,x).  [clausify(14)].
238 -EQ(x,y) | P(x,y).  [clausify(14)].
239 -P(x,y) | -P(y,x) | EQ(y,x).  [clausify(14)].
240 -O(x,y) | P(f5(x,y),x).  [clausify(15)].
241 -O(x,y) | P(f5(x,y),y).  [clausify(15)].
242 -P(x,y) | -P(x,z) | O(y,z).  [clausify(15)].
243 -D(x,y) | -O(x,y).  [clausify(16)].
244 O(x,y) | D(x,y).  [clausify(16)].
245 -B(x,y) | -B(y,z) | B(x,z).  [clausify(18)].
246 -P(x,y) | -B(y,z) | B(x,z).  [clausify(19)].
247 -B(x,y) | -P(y,z) | P(x,z).  [clausify(20)].
248 -I(x,y) | P(x,y).  [clausify(22)].
249 -I(x,y) | -B(z,y) | D(z,x).  [clausify(22)].
250 -P(x,y) | B(f6(x,y),y) | I(x,y).  [clausify(22)].
251 -P(x,y) | -D(f6(x,y),x) | I(x,y).  [clausify(22)].
252 -IC(x,y) | -I(z,x) | -I(z,y).  [clausify(30)].
253 null = x | I(f12(x),x).  [clausify(31)].
255 -B(x,y) | -EQ(y,z) | B(f14(y,z),z).  [clausify(35)].
256 B(f15(x,y),x) | -EQ(x,y) | -B(z,y).  [clausify(36)].
257 B(f16(x,y),x) | -B(z,y) | -EQ(x,y).  [clausify(37)].
258 -O(x,sum(y,z)) | O(x,y) | O(x,z).  [clausify(39)].
259 -O(x,y) | O(x,sum(y,z)).  [clausify(39)].
260 -O(x,y) | O(x,sum(z,y)).  [clausify(39)].
261 -P(x,prod(y,z)) | P(x,y).  [clausify(40)].
262 -P(x,prod(y,z)) | P(x,z).  [clausify(40)].
263 -P(x,y) | -P(x,z) | P(x,prod(y,z)).  [clausify(40)].
264 -P(x,compl(y)) | D(x,y).  [clausify(41)].
265 -P(x,diff(y,z)) | P(x,y).  [clausify(42)].
266 -P(x,diff(y,z)) | D(x,z).  [clausify(42)].
267 -P(x,y) | -D(x,z) | P(x,diff(y,z)).  [clausify(42)].
268 compl(x) != y | compl(x) != z | z = y.  [clausify(43)].
269 diff(x,y) != z | diff(x,y) != u | u = z.  [clausify(44)].
270 prod(x,y) != z | prod(x,y) != u | u = z.  [clausify(45)].
271 sum(x,y) != z | sum(x,y) != u | u = z.  [clausify(46)].
272 null = x | null = y | f18(x,y) != null.  [clausify(47)].
274 null = x | null = y | f18(x,y) = sum(x,y).  [copy(273),flip(c)].
275 sum(x,y) = sum(y,x).  [clausify(48)].
276 compl(x) != null | cuniversal = x.  [clausify(49)].
277 cuniversal != x | compl(x) = null.  [clausify(49)].
278 compl(x) != cuniversal | null = x.  [clausify(50)].
279 null != x | compl(x) = cuniversal.  [clausify(50)].
280 prod(x,y) = prod(y,x).  [clausify(51)].
281 diff(x,y) != null | null = x | P(x,y).  [clausify(52)].
282 -D(x,y) | diff(x,y) = x.  [clausify(53)].
283 -P(x,cuniversal) | diff(x,null) = x.  [clausify(54)].
284 -P(x,cuniversal) | sum(null,x) = x.  [clausify(55)].
285 null = x | I(f19(x),x).  [clausify(56)].
286 null = x | -I(y,x) | I(y,f19(x)).  [clausify(56)].
287 null = x | -B(y,f19(x)).  [clausify(56)].
288 bdy(x) = null | B(bdy(x),x).  [clausify(57)].
289 bdy(x) = null | -B(y,x) | P(y,bdy(x)).  [clausify(57)].
290 I(c2,c1).  [resolve(60,a,61,a)].
291 -P(x,c1) | -P(x,c2) | B(x,c1).  [resolve(65,a,64,a)].
292 -P(x,c1) | -P(x,c2) | B(x,c2).  [resolve(66,a,64,a)].
293 -IC(c1,c2).  [resolve(70,b,64,a)].
294 B(f13(c2),c2).  [resolve(73,b,64,a)].
295 -P(x,y) | P(y,x) | P(f2(x,y),y).  [resolve(76,c,77,a)].
296 -P(x,y) | P(y,x) | D(f2(x,y),x).  [resolve(76,c,78,a)].
297 -B(x,y) | P(f2(x,y),y).  [resolve(83,b,77,a)].
298 -B(x,y) | D(f2(x,y),x).  [resolve(83,b,78,a)].
299 -B(x,y) | P(x,y).  [resolve(83,b,79,a)].
300 -B(x,y) | -P(y,x).  [resolve(83,b,80,a)].
301 null = x | P(f4(x),x) | -P(y,x) | EQ(x,y).  [resolve(87,c,89,a)].
302 null = x | -EQ(x,f4(x)) | -P(y,x) | EQ(x,y).  [resolve(90,c,89,a)].
303 -IC(x,y) | O(x,y).  [resolve(97,b,92,a)].
304 -IC(x,y) | -P(x,y).  [resolve(97,b,93,a)].
305 -IC(x,y) | -P(y,x).  [resolve(97,b,94,a)].
306 O(c1,c2).  [resolve(98,a,92,a)].
307 -P(c1,c2).  [resolve(98,a,93,a)].
308 -P(c2,c1).  [resolve(98,a,94,a)].
309 P(f10(x,y),x) | -P(z,x) | -P(z,y) | B(z,x) | -O(x,y) | P(x,y) | P(y,x).  [resolve(99,a,91,d)].
311 P(f10(x,y),x) | -P(z,x) | -P(z,y) | B(z,y) | -O(x,y) | P(x,y) | P(y,x).  [resolve(100,a,91,d)].
313 P(f10(x,y),y) | -P(z,x) | -P(z,y) | B(z,x) | -O(x,y) | P(x,y) | P(y,x).  [resolve(101,a,91,d)].
315 P(f10(x,y),y) | -P(z,x) | -P(z,y) | B(z,y) | -O(x,y) | P(x,y) | P(y,x).  [resolve(102,a,91,d)].
317 -B(f10(x,y),x) | -B(f10(x,y),y) | -P(z,x) | -P(z,y) | B(z,x) | -O(x,y) | P(x,y) | P(y,x).  [resolve(103,a,91,d)].
319 -B(f10(x,y),x) | -B(f10(x,y),y) | -P(z,x) | -P(z,y) | B(z,y) | -O(x,y) | P(x,y) | P(y,x).  [resolve(104,a,91,d)].
323 -IC(x,y) | P(f10(x,y),x).  [copy(322),merge(c)].
326 -IC(x,y) | P(f10(x,y),y).  [copy(325),merge(c)].
329 -IC(x,y) | -B(f10(x,y),x) | -B(f10(x,y),y).  [copy(328),merge(d)].
330 I(f11(x,y),x) | IC(x,y) | -P(z,x) | -P(z,y) | B(z,x) | -O(x,y) | P(x,y) | P(y,x).  [resolve(108,a,91,d)].
332 I(f11(x,y),x) | IC(x,y) | -P(z,x) | -P(z,y) | B(z,y) | -O(x,y) | P(x,y) | P(y,x).  [resolve(109,a,91,d)].
334 I(f11(x,y),y) | IC(x,y) | -P(z,x) | -P(z,y) | B(z,x) | -O(x,y) | P(x,y) | P(y,x).  [resolve(110,a,91,d)].
336 I(f11(x,y),y) | IC(x,y) | -P(z,x) | -P(z,y) | B(z,y) | -O(x,y) | P(x,y) | P(y,x).  [resolve(111,a,91,d)].
338 B(f13(x),x) | P(f10(y,x),y) | -O(y,x) | P(y,x) | P(x,y).  [resolve(112,b,91,d)].
339 B(f13(x),x) | P(f10(y,x),x) | -O(y,x) | P(y,x) | P(x,y).  [resolve(113,b,91,d)].
340 B(f13(x),x) | -B(f10(y,x),y) | -B(f10(y,x),x) | -O(y,x) | P(y,x) | P(x,y).  [resolve(114,b,91,d)].
341 B(f13(x),x) | I(f11(y,x),y) | IC(y,x) | -O(y,x) | P(y,x) | P(x,y).  [resolve(115,b,91,d)].
343 B(f13(x),x) | I(f11(y,x),x) | IC(y,x) | -O(y,x) | P(y,x) | P(x,y).  [resolve(116,b,91,d)].
345 B(f7(x,y),y) | -I(x,y) | I(y,x) | -B(z,y).  [resolve(117,d,118,a)].
346 B(f17(x,y),y) | -P(x,y) | P(y,x) | -B(z,y).  [resolve(123,b,118,a)].
347 B(f17(x,y),y) | -P(x,y) | P(y,x) | I(x,y).  [resolve(123,b,119,a)].
349 -P(x,y) | -B(x,z) | -P(y,z) | P(z,y) | P(f8(y,z),y).  [resolve(136,c,128,a)].
350 -P(x,y) | -B(x,z) | -P(y,z) | P(z,y) | B(f8(y,z),z).  [resolve(136,c,129,a)].
351 -P(x,y) | -B(x,z) | -B(y,z) | P(f8(y,z),y).  [resolve(138,c,128,a)].
352 -P(x,y) | -B(x,z) | -B(y,z) | B(f8(y,z),z).  [resolve(138,c,129,a)].
353 -I(x,y) | -I(x,z) | -O(y,z) | P(y,z) | P(z,y) | I(f9(y,z),y).  [resolve(143,c,144,a)].
354 -I(x,y) | -I(x,z) | -O(y,z) | P(y,z) | P(z,y) | I(f9(y,z),z).  [resolve(143,c,145,a)].
355 -I(x,c1) | -I(x,c2) | I(f9(c1,c2),c1).  [resolve(149,c,144,a)].
356 -I(x,c1) | -I(x,c2) | I(f9(c1,c2),c2).  [resolve(149,c,145,a)].
357 -P(x,x) | EQ(x,x).  [factor(239,a,b)].
358 -P(x,y) | O(y,y).  [factor(242,a,b)].
359 -IC(x,x) | -I(y,x).  [factor(252,b,c)].
360 -B(x,y) | -I(x,y).  [factor(254,a,b)].
361 -O(x,sum(y,y)) | O(x,y).  [factor(258,b,c)].
362 -P(x,y) | P(x,prod(y,y)).  [factor(263,a,b)].
363 null = x | f18(x,x) != null.  [factor(272,a,b)].
364 null = x | f18(x,x) = sum(x,x).  [factor(274,a,b)].
365 P(f10(x,x),x) | -P(y,x) | B(y,x) | -O(x,x) | P(x,x).  [factor(309,b,c),merge(f)].
366 -B(f10(x,x),x) | -P(y,x) | B(y,x) | -O(x,x) | P(x,x).  [factor(317,a,b),merge(c),merge(g)].
369 -IC(x,x) | -B(f10(x,x),x).  [factor(329,b,c)].
370 I(f11(x,x),x) | IC(x,x) | -P(y,x) | B(y,x) | -O(x,x) | P(x,x).  [factor(330,c,d),merge(g)].
371 B(f13(x),x) | P(f10(x,x),x) | -O(x,x) | P(x,x).  [factor(338,d,e)].
372 B(f13(x),x) | -B(f10(x,x),x) | -O(x,x) | P(x,x).  [factor(340,b,c),merge(e)].
373 B(f13(x),x) | I(f11(x,x),x) | IC(x,x) | -O(x,x) | P(x,x).  [factor(341,e,f)].
374 B(f17(x,y),y) | -B(x,y).  [factor(348,b,c)].
375 -P(x,x) | -B(x,y) | P(f8(x,y),x).  [factor(351,b,c)].
376 -P(x,x) | -B(x,y) | B(f8(x,y),y).  [factor(352,b,c)].
377 -I(x,y) | -O(y,y) | P(y,y) | I(f9(y,y),y).  [factor(353,a,b),merge(d)].
end_of_list.

formulas(demodulators).
275 sum(x,y) = sum(y,x).  [clausify(48)].
        % (lex-dep)
280 prod(x,y) = prod(y,x).  [clausify(51)].
        % (lex-dep)
end_of_list.

============================== end of clauses for search =============

============================== SEARCH ================================

% Starting search at 0.06 seconds.

given #1 (I,wt=3): 220 c1 != null.  [copy(219),flip(a)].

given #2 (I,wt=3): 222 c2 != null.  [copy(221),flip(a)].

given #3 (I,wt=3): 223 B(c3,c1).  [clausify(1)].

given #4 (I,wt=3): 224 B(c4,c2).  [clausify(1)].

given #5 (I,wt=6): 225 null = x | P(x,x).  [clausify(2)].

given #6 (I,wt=9): 226 -P(x,y) | -P(y,x) | y = x.  [clausify(3)].

given #7 (I,wt=9): 227 -P(x,y) | -P(y,z) | P(x,z).  [clausify(4)].

given #8 (I,wt=6): 228 null != x | -P(y,x).  [clausify(5)].

given #9 (I,wt=6): 229 null != x | -P(x,y).  [clausify(5)].

given #10 (I,wt=11): 230 P(f1(x),x) | P(x,f1(x)) | null = x.  [clausify(5)].

given #11 (I,wt=6): 231 null = x | P(x,c5).  [clausify(8)].

given #12 (I,wt=9): 232 cuniversal != x | null = y | P(y,x).  [clausify(9)].

given #13 (I,wt=7): 234 f3(x) != null | cuniversal = x.  [copy(233),flip(a)].

given #14 (I,wt=7): 235 -P(f3(x),x) | cuniversal = x.  [clausify(9)].

given #15 (I,wt=3): 236 -B(x,cuniversal).  [clausify(10)].

given #16 (I,wt=6): 237 -EQ(x,y) | P(y,x).  [clausify(14)].

given #17 (I,wt=6): 238 -EQ(x,y) | P(x,y).  [clausify(14)].

given #18 (I,wt=9): 239 -P(x,y) | -P(y,x) | EQ(y,x).  [clausify(14)].

given #19 (I,wt=8): 240 -O(x,y) | P(f5(x,y),x).  [clausify(15)].

given #20 (I,wt=8): 241 -O(x,y) | P(f5(x,y),y).  [clausify(15)].

given #21 (I,wt=9): 242 -P(x,y) | -P(x,z) | O(y,z).  [clausify(15)].

given #22 (I,wt=6): 243 -D(x,y) | -O(x,y).  [clausify(16)].

given #23 (I,wt=6): 244 O(x,y) | D(x,y).  [clausify(16)].

given #24 (I,wt=9): 245 -B(x,y) | -B(y,z) | B(x,z).  [clausify(18)].

given #25 (I,wt=9): 246 -P(x,y) | -B(y,z) | B(x,z).  [clausify(19)].

given #26 (I,wt=9): 247 -B(x,y) | -P(y,z) | P(x,z).  [clausify(20)].

given #27 (I,wt=6): 248 -I(x,y) | P(x,y).  [clausify(22)].

given #28 (I,wt=9): 249 -I(x,y) | -B(z,y) | D(z,x).  [clausify(22)].

given #29 (I,wt=11): 250 -P(x,y) | B(f6(x,y),y) | I(x,y).  [clausify(22)].

given #30 (I,wt=11): 251 -P(x,y) | -D(f6(x,y),x) | I(x,y).  [clausify(22)].

given #31 (I,wt=9): 252 -IC(x,y) | -I(z,x) | -I(z,y).  [clausify(30)].

given #32 (I,wt=7): 253 null = x | I(f12(x),x).  [clausify(31)].

given #33 (I,wt=11): 255 -B(x,y) | -EQ(y,z) | B(f14(y,z),z).  [clausify(35)].

given #34 (I,wt=11): 256 B(f15(x,y),x) | -EQ(x,y) | -B(z,y).  [clausify(36)].

given #35 (I,wt=11): 257 B(f16(x,y),x) | -B(z,y) | -EQ(x,y).  [clausify(37)].

given #36 (I,wt=11): 258 -O(x,sum(y,z)) | O(x,y) | O(x,z).  [clausify(39)].

given #37 (I,wt=8): 259 -O(x,y) | O(x,sum(y,z)).  [clausify(39)].

given #38 (I,wt=8): 260 -O(x,y) | O(x,sum(z,y)).  [clausify(39)].

given #39 (I,wt=8): 261 -P(x,prod(y,z)) | P(x,y).  [clausify(40)].

given #40 (I,wt=8): 262 -P(x,prod(y,z)) | P(x,z).  [clausify(40)].

given #41 (I,wt=11): 263 -P(x,y) | -P(x,z) | P(x,prod(y,z)).  [clausify(40)].

given #42 (I,wt=7): 264 -P(x,compl(y)) | D(x,y).  [clausify(41)].

given #43 (I,wt=8): 265 -P(x,diff(y,z)) | P(x,y).  [clausify(42)].

given #44 (I,wt=8): 266 -P(x,diff(y,z)) | D(x,z).  [clausify(42)].

given #45 (I,wt=11): 267 -P(x,y) | -D(x,z) | P(x,diff(y,z)).  [clausify(42)].

given #46 (I,wt=11): 268 compl(x) != y | compl(x) != z | z = y.  [clausify(43)].

given #47 (I,wt=13): 269 diff(x,y) != z | diff(x,y) != u | u = z.  [clausify(44)].

given #48 (I,wt=13): 270 prod(x,y) != z | prod(x,y) != u | u = z.  [clausify(45)].

given #49 (I,wt=13): 271 sum(x,y) != z | sum(x,y) != u | u = z.  [clausify(46)].

given #50 (I,wt=11): 272 null = x | null = y | f18(x,y) != null.  [clausify(47)].

given #51 (I,wt=13): 274 null = x | null = y | f18(x,y) = sum(x,y).  [copy(273),flip(c)].

given #52 (I,wt=7): 275 sum(x,y) = sum(y,x).  [clausify(48)].

given #53 (I,wt=7): 276 compl(x) != null | cuniversal = x.  [clausify(49)].

given #54 (I,wt=7): 277 cuniversal != x | compl(x) = null.  [clausify(49)].

given #55 (I,wt=7): 278 compl(x) != cuniversal | null = x.  [clausify(50)].

given #56 (I,wt=7): 279 null != x | compl(x) = cuniversal.  [clausify(50)].

given #57 (I,wt=7): 280 prod(x,y) = prod(y,x).  [clausify(51)].

given #58 (I,wt=11): 281 diff(x,y) != null | null = x | P(x,y).  [clausify(52)].

given #59 (I,wt=8): 282 -D(x,y) | diff(x,y) = x.  [clausify(53)].

given #60 (I,wt=8): 283 -P(x,cuniversal) | diff(x,null) = x.  [clausify(54)].

given #61 (I,wt=8): 284 -P(x,cuniversal) | sum(null,x) = x.  [clausify(55)].

given #62 (I,wt=7): 285 null = x | I(f19(x),x).  [clausify(56)].

given #63 (I,wt=10): 286 null = x | -I(y,x) | I(y,f19(x)).  [clausify(56)].

given #64 (I,wt=7): 287 null = x | -B(y,f19(x)).  [clausify(56)].

given #65 (I,wt=8): 288 bdy(x) = null | B(bdy(x),x).  [clausify(57)].

given #66 (I,wt=11): 289 bdy(x) = null | -B(y,x) | P(y,bdy(x)).  [clausify(57)].

given #67 (I,wt=3): 290 I(c2,c1).  [resolve(60,a,61,a)].
-------- Proof 1 -------- 

============================== PROOF =================================

% Proof 1 at 0.06 (+ 0.01) seconds.
% Length of proof is 15.
% Level of proof is 4.
% Maximum clause weight is 6.000.
% Given clauses 67.

1 -(all x all y (-(x != null & y != null & (exists z B(z,x)) & (exists t B(t,y)) & II(x,y)) | -EC(x,y))) # label(non_clause).  [assumption].
21 (all x all y ((-IMB(x,y) | O(x,y) & -P(x,y) & -P(y,x)) & (-(O(x,y) & -P(x,y) & -P(y,x)) | IMB(x,y)))) # label(non_clause).  [assumption].
22 (all x all y ((-I(x,y) | P(x,y) & (all z (-B(z,y) | D(z,x)))) & (-(P(x,y) & (all z (-B(z,y) | D(z,x)))) | I(x,y)))) # label(non_clause).  [assumption].
23 (all x all y ((-II(x,y) | I(y,x)) & (-I(y,x) | II(x,y)))) # label(non_clause).  [assumption].
29 (all x all y ((-EC(x,y) | IMB(x,y) & (all z (-(P(z,x) & P(z,y)) | B(z,x) & B(z,y)))) & (-(IMB(x,y) & (all z (-(P(z,x) & P(z,y)) | B(z,x) & B(z,y)))) | EC(x,y)))) # label(non_clause).  [assumption].
60 -II(x,y) | I(y,x).  [clausify(23)].
61 II(c1,c2).  [clausify(1)].
63 -EC(x,y) | IMB(x,y).  [clausify(29)].
64 EC(c1,c2).  [clausify(1)].
94 -IMB(x,y) | -P(y,x).  [clausify(21)].
98 IMB(c1,c2).  [resolve(63,a,64,a)].
248 -I(x,y) | P(x,y).  [clausify(22)].
290 I(c2,c1).  [resolve(60,a,61,a)].
308 -P(c2,c1).  [resolve(98,a,94,a)].
457 $F.  [resolve(290,a,248,a),unit_del(a,308)].

============================== end of proof ==========================

============================== STATISTICS ============================

Given=67. Generated=393. Kept=225. proofs=1.
Usable=67. Sos=143. Demods=5. Limbo=2, Disabled=374. Hints=0.
Kept_by_rule=0, Deleted_by_rule=0.
Forward_subsumed=167. Back_subsumed=13.
Sos_limit_deleted=0. Sos_displaced=0. Sos_removed=0.
New_demodulators=5 (2 lex), Back_demodulated=0. Back_unit_deleted=0.
Demod_attempts=3030. Demod_rewrites=0.
Res_instance_prunes=0. Para_instance_prunes=0. Basic_paramod_prunes=0.
Nonunit_fsub_feature_tests=537. Nonunit_bsub_feature_tests=452.
Megabytes=1.17.
User_CPU=0.06, System_CPU=0.01, Wall_clock=0.

============================== end of statistics =====================

============================== end of search =========================

THEOREM PROVED

THEOREM PROVED

Exiting with 1 proof.

------ process 9849 exit (max_proofs) ------

Process 9849 exit (max_proofs) Mon Feb  3 12:05:36 2020

========================== MACLEOD SUMMARY ===========================
reasoner: /home/aidin12/macleod/Reasoning/prover9_bin/prover9
status: PROOF
execution finished: Mon Feb 03 12:05:39 2020
total CPU time used: 0
The command was "/home/aidin12/macleod/Reasoning/prover9_bin/prover9 -t100 -f /home/aidin12/macleod/ontologies/after/JEPD/PD/conversions/PD51.all.p9"
============================ end of footer ===========================
