============================== Prover9 ===============================
Prover9 (64) version 2009-11A, November 2009.
Process 9250 was started by aidin12 on aidin12-HP-Pavilion-dv7-Notebook-PC,
Mon Feb  3 12:03:48 2020
The command was "/home/aidin12/macleod/Reasoning/prover9_bin/prover9 -t100 -f /home/aidin12/macleod/ontologies/after/JEPD/PD/conversions/PD56.all.p9".
============================== end of head ===========================

============================== INPUT =================================

% Reading from file /home/aidin12/macleod/ontologies/after/JEPD/PD/conversions/PD56.all.p9


formulas(assumptions).
-(all x all y (-(x != null & y != null & (exists z B(z,x)) & (exists t B(t,y)) & II(x,y)) | -IP(x,y))).
(all x (x = null | P(x,x))).
(all x all y (-(P(x,y) & P(y,x)) | x = y)).
(all x all y all z (-(P(x,y) & P(y,z)) | P(x,z))).
(all x ((x != null | (all y (-P(y,x) & -P(x,y)))) & (-(all y (-P(y,x) & -P(x,y))) | x = null))).
(all x all y ((-PI(x,y) | P(y,x)) & (-P(y,x) | PI(x,y)))).
(all x all y (-PP(x,y) | (exists z (P(z,y) & D(z,x))))).
(exists z all x (x = null | P(x,z))).
(all x ((x != cuniversal | (all y (y = null | P(y,x)))) & (-(all y (y = null | P(y,x))) | x = cuniversal))).
-(exists x B(x,cuniversal)).
(all x ((-Point(x) | x != null & (all y (-P(y,x) | EQ(x,y)))) & (-(x != null & (all y (-P(y,x) | EQ(x,y)))) | Point(x)))).
(all x all y ((-PP(x,y) | P(x,y) & -P(y,x)) & (-(P(x,y) & -P(y,x)) | PP(x,y)))).
(all x all y ((-PPI(x,y) | PP(y,x)) & (-PP(y,x) | PPI(x,y)))).
(all x all y ((-EQ(x,y) | P(y,x) & P(x,y)) & (-(P(y,x) & P(x,y)) | EQ(x,y)))).
(all x all y ((-O(x,y) | (exists z (P(z,x) & P(z,y)))) & (-(exists z (P(z,x) & P(z,y))) | O(x,y)))).
(all x all y ((-D(x,y) | -O(x,y)) & (O(x,y) | D(x,y)))).
(all x all y (-B(x,y) | PP(x,y))).
(all x all y all z (-(B(x,y) & B(y,z)) | B(x,z))).
(all x all y all z (-(P(x,y) & B(y,z)) | B(x,z))).
(all x all y all z (-(B(x,y) & P(y,z)) | P(x,z))).
(all x all y ((-IMB(x,y) | O(x,y) & -P(x,y) & -P(y,x)) & (-(O(x,y) & -P(x,y) & -P(y,x)) | IMB(x,y)))).
(all x all y ((-I(x,y) | P(x,y) & (all z (-B(z,y) | D(z,x)))) & (-(P(x,y) & (all z (-B(z,y) | D(z,x)))) | I(x,y)))).
(all x all y ((-II(x,y) | I(y,x)) & (-I(y,x) | II(x,y)))).
(all x all y ((-IP(x,y) | -(exists t B(t,y)) & I(x,y) & -I(y,x)) & (-(-(exists t B(t,y)) & I(x,y) & -I(y,x)) | IP(x,y)))).
(all x all y ((-IPI(x,y) | IP(y,x)) & (-IP(y,x) | IPI(x,y)))).
(all x all y ((-TPP(x,y) | PP(x,y) & (exists z (P(z,x) & B(z,y)))) & (-(PP(x,y) & (exists z (P(z,x) & B(z,y)))) | TPP(x,y)))).
(all x all y ((-TPPI(x,y) | TPP(y,x)) & (-TPP(y,x) | TPPI(x,y)))).
(all x all y ((-OV(x,y) | IMB(x,y) & (exists p (I(p,x) & I(p,y)))) & (-(IMB(x,y) & (exists p (I(p,x) & I(p,y)))) | OV(x,y)))).
(all x all y ((-EC(x,y) | IMB(x,y) & (all z (-(P(z,x) & P(z,y)) | B(z,x) & B(z,y)))) & (-(IMB(x,y) & (all z (-(P(z,x) & P(z,y)) | B(z,x) & B(z,y)))) | EC(x,y)))).
(all x all y ((-IC(x,y) | IMB(x,y) & -EC(x,y) & -(exists p (I(p,x) & I(p,y)))) & (-(IMB(x,y) & -EC(x,y) & -(exists p (I(p,x) & I(p,y)))) | IC(x,y)))).
(all x (x = null | (exists y I(y,x)))).
(all x ((exists z B(z,x)) | -(exists y EC(y,x)))).
(all x (-(exists z B(z,x)) | (all y (-B(y,x) | -I(y,x))))).
(all x (-(exists z B(z,x)) | (all y (-I(y,x) | -B(y,x))))).
(all x all y (-((exists z B(z,x)) & EQ(x,y)) | (exists t B(t,y)))).
(all x all y (-(-(exists z B(z,x)) & EQ(x,y)) | -(exists t B(t,y)))).
(all x all y (-(-(exists z B(z,x)) & (exists t B(t,y))) | -EQ(x,y))).
(all x all y (-(PP(x,y) & -(exists z B(z,y))) | IP(x,y))).
(all x all y all w ((-O(w,sum(x,y)) | O(w,x) | O(w,y)) & (-(O(w,x) | O(w,y)) | O(w,sum(x,y))))).
(all x all y all w ((-P(w,prod(x,y)) | P(w,x) & P(w,y)) & (-(P(w,x) & P(w,y)) | P(w,prod(x,y))))).
(all x all w ((-P(w,compl(x)) | D(w,x) & P(w,compl(x))) & (-(D(w,x) & P(w,compl(x))) | P(w,compl(x))))).
(all x all y all w ((-P(w,diff(x,y)) | P(w,x) & D(w,y)) & (-(P(w,x) & D(w,y)) | P(w,diff(x,y))))).
(all x all z all t (-(compl(x) = z & compl(x) = t) | z = t)).
(all x all y all z all t (-(diff(x,y) = z & diff(x,y) = t) | z = t)).
(all x all y all z all t (-(prod(x,y) = z & prod(x,y) = t) | z = t)).
(all x all y all z all t (-(sum(x,y) = z & sum(x,y) = t) | z = t)).
(all x all y (-(x != null & y != null) | (exists z (z != null & z = sum(x,y))))).
(all x all y sum(x,y) = sum(y,x)).
(all x ((compl(x) != null | x = cuniversal) & (x != cuniversal | compl(x) = null))).
(all x ((compl(x) != cuniversal | x = null) & (x != null | compl(x) = cuniversal))).
(all x all y prod(x,y) = prod(y,x)).
(all x all y (diff(x,y) != null | x = null | P(x,y))).
(all x all y (-D(x,y) | diff(x,y) = x)).
(all x (-P(x,cuniversal) | diff(x,null) = x)).
(all x (-P(x,cuniversal) | sum(null,x) = x)).
(all x (x = null | (exists z (I(z,x) & (all u (-I(u,x) | I(u,z))) & -(exists y B(y,z)))))).
(all x (bdy(x) = null | B(bdy(x),x) & (all z (-B(z,x) | P(z,bdy(x)))))).
(all x ((x != null | -P(x,x)) & (P(x,x) | x = null))).
(all x ((-P(x,x) | x != null) & (x = null | P(x,x)))).
end_of_list.

============================== end of input ==========================

% From the command line: assign(max_seconds, 100).

============================== PROCESS NON-CLAUSAL FORMULAS ==========

% Formulas that are not ordinary clauses:
1 -(all x all y (-(x != null & y != null & (exists z B(z,x)) & (exists t B(t,y)) & II(x,y)) | -IP(x,y))) # label(non_clause).  [assumption].
2 (all x (x = null | P(x,x))) # label(non_clause).  [assumption].
3 (all x all y (-(P(x,y) & P(y,x)) | x = y)) # label(non_clause).  [assumption].
4 (all x all y all z (-(P(x,y) & P(y,z)) | P(x,z))) # label(non_clause).  [assumption].
5 (all x ((x != null | (all y (-P(y,x) & -P(x,y)))) & (-(all y (-P(y,x) & -P(x,y))) | x = null))) # label(non_clause).  [assumption].
6 (all x all y ((-PI(x,y) | P(y,x)) & (-P(y,x) | PI(x,y)))) # label(non_clause).  [assumption].
7 (all x all y (-PP(x,y) | (exists z (P(z,y) & D(z,x))))) # label(non_clause).  [assumption].
8 (exists z all x (x = null | P(x,z))) # label(non_clause).  [assumption].
9 (all x ((x != cuniversal | (all y (y = null | P(y,x)))) & (-(all y (y = null | P(y,x))) | x = cuniversal))) # label(non_clause).  [assumption].
10 -(exists x B(x,cuniversal)) # label(non_clause).  [assumption].
11 (all x ((-Point(x) | x != null & (all y (-P(y,x) | EQ(x,y)))) & (-(x != null & (all y (-P(y,x) | EQ(x,y)))) | Point(x)))) # label(non_clause).  [assumption].
12 (all x all y ((-PP(x,y) | P(x,y) & -P(y,x)) & (-(P(x,y) & -P(y,x)) | PP(x,y)))) # label(non_clause).  [assumption].
13 (all x all y ((-PPI(x,y) | PP(y,x)) & (-PP(y,x) | PPI(x,y)))) # label(non_clause).  [assumption].
14 (all x all y ((-EQ(x,y) | P(y,x) & P(x,y)) & (-(P(y,x) & P(x,y)) | EQ(x,y)))) # label(non_clause).  [assumption].
15 (all x all y ((-O(x,y) | (exists z (P(z,x) & P(z,y)))) & (-(exists z (P(z,x) & P(z,y))) | O(x,y)))) # label(non_clause).  [assumption].
16 (all x all y ((-D(x,y) | -O(x,y)) & (O(x,y) | D(x,y)))) # label(non_clause).  [assumption].
17 (all x all y (-B(x,y) | PP(x,y))) # label(non_clause).  [assumption].
18 (all x all y all z (-(B(x,y) & B(y,z)) | B(x,z))) # label(non_clause).  [assumption].
19 (all x all y all z (-(P(x,y) & B(y,z)) | B(x,z))) # label(non_clause).  [assumption].
20 (all x all y all z (-(B(x,y) & P(y,z)) | P(x,z))) # label(non_clause).  [assumption].
21 (all x all y ((-IMB(x,y) | O(x,y) & -P(x,y) & -P(y,x)) & (-(O(x,y) & -P(x,y) & -P(y,x)) | IMB(x,y)))) # label(non_clause).  [assumption].
22 (all x all y ((-I(x,y) | P(x,y) & (all z (-B(z,y) | D(z,x)))) & (-(P(x,y) & (all z (-B(z,y) | D(z,x)))) | I(x,y)))) # label(non_clause).  [assumption].
23 (all x all y ((-II(x,y) | I(y,x)) & (-I(y,x) | II(x,y)))) # label(non_clause).  [assumption].
24 (all x all y ((-IP(x,y) | -(exists t B(t,y)) & I(x,y) & -I(y,x)) & (-(-(exists t B(t,y)) & I(x,y) & -I(y,x)) | IP(x,y)))) # label(non_clause).  [assumption].
25 (all x all y ((-IPI(x,y) | IP(y,x)) & (-IP(y,x) | IPI(x,y)))) # label(non_clause).  [assumption].
26 (all x all y ((-TPP(x,y) | PP(x,y) & (exists z (P(z,x) & B(z,y)))) & (-(PP(x,y) & (exists z (P(z,x) & B(z,y)))) | TPP(x,y)))) # label(non_clause).  [assumption].
27 (all x all y ((-TPPI(x,y) | TPP(y,x)) & (-TPP(y,x) | TPPI(x,y)))) # label(non_clause).  [assumption].
28 (all x all y ((-OV(x,y) | IMB(x,y) & (exists p (I(p,x) & I(p,y)))) & (-(IMB(x,y) & (exists p (I(p,x) & I(p,y)))) | OV(x,y)))) # label(non_clause).  [assumption].
29 (all x all y ((-EC(x,y) | IMB(x,y) & (all z (-(P(z,x) & P(z,y)) | B(z,x) & B(z,y)))) & (-(IMB(x,y) & (all z (-(P(z,x) & P(z,y)) | B(z,x) & B(z,y)))) | EC(x,y)))) # label(non_clause).  [assumption].
30 (all x all y ((-IC(x,y) | IMB(x,y) & -EC(x,y) & -(exists p (I(p,x) & I(p,y)))) & (-(IMB(x,y) & -EC(x,y) & -(exists p (I(p,x) & I(p,y)))) | IC(x,y)))) # label(non_clause).  [assumption].
31 (all x (x = null | (exists y I(y,x)))) # label(non_clause).  [assumption].
32 (all x ((exists z B(z,x)) | -(exists y EC(y,x)))) # label(non_clause).  [assumption].
33 (all x (-(exists z B(z,x)) | (all y (-B(y,x) | -I(y,x))))) # label(non_clause).  [assumption].
34 (all x (-(exists z B(z,x)) | (all y (-I(y,x) | -B(y,x))))) # label(non_clause).  [assumption].
35 (all x all y (-((exists z B(z,x)) & EQ(x,y)) | (exists t B(t,y)))) # label(non_clause).  [assumption].
36 (all x all y (-(-(exists z B(z,x)) & EQ(x,y)) | -(exists t B(t,y)))) # label(non_clause).  [assumption].
37 (all x all y (-(-(exists z B(z,x)) & (exists t B(t,y))) | -EQ(x,y))) # label(non_clause).  [assumption].
38 (all x all y (-(PP(x,y) & -(exists z B(z,y))) | IP(x,y))) # label(non_clause).  [assumption].
39 (all x all y all w ((-O(w,sum(x,y)) | O(w,x) | O(w,y)) & (-(O(w,x) | O(w,y)) | O(w,sum(x,y))))) # label(non_clause).  [assumption].
40 (all x all y all w ((-P(w,prod(x,y)) | P(w,x) & P(w,y)) & (-(P(w,x) & P(w,y)) | P(w,prod(x,y))))) # label(non_clause).  [assumption].
41 (all x all w ((-P(w,compl(x)) | D(w,x) & P(w,compl(x))) & (-(D(w,x) & P(w,compl(x))) | P(w,compl(x))))) # label(non_clause).  [assumption].
42 (all x all y all w ((-P(w,diff(x,y)) | P(w,x) & D(w,y)) & (-(P(w,x) & D(w,y)) | P(w,diff(x,y))))) # label(non_clause).  [assumption].
43 (all x all z all t (-(compl(x) = z & compl(x) = t) | z = t)) # label(non_clause).  [assumption].
44 (all x all y all z all t (-(diff(x,y) = z & diff(x,y) = t) | z = t)) # label(non_clause).  [assumption].
45 (all x all y all z all t (-(prod(x,y) = z & prod(x,y) = t) | z = t)) # label(non_clause).  [assumption].
46 (all x all y all z all t (-(sum(x,y) = z & sum(x,y) = t) | z = t)) # label(non_clause).  [assumption].
47 (all x all y (-(x != null & y != null) | (exists z (z != null & z = sum(x,y))))) # label(non_clause).  [assumption].
48 (all x all y sum(x,y) = sum(y,x)) # label(non_clause).  [assumption].
49 (all x ((compl(x) != null | x = cuniversal) & (x != cuniversal | compl(x) = null))) # label(non_clause).  [assumption].
50 (all x ((compl(x) != cuniversal | x = null) & (x != null | compl(x) = cuniversal))) # label(non_clause).  [assumption].
51 (all x all y prod(x,y) = prod(y,x)) # label(non_clause).  [assumption].
52 (all x all y (diff(x,y) != null | x = null | P(x,y))) # label(non_clause).  [assumption].
53 (all x all y (-D(x,y) | diff(x,y) = x)) # label(non_clause).  [assumption].
54 (all x (-P(x,cuniversal) | diff(x,null) = x)) # label(non_clause).  [assumption].
55 (all x (-P(x,cuniversal) | sum(null,x) = x)) # label(non_clause).  [assumption].
56 (all x (x = null | (exists z (I(z,x) & (all u (-I(u,x) | I(u,z))) & -(exists y B(y,z)))))) # label(non_clause).  [assumption].
57 (all x (bdy(x) = null | B(bdy(x),x) & (all z (-B(z,x) | P(z,bdy(x)))))) # label(non_clause).  [assumption].
58 (all x ((x != null | -P(x,x)) & (P(x,x) | x = null))) # label(non_clause).  [assumption].
59 (all x ((-P(x,x) | x != null) & (x = null | P(x,x)))) # label(non_clause).  [assumption].

============================== end of process non-clausal formulas ===

============================== PROCESS INITIAL CLAUSES ===============

% Clauses before input processing:

formulas(usable).
end_of_list.

formulas(sos).
null != c1.  [clausify(1)].
null != c2.  [clausify(1)].
B(c3,c1).  [clausify(1)].
B(c4,c2).  [clausify(1)].
II(c1,c2).  [clausify(1)].
IP(c1,c2).  [clausify(1)].
null = x | P(x,x).  [clausify(2)].
-P(x,y) | -P(y,x) | y = x.  [clausify(3)].
-P(x,y) | -P(y,z) | P(x,z).  [clausify(4)].
null != x | -P(y,x).  [clausify(5)].
null != x | -P(x,y).  [clausify(5)].
P(f1(x),x) | P(x,f1(x)) | null = x.  [clausify(5)].
-PI(x,y) | P(y,x).  [clausify(6)].
-P(x,y) | PI(y,x).  [clausify(6)].
-PP(x,y) | P(f2(x,y),y).  [clausify(7)].
-PP(x,y) | D(f2(x,y),x).  [clausify(7)].
null = x | P(x,c5).  [clausify(8)].
cuniversal != x | null = y | P(y,x).  [clausify(9)].
null != f3(x) | cuniversal = x.  [clausify(9)].
-P(f3(x),x) | cuniversal = x.  [clausify(9)].
-B(x,cuniversal).  [clausify(10)].
-Point(x) | null != x.  [clausify(11)].
-Point(x) | -P(y,x) | EQ(x,y).  [clausify(11)].
null = x | P(f4(x),x) | Point(x).  [clausify(11)].
null = x | -EQ(x,f4(x)) | Point(x).  [clausify(11)].
-PP(x,y) | P(x,y).  [clausify(12)].
-PP(x,y) | -P(y,x).  [clausify(12)].
-P(x,y) | P(y,x) | PP(x,y).  [clausify(12)].
-PPI(x,y) | PP(y,x).  [clausify(13)].
-PP(x,y) | PPI(y,x).  [clausify(13)].
-EQ(x,y) | P(y,x).  [clausify(14)].
-EQ(x,y) | P(x,y).  [clausify(14)].
-P(x,y) | -P(y,x) | EQ(y,x).  [clausify(14)].
-O(x,y) | P(f5(x,y),x).  [clausify(15)].
-O(x,y) | P(f5(x,y),y).  [clausify(15)].
-P(x,y) | -P(x,z) | O(y,z).  [clausify(15)].
-D(x,y) | -O(x,y).  [clausify(16)].
O(x,y) | D(x,y).  [clausify(16)].
-B(x,y) | PP(x,y).  [clausify(17)].
-B(x,y) | -B(y,z) | B(x,z).  [clausify(18)].
-P(x,y) | -B(y,z) | B(x,z).  [clausify(19)].
-B(x,y) | -P(y,z) | P(x,z).  [clausify(20)].
-IMB(x,y) | O(x,y).  [clausify(21)].
-IMB(x,y) | -P(x,y).  [clausify(21)].
-IMB(x,y) | -P(y,x).  [clausify(21)].
-O(x,y) | P(x,y) | P(y,x) | IMB(x,y).  [clausify(21)].
-I(x,y) | P(x,y).  [clausify(22)].
-I(x,y) | -B(z,y) | D(z,x).  [clausify(22)].
-P(x,y) | B(f6(x,y),y) | I(x,y).  [clausify(22)].
-P(x,y) | -D(f6(x,y),x) | I(x,y).  [clausify(22)].
-II(x,y) | I(y,x).  [clausify(23)].
-I(x,y) | II(y,x).  [clausify(23)].
-IP(x,y) | -B(z,y).  [clausify(24)].
-IP(x,y) | I(x,y).  [clausify(24)].
-IP(x,y) | -I(y,x).  [clausify(24)].
B(f7(x,y),y) | -I(x,y) | I(y,x) | IP(x,y).  [clausify(24)].
-IPI(x,y) | IP(y,x).  [clausify(25)].
-IP(x,y) | IPI(y,x).  [clausify(25)].
-TPP(x,y) | PP(x,y).  [clausify(26)].
-TPP(x,y) | P(f8(x,y),x).  [clausify(26)].
-TPP(x,y) | B(f8(x,y),y).  [clausify(26)].
-PP(x,y) | -P(z,x) | -B(z,y) | TPP(x,y).  [clausify(26)].
-TPPI(x,y) | TPP(y,x).  [clausify(27)].
-TPP(x,y) | TPPI(y,x).  [clausify(27)].
-OV(x,y) | IMB(x,y).  [clausify(28)].
-OV(x,y) | I(f9(x,y),x).  [clausify(28)].
-OV(x,y) | I(f9(x,y),y).  [clausify(28)].
-IMB(x,y) | -I(z,x) | -I(z,y) | OV(x,y).  [clausify(28)].
-EC(x,y) | IMB(x,y).  [clausify(29)].
-EC(x,y) | -P(z,x) | -P(z,y) | B(z,x).  [clausify(29)].
-EC(x,y) | -P(z,x) | -P(z,y) | B(z,y).  [clausify(29)].
-IMB(x,y) | P(f10(x,y),x) | EC(x,y).  [clausify(29)].
-IMB(x,y) | P(f10(x,y),y) | EC(x,y).  [clausify(29)].
-IMB(x,y) | -B(f10(x,y),x) | -B(f10(x,y),y) | EC(x,y).  [clausify(29)].
-IC(x,y) | IMB(x,y).  [clausify(30)].
-IC(x,y) | -EC(x,y).  [clausify(30)].
-IC(x,y) | -I(z,x) | -I(z,y).  [clausify(30)].
-IMB(x,y) | EC(x,y) | I(f11(x,y),x) | IC(x,y).  [clausify(30)].
-IMB(x,y) | EC(x,y) | I(f11(x,y),y) | IC(x,y).  [clausify(30)].
null = x | I(f12(x),x).  [clausify(31)].
B(f13(x),x) | -EC(y,x).  [clausify(32)].
-B(x,y) | -B(z,y) | -I(z,y).  [clausify(33)].
-B(x,y) | -I(z,y) | -B(z,y).  [clausify(34)].
-B(x,y) | -EQ(y,z) | B(f14(y,z),z).  [clausify(35)].
B(f15(x,y),x) | -EQ(x,y) | -B(z,y).  [clausify(36)].
B(f16(x,y),x) | -B(z,y) | -EQ(x,y).  [clausify(37)].
-PP(x,y) | B(f17(x,y),y) | IP(x,y).  [clausify(38)].
-O(x,sum(y,z)) | O(x,y) | O(x,z).  [clausify(39)].
-O(x,y) | O(x,sum(y,z)).  [clausify(39)].
-O(x,y) | O(x,sum(z,y)).  [clausify(39)].
-P(x,prod(y,z)) | P(x,y).  [clausify(40)].
-P(x,prod(y,z)) | P(x,z).  [clausify(40)].
-P(x,y) | -P(x,z) | P(x,prod(y,z)).  [clausify(40)].
-P(x,compl(y)) | D(x,y).  [clausify(41)].
-P(x,diff(y,z)) | P(x,y).  [clausify(42)].
-P(x,diff(y,z)) | D(x,z).  [clausify(42)].
-P(x,y) | -D(x,z) | P(x,diff(y,z)).  [clausify(42)].
compl(x) != y | compl(x) != z | z = y.  [clausify(43)].
diff(x,y) != z | diff(x,y) != u | u = z.  [clausify(44)].
prod(x,y) != z | prod(x,y) != u | u = z.  [clausify(45)].
sum(x,y) != z | sum(x,y) != u | u = z.  [clausify(46)].
null = x | null = y | f18(x,y) != null.  [clausify(47)].
null = x | null = y | sum(x,y) = f18(x,y).  [clausify(47)].
sum(x,y) = sum(y,x).  [clausify(48)].
compl(x) != null | cuniversal = x.  [clausify(49)].
cuniversal != x | compl(x) = null.  [clausify(49)].
compl(x) != cuniversal | null = x.  [clausify(50)].
null != x | compl(x) = cuniversal.  [clausify(50)].
prod(x,y) = prod(y,x).  [clausify(51)].
diff(x,y) != null | null = x | P(x,y).  [clausify(52)].
-D(x,y) | diff(x,y) = x.  [clausify(53)].
-P(x,cuniversal) | diff(x,null) = x.  [clausify(54)].
-P(x,cuniversal) | sum(null,x) = x.  [clausify(55)].
null = x | I(f19(x),x).  [clausify(56)].
null = x | -I(y,x) | I(y,f19(x)).  [clausify(56)].
null = x | -B(y,f19(x)).  [clausify(56)].
bdy(x) = null | B(bdy(x),x).  [clausify(57)].
bdy(x) = null | -B(y,x) | P(y,bdy(x)).  [clausify(57)].
null != x | -P(x,x).  [clausify(58)].
P(x,x) | null = x.  [clausify(58)].
-P(x,x) | null != x.  [clausify(59)].
null = x | P(x,x).  [clausify(59)].
end_of_list.

formulas(demodulators).
end_of_list.

============================== PREDICATE ELIMINATION =================

Eliminating II/2
60 -II(x,y) | I(y,x).  [clausify(23)].
61 II(c1,c2).  [clausify(1)].
Derived: I(c2,c1).  [resolve(60,a,61,a)].
62 -I(x,y) | II(y,x).  [clausify(23)].

Eliminating IP/2
63 -IP(x,y) | -B(z,y).  [clausify(24)].
64 IP(c1,c2).  [clausify(1)].
Derived: -B(x,c2).  [resolve(63,a,64,a)].
65 -IP(x,y) | I(x,y).  [clausify(24)].
Derived: I(c1,c2).  [resolve(65,a,64,a)].
66 -IP(x,y) | -I(y,x).  [clausify(24)].
Derived: -I(c2,c1).  [resolve(66,a,64,a)].
67 B(f7(x,y),y) | -I(x,y) | I(y,x) | IP(x,y).  [clausify(24)].
Derived: B(f7(x,y),y) | -I(x,y) | I(y,x) | -B(z,y).  [resolve(67,d,63,a)].
68 -IPI(x,y) | IP(y,x).  [clausify(25)].
Derived: -IPI(x,y) | -B(z,x).  [resolve(68,b,63,a)].
Derived: -IPI(x,y) | I(y,x).  [resolve(68,b,65,a)].
Derived: -IPI(x,y) | -I(x,y).  [resolve(68,b,66,a)].
69 -IP(x,y) | IPI(y,x).  [clausify(25)].
Derived: IPI(c2,c1).  [resolve(69,a,64,a)].
Derived: IPI(x,y) | B(f7(y,x),x) | -I(y,x) | I(x,y).  [resolve(69,a,67,d)].
70 -PP(x,y) | B(f17(x,y),y) | IP(x,y).  [clausify(38)].
Derived: -PP(x,y) | B(f17(x,y),y) | -B(z,y).  [resolve(70,c,63,a)].
Derived: -PP(x,y) | B(f17(x,y),y) | I(x,y).  [resolve(70,c,65,a)].
Derived: -PP(x,y) | B(f17(x,y),y) | -I(y,x).  [resolve(70,c,66,a)].
Derived: -PP(x,y) | B(f17(x,y),y) | IPI(y,x).  [resolve(70,c,69,a)].

Eliminating PI/2
71 -P(x,y) | PI(y,x).  [clausify(6)].
72 -PI(x,y) | P(y,x).  [clausify(6)].

Eliminating PP/2
73 -P(x,y) | P(y,x) | PP(x,y).  [clausify(12)].
74 -PP(x,y) | P(f2(x,y),y).  [clausify(7)].
75 -PP(x,y) | D(f2(x,y),x).  [clausify(7)].
76 -PP(x,y) | P(x,y).  [clausify(12)].
77 -PP(x,y) | -P(y,x).  [clausify(12)].
Derived: -P(x,y) | P(y,x) | P(f2(x,y),y).  [resolve(73,c,74,a)].
Derived: -P(x,y) | P(y,x) | D(f2(x,y),x).  [resolve(73,c,75,a)].
78 -PPI(x,y) | PP(y,x).  [clausify(13)].
Derived: -PPI(x,y) | P(f2(y,x),x).  [resolve(78,b,74,a)].
Derived: -PPI(x,y) | D(f2(y,x),y).  [resolve(78,b,75,a)].
Derived: -PPI(x,y) | P(y,x).  [resolve(78,b,76,a)].
Derived: -PPI(x,y) | -P(x,y).  [resolve(78,b,77,a)].
79 -PP(x,y) | PPI(y,x).  [clausify(13)].
Derived: PPI(x,y) | -P(y,x) | P(x,y).  [resolve(79,a,73,c)].
80 -B(x,y) | PP(x,y).  [clausify(17)].
Derived: -B(x,y) | P(f2(x,y),y).  [resolve(80,b,74,a)].
Derived: -B(x,y) | D(f2(x,y),x).  [resolve(80,b,75,a)].
Derived: -B(x,y) | P(x,y).  [resolve(80,b,76,a)].
Derived: -B(x,y) | -P(y,x).  [resolve(80,b,77,a)].
Derived: -B(x,y) | PPI(y,x).  [resolve(80,b,79,a)].
81 -TPP(x,y) | PP(x,y).  [clausify(26)].
Derived: -TPP(x,y) | P(f2(x,y),y).  [resolve(81,b,74,a)].
Derived: -TPP(x,y) | D(f2(x,y),x).  [resolve(81,b,75,a)].
Derived: -TPP(x,y) | P(x,y).  [resolve(81,b,76,a)].
Derived: -TPP(x,y) | -P(y,x).  [resolve(81,b,77,a)].
Derived: -TPP(x,y) | PPI(y,x).  [resolve(81,b,79,a)].
82 -PP(x,y) | -P(z,x) | -B(z,y) | TPP(x,y).  [clausify(26)].
Derived: -P(x,y) | -B(x,z) | TPP(y,z) | -P(y,z) | P(z,y).  [resolve(82,a,73,c)].
Derived: -P(x,y) | -B(x,z) | TPP(y,z) | -PPI(z,y).  [resolve(82,a,78,b)].
Derived: -P(x,y) | -B(x,z) | TPP(y,z) | -B(y,z).  [resolve(82,a,80,b)].
83 -PP(x,y) | B(f17(x,y),y) | -B(z,y).  [resolve(70,c,63,a)].
Derived: B(f17(x,y),y) | -B(z,y) | -P(x,y) | P(y,x).  [resolve(83,a,73,c)].
Derived: B(f17(x,y),y) | -B(z,y) | -PPI(y,x).  [resolve(83,a,78,b)].
Derived: B(f17(x,y),y) | -B(z,y) | -B(x,y).  [resolve(83,a,80,b)].
Derived: B(f17(x,y),y) | -B(z,y) | -TPP(x,y).  [resolve(83,a,81,b)].
84 -PP(x,y) | B(f17(x,y),y) | I(x,y).  [resolve(70,c,65,a)].
Derived: B(f17(x,y),y) | I(x,y) | -P(x,y) | P(y,x).  [resolve(84,a,73,c)].
Derived: B(f17(x,y),y) | I(x,y) | -PPI(y,x).  [resolve(84,a,78,b)].
Derived: B(f17(x,y),y) | I(x,y) | -TPP(x,y).  [resolve(84,a,81,b)].
85 -PP(x,y) | B(f17(x,y),y) | -I(y,x).  [resolve(70,c,66,a)].
Derived: B(f17(x,y),y) | -I(y,x) | -P(x,y) | P(y,x).  [resolve(85,a,73,c)].
Derived: B(f17(x,y),y) | -I(y,x) | -PPI(y,x).  [resolve(85,a,78,b)].
Derived: B(f17(x,y),y) | -I(y,x) | -TPP(x,y).  [resolve(85,a,81,b)].
86 -PP(x,y) | B(f17(x,y),y) | IPI(y,x).  [resolve(70,c,69,a)].
Derived: B(f17(x,y),y) | IPI(y,x) | -P(x,y) | P(y,x).  [resolve(86,a,73,c)].
Derived: B(f17(x,y),y) | IPI(y,x) | -PPI(y,x).  [resolve(86,a,78,b)].
Derived: B(f17(x,y),y) | IPI(y,x) | -TPP(x,y).  [resolve(86,a,81,b)].

Eliminating Point/1
87 null = x | P(f4(x),x) | Point(x).  [clausify(11)].
88 -Point(x) | null != x.  [clausify(11)].
89 -Point(x) | -P(y,x) | EQ(x,y).  [clausify(11)].
Derived: null = x | P(f4(x),x) | -P(y,x) | EQ(x,y).  [resolve(87,c,89,a)].
90 null = x | -EQ(x,f4(x)) | Point(x).  [clausify(11)].
Derived: null = x | -EQ(x,f4(x)) | -P(y,x) | EQ(x,y).  [resolve(90,c,89,a)].

Eliminating IMB/2
91 -O(x,y) | P(x,y) | P(y,x) | IMB(x,y).  [clausify(21)].
92 -IMB(x,y) | O(x,y).  [clausify(21)].
93 -IMB(x,y) | -P(x,y).  [clausify(21)].
94 -IMB(x,y) | -P(y,x).  [clausify(21)].
95 -OV(x,y) | IMB(x,y).  [clausify(28)].
Derived: -OV(x,y) | O(x,y).  [resolve(95,b,92,a)].
Derived: -OV(x,y) | -P(x,y).  [resolve(95,b,93,a)].
Derived: -OV(x,y) | -P(y,x).  [resolve(95,b,94,a)].
96 -IMB(x,y) | -I(z,x) | -I(z,y) | OV(x,y).  [clausify(28)].
Derived: -I(x,y) | -I(x,z) | OV(y,z) | -O(y,z) | P(y,z) | P(z,y).  [resolve(96,a,91,d)].
97 -EC(x,y) | IMB(x,y).  [clausify(29)].
Derived: -EC(x,y) | O(x,y).  [resolve(97,b,92,a)].
Derived: -EC(x,y) | -P(x,y).  [resolve(97,b,93,a)].
Derived: -EC(x,y) | -P(y,x).  [resolve(97,b,94,a)].
Derived: -EC(x,y) | -I(z,x) | -I(z,y) | OV(x,y).  [resolve(97,b,96,a)].
98 -IMB(x,y) | P(f10(x,y),x) | EC(x,y).  [clausify(29)].
Derived: P(f10(x,y),x) | EC(x,y) | -O(x,y) | P(x,y) | P(y,x).  [resolve(98,a,91,d)].
Derived: P(f10(x,y),x) | EC(x,y) | -OV(x,y).  [resolve(98,a,95,b)].
99 -IMB(x,y) | P(f10(x,y),y) | EC(x,y).  [clausify(29)].
Derived: P(f10(x,y),y) | EC(x,y) | -O(x,y) | P(x,y) | P(y,x).  [resolve(99,a,91,d)].
Derived: P(f10(x,y),y) | EC(x,y) | -OV(x,y).  [resolve(99,a,95,b)].
100 -IMB(x,y) | -B(f10(x,y),x) | -B(f10(x,y),y) | EC(x,y).  [clausify(29)].
Derived: -B(f10(x,y),x) | -B(f10(x,y),y) | EC(x,y) | -O(x,y) | P(x,y) | P(y,x).  [resolve(100,a,91,d)].
Derived: -B(f10(x,y),x) | -B(f10(x,y),y) | EC(x,y) | -OV(x,y).  [resolve(100,a,95,b)].
101 -IC(x,y) | IMB(x,y).  [clausify(30)].
Derived: -IC(x,y) | O(x,y).  [resolve(101,b,92,a)].
Derived: -IC(x,y) | -P(x,y).  [resolve(101,b,93,a)].
Derived: -IC(x,y) | -P(y,x).  [resolve(101,b,94,a)].
Derived: -IC(x,y) | P(f10(x,y),x) | EC(x,y).  [resolve(101,b,98,a)].
Derived: -IC(x,y) | P(f10(x,y),y) | EC(x,y).  [resolve(101,b,99,a)].
Derived: -IC(x,y) | -B(f10(x,y),x) | -B(f10(x,y),y) | EC(x,y).  [resolve(101,b,100,a)].
102 -IMB(x,y) | EC(x,y) | I(f11(x,y),x) | IC(x,y).  [clausify(30)].
Derived: EC(x,y) | I(f11(x,y),x) | IC(x,y) | -O(x,y) | P(x,y) | P(y,x).  [resolve(102,a,91,d)].
Derived: EC(x,y) | I(f11(x,y),x) | IC(x,y) | -OV(x,y).  [resolve(102,a,95,b)].
103 -IMB(x,y) | EC(x,y) | I(f11(x,y),y) | IC(x,y).  [clausify(30)].
Derived: EC(x,y) | I(f11(x,y),y) | IC(x,y) | -O(x,y) | P(x,y) | P(y,x).  [resolve(103,a,91,d)].
Derived: EC(x,y) | I(f11(x,y),y) | IC(x,y) | -OV(x,y).  [resolve(103,a,95,b)].

Eliminating TPP/2
104 -TPPI(x,y) | TPP(y,x).  [clausify(27)].
105 -TPP(x,y) | P(f8(x,y),x).  [clausify(26)].
106 -TPP(x,y) | B(f8(x,y),y).  [clausify(26)].
Derived: -TPPI(x,y) | P(f8(y,x),y).  [resolve(104,b,105,a)].
Derived: -TPPI(x,y) | B(f8(y,x),x).  [resolve(104,b,106,a)].
107 -TPP(x,y) | TPPI(y,x).  [clausify(27)].
108 -TPP(x,y) | P(f2(x,y),y).  [resolve(81,b,74,a)].
Derived: P(f2(x,y),y) | -TPPI(y,x).  [resolve(108,a,104,b)].
109 -TPP(x,y) | D(f2(x,y),x).  [resolve(81,b,75,a)].
Derived: D(f2(x,y),x) | -TPPI(y,x).  [resolve(109,a,104,b)].
110 -TPP(x,y) | P(x,y).  [resolve(81,b,76,a)].
Derived: P(x,y) | -TPPI(y,x).  [resolve(110,a,104,b)].
111 -TPP(x,y) | -P(y,x).  [resolve(81,b,77,a)].
Derived: -P(x,y) | -TPPI(x,y).  [resolve(111,a,104,b)].
112 -TPP(x,y) | PPI(y,x).  [resolve(81,b,79,a)].
Derived: PPI(x,y) | -TPPI(x,y).  [resolve(112,a,104,b)].
113 -P(x,y) | -B(x,z) | TPP(y,z) | -P(y,z) | P(z,y).  [resolve(82,a,73,c)].
Derived: -P(x,y) | -B(x,z) | -P(y,z) | P(z,y) | P(f8(y,z),y).  [resolve(113,c,105,a)].
Derived: -P(x,y) | -B(x,z) | -P(y,z) | P(z,y) | B(f8(y,z),z).  [resolve(113,c,106,a)].
Derived: -P(x,y) | -B(x,z) | -P(y,z) | P(z,y) | TPPI(z,y).  [resolve(113,c,107,a)].
Derived: -P(x,y) | -B(x,z) | -P(y,z) | P(z,y) | P(f2(y,z),z).  [resolve(113,c,108,a)].
Derived: -P(x,y) | -B(x,z) | -P(y,z) | P(z,y) | D(f2(y,z),y).  [resolve(113,c,109,a)].
Derived: -P(x,y) | -B(x,z) | -P(y,z) | P(z,y) | PPI(z,y).  [resolve(113,c,112,a)].
114 -P(x,y) | -B(x,z) | TPP(y,z) | -PPI(z,y).  [resolve(82,a,78,b)].
Derived: -P(x,y) | -B(x,z) | -PPI(z,y) | P(f8(y,z),y).  [resolve(114,c,105,a)].
Derived: -P(x,y) | -B(x,z) | -PPI(z,y) | B(f8(y,z),z).  [resolve(114,c,106,a)].
Derived: -P(x,y) | -B(x,z) | -PPI(z,y) | TPPI(z,y).  [resolve(114,c,107,a)].
Derived: -P(x,y) | -B(x,z) | -PPI(z,y) | P(f2(y,z),z).  [resolve(114,c,108,a)].
Derived: -P(x,y) | -B(x,z) | -PPI(z,y) | D(f2(y,z),y).  [resolve(114,c,109,a)].
Derived: -P(x,y) | -B(x,z) | -PPI(z,y) | P(y,z).  [resolve(114,c,110,a)].
Derived: -P(x,y) | -B(x,z) | -PPI(z,y) | -P(z,y).  [resolve(114,c,111,a)].
115 -P(x,y) | -B(x,z) | TPP(y,z) | -B(y,z).  [resolve(82,a,80,b)].
Derived: -P(x,y) | -B(x,z) | -B(y,z) | P(f8(y,z),y).  [resolve(115,c,105,a)].
Derived: -P(x,y) | -B(x,z) | -B(y,z) | B(f8(y,z),z).  [resolve(115,c,106,a)].
Derived: -P(x,y) | -B(x,z) | -B(y,z) | TPPI(z,y).  [resolve(115,c,107,a)].
Derived: -P(x,y) | -B(x,z) | -B(y,z) | P(f2(y,z),z).  [resolve(115,c,108,a)].
Derived: -P(x,y) | -B(x,z) | -B(y,z) | D(f2(y,z),y).  [resolve(115,c,109,a)].
Derived: -P(x,y) | -B(x,z) | -B(y,z) | P(y,z).  [resolve(115,c,110,a)].
Derived: -P(x,y) | -B(x,z) | -B(y,z) | -P(z,y).  [resolve(115,c,111,a)].
Derived: -P(x,y) | -B(x,z) | -B(y,z) | PPI(z,y).  [resolve(115,c,112,a)].
116 B(f17(x,y),y) | -B(z,y) | -TPP(x,y).  [resolve(83,a,81,b)].
Derived: B(f17(x,y),y) | -B(z,y) | -TPPI(y,x).  [resolve(116,c,104,b)].
Derived: B(f17(x,y),y) | -B(z,y) | -P(u,x) | -B(u,y) | -P(x,y) | P(y,x).  [resolve(116,c,113,c)].
Derived: B(f17(x,y),y) | -B(z,y) | -P(u,x) | -B(u,y) | -PPI(y,x).  [resolve(116,c,114,c)].
Derived: B(f17(x,y),y) | -B(z,y) | -P(u,x) | -B(u,y) | -B(x,y).  [resolve(116,c,115,c)].
117 B(f17(x,y),y) | I(x,y) | -TPP(x,y).  [resolve(84,a,81,b)].
Derived: B(f17(x,y),y) | I(x,y) | -TPPI(y,x).  [resolve(117,c,104,b)].
118 B(f17(x,y),y) | -I(y,x) | -TPP(x,y).  [resolve(85,a,81,b)].
Derived: B(f17(x,y),y) | -I(y,x) | -TPPI(y,x).  [resolve(118,c,104,b)].
119 B(f17(x,y),y) | IPI(y,x) | -TPP(x,y).  [resolve(86,a,81,b)].
Derived: B(f17(x,y),y) | IPI(y,x) | -TPPI(y,x).  [resolve(119,c,104,b)].

Eliminating OV/2
120 -I(x,y) | -I(x,z) | OV(y,z) | -O(y,z) | P(y,z) | P(z,y).  [resolve(96,a,91,d)].
121 -OV(x,y) | I(f9(x,y),x).  [clausify(28)].
122 -OV(x,y) | I(f9(x,y),y).  [clausify(28)].
123 -OV(x,y) | O(x,y).  [resolve(95,b,92,a)].
124 -OV(x,y) | -P(x,y).  [resolve(95,b,93,a)].
125 -OV(x,y) | -P(y,x).  [resolve(95,b,94,a)].
Derived: -I(x,y) | -I(x,z) | -O(y,z) | P(y,z) | P(z,y) | I(f9(y,z),y).  [resolve(120,c,121,a)].
Derived: -I(x,y) | -I(x,z) | -O(y,z) | P(y,z) | P(z,y) | I(f9(y,z),z).  [resolve(120,c,122,a)].
126 -EC(x,y) | -I(z,x) | -I(z,y) | OV(x,y).  [resolve(97,b,96,a)].
Derived: -EC(x,y) | -I(z,x) | -I(z,y) | I(f9(x,y),x).  [resolve(126,d,121,a)].
Derived: -EC(x,y) | -I(z,x) | -I(z,y) | I(f9(x,y),y).  [resolve(126,d,122,a)].
Derived: -EC(x,y) | -I(z,x) | -I(z,y) | O(x,y).  [resolve(126,d,123,a)].
Derived: -EC(x,y) | -I(z,x) | -I(z,y) | -P(x,y).  [resolve(126,d,124,a)].
Derived: -EC(x,y) | -I(z,x) | -I(z,y) | -P(y,x).  [resolve(126,d,125,a)].
127 P(f10(x,y),x) | EC(x,y) | -OV(x,y).  [resolve(98,a,95,b)].
Derived: P(f10(x,y),x) | EC(x,y) | -I(z,x) | -I(z,y) | -O(x,y) | P(x,y) | P(y,x).  [resolve(127,c,120,c)].
128 P(f10(x,y),y) | EC(x,y) | -OV(x,y).  [resolve(99,a,95,b)].
Derived: P(f10(x,y),y) | EC(x,y) | -I(z,x) | -I(z,y) | -O(x,y) | P(x,y) | P(y,x).  [resolve(128,c,120,c)].
129 -B(f10(x,y),x) | -B(f10(x,y),y) | EC(x,y) | -OV(x,y).  [resolve(100,a,95,b)].
Derived: -B(f10(x,y),x) | -B(f10(x,y),y) | EC(x,y) | -I(z,x) | -I(z,y) | -O(x,y) | P(x,y) | P(y,x).  [resolve(129,d,120,c)].
130 EC(x,y) | I(f11(x,y),x) | IC(x,y) | -OV(x,y).  [resolve(102,a,95,b)].
Derived: EC(x,y) | I(f11(x,y),x) | IC(x,y) | -I(z,x) | -I(z,y) | -O(x,y) | P(x,y) | P(y,x).  [resolve(130,d,120,c)].
131 EC(x,y) | I(f11(x,y),y) | IC(x,y) | -OV(x,y).  [resolve(103,a,95,b)].
Derived: EC(x,y) | I(f11(x,y),y) | IC(x,y) | -I(z,x) | -I(z,y) | -O(x,y) | P(x,y) | P(y,x).  [resolve(131,d,120,c)].

Eliminating EC/2
132 P(f10(x,y),x) | EC(x,y) | -O(x,y) | P(x,y) | P(y,x).  [resolve(98,a,91,d)].
133 -EC(x,y) | -P(z,x) | -P(z,y) | B(z,x).  [clausify(29)].
134 -EC(x,y) | -P(z,x) | -P(z,y) | B(z,y).  [clausify(29)].
135 -IC(x,y) | -EC(x,y).  [clausify(30)].
136 B(f13(x),x) | -EC(y,x).  [clausify(32)].
137 -EC(x,y) | O(x,y).  [resolve(97,b,92,a)].
138 -EC(x,y) | -P(x,y).  [resolve(97,b,93,a)].
139 -EC(x,y) | -P(y,x).  [resolve(97,b,94,a)].
Derived: P(f10(x,y),x) | -O(x,y) | P(x,y) | P(y,x) | -P(z,x) | -P(z,y) | B(z,x).  [resolve(132,b,133,a)].
Derived: P(f10(x,y),x) | -O(x,y) | P(x,y) | P(y,x) | -P(z,x) | -P(z,y) | B(z,y).  [resolve(132,b,134,a)].
Derived: P(f10(x,y),x) | -O(x,y) | P(x,y) | P(y,x) | -IC(x,y).  [resolve(132,b,135,b)].
Derived: P(f10(x,y),x) | -O(x,y) | P(x,y) | P(y,x) | B(f13(y),y).  [resolve(132,b,136,b)].
140 P(f10(x,y),y) | EC(x,y) | -O(x,y) | P(x,y) | P(y,x).  [resolve(99,a,91,d)].
Derived: P(f10(x,y),y) | -O(x,y) | P(x,y) | P(y,x) | -P(z,x) | -P(z,y) | B(z,x).  [resolve(140,b,133,a)].
Derived: P(f10(x,y),y) | -O(x,y) | P(x,y) | P(y,x) | -P(z,x) | -P(z,y) | B(z,y).  [resolve(140,b,134,a)].
Derived: P(f10(x,y),y) | -O(x,y) | P(x,y) | P(y,x) | -IC(x,y).  [resolve(140,b,135,b)].
Derived: P(f10(x,y),y) | -O(x,y) | P(x,y) | P(y,x) | B(f13(y),y).  [resolve(140,b,136,b)].
141 -B(f10(x,y),x) | -B(f10(x,y),y) | EC(x,y) | -O(x,y) | P(x,y) | P(y,x).  [resolve(100,a,91,d)].
Derived: -B(f10(x,y),x) | -B(f10(x,y),y) | -O(x,y) | P(x,y) | P(y,x) | -P(z,x) | -P(z,y) | B(z,x).  [resolve(141,c,133,a)].
Derived: -B(f10(x,y),x) | -B(f10(x,y),y) | -O(x,y) | P(x,y) | P(y,x) | -P(z,x) | -P(z,y) | B(z,y).  [resolve(141,c,134,a)].
Derived: -B(f10(x,y),x) | -B(f10(x,y),y) | -O(x,y) | P(x,y) | P(y,x) | -IC(x,y).  [resolve(141,c,135,b)].
Derived: -B(f10(x,y),x) | -B(f10(x,y),y) | -O(x,y) | P(x,y) | P(y,x) | B(f13(y),y).  [resolve(141,c,136,b)].
142 -IC(x,y) | P(f10(x,y),x) | EC(x,y).  [resolve(101,b,98,a)].
Derived: -IC(x,y) | P(f10(x,y),x) | -P(z,x) | -P(z,y) | B(z,x).  [resolve(142,c,133,a)].
Derived: -IC(x,y) | P(f10(x,y),x) | -P(z,x) | -P(z,y) | B(z,y).  [resolve(142,c,134,a)].
Derived: -IC(x,y) | P(f10(x,y),x) | -IC(x,y).  [resolve(142,c,135,b)].
143 -IC(x,y) | P(f10(x,y),y) | EC(x,y).  [resolve(101,b,99,a)].
Derived: -IC(x,y) | P(f10(x,y),y) | -P(z,x) | -P(z,y) | B(z,x).  [resolve(143,c,133,a)].
Derived: -IC(x,y) | P(f10(x,y),y) | -P(z,x) | -P(z,y) | B(z,y).  [resolve(143,c,134,a)].
Derived: -IC(x,y) | P(f10(x,y),y) | -IC(x,y).  [resolve(143,c,135,b)].
144 -IC(x,y) | -B(f10(x,y),x) | -B(f10(x,y),y) | EC(x,y).  [resolve(101,b,100,a)].
Derived: -IC(x,y) | -B(f10(x,y),x) | -B(f10(x,y),y) | -P(z,x) | -P(z,y) | B(z,x).  [resolve(144,d,133,a)].
Derived: -IC(x,y) | -B(f10(x,y),x) | -B(f10(x,y),y) | -P(z,x) | -P(z,y) | B(z,y).  [resolve(144,d,134,a)].
Derived: -IC(x,y) | -B(f10(x,y),x) | -B(f10(x,y),y) | -IC(x,y).  [resolve(144,d,135,b)].
145 EC(x,y) | I(f11(x,y),x) | IC(x,y) | -O(x,y) | P(x,y) | P(y,x).  [resolve(102,a,91,d)].
Derived: I(f11(x,y),x) | IC(x,y) | -O(x,y) | P(x,y) | P(y,x) | -P(z,x) | -P(z,y) | B(z,x).  [resolve(145,a,133,a)].
Derived: I(f11(x,y),x) | IC(x,y) | -O(x,y) | P(x,y) | P(y,x) | -P(z,x) | -P(z,y) | B(z,y).  [resolve(145,a,134,a)].
Derived: I(f11(x,y),x) | IC(x,y) | -O(x,y) | P(x,y) | P(y,x) | B(f13(y),y).  [resolve(145,a,136,b)].
146 EC(x,y) | I(f11(x,y),y) | IC(x,y) | -O(x,y) | P(x,y) | P(y,x).  [resolve(103,a,91,d)].
Derived: I(f11(x,y),y) | IC(x,y) | -O(x,y) | P(x,y) | P(y,x) | -P(z,x) | -P(z,y) | B(z,x).  [resolve(146,a,133,a)].
Derived: I(f11(x,y),y) | IC(x,y) | -O(x,y) | P(x,y) | P(y,x) | -P(z,x) | -P(z,y) | B(z,y).  [resolve(146,a,134,a)].
Derived: I(f11(x,y),y) | IC(x,y) | -O(x,y) | P(x,y) | P(y,x) | B(f13(y),y).  [resolve(146,a,136,b)].
147 -EC(x,y) | -I(z,x) | -I(z,y) | I(f9(x,y),x).  [resolve(126,d,121,a)].
Derived: -I(x,y) | -I(x,z) | I(f9(y,z),y) | P(f10(y,z),y) | -O(y,z) | P(y,z) | P(z,y).  [resolve(147,a,132,b)].
Derived: -I(x,y) | -I(x,z) | I(f9(y,z),y) | P(f10(y,z),z) | -O(y,z) | P(y,z) | P(z,y).  [resolve(147,a,140,b)].
Derived: -I(x,y) | -I(x,z) | I(f9(y,z),y) | -B(f10(y,z),y) | -B(f10(y,z),z) | -O(y,z) | P(y,z) | P(z,y).  [resolve(147,a,141,c)].
Derived: -I(x,y) | -I(x,z) | I(f9(y,z),y) | I(f11(y,z),y) | IC(y,z) | -O(y,z) | P(y,z) | P(z,y).  [resolve(147,a,145,a)].
Derived: -I(x,y) | -I(x,z) | I(f9(y,z),y) | I(f11(y,z),z) | IC(y,z) | -O(y,z) | P(y,z) | P(z,y).  [resolve(147,a,146,a)].
148 -EC(x,y) | -I(z,x) | -I(z,y) | I(f9(x,y),y).  [resolve(126,d,122,a)].
Derived: -I(x,y) | -I(x,z) | I(f9(y,z),z) | P(f10(y,z),y) | -O(y,z) | P(y,z) | P(z,y).  [resolve(148,a,132,b)].
Derived: -I(x,y) | -I(x,z) | I(f9(y,z),z) | P(f10(y,z),z) | -O(y,z) | P(y,z) | P(z,y).  [resolve(148,a,140,b)].
Derived: -I(x,y) | -I(x,z) | I(f9(y,z),z) | -B(f10(y,z),y) | -B(f10(y,z),z) | -O(y,z) | P(y,z) | P(z,y).  [resolve(148,a,141,c)].
Derived: -I(x,y) | -I(x,z) | I(f9(y,z),z) | I(f11(y,z),y) | IC(y,z) | -O(y,z) | P(y,z) | P(z,y).  [resolve(148,a,145,a)].
Derived: -I(x,y) | -I(x,z) | I(f9(y,z),z) | I(f11(y,z),z) | IC(y,z) | -O(y,z) | P(y,z) | P(z,y).  [resolve(148,a,146,a)].
149 -EC(x,y) | -I(z,x) | -I(z,y) | O(x,y).  [resolve(126,d,123,a)].
150 -EC(x,y) | -I(z,x) | -I(z,y) | -P(x,y).  [resolve(126,d,124,a)].
151 -EC(x,y) | -I(z,x) | -I(z,y) | -P(y,x).  [resolve(126,d,125,a)].
152 P(f10(x,y),x) | EC(x,y) | -I(z,x) | -I(z,y) | -O(x,y) | P(x,y) | P(y,x).  [resolve(127,c,120,c)].
153 P(f10(x,y),y) | EC(x,y) | -I(z,x) | -I(z,y) | -O(x,y) | P(x,y) | P(y,x).  [resolve(128,c,120,c)].
154 -B(f10(x,y),x) | -B(f10(x,y),y) | EC(x,y) | -I(z,x) | -I(z,y) | -O(x,y) | P(x,y) | P(y,x).  [resolve(129,d,120,c)].
155 EC(x,y) | I(f11(x,y),x) | IC(x,y) | -I(z,x) | -I(z,y) | -O(x,y) | P(x,y) | P(y,x).  [resolve(130,d,120,c)].
156 EC(x,y) | I(f11(x,y),y) | IC(x,y) | -I(z,x) | -I(z,y) | -O(x,y) | P(x,y) | P(y,x).  [resolve(131,d,120,c)].

Eliminating IPI/2
157 IPI(c2,c1).  [resolve(69,a,64,a)].
158 -IPI(x,y) | -B(z,x).  [resolve(68,b,63,a)].
159 -IPI(x,y) | I(y,x).  [resolve(68,b,65,a)].
160 -IPI(x,y) | -I(x,y).  [resolve(68,b,66,a)].
Derived: -B(x,c2).  [resolve(157,a,158,a)].
Derived: I(c1,c2).  [resolve(157,a,159,a)].
Derived: -I(c2,c1).  [resolve(157,a,160,a)].
161 IPI(x,y) | B(f7(y,x),x) | -I(y,x) | I(x,y).  [resolve(69,a,67,d)].
Derived: B(f7(x,y),y) | -I(x,y) | I(y,x) | -B(z,y).  [resolve(161,a,158,a)].
162 B(f17(x,y),y) | IPI(y,x) | -P(x,y) | P(y,x).  [resolve(86,a,73,c)].
Derived: B(f17(x,y),y) | -P(x,y) | P(y,x) | -B(z,y).  [resolve(162,b,158,a)].
Derived: B(f17(x,y),y) | -P(x,y) | P(y,x) | I(x,y).  [resolve(162,b,159,a)].
Derived: B(f17(x,y),y) | -P(x,y) | P(y,x) | -I(y,x).  [resolve(162,b,160,a)].
163 B(f17(x,y),y) | IPI(y,x) | -PPI(y,x).  [resolve(86,a,78,b)].
Derived: B(f17(x,y),y) | -PPI(y,x) | -B(z,y).  [resolve(163,b,158,a)].
Derived: B(f17(x,y),y) | -PPI(y,x) | I(x,y).  [resolve(163,b,159,a)].
Derived: B(f17(x,y),y) | -PPI(y,x) | -I(y,x).  [resolve(163,b,160,a)].
164 B(f17(x,y),y) | IPI(y,x) | -TPPI(y,x).  [resolve(119,c,104,b)].
Derived: B(f17(x,y),y) | -TPPI(y,x) | -B(z,y).  [resolve(164,b,158,a)].
Derived: B(f17(x,y),y) | -TPPI(y,x) | I(x,y).  [resolve(164,b,159,a)].
Derived: B(f17(x,y),y) | -TPPI(y,x) | -I(y,x).  [resolve(164,b,160,a)].

Eliminating PPI/2
165 PPI(x,y) | -P(y,x) | P(x,y).  [resolve(79,a,73,c)].
166 -PPI(x,y) | P(f2(y,x),x).  [resolve(78,b,74,a)].
167 -PPI(x,y) | D(f2(y,x),y).  [resolve(78,b,75,a)].
168 -PPI(x,y) | P(y,x).  [resolve(78,b,76,a)].
169 -PPI(x,y) | -P(x,y).  [resolve(78,b,77,a)].
Derived: -P(x,y) | P(y,x) | P(f2(x,y),y).  [resolve(165,a,166,a)].
Derived: -P(x,y) | P(y,x) | D(f2(x,y),x).  [resolve(165,a,167,a)].
170 -B(x,y) | PPI(y,x).  [resolve(80,b,79,a)].
Derived: -B(x,y) | P(f2(x,y),y).  [resolve(170,b,166,a)].
Derived: -B(x,y) | D(f2(x,y),x).  [resolve(170,b,167,a)].
Derived: -B(x,y) | P(x,y).  [resolve(170,b,168,a)].
Derived: -B(x,y) | -P(y,x).  [resolve(170,b,169,a)].
171 B(f17(x,y),y) | -B(z,y) | -PPI(y,x).  [resolve(83,a,78,b)].
172 B(f17(x,y),y) | I(x,y) | -PPI(y,x).  [resolve(84,a,78,b)].
Derived: B(f17(x,y),y) | I(x,y) | -B(x,y).  [resolve(172,c,170,b)].
173 B(f17(x,y),y) | -I(y,x) | -PPI(y,x).  [resolve(85,a,78,b)].
Derived: B(f17(x,y),y) | -I(y,x) | -B(x,y).  [resolve(173,c,170,b)].
174 PPI(x,y) | -TPPI(x,y).  [resolve(112,a,104,b)].
Derived: -TPPI(x,y) | P(f2(y,x),x).  [resolve(174,a,166,a)].
Derived: -TPPI(x,y) | D(f2(y,x),y).  [resolve(174,a,167,a)].
Derived: -TPPI(x,y) | P(y,x).  [resolve(174,a,168,a)].
Derived: -TPPI(x,y) | -P(x,y).  [resolve(174,a,169,a)].
175 -P(x,y) | -B(x,z) | -P(y,z) | P(z,y) | PPI(z,y).  [resolve(113,c,112,a)].
176 -P(x,y) | -B(x,z) | -PPI(z,y) | P(f8(y,z),y).  [resolve(114,c,105,a)].
Derived: -P(x,y) | -B(x,z) | P(f8(y,z),y) | -P(y,z) | P(z,y).  [resolve(176,c,165,a)].
Derived: -P(x,y) | -B(x,z) | P(f8(y,z),y) | -TPPI(z,y).  [resolve(176,c,174,a)].
177 -P(x,y) | -B(x,z) | -PPI(z,y) | B(f8(y,z),z).  [resolve(114,c,106,a)].
Derived: -P(x,y) | -B(x,z) | B(f8(y,z),z) | -P(y,z) | P(z,y).  [resolve(177,c,165,a)].
Derived: -P(x,y) | -B(x,z) | B(f8(y,z),z) | -TPPI(z,y).  [resolve(177,c,174,a)].
178 -P(x,y) | -B(x,z) | -PPI(z,y) | TPPI(z,y).  [resolve(114,c,107,a)].
Derived: -P(x,y) | -B(x,z) | TPPI(z,y) | -P(y,z) | P(z,y).  [resolve(178,c,165,a)].
179 -P(x,y) | -B(x,z) | -PPI(z,y) | P(f2(y,z),z).  [resolve(114,c,108,a)].
180 -P(x,y) | -B(x,z) | -PPI(z,y) | D(f2(y,z),y).  [resolve(114,c,109,a)].
181 -P(x,y) | -B(x,z) | -PPI(z,y) | P(y,z).  [resolve(114,c,110,a)].
182 -P(x,y) | -B(x,z) | -PPI(z,y) | -P(z,y).  [resolve(114,c,111,a)].
183 -P(x,y) | -B(x,z) | -B(y,z) | PPI(z,y).  [resolve(115,c,112,a)].
Derived: -P(x,y) | -B(x,z) | -B(y,z) | -P(u,y) | -B(u,z) | P(f8(y,z),y).  [resolve(183,d,176,c)].
Derived: -P(x,y) | -B(x,z) | -B(y,z) | -P(u,y) | -B(u,z) | B(f8(y,z),z).  [resolve(183,d,177,c)].
Derived: -P(x,y) | -B(x,z) | -B(y,z) | -P(u,y) | -B(u,z) | TPPI(z,y).  [resolve(183,d,178,c)].
184 B(f17(x,y),y) | -B(z,y) | -P(u,x) | -B(u,y) | -PPI(y,x).  [resolve(116,c,114,c)].
185 B(f17(x,y),y) | -PPI(y,x) | -B(z,y).  [resolve(163,b,158,a)].
Derived: B(f17(x,y),y) | -B(z,y) | -P(x,y) | P(y,x).  [resolve(185,b,165,a)].
Derived: B(f17(x,y),y) | -B(z,y) | -B(x,y).  [resolve(185,b,170,b)].
186 B(f17(x,y),y) | -PPI(y,x) | I(x,y).  [resolve(163,b,159,a)].
Derived: B(f17(x,y),y) | I(x,y) | -P(x,y) | P(y,x).  [resolve(186,b,165,a)].
187 B(f17(x,y),y) | -PPI(y,x) | -I(y,x).  [resolve(163,b,160,a)].
Derived: B(f17(x,y),y) | -I(y,x) | -P(x,y) | P(y,x).  [resolve(187,b,165,a)].

Eliminating TPPI/2
188 -P(x,y) | -B(x,z) | -P(y,z) | P(z,y) | TPPI(z,y).  [resolve(113,c,107,a)].
189 -TPPI(x,y) | P(f8(y,x),y).  [resolve(104,b,105,a)].
190 -TPPI(x,y) | B(f8(y,x),x).  [resolve(104,b,106,a)].
191 P(f2(x,y),y) | -TPPI(y,x).  [resolve(108,a,104,b)].
192 D(f2(x,y),x) | -TPPI(y,x).  [resolve(109,a,104,b)].
193 P(x,y) | -TPPI(y,x).  [resolve(110,a,104,b)].
194 -P(x,y) | -TPPI(x,y).  [resolve(111,a,104,b)].
195 -P(x,y) | -B(x,z) | -B(y,z) | TPPI(z,y).  [resolve(115,c,107,a)].
196 B(f17(x,y),y) | -B(z,y) | -TPPI(y,x).  [resolve(116,c,104,b)].
197 B(f17(x,y),y) | I(x,y) | -TPPI(y,x).  [resolve(117,c,104,b)].
198 B(f17(x,y),y) | -I(y,x) | -TPPI(y,x).  [resolve(118,c,104,b)].
199 B(f17(x,y),y) | -TPPI(y,x) | -B(z,y).  [resolve(164,b,158,a)].
200 B(f17(x,y),y) | -TPPI(y,x) | I(x,y).  [resolve(164,b,159,a)].
201 B(f17(x,y),y) | -TPPI(y,x) | -I(y,x).  [resolve(164,b,160,a)].
202 -TPPI(x,y) | P(f2(y,x),x).  [resolve(174,a,166,a)].
Derived: P(f2(x,y),y) | -P(z,x) | -B(z,y) | -P(x,y) | P(y,x).  [resolve(202,a,188,e)].
Derived: P(f2(x,y),y) | -P(z,x) | -B(z,y) | -B(x,y).  [resolve(202,a,195,d)].
203 -TPPI(x,y) | D(f2(y,x),y).  [resolve(174,a,167,a)].
Derived: D(f2(x,y),x) | -P(z,x) | -B(z,y) | -P(x,y) | P(y,x).  [resolve(203,a,188,e)].
Derived: D(f2(x,y),x) | -P(z,x) | -B(z,y) | -B(x,y).  [resolve(203,a,195,d)].
204 -TPPI(x,y) | P(y,x).  [resolve(174,a,168,a)].
Derived: P(x,y) | -P(z,x) | -B(z,y) | -B(x,y).  [resolve(204,a,195,d)].
205 -TPPI(x,y) | -P(x,y).  [resolve(174,a,169,a)].
Derived: -P(x,y) | -P(z,y) | -B(z,x) | -B(y,x).  [resolve(205,a,195,d)].
206 -P(x,y) | -B(x,z) | P(f8(y,z),y) | -TPPI(z,y).  [resolve(176,c,174,a)].
Derived: -P(x,y) | -B(x,z) | P(f8(y,z),y) | -P(u,y) | -B(u,z) | -P(y,z) | P(z,y).  [resolve(206,d,188,e)].
207 -P(x,y) | -B(x,z) | B(f8(y,z),z) | -TPPI(z,y).  [resolve(177,c,174,a)].
Derived: -P(x,y) | -B(x,z) | B(f8(y,z),z) | -P(u,y) | -B(u,z) | -P(y,z) | P(z,y).  [resolve(207,d,188,e)].
208 -P(x,y) | -B(x,z) | TPPI(z,y) | -P(y,z) | P(z,y).  [resolve(178,c,165,a)].
209 -P(x,y) | -B(x,z) | -B(y,z) | -P(u,y) | -B(u,z) | TPPI(z,y).  [resolve(183,d,178,c)].
Derived: -P(x,y) | -B(x,z) | -B(y,z) | -P(u,y) | -B(u,z) | P(f8(y,z),y).  [resolve(209,f,189,a)].
Derived: -P(x,y) | -B(x,z) | -B(y,z) | -P(u,y) | -B(u,z) | B(f8(y,z),z).  [resolve(209,f,190,a)].

============================== end predicate elimination =============

Auto_denials:  (non-Horn, no changes).

Term ordering decisions:
Predicate symbol precedence:  predicate_order([ =, P, B, I, O, IC, D, EQ ]).
Function symbol precedence:  function_order([ null, cuniversal, c1, c2, c3, c4, c5, sum, diff, prod, f2, f5, f6, f7, f8, f9, f10, f11, f14, f15, f16, f17, f18, compl, bdy, f1, f3, f4, f12, f13, f19 ]).
After inverse_order:  (no changes).
Unfolding symbols: (none).

Auto_inference settings:
  % set(paramodulation).  % (positive equality literals)
  % set(binary_resolution).  % (non-Horn)

Auto_process settings:
  % set(factor).  % (non-Horn)
  % set(unit_deletion).  % (non-Horn)

           210 null != c1.  [clausify(1)].
kept:      211 c1 != null.  [copy(210),flip(a)].
           212 null != c2.  [clausify(1)].
kept:      213 c2 != null.  [copy(212),flip(a)].
kept:      214 B(c3,c1).  [clausify(1)].
kept:      215 B(c4,c2).  [clausify(1)].
kept:      216 null = x | P(x,x).  [clausify(2)].
kept:      217 -P(x,y) | -P(y,x) | y = x.  [clausify(3)].
kept:      218 -P(x,y) | -P(y,z) | P(x,z).  [clausify(4)].
kept:      219 null != x | -P(y,x).  [clausify(5)].
kept:      220 null != x | -P(x,y).  [clausify(5)].
kept:      221 P(f1(x),x) | P(x,f1(x)) | null = x.  [clausify(5)].
kept:      222 null = x | P(x,c5).  [clausify(8)].
kept:      223 cuniversal != x | null = y | P(y,x).  [clausify(9)].
           224 null != f3(x) | cuniversal = x.  [clausify(9)].
kept:      225 f3(x) != null | cuniversal = x.  [copy(224),flip(a)].
kept:      226 -P(f3(x),x) | cuniversal = x.  [clausify(9)].
kept:      227 -B(x,cuniversal).  [clausify(10)].
kept:      228 -EQ(x,y) | P(y,x).  [clausify(14)].
kept:      229 -EQ(x,y) | P(x,y).  [clausify(14)].
kept:      230 -P(x,y) | -P(y,x) | EQ(y,x).  [clausify(14)].
kept:      231 -O(x,y) | P(f5(x,y),x).  [clausify(15)].
kept:      232 -O(x,y) | P(f5(x,y),y).  [clausify(15)].
kept:      233 -P(x,y) | -P(x,z) | O(y,z).  [clausify(15)].
kept:      234 -D(x,y) | -O(x,y).  [clausify(16)].
kept:      235 O(x,y) | D(x,y).  [clausify(16)].
kept:      236 -B(x,y) | -B(y,z) | B(x,z).  [clausify(18)].
kept:      237 -P(x,y) | -B(y,z) | B(x,z).  [clausify(19)].
kept:      238 -B(x,y) | -P(y,z) | P(x,z).  [clausify(20)].
kept:      239 -I(x,y) | P(x,y).  [clausify(22)].
kept:      240 -I(x,y) | -B(z,y) | D(z,x).  [clausify(22)].
kept:      241 -P(x,y) | B(f6(x,y),y) | I(x,y).  [clausify(22)].
kept:      242 -P(x,y) | -D(f6(x,y),x) | I(x,y).  [clausify(22)].
kept:      243 -IC(x,y) | -I(z,x) | -I(z,y).  [clausify(30)].
kept:      244 null = x | I(f12(x),x).  [clausify(31)].
kept:      245 -B(x,y) | -B(z,y) | -I(z,y).  [clausify(33)].
kept:      246 -B(x,y) | -EQ(y,z) | B(f14(y,z),z).  [clausify(35)].
kept:      247 B(f15(x,y),x) | -EQ(x,y) | -B(z,y).  [clausify(36)].
kept:      248 B(f16(x,y),x) | -B(z,y) | -EQ(x,y).  [clausify(37)].
kept:      249 -O(x,sum(y,z)) | O(x,y) | O(x,z).  [clausify(39)].
kept:      250 -O(x,y) | O(x,sum(y,z)).  [clausify(39)].
kept:      251 -O(x,y) | O(x,sum(z,y)).  [clausify(39)].
kept:      252 -P(x,prod(y,z)) | P(x,y).  [clausify(40)].
kept:      253 -P(x,prod(y,z)) | P(x,z).  [clausify(40)].
kept:      254 -P(x,y) | -P(x,z) | P(x,prod(y,z)).  [clausify(40)].
kept:      255 -P(x,compl(y)) | D(x,y).  [clausify(41)].
kept:      256 -P(x,diff(y,z)) | P(x,y).  [clausify(42)].
kept:      257 -P(x,diff(y,z)) | D(x,z).  [clausify(42)].
kept:      258 -P(x,y) | -D(x,z) | P(x,diff(y,z)).  [clausify(42)].
kept:      259 compl(x) != y | compl(x) != z | z = y.  [clausify(43)].
kept:      260 diff(x,y) != z | diff(x,y) != u | u = z.  [clausify(44)].
kept:      261 prod(x,y) != z | prod(x,y) != u | u = z.  [clausify(45)].
kept:      262 sum(x,y) != z | sum(x,y) != u | u = z.  [clausify(46)].
kept:      263 null = x | null = y | f18(x,y) != null.  [clausify(47)].
           264 null = x | null = y | sum(x,y) = f18(x,y).  [clausify(47)].
kept:      265 null = x | null = y | f18(x,y) = sum(x,y).  [copy(264),flip(c)].

% Operation sum is commutative; C redundancy checks enabled.
kept:      266 sum(x,y) = sum(y,x).  [clausify(48)].
kept:      267 compl(x) != null | cuniversal = x.  [clausify(49)].
kept:      268 cuniversal != x | compl(x) = null.  [clausify(49)].
kept:      269 compl(x) != cuniversal | null = x.  [clausify(50)].
kept:      270 null != x | compl(x) = cuniversal.  [clausify(50)].

% Operation prod is commutative; C redundancy checks enabled.
kept:      271 prod(x,y) = prod(y,x).  [clausify(51)].
kept:      272 diff(x,y) != null | null = x | P(x,y).  [clausify(52)].
kept:      273 -D(x,y) | diff(x,y) = x.  [clausify(53)].
kept:      274 -P(x,cuniversal) | diff(x,null) = x.  [clausify(54)].
kept:      275 -P(x,cuniversal) | sum(null,x) = x.  [clausify(55)].
kept:      276 null = x | I(f19(x),x).  [clausify(56)].
kept:      277 null = x | -I(y,x) | I(y,f19(x)).  [clausify(56)].
kept:      278 null = x | -B(y,f19(x)).  [clausify(56)].
kept:      279 bdy(x) = null | B(bdy(x),x).  [clausify(57)].
kept:      280 bdy(x) = null | -B(y,x) | P(y,bdy(x)).  [clausify(57)].
kept:      281 I(c2,c1).  [resolve(60,a,61,a)].
kept:      282 -B(x,c2).  [resolve(63,a,64,a)].
-------- Proof 1 -------- 

============================== PROOF =================================

% Proof 1 at 0.04 (+ 0.01) seconds.
% Length of proof is 7.
% Level of proof is 3.
% Maximum clause weight is 3.000.
% Given clauses 0.

1 -(all x all y (-(x != null & y != null & (exists z B(z,x)) & (exists t B(t,y)) & II(x,y)) | -IP(x,y))) # label(non_clause).  [assumption].
24 (all x all y ((-IP(x,y) | -(exists t B(t,y)) & I(x,y) & -I(y,x)) & (-(-(exists t B(t,y)) & I(x,y) & -I(y,x)) | IP(x,y)))) # label(non_clause).  [assumption].
63 -IP(x,y) | -B(z,y).  [clausify(24)].
64 IP(c1,c2).  [clausify(1)].
215 B(c4,c2).  [clausify(1)].
282 -B(x,c2).  [resolve(63,a,64,a)].
283 $F.  [resolve(282,a,215,a)].

============================== end of proof ==========================

============================== STATISTICS ============================

Given=0. Generated=74. Kept=69. proofs=1.
Usable=0. Sos=0. Demods=2. Limbo=68, Disabled=224. Hints=0.
Kept_by_rule=0, Deleted_by_rule=0.
Forward_subsumed=5. Back_subsumed=0.
Sos_limit_deleted=0. Sos_displaced=0. Sos_removed=0.
New_demodulators=2 (2 lex), Back_demodulated=0. Back_unit_deleted=0.
Demod_attempts=166. Demod_rewrites=0.
Res_instance_prunes=0. Para_instance_prunes=0. Basic_paramod_prunes=0.
Nonunit_fsub_feature_tests=17. Nonunit_bsub_feature_tests=0.
Megabytes=0.69.
User_CPU=0.04, System_CPU=0.01, Wall_clock=0.

============================== end of statistics =====================

============================== end of search =========================

THEOREM PROVED

THEOREM PROVED

Exiting with 1 proof.

------ process 9250 exit (max_proofs) ------

Process 9250 exit (max_proofs) Mon Feb  3 12:03:48 2020

========================== MACLEOD SUMMARY ===========================
reasoner: /home/aidin12/macleod/Reasoning/prover9_bin/prover9
status: PROOF
execution finished: Mon Feb 03 12:03:51 2020
total CPU time used: 0
The command was "/home/aidin12/macleod/Reasoning/prover9_bin/prover9 -t100 -f /home/aidin12/macleod/ontologies/after/JEPD/PD/conversions/PD56.all.p9"
============================ end of footer ===========================
