============================== Prover9 ===============================
Prover9 (64) version 2009-11A, November 2009.
Process 9671 was started by aidin12 on aidin12-HP-Pavilion-dv7-Notebook-PC,
Mon Feb  3 12:05:04 2020
The command was "/home/aidin12/macleod/Reasoning/prover9_bin/prover9 -t100 -f /home/aidin12/macleod/ontologies/after/JEPD/PD/conversions/PD91.all.p9".
============================== end of head ===========================

============================== INPUT =================================

% Reading from file /home/aidin12/macleod/ontologies/after/JEPD/PD/conversions/PD91.all.p9


formulas(assumptions).
-(all x all y (-(x != null & y != null & (exists z B(z,x)) & (exists t B(t,y)) & TPP(x,y)) | -EC(x,y))).
(all x (x = null | P(x,x))).
(all x all y (-(P(x,y) & P(y,x)) | x = y)).
(all x all y all z (-(P(x,y) & P(y,z)) | P(x,z))).
(all x ((x != null | (all y (-P(y,x) & -P(x,y)))) & (-(all y (-P(y,x) & -P(x,y))) | x = null))).
(all x all y ((-PI(x,y) | P(y,x)) & (-P(y,x) | PI(x,y)))).
(all x all y (-PP(x,y) | (exists z (P(z,y) & D(z,x))))).
(exists z all x (x = null | P(x,z))).
(all x ((x != cuniversal | (all y (y = null | P(y,x)))) & (-(all y (y = null | P(y,x))) | x = cuniversal))).
-(exists x B(x,cuniversal)).
(all x ((-Point(x) | x != null & (all y (-P(y,x) | EQ(x,y)))) & (-(x != null & (all y (-P(y,x) | EQ(x,y)))) | Point(x)))).
(all x all y ((-PP(x,y) | P(x,y) & -P(y,x)) & (-(P(x,y) & -P(y,x)) | PP(x,y)))).
(all x all y ((-PPI(x,y) | PP(y,x)) & (-PP(y,x) | PPI(x,y)))).
(all x all y ((-EQ(x,y) | P(y,x) & P(x,y)) & (-(P(y,x) & P(x,y)) | EQ(x,y)))).
(all x all y ((-O(x,y) | (exists z (P(z,x) & P(z,y)))) & (-(exists z (P(z,x) & P(z,y))) | O(x,y)))).
(all x all y ((-D(x,y) | -O(x,y)) & (O(x,y) | D(x,y)))).
(all x all y (-B(x,y) | PP(x,y))).
(all x all y all z (-(B(x,y) & B(y,z)) | B(x,z))).
(all x all y all z (-(P(x,y) & B(y,z)) | B(x,z))).
(all x all y all z (-(B(x,y) & P(y,z)) | P(x,z))).
(all x all y ((-IMB(x,y) | O(x,y) & -P(x,y) & -P(y,x)) & (-(O(x,y) & -P(x,y) & -P(y,x)) | IMB(x,y)))).
(all x all y ((-I(x,y) | P(x,y) & (all z (-B(z,y) | D(z,x)))) & (-(P(x,y) & (all z (-B(z,y) | D(z,x)))) | I(x,y)))).
(all x all y ((-II(x,y) | I(y,x)) & (-I(y,x) | II(x,y)))).
(all x all y ((-IP(x,y) | -(exists t B(t,y)) & I(x,y) & -I(y,x)) & (-(-(exists t B(t,y)) & I(x,y) & -I(y,x)) | IP(x,y)))).
(all x all y ((-IPI(x,y) | IP(y,x)) & (-IP(y,x) | IPI(x,y)))).
(all x all y ((-TPP(x,y) | PP(x,y) & (exists z (P(z,x) & B(z,y)))) & (-(PP(x,y) & (exists z (P(z,x) & B(z,y)))) | TPP(x,y)))).
(all x all y ((-TPPI(x,y) | TPP(y,x)) & (-TPP(y,x) | TPPI(x,y)))).
(all x all y ((-OV(x,y) | IMB(x,y) & (exists p (I(p,x) & I(p,y)))) & (-(IMB(x,y) & (exists p (I(p,x) & I(p,y)))) | OV(x,y)))).
(all x all y ((-EC(x,y) | IMB(x,y) & (all z (-(P(z,x) & P(z,y)) | B(z,x) & B(z,y)))) & (-(IMB(x,y) & (all z (-(P(z,x) & P(z,y)) | B(z,x) & B(z,y)))) | EC(x,y)))).
(all x all y ((-IC(x,y) | IMB(x,y) & -EC(x,y) & -(exists p (I(p,x) & I(p,y)))) & (-(IMB(x,y) & -EC(x,y) & -(exists p (I(p,x) & I(p,y)))) | IC(x,y)))).
(all x (x = null | (exists y I(y,x)))).
(all x ((exists z B(z,x)) | -(exists y EC(y,x)))).
(all x (-(exists z B(z,x)) | (all y (-B(y,x) | -I(y,x))))).
(all x (-(exists z B(z,x)) | (all y (-I(y,x) | -B(y,x))))).
(all x all y (-((exists z B(z,x)) & EQ(x,y)) | (exists t B(t,y)))).
(all x all y (-(-(exists z B(z,x)) & EQ(x,y)) | -(exists t B(t,y)))).
(all x all y (-(-(exists z B(z,x)) & (exists t B(t,y))) | -EQ(x,y))).
(all x all y (-(PP(x,y) & -(exists z B(z,y))) | IP(x,y))).
(all x all y all w ((-O(w,sum(x,y)) | O(w,x) | O(w,y)) & (-(O(w,x) | O(w,y)) | O(w,sum(x,y))))).
(all x all y all w ((-P(w,prod(x,y)) | P(w,x) & P(w,y)) & (-(P(w,x) & P(w,y)) | P(w,prod(x,y))))).
(all x all w ((-P(w,compl(x)) | D(w,x) & P(w,compl(x))) & (-(D(w,x) & P(w,compl(x))) | P(w,compl(x))))).
(all x all y all w ((-P(w,diff(x,y)) | P(w,x) & D(w,y)) & (-(P(w,x) & D(w,y)) | P(w,diff(x,y))))).
(all x all z all t (-(compl(x) = z & compl(x) = t) | z = t)).
(all x all y all z all t (-(diff(x,y) = z & diff(x,y) = t) | z = t)).
(all x all y all z all t (-(prod(x,y) = z & prod(x,y) = t) | z = t)).
(all x all y all z all t (-(sum(x,y) = z & sum(x,y) = t) | z = t)).
(all x all y (-(x != null & y != null) | (exists z (z != null & z = sum(x,y))))).
(all x all y sum(x,y) = sum(y,x)).
(all x ((compl(x) != null | x = cuniversal) & (x != cuniversal | compl(x) = null))).
(all x ((compl(x) != cuniversal | x = null) & (x != null | compl(x) = cuniversal))).
(all x all y prod(x,y) = prod(y,x)).
(all x all y (diff(x,y) != null | x = null | P(x,y))).
(all x all y (-D(x,y) | diff(x,y) = x)).
(all x (-P(x,cuniversal) | diff(x,null) = x)).
(all x (-P(x,cuniversal) | sum(null,x) = x)).
(all x (x = null | (exists z (I(z,x) & (all u (-I(u,x) | I(u,z))) & -(exists y B(y,z)))))).
(all x (bdy(x) = null | B(bdy(x),x) & (all z (-B(z,x) | P(z,bdy(x)))))).
(all x ((x != null | -P(x,x)) & (P(x,x) | x = null))).
(all x ((-P(x,x) | x != null) & (x = null | P(x,x)))).
end_of_list.

============================== end of input ==========================

% From the command line: assign(max_seconds, 100).

============================== PROCESS NON-CLAUSAL FORMULAS ==========

% Formulas that are not ordinary clauses:
1 -(all x all y (-(x != null & y != null & (exists z B(z,x)) & (exists t B(t,y)) & TPP(x,y)) | -EC(x,y))) # label(non_clause).  [assumption].
2 (all x (x = null | P(x,x))) # label(non_clause).  [assumption].
3 (all x all y (-(P(x,y) & P(y,x)) | x = y)) # label(non_clause).  [assumption].
4 (all x all y all z (-(P(x,y) & P(y,z)) | P(x,z))) # label(non_clause).  [assumption].
5 (all x ((x != null | (all y (-P(y,x) & -P(x,y)))) & (-(all y (-P(y,x) & -P(x,y))) | x = null))) # label(non_clause).  [assumption].
6 (all x all y ((-PI(x,y) | P(y,x)) & (-P(y,x) | PI(x,y)))) # label(non_clause).  [assumption].
7 (all x all y (-PP(x,y) | (exists z (P(z,y) & D(z,x))))) # label(non_clause).  [assumption].
8 (exists z all x (x = null | P(x,z))) # label(non_clause).  [assumption].
9 (all x ((x != cuniversal | (all y (y = null | P(y,x)))) & (-(all y (y = null | P(y,x))) | x = cuniversal))) # label(non_clause).  [assumption].
10 -(exists x B(x,cuniversal)) # label(non_clause).  [assumption].
11 (all x ((-Point(x) | x != null & (all y (-P(y,x) | EQ(x,y)))) & (-(x != null & (all y (-P(y,x) | EQ(x,y)))) | Point(x)))) # label(non_clause).  [assumption].
12 (all x all y ((-PP(x,y) | P(x,y) & -P(y,x)) & (-(P(x,y) & -P(y,x)) | PP(x,y)))) # label(non_clause).  [assumption].
13 (all x all y ((-PPI(x,y) | PP(y,x)) & (-PP(y,x) | PPI(x,y)))) # label(non_clause).  [assumption].
14 (all x all y ((-EQ(x,y) | P(y,x) & P(x,y)) & (-(P(y,x) & P(x,y)) | EQ(x,y)))) # label(non_clause).  [assumption].
15 (all x all y ((-O(x,y) | (exists z (P(z,x) & P(z,y)))) & (-(exists z (P(z,x) & P(z,y))) | O(x,y)))) # label(non_clause).  [assumption].
16 (all x all y ((-D(x,y) | -O(x,y)) & (O(x,y) | D(x,y)))) # label(non_clause).  [assumption].
17 (all x all y (-B(x,y) | PP(x,y))) # label(non_clause).  [assumption].
18 (all x all y all z (-(B(x,y) & B(y,z)) | B(x,z))) # label(non_clause).  [assumption].
19 (all x all y all z (-(P(x,y) & B(y,z)) | B(x,z))) # label(non_clause).  [assumption].
20 (all x all y all z (-(B(x,y) & P(y,z)) | P(x,z))) # label(non_clause).  [assumption].
21 (all x all y ((-IMB(x,y) | O(x,y) & -P(x,y) & -P(y,x)) & (-(O(x,y) & -P(x,y) & -P(y,x)) | IMB(x,y)))) # label(non_clause).  [assumption].
22 (all x all y ((-I(x,y) | P(x,y) & (all z (-B(z,y) | D(z,x)))) & (-(P(x,y) & (all z (-B(z,y) | D(z,x)))) | I(x,y)))) # label(non_clause).  [assumption].
23 (all x all y ((-II(x,y) | I(y,x)) & (-I(y,x) | II(x,y)))) # label(non_clause).  [assumption].
24 (all x all y ((-IP(x,y) | -(exists t B(t,y)) & I(x,y) & -I(y,x)) & (-(-(exists t B(t,y)) & I(x,y) & -I(y,x)) | IP(x,y)))) # label(non_clause).  [assumption].
25 (all x all y ((-IPI(x,y) | IP(y,x)) & (-IP(y,x) | IPI(x,y)))) # label(non_clause).  [assumption].
26 (all x all y ((-TPP(x,y) | PP(x,y) & (exists z (P(z,x) & B(z,y)))) & (-(PP(x,y) & (exists z (P(z,x) & B(z,y)))) | TPP(x,y)))) # label(non_clause).  [assumption].
27 (all x all y ((-TPPI(x,y) | TPP(y,x)) & (-TPP(y,x) | TPPI(x,y)))) # label(non_clause).  [assumption].
28 (all x all y ((-OV(x,y) | IMB(x,y) & (exists p (I(p,x) & I(p,y)))) & (-(IMB(x,y) & (exists p (I(p,x) & I(p,y)))) | OV(x,y)))) # label(non_clause).  [assumption].
29 (all x all y ((-EC(x,y) | IMB(x,y) & (all z (-(P(z,x) & P(z,y)) | B(z,x) & B(z,y)))) & (-(IMB(x,y) & (all z (-(P(z,x) & P(z,y)) | B(z,x) & B(z,y)))) | EC(x,y)))) # label(non_clause).  [assumption].
30 (all x all y ((-IC(x,y) | IMB(x,y) & -EC(x,y) & -(exists p (I(p,x) & I(p,y)))) & (-(IMB(x,y) & -EC(x,y) & -(exists p (I(p,x) & I(p,y)))) | IC(x,y)))) # label(non_clause).  [assumption].
31 (all x (x = null | (exists y I(y,x)))) # label(non_clause).  [assumption].
32 (all x ((exists z B(z,x)) | -(exists y EC(y,x)))) # label(non_clause).  [assumption].
33 (all x (-(exists z B(z,x)) | (all y (-B(y,x) | -I(y,x))))) # label(non_clause).  [assumption].
34 (all x (-(exists z B(z,x)) | (all y (-I(y,x) | -B(y,x))))) # label(non_clause).  [assumption].
35 (all x all y (-((exists z B(z,x)) & EQ(x,y)) | (exists t B(t,y)))) # label(non_clause).  [assumption].
36 (all x all y (-(-(exists z B(z,x)) & EQ(x,y)) | -(exists t B(t,y)))) # label(non_clause).  [assumption].
37 (all x all y (-(-(exists z B(z,x)) & (exists t B(t,y))) | -EQ(x,y))) # label(non_clause).  [assumption].
38 (all x all y (-(PP(x,y) & -(exists z B(z,y))) | IP(x,y))) # label(non_clause).  [assumption].
39 (all x all y all w ((-O(w,sum(x,y)) | O(w,x) | O(w,y)) & (-(O(w,x) | O(w,y)) | O(w,sum(x,y))))) # label(non_clause).  [assumption].
40 (all x all y all w ((-P(w,prod(x,y)) | P(w,x) & P(w,y)) & (-(P(w,x) & P(w,y)) | P(w,prod(x,y))))) # label(non_clause).  [assumption].
41 (all x all w ((-P(w,compl(x)) | D(w,x) & P(w,compl(x))) & (-(D(w,x) & P(w,compl(x))) | P(w,compl(x))))) # label(non_clause).  [assumption].
42 (all x all y all w ((-P(w,diff(x,y)) | P(w,x) & D(w,y)) & (-(P(w,x) & D(w,y)) | P(w,diff(x,y))))) # label(non_clause).  [assumption].
43 (all x all z all t (-(compl(x) = z & compl(x) = t) | z = t)) # label(non_clause).  [assumption].
44 (all x all y all z all t (-(diff(x,y) = z & diff(x,y) = t) | z = t)) # label(non_clause).  [assumption].
45 (all x all y all z all t (-(prod(x,y) = z & prod(x,y) = t) | z = t)) # label(non_clause).  [assumption].
46 (all x all y all z all t (-(sum(x,y) = z & sum(x,y) = t) | z = t)) # label(non_clause).  [assumption].
47 (all x all y (-(x != null & y != null) | (exists z (z != null & z = sum(x,y))))) # label(non_clause).  [assumption].
48 (all x all y sum(x,y) = sum(y,x)) # label(non_clause).  [assumption].
49 (all x ((compl(x) != null | x = cuniversal) & (x != cuniversal | compl(x) = null))) # label(non_clause).  [assumption].
50 (all x ((compl(x) != cuniversal | x = null) & (x != null | compl(x) = cuniversal))) # label(non_clause).  [assumption].
51 (all x all y prod(x,y) = prod(y,x)) # label(non_clause).  [assumption].
52 (all x all y (diff(x,y) != null | x = null | P(x,y))) # label(non_clause).  [assumption].
53 (all x all y (-D(x,y) | diff(x,y) = x)) # label(non_clause).  [assumption].
54 (all x (-P(x,cuniversal) | diff(x,null) = x)) # label(non_clause).  [assumption].
55 (all x (-P(x,cuniversal) | sum(null,x) = x)) # label(non_clause).  [assumption].
56 (all x (x = null | (exists z (I(z,x) & (all u (-I(u,x) | I(u,z))) & -(exists y B(y,z)))))) # label(non_clause).  [assumption].
57 (all x (bdy(x) = null | B(bdy(x),x) & (all z (-B(z,x) | P(z,bdy(x)))))) # label(non_clause).  [assumption].
58 (all x ((x != null | -P(x,x)) & (P(x,x) | x = null))) # label(non_clause).  [assumption].
59 (all x ((-P(x,x) | x != null) & (x = null | P(x,x)))) # label(non_clause).  [assumption].

============================== end of process non-clausal formulas ===

============================== PROCESS INITIAL CLAUSES ===============

% Clauses before input processing:

formulas(usable).
end_of_list.

formulas(sos).
null != c1.  [clausify(1)].
null != c2.  [clausify(1)].
B(c3,c1).  [clausify(1)].
B(c4,c2).  [clausify(1)].
TPP(c1,c2).  [clausify(1)].
EC(c1,c2).  [clausify(1)].
null = x | P(x,x).  [clausify(2)].
-P(x,y) | -P(y,x) | y = x.  [clausify(3)].
-P(x,y) | -P(y,z) | P(x,z).  [clausify(4)].
null != x | -P(y,x).  [clausify(5)].
null != x | -P(x,y).  [clausify(5)].
P(f1(x),x) | P(x,f1(x)) | null = x.  [clausify(5)].
-PI(x,y) | P(y,x).  [clausify(6)].
-P(x,y) | PI(y,x).  [clausify(6)].
-PP(x,y) | P(f2(x,y),y).  [clausify(7)].
-PP(x,y) | D(f2(x,y),x).  [clausify(7)].
null = x | P(x,c5).  [clausify(8)].
cuniversal != x | null = y | P(y,x).  [clausify(9)].
null != f3(x) | cuniversal = x.  [clausify(9)].
-P(f3(x),x) | cuniversal = x.  [clausify(9)].
-B(x,cuniversal).  [clausify(10)].
-Point(x) | null != x.  [clausify(11)].
-Point(x) | -P(y,x) | EQ(x,y).  [clausify(11)].
null = x | P(f4(x),x) | Point(x).  [clausify(11)].
null = x | -EQ(x,f4(x)) | Point(x).  [clausify(11)].
-PP(x,y) | P(x,y).  [clausify(12)].
-PP(x,y) | -P(y,x).  [clausify(12)].
-P(x,y) | P(y,x) | PP(x,y).  [clausify(12)].
-PPI(x,y) | PP(y,x).  [clausify(13)].
-PP(x,y) | PPI(y,x).  [clausify(13)].
-EQ(x,y) | P(y,x).  [clausify(14)].
-EQ(x,y) | P(x,y).  [clausify(14)].
-P(x,y) | -P(y,x) | EQ(y,x).  [clausify(14)].
-O(x,y) | P(f5(x,y),x).  [clausify(15)].
-O(x,y) | P(f5(x,y),y).  [clausify(15)].
-P(x,y) | -P(x,z) | O(y,z).  [clausify(15)].
-D(x,y) | -O(x,y).  [clausify(16)].
O(x,y) | D(x,y).  [clausify(16)].
-B(x,y) | PP(x,y).  [clausify(17)].
-B(x,y) | -B(y,z) | B(x,z).  [clausify(18)].
-P(x,y) | -B(y,z) | B(x,z).  [clausify(19)].
-B(x,y) | -P(y,z) | P(x,z).  [clausify(20)].
-IMB(x,y) | O(x,y).  [clausify(21)].
-IMB(x,y) | -P(x,y).  [clausify(21)].
-IMB(x,y) | -P(y,x).  [clausify(21)].
-O(x,y) | P(x,y) | P(y,x) | IMB(x,y).  [clausify(21)].
-I(x,y) | P(x,y).  [clausify(22)].
-I(x,y) | -B(z,y) | D(z,x).  [clausify(22)].
-P(x,y) | B(f6(x,y),y) | I(x,y).  [clausify(22)].
-P(x,y) | -D(f6(x,y),x) | I(x,y).  [clausify(22)].
-II(x,y) | I(y,x).  [clausify(23)].
-I(x,y) | II(y,x).  [clausify(23)].
-IP(x,y) | -B(z,y).  [clausify(24)].
-IP(x,y) | I(x,y).  [clausify(24)].
-IP(x,y) | -I(y,x).  [clausify(24)].
B(f7(x,y),y) | -I(x,y) | I(y,x) | IP(x,y).  [clausify(24)].
-IPI(x,y) | IP(y,x).  [clausify(25)].
-IP(x,y) | IPI(y,x).  [clausify(25)].
-TPP(x,y) | PP(x,y).  [clausify(26)].
-TPP(x,y) | P(f8(x,y),x).  [clausify(26)].
-TPP(x,y) | B(f8(x,y),y).  [clausify(26)].
-PP(x,y) | -P(z,x) | -B(z,y) | TPP(x,y).  [clausify(26)].
-TPPI(x,y) | TPP(y,x).  [clausify(27)].
-TPP(x,y) | TPPI(y,x).  [clausify(27)].
-OV(x,y) | IMB(x,y).  [clausify(28)].
-OV(x,y) | I(f9(x,y),x).  [clausify(28)].
-OV(x,y) | I(f9(x,y),y).  [clausify(28)].
-IMB(x,y) | -I(z,x) | -I(z,y) | OV(x,y).  [clausify(28)].
-EC(x,y) | IMB(x,y).  [clausify(29)].
-EC(x,y) | -P(z,x) | -P(z,y) | B(z,x).  [clausify(29)].
-EC(x,y) | -P(z,x) | -P(z,y) | B(z,y).  [clausify(29)].
-IMB(x,y) | P(f10(x,y),x) | EC(x,y).  [clausify(29)].
-IMB(x,y) | P(f10(x,y),y) | EC(x,y).  [clausify(29)].
-IMB(x,y) | -B(f10(x,y),x) | -B(f10(x,y),y) | EC(x,y).  [clausify(29)].
-IC(x,y) | IMB(x,y).  [clausify(30)].
-IC(x,y) | -EC(x,y).  [clausify(30)].
-IC(x,y) | -I(z,x) | -I(z,y).  [clausify(30)].
-IMB(x,y) | EC(x,y) | I(f11(x,y),x) | IC(x,y).  [clausify(30)].
-IMB(x,y) | EC(x,y) | I(f11(x,y),y) | IC(x,y).  [clausify(30)].
null = x | I(f12(x),x).  [clausify(31)].
B(f13(x),x) | -EC(y,x).  [clausify(32)].
-B(x,y) | -B(z,y) | -I(z,y).  [clausify(33)].
-B(x,y) | -I(z,y) | -B(z,y).  [clausify(34)].
-B(x,y) | -EQ(y,z) | B(f14(y,z),z).  [clausify(35)].
B(f15(x,y),x) | -EQ(x,y) | -B(z,y).  [clausify(36)].
B(f16(x,y),x) | -B(z,y) | -EQ(x,y).  [clausify(37)].
-PP(x,y) | B(f17(x,y),y) | IP(x,y).  [clausify(38)].
-O(x,sum(y,z)) | O(x,y) | O(x,z).  [clausify(39)].
-O(x,y) | O(x,sum(y,z)).  [clausify(39)].
-O(x,y) | O(x,sum(z,y)).  [clausify(39)].
-P(x,prod(y,z)) | P(x,y).  [clausify(40)].
-P(x,prod(y,z)) | P(x,z).  [clausify(40)].
-P(x,y) | -P(x,z) | P(x,prod(y,z)).  [clausify(40)].
-P(x,compl(y)) | D(x,y).  [clausify(41)].
-P(x,diff(y,z)) | P(x,y).  [clausify(42)].
-P(x,diff(y,z)) | D(x,z).  [clausify(42)].
-P(x,y) | -D(x,z) | P(x,diff(y,z)).  [clausify(42)].
compl(x) != y | compl(x) != z | z = y.  [clausify(43)].
diff(x,y) != z | diff(x,y) != u | u = z.  [clausify(44)].
prod(x,y) != z | prod(x,y) != u | u = z.  [clausify(45)].
sum(x,y) != z | sum(x,y) != u | u = z.  [clausify(46)].
null = x | null = y | f18(x,y) != null.  [clausify(47)].
null = x | null = y | sum(x,y) = f18(x,y).  [clausify(47)].
sum(x,y) = sum(y,x).  [clausify(48)].
compl(x) != null | cuniversal = x.  [clausify(49)].
cuniversal != x | compl(x) = null.  [clausify(49)].
compl(x) != cuniversal | null = x.  [clausify(50)].
null != x | compl(x) = cuniversal.  [clausify(50)].
prod(x,y) = prod(y,x).  [clausify(51)].
diff(x,y) != null | null = x | P(x,y).  [clausify(52)].
-D(x,y) | diff(x,y) = x.  [clausify(53)].
-P(x,cuniversal) | diff(x,null) = x.  [clausify(54)].
-P(x,cuniversal) | sum(null,x) = x.  [clausify(55)].
null = x | I(f19(x),x).  [clausify(56)].
null = x | -I(y,x) | I(y,f19(x)).  [clausify(56)].
null = x | -B(y,f19(x)).  [clausify(56)].
bdy(x) = null | B(bdy(x),x).  [clausify(57)].
bdy(x) = null | -B(y,x) | P(y,bdy(x)).  [clausify(57)].
null != x | -P(x,x).  [clausify(58)].
P(x,x) | null = x.  [clausify(58)].
-P(x,x) | null != x.  [clausify(59)].
null = x | P(x,x).  [clausify(59)].
end_of_list.

formulas(demodulators).
end_of_list.

============================== PREDICATE ELIMINATION =================

Eliminating TPP/2
60 -TPP(x,y) | PP(x,y).  [clausify(26)].
61 TPP(c1,c2).  [clausify(1)].
Derived: PP(c1,c2).  [resolve(60,a,61,a)].
62 -TPP(x,y) | P(f8(x,y),x).  [clausify(26)].
Derived: P(f8(c1,c2),c1).  [resolve(62,a,61,a)].
63 -TPP(x,y) | B(f8(x,y),y).  [clausify(26)].
Derived: B(f8(c1,c2),c2).  [resolve(63,a,61,a)].
64 -PP(x,y) | -P(z,x) | -B(z,y) | TPP(x,y).  [clausify(26)].
Derived: -PP(x,y) | -P(z,x) | -B(z,y) | P(f8(x,y),x).  [resolve(64,d,62,a)].
Derived: -PP(x,y) | -P(z,x) | -B(z,y) | B(f8(x,y),y).  [resolve(64,d,63,a)].
65 -TPPI(x,y) | TPP(y,x).  [clausify(27)].
Derived: -TPPI(x,y) | PP(y,x).  [resolve(65,b,60,a)].
Derived: -TPPI(x,y) | P(f8(y,x),y).  [resolve(65,b,62,a)].
Derived: -TPPI(x,y) | B(f8(y,x),x).  [resolve(65,b,63,a)].
66 -TPP(x,y) | TPPI(y,x).  [clausify(27)].
Derived: TPPI(c2,c1).  [resolve(66,a,61,a)].
Derived: TPPI(x,y) | -PP(y,x) | -P(z,y) | -B(z,x).  [resolve(66,a,64,d)].

Eliminating EC/2
67 -EC(x,y) | IMB(x,y).  [clausify(29)].
68 EC(c1,c2).  [clausify(1)].
Derived: IMB(c1,c2).  [resolve(67,a,68,a)].
69 -EC(x,y) | -P(z,x) | -P(z,y) | B(z,x).  [clausify(29)].
Derived: -P(x,c1) | -P(x,c2) | B(x,c1).  [resolve(69,a,68,a)].
70 -EC(x,y) | -P(z,x) | -P(z,y) | B(z,y).  [clausify(29)].
Derived: -P(x,c1) | -P(x,c2) | B(x,c2).  [resolve(70,a,68,a)].
71 -IMB(x,y) | P(f10(x,y),x) | EC(x,y).  [clausify(29)].
Derived: -IMB(x,y) | P(f10(x,y),x) | -P(z,x) | -P(z,y) | B(z,x).  [resolve(71,c,69,a)].
Derived: -IMB(x,y) | P(f10(x,y),x) | -P(z,x) | -P(z,y) | B(z,y).  [resolve(71,c,70,a)].
72 -IMB(x,y) | P(f10(x,y),y) | EC(x,y).  [clausify(29)].
Derived: -IMB(x,y) | P(f10(x,y),y) | -P(z,x) | -P(z,y) | B(z,x).  [resolve(72,c,69,a)].
Derived: -IMB(x,y) | P(f10(x,y),y) | -P(z,x) | -P(z,y) | B(z,y).  [resolve(72,c,70,a)].
73 -IMB(x,y) | -B(f10(x,y),x) | -B(f10(x,y),y) | EC(x,y).  [clausify(29)].
Derived: -IMB(x,y) | -B(f10(x,y),x) | -B(f10(x,y),y) | -P(z,x) | -P(z,y) | B(z,x).  [resolve(73,d,69,a)].
Derived: -IMB(x,y) | -B(f10(x,y),x) | -B(f10(x,y),y) | -P(z,x) | -P(z,y) | B(z,y).  [resolve(73,d,70,a)].
74 -IC(x,y) | -EC(x,y).  [clausify(30)].
Derived: -IC(c1,c2).  [resolve(74,b,68,a)].
Derived: -IC(x,y) | -IMB(x,y) | P(f10(x,y),x).  [resolve(74,b,71,c)].
Derived: -IC(x,y) | -IMB(x,y) | P(f10(x,y),y).  [resolve(74,b,72,c)].
Derived: -IC(x,y) | -IMB(x,y) | -B(f10(x,y),x) | -B(f10(x,y),y).  [resolve(74,b,73,d)].
75 -IMB(x,y) | EC(x,y) | I(f11(x,y),x) | IC(x,y).  [clausify(30)].
Derived: -IMB(x,y) | I(f11(x,y),x) | IC(x,y) | -P(z,x) | -P(z,y) | B(z,x).  [resolve(75,b,69,a)].
Derived: -IMB(x,y) | I(f11(x,y),x) | IC(x,y) | -P(z,x) | -P(z,y) | B(z,y).  [resolve(75,b,70,a)].
76 -IMB(x,y) | EC(x,y) | I(f11(x,y),y) | IC(x,y).  [clausify(30)].
Derived: -IMB(x,y) | I(f11(x,y),y) | IC(x,y) | -P(z,x) | -P(z,y) | B(z,x).  [resolve(76,b,69,a)].
Derived: -IMB(x,y) | I(f11(x,y),y) | IC(x,y) | -P(z,x) | -P(z,y) | B(z,y).  [resolve(76,b,70,a)].
77 B(f13(x),x) | -EC(y,x).  [clausify(32)].
Derived: B(f13(c2),c2).  [resolve(77,b,68,a)].
Derived: B(f13(x),x) | -IMB(y,x) | P(f10(y,x),y).  [resolve(77,b,71,c)].
Derived: B(f13(x),x) | -IMB(y,x) | P(f10(y,x),x).  [resolve(77,b,72,c)].
Derived: B(f13(x),x) | -IMB(y,x) | -B(f10(y,x),y) | -B(f10(y,x),x).  [resolve(77,b,73,d)].
Derived: B(f13(x),x) | -IMB(y,x) | I(f11(y,x),y) | IC(y,x).  [resolve(77,b,75,b)].
Derived: B(f13(x),x) | -IMB(y,x) | I(f11(y,x),x) | IC(y,x).  [resolve(77,b,76,b)].

Eliminating PI/2
78 -P(x,y) | PI(y,x).  [clausify(6)].
79 -PI(x,y) | P(y,x).  [clausify(6)].

Eliminating PP/2
80 -P(x,y) | P(y,x) | PP(x,y).  [clausify(12)].
81 -PP(x,y) | P(f2(x,y),y).  [clausify(7)].
82 -PP(x,y) | D(f2(x,y),x).  [clausify(7)].
83 -PP(x,y) | P(x,y).  [clausify(12)].
84 -PP(x,y) | -P(y,x).  [clausify(12)].
Derived: -P(x,y) | P(y,x) | P(f2(x,y),y).  [resolve(80,c,81,a)].
Derived: -P(x,y) | P(y,x) | D(f2(x,y),x).  [resolve(80,c,82,a)].
85 -PPI(x,y) | PP(y,x).  [clausify(13)].
Derived: -PPI(x,y) | P(f2(y,x),x).  [resolve(85,b,81,a)].
Derived: -PPI(x,y) | D(f2(y,x),y).  [resolve(85,b,82,a)].
Derived: -PPI(x,y) | P(y,x).  [resolve(85,b,83,a)].
Derived: -PPI(x,y) | -P(x,y).  [resolve(85,b,84,a)].
86 -PP(x,y) | PPI(y,x).  [clausify(13)].
Derived: PPI(x,y) | -P(y,x) | P(x,y).  [resolve(86,a,80,c)].
87 -B(x,y) | PP(x,y).  [clausify(17)].
Derived: -B(x,y) | P(f2(x,y),y).  [resolve(87,b,81,a)].
Derived: -B(x,y) | D(f2(x,y),x).  [resolve(87,b,82,a)].
Derived: -B(x,y) | P(x,y).  [resolve(87,b,83,a)].
Derived: -B(x,y) | -P(y,x).  [resolve(87,b,84,a)].
Derived: -B(x,y) | PPI(y,x).  [resolve(87,b,86,a)].
88 -PP(x,y) | B(f17(x,y),y) | IP(x,y).  [clausify(38)].
Derived: B(f17(x,y),y) | IP(x,y) | -P(x,y) | P(y,x).  [resolve(88,a,80,c)].
Derived: B(f17(x,y),y) | IP(x,y) | -PPI(y,x).  [resolve(88,a,85,b)].
Derived: B(f17(x,y),y) | IP(x,y) | -B(x,y).  [resolve(88,a,87,b)].
89 PP(c1,c2).  [resolve(60,a,61,a)].
Derived: P(f2(c1,c2),c2).  [resolve(89,a,81,a)].
Derived: D(f2(c1,c2),c1).  [resolve(89,a,82,a)].
Derived: P(c1,c2).  [resolve(89,a,83,a)].
Derived: -P(c2,c1).  [resolve(89,a,84,a)].
Derived: PPI(c2,c1).  [resolve(89,a,86,a)].
Derived: B(f17(c1,c2),c2) | IP(c1,c2).  [resolve(89,a,88,a)].
90 -PP(x,y) | -P(z,x) | -B(z,y) | P(f8(x,y),x).  [resolve(64,d,62,a)].
Derived: -P(x,y) | -B(x,z) | P(f8(y,z),y) | -P(y,z) | P(z,y).  [resolve(90,a,80,c)].
Derived: -P(x,y) | -B(x,z) | P(f8(y,z),y) | -PPI(z,y).  [resolve(90,a,85,b)].
Derived: -P(x,y) | -B(x,z) | P(f8(y,z),y) | -B(y,z).  [resolve(90,a,87,b)].
Derived: -P(x,c1) | -B(x,c2) | P(f8(c1,c2),c1).  [resolve(90,a,89,a)].
91 -PP(x,y) | -P(z,x) | -B(z,y) | B(f8(x,y),y).  [resolve(64,d,63,a)].
Derived: -P(x,y) | -B(x,z) | B(f8(y,z),z) | -P(y,z) | P(z,y).  [resolve(91,a,80,c)].
Derived: -P(x,y) | -B(x,z) | B(f8(y,z),z) | -PPI(z,y).  [resolve(91,a,85,b)].
Derived: -P(x,y) | -B(x,z) | B(f8(y,z),z) | -B(y,z).  [resolve(91,a,87,b)].
Derived: -P(x,c1) | -B(x,c2) | B(f8(c1,c2),c2).  [resolve(91,a,89,a)].
92 -TPPI(x,y) | PP(y,x).  [resolve(65,b,60,a)].
Derived: -TPPI(x,y) | P(f2(y,x),x).  [resolve(92,b,81,a)].
Derived: -TPPI(x,y) | D(f2(y,x),y).  [resolve(92,b,82,a)].
Derived: -TPPI(x,y) | P(y,x).  [resolve(92,b,83,a)].
Derived: -TPPI(x,y) | -P(x,y).  [resolve(92,b,84,a)].
Derived: -TPPI(x,y) | PPI(x,y).  [resolve(92,b,86,a)].
Derived: -TPPI(x,y) | B(f17(y,x),x) | IP(y,x).  [resolve(92,b,88,a)].
93 TPPI(x,y) | -PP(y,x) | -P(z,y) | -B(z,x).  [resolve(66,a,64,d)].
Derived: TPPI(x,y) | -P(z,y) | -B(z,x) | -P(y,x) | P(x,y).  [resolve(93,b,80,c)].
Derived: TPPI(x,y) | -P(z,y) | -B(z,x) | -PPI(x,y).  [resolve(93,b,85,b)].
Derived: TPPI(x,y) | -P(z,y) | -B(z,x) | -B(y,x).  [resolve(93,b,87,b)].
Derived: TPPI(c2,c1) | -P(x,c1) | -B(x,c2).  [resolve(93,b,89,a)].

Eliminating Point/1
94 null = x | P(f4(x),x) | Point(x).  [clausify(11)].
95 -Point(x) | null != x.  [clausify(11)].
96 -Point(x) | -P(y,x) | EQ(x,y).  [clausify(11)].
Derived: null = x | P(f4(x),x) | -P(y,x) | EQ(x,y).  [resolve(94,c,96,a)].
97 null = x | -EQ(x,f4(x)) | Point(x).  [clausify(11)].
Derived: null = x | -EQ(x,f4(x)) | -P(y,x) | EQ(x,y).  [resolve(97,c,96,a)].

Eliminating IMB/2
98 -O(x,y) | P(x,y) | P(y,x) | IMB(x,y).  [clausify(21)].
99 -IMB(x,y) | O(x,y).  [clausify(21)].
100 -IMB(x,y) | -P(x,y).  [clausify(21)].
101 -IMB(x,y) | -P(y,x).  [clausify(21)].
102 -OV(x,y) | IMB(x,y).  [clausify(28)].
Derived: -OV(x,y) | O(x,y).  [resolve(102,b,99,a)].
Derived: -OV(x,y) | -P(x,y).  [resolve(102,b,100,a)].
Derived: -OV(x,y) | -P(y,x).  [resolve(102,b,101,a)].
103 -IMB(x,y) | -I(z,x) | -I(z,y) | OV(x,y).  [clausify(28)].
Derived: -I(x,y) | -I(x,z) | OV(y,z) | -O(y,z) | P(y,z) | P(z,y).  [resolve(103,a,98,d)].
104 -IC(x,y) | IMB(x,y).  [clausify(30)].
Derived: -IC(x,y) | O(x,y).  [resolve(104,b,99,a)].
Derived: -IC(x,y) | -P(x,y).  [resolve(104,b,100,a)].
Derived: -IC(x,y) | -P(y,x).  [resolve(104,b,101,a)].
105 IMB(c1,c2).  [resolve(67,a,68,a)].
Derived: O(c1,c2).  [resolve(105,a,99,a)].
Derived: -P(c1,c2).  [resolve(105,a,100,a)].
Derived: -I(x,c1) | -I(x,c2) | OV(c1,c2).  [resolve(105,a,103,a)].
106 -IMB(x,y) | P(f10(x,y),x) | -P(z,x) | -P(z,y) | B(z,x).  [resolve(71,c,69,a)].
Derived: P(f10(x,y),x) | -P(z,x) | -P(z,y) | B(z,x) | -O(x,y) | P(x,y) | P(y,x).  [resolve(106,a,98,d)].
Derived: P(f10(x,y),x) | -P(z,x) | -P(z,y) | B(z,x) | -OV(x,y).  [resolve(106,a,102,b)].
Derived: P(f10(x,y),x) | -P(z,x) | -P(z,y) | B(z,x) | -IC(x,y).  [resolve(106,a,104,b)].
Derived: P(f10(c1,c2),c1) | -P(x,c1) | -P(x,c2) | B(x,c1).  [resolve(106,a,105,a)].
107 -IMB(x,y) | P(f10(x,y),x) | -P(z,x) | -P(z,y) | B(z,y).  [resolve(71,c,70,a)].
Derived: P(f10(x,y),x) | -P(z,x) | -P(z,y) | B(z,y) | -O(x,y) | P(x,y) | P(y,x).  [resolve(107,a,98,d)].
Derived: P(f10(x,y),x) | -P(z,x) | -P(z,y) | B(z,y) | -OV(x,y).  [resolve(107,a,102,b)].
Derived: P(f10(x,y),x) | -P(z,x) | -P(z,y) | B(z,y) | -IC(x,y).  [resolve(107,a,104,b)].
Derived: P(f10(c1,c2),c1) | -P(x,c1) | -P(x,c2) | B(x,c2).  [resolve(107,a,105,a)].
108 -IMB(x,y) | P(f10(x,y),y) | -P(z,x) | -P(z,y) | B(z,x).  [resolve(72,c,69,a)].
Derived: P(f10(x,y),y) | -P(z,x) | -P(z,y) | B(z,x) | -O(x,y) | P(x,y) | P(y,x).  [resolve(108,a,98,d)].
Derived: P(f10(x,y),y) | -P(z,x) | -P(z,y) | B(z,x) | -OV(x,y).  [resolve(108,a,102,b)].
Derived: P(f10(x,y),y) | -P(z,x) | -P(z,y) | B(z,x) | -IC(x,y).  [resolve(108,a,104,b)].
Derived: P(f10(c1,c2),c2) | -P(x,c1) | -P(x,c2) | B(x,c1).  [resolve(108,a,105,a)].
109 -IMB(x,y) | P(f10(x,y),y) | -P(z,x) | -P(z,y) | B(z,y).  [resolve(72,c,70,a)].
Derived: P(f10(x,y),y) | -P(z,x) | -P(z,y) | B(z,y) | -O(x,y) | P(x,y) | P(y,x).  [resolve(109,a,98,d)].
Derived: P(f10(x,y),y) | -P(z,x) | -P(z,y) | B(z,y) | -OV(x,y).  [resolve(109,a,102,b)].
Derived: P(f10(x,y),y) | -P(z,x) | -P(z,y) | B(z,y) | -IC(x,y).  [resolve(109,a,104,b)].
Derived: P(f10(c1,c2),c2) | -P(x,c1) | -P(x,c2) | B(x,c2).  [resolve(109,a,105,a)].
110 -IMB(x,y) | -B(f10(x,y),x) | -B(f10(x,y),y) | -P(z,x) | -P(z,y) | B(z,x).  [resolve(73,d,69,a)].
Derived: -B(f10(x,y),x) | -B(f10(x,y),y) | -P(z,x) | -P(z,y) | B(z,x) | -O(x,y) | P(x,y) | P(y,x).  [resolve(110,a,98,d)].
Derived: -B(f10(x,y),x) | -B(f10(x,y),y) | -P(z,x) | -P(z,y) | B(z,x) | -OV(x,y).  [resolve(110,a,102,b)].
Derived: -B(f10(x,y),x) | -B(f10(x,y),y) | -P(z,x) | -P(z,y) | B(z,x) | -IC(x,y).  [resolve(110,a,104,b)].
Derived: -B(f10(c1,c2),c1) | -B(f10(c1,c2),c2) | -P(x,c1) | -P(x,c2) | B(x,c1).  [resolve(110,a,105,a)].
111 -IMB(x,y) | -B(f10(x,y),x) | -B(f10(x,y),y) | -P(z,x) | -P(z,y) | B(z,y).  [resolve(73,d,70,a)].
Derived: -B(f10(x,y),x) | -B(f10(x,y),y) | -P(z,x) | -P(z,y) | B(z,y) | -O(x,y) | P(x,y) | P(y,x).  [resolve(111,a,98,d)].
Derived: -B(f10(x,y),x) | -B(f10(x,y),y) | -P(z,x) | -P(z,y) | B(z,y) | -OV(x,y).  [resolve(111,a,102,b)].
Derived: -B(f10(x,y),x) | -B(f10(x,y),y) | -P(z,x) | -P(z,y) | B(z,y) | -IC(x,y).  [resolve(111,a,104,b)].
Derived: -B(f10(c1,c2),c1) | -B(f10(c1,c2),c2) | -P(x,c1) | -P(x,c2) | B(x,c2).  [resolve(111,a,105,a)].
112 -IC(x,y) | -IMB(x,y) | P(f10(x,y),x).  [resolve(74,b,71,c)].
Derived: -IC(x,y) | P(f10(x,y),x) | -O(x,y) | P(x,y) | P(y,x).  [resolve(112,b,98,d)].
Derived: -IC(x,y) | P(f10(x,y),x) | -OV(x,y).  [resolve(112,b,102,b)].
Derived: -IC(x,y) | P(f10(x,y),x) | -IC(x,y).  [resolve(112,b,104,b)].
113 -IC(x,y) | -IMB(x,y) | P(f10(x,y),y).  [resolve(74,b,72,c)].
Derived: -IC(x,y) | P(f10(x,y),y) | -O(x,y) | P(x,y) | P(y,x).  [resolve(113,b,98,d)].
Derived: -IC(x,y) | P(f10(x,y),y) | -OV(x,y).  [resolve(113,b,102,b)].
Derived: -IC(x,y) | P(f10(x,y),y) | -IC(x,y).  [resolve(113,b,104,b)].
114 -IC(x,y) | -IMB(x,y) | -B(f10(x,y),x) | -B(f10(x,y),y).  [resolve(74,b,73,d)].
Derived: -IC(x,y) | -B(f10(x,y),x) | -B(f10(x,y),y) | -O(x,y) | P(x,y) | P(y,x).  [resolve(114,b,98,d)].
Derived: -IC(x,y) | -B(f10(x,y),x) | -B(f10(x,y),y) | -OV(x,y).  [resolve(114,b,102,b)].
Derived: -IC(x,y) | -B(f10(x,y),x) | -B(f10(x,y),y) | -IC(x,y).  [resolve(114,b,104,b)].
115 -IMB(x,y) | I(f11(x,y),x) | IC(x,y) | -P(z,x) | -P(z,y) | B(z,x).  [resolve(75,b,69,a)].
Derived: I(f11(x,y),x) | IC(x,y) | -P(z,x) | -P(z,y) | B(z,x) | -O(x,y) | P(x,y) | P(y,x).  [resolve(115,a,98,d)].
Derived: I(f11(x,y),x) | IC(x,y) | -P(z,x) | -P(z,y) | B(z,x) | -OV(x,y).  [resolve(115,a,102,b)].
Derived: I(f11(c1,c2),c1) | IC(c1,c2) | -P(x,c1) | -P(x,c2) | B(x,c1).  [resolve(115,a,105,a)].
116 -IMB(x,y) | I(f11(x,y),x) | IC(x,y) | -P(z,x) | -P(z,y) | B(z,y).  [resolve(75,b,70,a)].
Derived: I(f11(x,y),x) | IC(x,y) | -P(z,x) | -P(z,y) | B(z,y) | -O(x,y) | P(x,y) | P(y,x).  [resolve(116,a,98,d)].
Derived: I(f11(x,y),x) | IC(x,y) | -P(z,x) | -P(z,y) | B(z,y) | -OV(x,y).  [resolve(116,a,102,b)].
Derived: I(f11(c1,c2),c1) | IC(c1,c2) | -P(x,c1) | -P(x,c2) | B(x,c2).  [resolve(116,a,105,a)].
117 -IMB(x,y) | I(f11(x,y),y) | IC(x,y) | -P(z,x) | -P(z,y) | B(z,x).  [resolve(76,b,69,a)].
Derived: I(f11(x,y),y) | IC(x,y) | -P(z,x) | -P(z,y) | B(z,x) | -O(x,y) | P(x,y) | P(y,x).  [resolve(117,a,98,d)].
Derived: I(f11(x,y),y) | IC(x,y) | -P(z,x) | -P(z,y) | B(z,x) | -OV(x,y).  [resolve(117,a,102,b)].
Derived: I(f11(c1,c2),c2) | IC(c1,c2) | -P(x,c1) | -P(x,c2) | B(x,c1).  [resolve(117,a,105,a)].
118 -IMB(x,y) | I(f11(x,y),y) | IC(x,y) | -P(z,x) | -P(z,y) | B(z,y).  [resolve(76,b,70,a)].
Derived: I(f11(x,y),y) | IC(x,y) | -P(z,x) | -P(z,y) | B(z,y) | -O(x,y) | P(x,y) | P(y,x).  [resolve(118,a,98,d)].
Derived: I(f11(x,y),y) | IC(x,y) | -P(z,x) | -P(z,y) | B(z,y) | -OV(x,y).  [resolve(118,a,102,b)].
Derived: I(f11(c1,c2),c2) | IC(c1,c2) | -P(x,c1) | -P(x,c2) | B(x,c2).  [resolve(118,a,105,a)].
119 B(f13(x),x) | -IMB(y,x) | P(f10(y,x),y).  [resolve(77,b,71,c)].
Derived: B(f13(x),x) | P(f10(y,x),y) | -O(y,x) | P(y,x) | P(x,y).  [resolve(119,b,98,d)].
Derived: B(f13(x),x) | P(f10(y,x),y) | -OV(y,x).  [resolve(119,b,102,b)].
Derived: B(f13(c2),c2) | P(f10(c1,c2),c1).  [resolve(119,b,105,a)].
120 B(f13(x),x) | -IMB(y,x) | P(f10(y,x),x).  [resolve(77,b,72,c)].
Derived: B(f13(x),x) | P(f10(y,x),x) | -O(y,x) | P(y,x) | P(x,y).  [resolve(120,b,98,d)].
Derived: B(f13(x),x) | P(f10(y,x),x) | -OV(y,x).  [resolve(120,b,102,b)].
Derived: B(f13(c2),c2) | P(f10(c1,c2),c2).  [resolve(120,b,105,a)].
121 B(f13(x),x) | -IMB(y,x) | -B(f10(y,x),y) | -B(f10(y,x),x).  [resolve(77,b,73,d)].
Derived: B(f13(x),x) | -B(f10(y,x),y) | -B(f10(y,x),x) | -O(y,x) | P(y,x) | P(x,y).  [resolve(121,b,98,d)].
Derived: B(f13(x),x) | -B(f10(y,x),y) | -B(f10(y,x),x) | -OV(y,x).  [resolve(121,b,102,b)].
Derived: B(f13(c2),c2) | -B(f10(c1,c2),c1) | -B(f10(c1,c2),c2).  [resolve(121,b,105,a)].
122 B(f13(x),x) | -IMB(y,x) | I(f11(y,x),y) | IC(y,x).  [resolve(77,b,75,b)].
Derived: B(f13(x),x) | I(f11(y,x),y) | IC(y,x) | -O(y,x) | P(y,x) | P(x,y).  [resolve(122,b,98,d)].
Derived: B(f13(x),x) | I(f11(y,x),y) | IC(y,x) | -OV(y,x).  [resolve(122,b,102,b)].
Derived: B(f13(c2),c2) | I(f11(c1,c2),c1) | IC(c1,c2).  [resolve(122,b,105,a)].
123 B(f13(x),x) | -IMB(y,x) | I(f11(y,x),x) | IC(y,x).  [resolve(77,b,76,b)].
Derived: B(f13(x),x) | I(f11(y,x),x) | IC(y,x) | -O(y,x) | P(y,x) | P(x,y).  [resolve(123,b,98,d)].
Derived: B(f13(x),x) | I(f11(y,x),x) | IC(y,x) | -OV(y,x).  [resolve(123,b,102,b)].
Derived: B(f13(c2),c2) | I(f11(c1,c2),c2) | IC(c1,c2).  [resolve(123,b,105,a)].

Eliminating II/2
124 -I(x,y) | II(y,x).  [clausify(23)].
125 -II(x,y) | I(y,x).  [clausify(23)].

Eliminating IP/2
126 B(f7(x,y),y) | -I(x,y) | I(y,x) | IP(x,y).  [clausify(24)].
127 -IP(x,y) | -B(z,y).  [clausify(24)].
128 -IP(x,y) | I(x,y).  [clausify(24)].
129 -IP(x,y) | -I(y,x).  [clausify(24)].
Derived: B(f7(x,y),y) | -I(x,y) | I(y,x) | -B(z,y).  [resolve(126,d,127,a)].
130 -IPI(x,y) | IP(y,x).  [clausify(25)].
Derived: -IPI(x,y) | -B(z,x).  [resolve(130,b,127,a)].
Derived: -IPI(x,y) | I(y,x).  [resolve(130,b,128,a)].
Derived: -IPI(x,y) | -I(x,y).  [resolve(130,b,129,a)].
131 -IP(x,y) | IPI(y,x).  [clausify(25)].
Derived: IPI(x,y) | B(f7(y,x),x) | -I(y,x) | I(x,y).  [resolve(131,a,126,d)].
132 B(f17(x,y),y) | IP(x,y) | -P(x,y) | P(y,x).  [resolve(88,a,80,c)].
Derived: B(f17(x,y),y) | -P(x,y) | P(y,x) | -B(z,y).  [resolve(132,b,127,a)].
Derived: B(f17(x,y),y) | -P(x,y) | P(y,x) | I(x,y).  [resolve(132,b,128,a)].
Derived: B(f17(x,y),y) | -P(x,y) | P(y,x) | -I(y,x).  [resolve(132,b,129,a)].
Derived: B(f17(x,y),y) | -P(x,y) | P(y,x) | IPI(y,x).  [resolve(132,b,131,a)].
133 B(f17(x,y),y) | IP(x,y) | -PPI(y,x).  [resolve(88,a,85,b)].
Derived: B(f17(x,y),y) | -PPI(y,x) | -B(z,y).  [resolve(133,b,127,a)].
Derived: B(f17(x,y),y) | -PPI(y,x) | I(x,y).  [resolve(133,b,128,a)].
Derived: B(f17(x,y),y) | -PPI(y,x) | -I(y,x).  [resolve(133,b,129,a)].
Derived: B(f17(x,y),y) | -PPI(y,x) | IPI(y,x).  [resolve(133,b,131,a)].
134 B(f17(x,y),y) | IP(x,y) | -B(x,y).  [resolve(88,a,87,b)].
Derived: B(f17(x,y),y) | -B(x,y) | -B(z,y).  [resolve(134,b,127,a)].
135 B(f17(c1,c2),c2) | IP(c1,c2).  [resolve(89,a,88,a)].
Derived: B(f17(c1,c2),c2) | -B(x,c2).  [resolve(135,b,127,a)].
Derived: B(f17(c1,c2),c2) | I(c1,c2).  [resolve(135,b,128,a)].
Derived: B(f17(c1,c2),c2) | -I(c2,c1).  [resolve(135,b,129,a)].
Derived: B(f17(c1,c2),c2) | IPI(c2,c1).  [resolve(135,b,131,a)].
136 -TPPI(x,y) | B(f17(y,x),x) | IP(y,x).  [resolve(92,b,88,a)].
Derived: -TPPI(x,y) | B(f17(y,x),x) | -B(z,x).  [resolve(136,c,127,a)].
Derived: -TPPI(x,y) | B(f17(y,x),x) | I(y,x).  [resolve(136,c,128,a)].
Derived: -TPPI(x,y) | B(f17(y,x),x) | -I(x,y).  [resolve(136,c,129,a)].
Derived: -TPPI(x,y) | B(f17(y,x),x) | IPI(x,y).  [resolve(136,c,131,a)].

Eliminating OV/2
137 -I(x,y) | -I(x,z) | OV(y,z) | -O(y,z) | P(y,z) | P(z,y).  [resolve(103,a,98,d)].
138 -OV(x,y) | I(f9(x,y),x).  [clausify(28)].
139 -OV(x,y) | I(f9(x,y),y).  [clausify(28)].
140 -OV(x,y) | O(x,y).  [resolve(102,b,99,a)].
141 -OV(x,y) | -P(x,y).  [resolve(102,b,100,a)].
142 -OV(x,y) | -P(y,x).  [resolve(102,b,101,a)].
Derived: -I(x,y) | -I(x,z) | -O(y,z) | P(y,z) | P(z,y) | I(f9(y,z),y).  [resolve(137,c,138,a)].
Derived: -I(x,y) | -I(x,z) | -O(y,z) | P(y,z) | P(z,y) | I(f9(y,z),z).  [resolve(137,c,139,a)].
143 -I(x,c1) | -I(x,c2) | OV(c1,c2).  [resolve(105,a,103,a)].
Derived: -I(x,c1) | -I(x,c2) | I(f9(c1,c2),c1).  [resolve(143,c,138,a)].
Derived: -I(x,c1) | -I(x,c2) | I(f9(c1,c2),c2).  [resolve(143,c,139,a)].
Derived: -I(x,c1) | -I(x,c2) | O(c1,c2).  [resolve(143,c,140,a)].
Derived: -I(x,c1) | -I(x,c2) | -P(c1,c2).  [resolve(143,c,141,a)].
Derived: -I(x,c1) | -I(x,c2) | -P(c2,c1).  [resolve(143,c,142,a)].
144 P(f10(x,y),x) | -P(z,x) | -P(z,y) | B(z,x) | -OV(x,y).  [resolve(106,a,102,b)].
Derived: P(f10(x,y),x) | -P(z,x) | -P(z,y) | B(z,x) | -I(u,x) | -I(u,y) | -O(x,y) | P(x,y) | P(y,x).  [resolve(144,e,137,c)].
145 P(f10(x,y),x) | -P(z,x) | -P(z,y) | B(z,y) | -OV(x,y).  [resolve(107,a,102,b)].
Derived: P(f10(x,y),x) | -P(z,x) | -P(z,y) | B(z,y) | -I(u,x) | -I(u,y) | -O(x,y) | P(x,y) | P(y,x).  [resolve(145,e,137,c)].
146 P(f10(x,y),y) | -P(z,x) | -P(z,y) | B(z,x) | -OV(x,y).  [resolve(108,a,102,b)].
Derived: P(f10(x,y),y) | -P(z,x) | -P(z,y) | B(z,x) | -I(u,x) | -I(u,y) | -O(x,y) | P(x,y) | P(y,x).  [resolve(146,e,137,c)].
147 P(f10(x,y),y) | -P(z,x) | -P(z,y) | B(z,y) | -OV(x,y).  [resolve(109,a,102,b)].
Derived: P(f10(x,y),y) | -P(z,x) | -P(z,y) | B(z,y) | -I(u,x) | -I(u,y) | -O(x,y) | P(x,y) | P(y,x).  [resolve(147,e,137,c)].
148 -B(f10(x,y),x) | -B(f10(x,y),y) | -P(z,x) | -P(z,y) | B(z,x) | -OV(x,y).  [resolve(110,a,102,b)].
Derived: -B(f10(x,y),x) | -B(f10(x,y),y) | -P(z,x) | -P(z,y) | B(z,x) | -I(u,x) | -I(u,y) | -O(x,y) | P(x,y) | P(y,x).  [resolve(148,f,137,c)].
149 -B(f10(x,y),x) | -B(f10(x,y),y) | -P(z,x) | -P(z,y) | B(z,y) | -OV(x,y).  [resolve(111,a,102,b)].
Derived: -B(f10(x,y),x) | -B(f10(x,y),y) | -P(z,x) | -P(z,y) | B(z,y) | -I(u,x) | -I(u,y) | -O(x,y) | P(x,y) | P(y,x).  [resolve(149,f,137,c)].
150 -IC(x,y) | P(f10(x,y),x) | -OV(x,y).  [resolve(112,b,102,b)].
151 -IC(x,y) | P(f10(x,y),y) | -OV(x,y).  [resolve(113,b,102,b)].
152 -IC(x,y) | -B(f10(x,y),x) | -B(f10(x,y),y) | -OV(x,y).  [resolve(114,b,102,b)].
153 I(f11(x,y),x) | IC(x,y) | -P(z,x) | -P(z,y) | B(z,x) | -OV(x,y).  [resolve(115,a,102,b)].
Derived: I(f11(x,y),x) | IC(x,y) | -P(z,x) | -P(z,y) | B(z,x) | -I(u,x) | -I(u,y) | -O(x,y) | P(x,y) | P(y,x).  [resolve(153,f,137,c)].
154 I(f11(x,y),x) | IC(x,y) | -P(z,x) | -P(z,y) | B(z,y) | -OV(x,y).  [resolve(116,a,102,b)].
Derived: I(f11(x,y),x) | IC(x,y) | -P(z,x) | -P(z,y) | B(z,y) | -I(u,x) | -I(u,y) | -O(x,y) | P(x,y) | P(y,x).  [resolve(154,f,137,c)].
155 I(f11(x,y),y) | IC(x,y) | -P(z,x) | -P(z,y) | B(z,x) | -OV(x,y).  [resolve(117,a,102,b)].
Derived: I(f11(x,y),y) | IC(x,y) | -P(z,x) | -P(z,y) | B(z,x) | -I(u,x) | -I(u,y) | -O(x,y) | P(x,y) | P(y,x).  [resolve(155,f,137,c)].
156 I(f11(x,y),y) | IC(x,y) | -P(z,x) | -P(z,y) | B(z,y) | -OV(x,y).  [resolve(118,a,102,b)].
Derived: I(f11(x,y),y) | IC(x,y) | -P(z,x) | -P(z,y) | B(z,y) | -I(u,x) | -I(u,y) | -O(x,y) | P(x,y) | P(y,x).  [resolve(156,f,137,c)].
157 B(f13(x),x) | P(f10(y,x),y) | -OV(y,x).  [resolve(119,b,102,b)].
Derived: B(f13(x),x) | P(f10(y,x),y) | -I(z,y) | -I(z,x) | -O(y,x) | P(y,x) | P(x,y).  [resolve(157,c,137,c)].
158 B(f13(x),x) | P(f10(y,x),x) | -OV(y,x).  [resolve(120,b,102,b)].
Derived: B(f13(x),x) | P(f10(y,x),x) | -I(z,y) | -I(z,x) | -O(y,x) | P(y,x) | P(x,y).  [resolve(158,c,137,c)].
159 B(f13(x),x) | -B(f10(y,x),y) | -B(f10(y,x),x) | -OV(y,x).  [resolve(121,b,102,b)].
Derived: B(f13(x),x) | -B(f10(y,x),y) | -B(f10(y,x),x) | -I(z,y) | -I(z,x) | -O(y,x) | P(y,x) | P(x,y).  [resolve(159,d,137,c)].
160 B(f13(x),x) | I(f11(y,x),y) | IC(y,x) | -OV(y,x).  [resolve(122,b,102,b)].
Derived: B(f13(x),x) | I(f11(y,x),y) | IC(y,x) | -I(z,y) | -I(z,x) | -O(y,x) | P(y,x) | P(x,y).  [resolve(160,d,137,c)].
161 B(f13(x),x) | I(f11(y,x),x) | IC(y,x) | -OV(y,x).  [resolve(123,b,102,b)].
Derived: B(f13(x),x) | I(f11(y,x),x) | IC(y,x) | -I(z,y) | -I(z,x) | -O(y,x) | P(y,x) | P(x,y).  [resolve(161,d,137,c)].

Eliminating TPPI/2
162 TPPI(c2,c1).  [resolve(66,a,61,a)].
163 -TPPI(x,y) | P(f8(y,x),y).  [resolve(65,b,62,a)].
164 -TPPI(x,y) | B(f8(y,x),x).  [resolve(65,b,63,a)].
Derived: P(f8(c1,c2),c1).  [resolve(162,a,163,a)].
Derived: B(f8(c1,c2),c2).  [resolve(162,a,164,a)].
165 -TPPI(x,y) | P(f2(y,x),x).  [resolve(92,b,81,a)].
Derived: P(f2(c1,c2),c2).  [resolve(165,a,162,a)].
166 -TPPI(x,y) | D(f2(y,x),y).  [resolve(92,b,82,a)].
Derived: D(f2(c1,c2),c1).  [resolve(166,a,162,a)].
167 -TPPI(x,y) | P(y,x).  [resolve(92,b,83,a)].
Derived: P(c1,c2).  [resolve(167,a,162,a)].
168 -TPPI(x,y) | -P(x,y).  [resolve(92,b,84,a)].
Derived: -P(c2,c1).  [resolve(168,a,162,a)].
169 -TPPI(x,y) | PPI(x,y).  [resolve(92,b,86,a)].
Derived: PPI(c2,c1).  [resolve(169,a,162,a)].
170 TPPI(x,y) | -P(z,y) | -B(z,x) | -P(y,x) | P(x,y).  [resolve(93,b,80,c)].
Derived: -P(x,y) | -B(x,z) | -P(y,z) | P(z,y) | P(f8(y,z),y).  [resolve(170,a,163,a)].
Derived: -P(x,y) | -B(x,z) | -P(y,z) | P(z,y) | B(f8(y,z),z).  [resolve(170,a,164,a)].
Derived: -P(x,y) | -B(x,z) | -P(y,z) | P(z,y) | P(f2(y,z),z).  [resolve(170,a,165,a)].
Derived: -P(x,y) | -B(x,z) | -P(y,z) | P(z,y) | D(f2(y,z),y).  [resolve(170,a,166,a)].
Derived: -P(x,y) | -B(x,z) | -P(y,z) | P(z,y) | PPI(z,y).  [resolve(170,a,169,a)].
171 TPPI(x,y) | -P(z,y) | -B(z,x) | -PPI(x,y).  [resolve(93,b,85,b)].
Derived: -P(x,y) | -B(x,z) | -PPI(z,y) | P(f8(y,z),y).  [resolve(171,a,163,a)].
Derived: -P(x,y) | -B(x,z) | -PPI(z,y) | B(f8(y,z),z).  [resolve(171,a,164,a)].
Derived: -P(x,y) | -B(x,z) | -PPI(z,y) | P(f2(y,z),z).  [resolve(171,a,165,a)].
Derived: -P(x,y) | -B(x,z) | -PPI(z,y) | D(f2(y,z),y).  [resolve(171,a,166,a)].
Derived: -P(x,y) | -B(x,z) | -PPI(z,y) | P(y,z).  [resolve(171,a,167,a)].
Derived: -P(x,y) | -B(x,z) | -PPI(z,y) | -P(z,y).  [resolve(171,a,168,a)].
172 TPPI(x,y) | -P(z,y) | -B(z,x) | -B(y,x).  [resolve(93,b,87,b)].
Derived: -P(x,y) | -B(x,z) | -B(y,z) | P(f8(y,z),y).  [resolve(172,a,163,a)].
Derived: -P(x,y) | -B(x,z) | -B(y,z) | B(f8(y,z),z).  [resolve(172,a,164,a)].
Derived: -P(x,y) | -B(x,z) | -B(y,z) | P(f2(y,z),z).  [resolve(172,a,165,a)].
Derived: -P(x,y) | -B(x,z) | -B(y,z) | D(f2(y,z),y).  [resolve(172,a,166,a)].
Derived: -P(x,y) | -B(x,z) | -B(y,z) | P(y,z).  [resolve(172,a,167,a)].
Derived: -P(x,y) | -B(x,z) | -B(y,z) | -P(z,y).  [resolve(172,a,168,a)].
Derived: -P(x,y) | -B(x,z) | -B(y,z) | PPI(z,y).  [resolve(172,a,169,a)].
173 TPPI(c2,c1) | -P(x,c1) | -B(x,c2).  [resolve(93,b,89,a)].
174 -TPPI(x,y) | B(f17(y,x),x) | -B(z,x).  [resolve(136,c,127,a)].
Derived: B(f17(c1,c2),c2) | -B(x,c2).  [resolve(174,a,162,a)].
Derived: B(f17(x,y),y) | -B(z,y) | -P(u,x) | -B(u,y) | -P(x,y) | P(y,x).  [resolve(174,a,170,a)].
Derived: B(f17(x,y),y) | -B(z,y) | -P(u,x) | -B(u,y) | -PPI(y,x).  [resolve(174,a,171,a)].
Derived: B(f17(x,y),y) | -B(z,y) | -P(u,x) | -B(u,y) | -B(x,y).  [resolve(174,a,172,a)].
175 -TPPI(x,y) | B(f17(y,x),x) | I(y,x).  [resolve(136,c,128,a)].
Derived: B(f17(c1,c2),c2) | I(c1,c2).  [resolve(175,a,162,a)].
176 -TPPI(x,y) | B(f17(y,x),x) | -I(x,y).  [resolve(136,c,129,a)].
Derived: B(f17(c1,c2),c2) | -I(c2,c1).  [resolve(176,a,162,a)].
177 -TPPI(x,y) | B(f17(y,x),x) | IPI(x,y).  [resolve(136,c,131,a)].
Derived: B(f17(c1,c2),c2) | IPI(c2,c1).  [resolve(177,a,162,a)].

Eliminating PPI/2
178 PPI(x,y) | -P(y,x) | P(x,y).  [resolve(86,a,80,c)].
179 -PPI(x,y) | P(f2(y,x),x).  [resolve(85,b,81,a)].
180 -PPI(x,y) | D(f2(y,x),y).  [resolve(85,b,82,a)].
181 -PPI(x,y) | P(y,x).  [resolve(85,b,83,a)].
182 -PPI(x,y) | -P(x,y).  [resolve(85,b,84,a)].
Derived: -P(x,y) | P(y,x) | P(f2(x,y),y).  [resolve(178,a,179,a)].
Derived: -P(x,y) | P(y,x) | D(f2(x,y),x).  [resolve(178,a,180,a)].
183 -B(x,y) | PPI(y,x).  [resolve(87,b,86,a)].
Derived: -B(x,y) | P(f2(x,y),y).  [resolve(183,b,179,a)].
Derived: -B(x,y) | D(f2(x,y),x).  [resolve(183,b,180,a)].
Derived: -B(x,y) | P(x,y).  [resolve(183,b,181,a)].
Derived: -B(x,y) | -P(y,x).  [resolve(183,b,182,a)].
184 PPI(c2,c1).  [resolve(89,a,86,a)].
185 -P(x,y) | -B(x,z) | P(f8(y,z),y) | -PPI(z,y).  [resolve(90,a,85,b)].
186 -P(x,y) | -B(x,z) | B(f8(y,z),z) | -PPI(z,y).  [resolve(91,a,85,b)].
187 B(f17(x,y),y) | -PPI(y,x) | -B(z,y).  [resolve(133,b,127,a)].
Derived: B(f17(x,y),y) | -B(z,y) | -P(x,y) | P(y,x).  [resolve(187,b,178,a)].
188 B(f17(x,y),y) | -PPI(y,x) | I(x,y).  [resolve(133,b,128,a)].
Derived: B(f17(x,y),y) | I(x,y) | -P(x,y) | P(y,x).  [resolve(188,b,178,a)].
189 B(f17(x,y),y) | -PPI(y,x) | -I(y,x).  [resolve(133,b,129,a)].
Derived: B(f17(x,y),y) | -I(y,x) | -P(x,y) | P(y,x).  [resolve(189,b,178,a)].
190 B(f17(x,y),y) | -PPI(y,x) | IPI(y,x).  [resolve(133,b,131,a)].
Derived: B(f17(x,y),y) | IPI(y,x) | -P(x,y) | P(y,x).  [resolve(190,b,178,a)].
191 PPI(c2,c1).  [resolve(169,a,162,a)].
Derived: P(f2(c1,c2),c2).  [resolve(191,a,179,a)].
Derived: D(f2(c1,c2),c1).  [resolve(191,a,180,a)].
Derived: P(c1,c2).  [resolve(191,a,181,a)].
Derived: -P(c2,c1).  [resolve(191,a,182,a)].
Derived: -P(x,c1) | -B(x,c2) | P(f8(c1,c2),c1).  [resolve(191,a,185,d)].
Derived: -P(x,c1) | -B(x,c2) | B(f8(c1,c2),c2).  [resolve(191,a,186,d)].
192 -P(x,y) | -B(x,z) | -P(y,z) | P(z,y) | PPI(z,y).  [resolve(170,a,169,a)].
Derived: -P(x,y) | -B(x,z) | -P(y,z) | P(z,y) | -P(u,y) | -B(u,z) | P(f8(y,z),y).  [resolve(192,e,185,d)].
Derived: -P(x,y) | -B(x,z) | -P(y,z) | P(z,y) | -P(u,y) | -B(u,z) | B(f8(y,z),z).  [resolve(192,e,186,d)].
193 -P(x,y) | -B(x,z) | -PPI(z,y) | P(f8(y,z),y).  [resolve(171,a,163,a)].
194 -P(x,y) | -B(x,z) | -PPI(z,y) | B(f8(y,z),z).  [resolve(171,a,164,a)].
195 -P(x,y) | -B(x,z) | -PPI(z,y) | P(f2(y,z),z).  [resolve(171,a,165,a)].
196 -P(x,y) | -B(x,z) | -PPI(z,y) | D(f2(y,z),y).  [resolve(171,a,166,a)].
197 -P(x,y) | -B(x,z) | -PPI(z,y) | P(y,z).  [resolve(171,a,167,a)].
198 -P(x,y) | -B(x,z) | -PPI(z,y) | -P(z,y).  [resolve(171,a,168,a)].
199 -P(x,y) | -B(x,z) | -B(y,z) | PPI(z,y).  [resolve(172,a,169,a)].
Derived: -P(x,y) | -B(x,z) | -B(y,z) | -P(u,y) | -B(u,z) | P(f8(y,z),y).  [resolve(199,d,185,d)].
Derived: -P(x,y) | -B(x,z) | -B(y,z) | -P(u,y) | -B(u,z) | B(f8(y,z),z).  [resolve(199,d,186,d)].
200 B(f17(x,y),y) | -B(z,y) | -P(u,x) | -B(u,y) | -PPI(y,x).  [resolve(174,a,171,a)].
Derived: B(f17(c1,c2),c2) | -B(x,c2) | -P(y,c1) | -B(y,c2).  [resolve(200,e,184,a)].

Eliminating IPI/2
201 IPI(x,y) | B(f7(y,x),x) | -I(y,x) | I(x,y).  [resolve(131,a,126,d)].
202 -IPI(x,y) | -B(z,x).  [resolve(130,b,127,a)].
203 -IPI(x,y) | I(y,x).  [resolve(130,b,128,a)].
204 -IPI(x,y) | -I(x,y).  [resolve(130,b,129,a)].
Derived: B(f7(x,y),y) | -I(x,y) | I(y,x) | -B(z,y).  [resolve(201,a,202,a)].
205 B(f17(x,y),y) | -P(x,y) | P(y,x) | IPI(y,x).  [resolve(132,b,131,a)].
206 B(f17(c1,c2),c2) | IPI(c2,c1).  [resolve(135,b,131,a)].
207 B(f17(c1,c2),c2) | IPI(c2,c1).  [resolve(177,a,162,a)].
Derived: B(f17(c1,c2),c2) | -B(x,c2).  [resolve(207,b,202,a)].
Derived: B(f17(c1,c2),c2) | I(c1,c2).  [resolve(207,b,203,a)].
Derived: B(f17(c1,c2),c2) | -I(c2,c1).  [resolve(207,b,204,a)].
208 B(f17(x,y),y) | IPI(y,x) | -P(x,y) | P(y,x).  [resolve(190,b,178,a)].
Derived: B(f17(x,y),y) | -P(x,y) | P(y,x) | -B(z,y).  [resolve(208,b,202,a)].
Derived: B(f17(x,y),y) | -P(x,y) | P(y,x) | I(x,y).  [resolve(208,b,203,a)].
Derived: B(f17(x,y),y) | -P(x,y) | P(y,x) | -I(y,x).  [resolve(208,b,204,a)].

============================== end predicate elimination =============

Auto_denials:  (non-Horn, no changes).

Term ordering decisions:
Predicate symbol precedence:  predicate_order([ =, P, B, I, O, IC, D, EQ ]).
Function symbol precedence:  function_order([ null, cuniversal, c1, c2, c3, c4, c5, sum, diff, prod, f2, f5, f6, f7, f8, f9, f10, f11, f14, f15, f16, f17, f18, compl, bdy, f1, f3, f4, f12, f13, f19 ]).
After inverse_order:  (no changes).
Unfolding symbols: (none).

Auto_inference settings:
  % set(paramodulation).  % (positive equality literals)
  % set(binary_resolution).  % (non-Horn)

Auto_process settings:
  % set(factor).  % (non-Horn)
  % set(unit_deletion).  % (non-Horn)

           209 null != c1.  [clausify(1)].
kept:      210 c1 != null.  [copy(209),flip(a)].
           211 null != c2.  [clausify(1)].
kept:      212 c2 != null.  [copy(211),flip(a)].
kept:      213 B(c3,c1).  [clausify(1)].
kept:      214 B(c4,c2).  [clausify(1)].
kept:      215 null = x | P(x,x).  [clausify(2)].
kept:      216 -P(x,y) | -P(y,x) | y = x.  [clausify(3)].
kept:      217 -P(x,y) | -P(y,z) | P(x,z).  [clausify(4)].
kept:      218 null != x | -P(y,x).  [clausify(5)].
kept:      219 null != x | -P(x,y).  [clausify(5)].
kept:      220 P(f1(x),x) | P(x,f1(x)) | null = x.  [clausify(5)].
kept:      221 null = x | P(x,c5).  [clausify(8)].
kept:      222 cuniversal != x | null = y | P(y,x).  [clausify(9)].
           223 null != f3(x) | cuniversal = x.  [clausify(9)].
kept:      224 f3(x) != null | cuniversal = x.  [copy(223),flip(a)].
kept:      225 -P(f3(x),x) | cuniversal = x.  [clausify(9)].
kept:      226 -B(x,cuniversal).  [clausify(10)].
kept:      227 -EQ(x,y) | P(y,x).  [clausify(14)].
kept:      228 -EQ(x,y) | P(x,y).  [clausify(14)].
kept:      229 -P(x,y) | -P(y,x) | EQ(y,x).  [clausify(14)].
kept:      230 -O(x,y) | P(f5(x,y),x).  [clausify(15)].
kept:      231 -O(x,y) | P(f5(x,y),y).  [clausify(15)].
kept:      232 -P(x,y) | -P(x,z) | O(y,z).  [clausify(15)].
kept:      233 -D(x,y) | -O(x,y).  [clausify(16)].
kept:      234 O(x,y) | D(x,y).  [clausify(16)].
kept:      235 -B(x,y) | -B(y,z) | B(x,z).  [clausify(18)].
kept:      236 -P(x,y) | -B(y,z) | B(x,z).  [clausify(19)].
kept:      237 -B(x,y) | -P(y,z) | P(x,z).  [clausify(20)].
kept:      238 -I(x,y) | P(x,y).  [clausify(22)].
kept:      239 -I(x,y) | -B(z,y) | D(z,x).  [clausify(22)].
kept:      240 -P(x,y) | B(f6(x,y),y) | I(x,y).  [clausify(22)].
kept:      241 -P(x,y) | -D(f6(x,y),x) | I(x,y).  [clausify(22)].
kept:      242 -IC(x,y) | -I(z,x) | -I(z,y).  [clausify(30)].
kept:      243 null = x | I(f12(x),x).  [clausify(31)].
kept:      244 -B(x,y) | -B(z,y) | -I(z,y).  [clausify(33)].
kept:      245 -B(x,y) | -EQ(y,z) | B(f14(y,z),z).  [clausify(35)].
kept:      246 B(f15(x,y),x) | -EQ(x,y) | -B(z,y).  [clausify(36)].
kept:      247 B(f16(x,y),x) | -B(z,y) | -EQ(x,y).  [clausify(37)].
kept:      248 -O(x,sum(y,z)) | O(x,y) | O(x,z).  [clausify(39)].
kept:      249 -O(x,y) | O(x,sum(y,z)).  [clausify(39)].
kept:      250 -O(x,y) | O(x,sum(z,y)).  [clausify(39)].
kept:      251 -P(x,prod(y,z)) | P(x,y).  [clausify(40)].
kept:      252 -P(x,prod(y,z)) | P(x,z).  [clausify(40)].
kept:      253 -P(x,y) | -P(x,z) | P(x,prod(y,z)).  [clausify(40)].
kept:      254 -P(x,compl(y)) | D(x,y).  [clausify(41)].
kept:      255 -P(x,diff(y,z)) | P(x,y).  [clausify(42)].
kept:      256 -P(x,diff(y,z)) | D(x,z).  [clausify(42)].
kept:      257 -P(x,y) | -D(x,z) | P(x,diff(y,z)).  [clausify(42)].
kept:      258 compl(x) != y | compl(x) != z | z = y.  [clausify(43)].
kept:      259 diff(x,y) != z | diff(x,y) != u | u = z.  [clausify(44)].
kept:      260 prod(x,y) != z | prod(x,y) != u | u = z.  [clausify(45)].
kept:      261 sum(x,y) != z | sum(x,y) != u | u = z.  [clausify(46)].
kept:      262 null = x | null = y | f18(x,y) != null.  [clausify(47)].
           263 null = x | null = y | sum(x,y) = f18(x,y).  [clausify(47)].
kept:      264 null = x | null = y | f18(x,y) = sum(x,y).  [copy(263),flip(c)].

% Operation sum is commutative; C redundancy checks enabled.
kept:      265 sum(x,y) = sum(y,x).  [clausify(48)].
kept:      266 compl(x) != null | cuniversal = x.  [clausify(49)].
kept:      267 cuniversal != x | compl(x) = null.  [clausify(49)].
kept:      268 compl(x) != cuniversal | null = x.  [clausify(50)].
kept:      269 null != x | compl(x) = cuniversal.  [clausify(50)].

% Operation prod is commutative; C redundancy checks enabled.
kept:      270 prod(x,y) = prod(y,x).  [clausify(51)].
kept:      271 diff(x,y) != null | null = x | P(x,y).  [clausify(52)].
kept:      272 -D(x,y) | diff(x,y) = x.  [clausify(53)].
kept:      273 -P(x,cuniversal) | diff(x,null) = x.  [clausify(54)].
kept:      274 -P(x,cuniversal) | sum(null,x) = x.  [clausify(55)].
kept:      275 null = x | I(f19(x),x).  [clausify(56)].
kept:      276 null = x | -I(y,x) | I(y,f19(x)).  [clausify(56)].
kept:      277 null = x | -B(y,f19(x)).  [clausify(56)].
kept:      278 bdy(x) = null | B(bdy(x),x).  [clausify(57)].
kept:      279 bdy(x) = null | -B(y,x) | P(y,bdy(x)).  [clausify(57)].
kept:      280 P(f8(c1,c2),c1).  [resolve(62,a,61,a)].
kept:      281 B(f8(c1,c2),c2).  [resolve(63,a,61,a)].
kept:      282 -P(x,c1) | -P(x,c2) | B(x,c1).  [resolve(69,a,68,a)].
kept:      283 -P(x,c1) | -P(x,c2) | B(x,c2).  [resolve(70,a,68,a)].
kept:      284 -IC(c1,c2).  [resolve(74,b,68,a)].
kept:      285 B(f13(c2),c2).  [resolve(77,b,68,a)].
kept:      286 -P(x,y) | P(y,x) | P(f2(x,y),y).  [resolve(80,c,81,a)].
kept:      287 -P(x,y) | P(y,x) | D(f2(x,y),x).  [resolve(80,c,82,a)].
kept:      288 -B(x,y) | P(f2(x,y),y).  [resolve(87,b,81,a)].
kept:      289 -B(x,y) | D(f2(x,y),x).  [resolve(87,b,82,a)].
kept:      290 -B(x,y) | P(x,y).  [resolve(87,b,83,a)].
kept:      291 -B(x,y) | -P(y,x).  [resolve(87,b,84,a)].
kept:      292 P(f2(c1,c2),c2).  [resolve(89,a,81,a)].
kept:      293 D(f2(c1,c2),c1).  [resolve(89,a,82,a)].
kept:      294 P(c1,c2).  [resolve(89,a,83,a)].
kept:      295 -P(c2,c1).  [resolve(89,a,84,a)].
kept:      296 -P(x,y) | -B(x,z) | P(f8(y,z),y) | -P(y,z) | P(z,y).  [resolve(90,a,80,c)].
kept:      297 -P(x,y) | -B(x,z) | P(f8(y,z),y) | -B(y,z).  [resolve(90,a,87,b)].
kept:      298 -P(x,y) | -B(x,z) | B(f8(y,z),z) | -P(y,z) | P(z,y).  [resolve(91,a,80,c)].
kept:      299 -P(x,y) | -B(x,z) | B(f8(y,z),z) | -B(y,z).  [resolve(91,a,87,b)].
kept:      300 null = x | P(f4(x),x) | -P(y,x) | EQ(x,y).  [resolve(94,c,96,a)].
kept:      301 null = x | -EQ(x,f4(x)) | -P(y,x) | EQ(x,y).  [resolve(97,c,96,a)].
kept:      302 -IC(x,y) | O(x,y).  [resolve(104,b,99,a)].
kept:      303 -IC(x,y) | -P(x,y).  [resolve(104,b,100,a)].
kept:      304 -IC(x,y) | -P(y,x).  [resolve(104,b,101,a)].
kept:      305 O(c1,c2).  [resolve(105,a,99,a)].
           306 -P(c1,c2).  [resolve(105,a,100,a)].
-------- Proof 1 -------- 

============================== PROOF =================================

% Proof 1 at 0.04 (+ 0.01) seconds.
% Length of proof is 16.
% Level of proof is 4.
% Maximum clause weight is 3.000.
% Given clauses 0.

1 -(all x all y (-(x != null & y != null & (exists z B(z,x)) & (exists t B(t,y)) & TPP(x,y)) | -EC(x,y))) # label(non_clause).  [assumption].
12 (all x all y ((-PP(x,y) | P(x,y) & -P(y,x)) & (-(P(x,y) & -P(y,x)) | PP(x,y)))) # label(non_clause).  [assumption].
21 (all x all y ((-IMB(x,y) | O(x,y) & -P(x,y) & -P(y,x)) & (-(O(x,y) & -P(x,y) & -P(y,x)) | IMB(x,y)))) # label(non_clause).  [assumption].
26 (all x all y ((-TPP(x,y) | PP(x,y) & (exists z (P(z,x) & B(z,y)))) & (-(PP(x,y) & (exists z (P(z,x) & B(z,y)))) | TPP(x,y)))) # label(non_clause).  [assumption].
29 (all x all y ((-EC(x,y) | IMB(x,y) & (all z (-(P(z,x) & P(z,y)) | B(z,x) & B(z,y)))) & (-(IMB(x,y) & (all z (-(P(z,x) & P(z,y)) | B(z,x) & B(z,y)))) | EC(x,y)))) # label(non_clause).  [assumption].
60 -TPP(x,y) | PP(x,y).  [clausify(26)].
61 TPP(c1,c2).  [clausify(1)].
67 -EC(x,y) | IMB(x,y).  [clausify(29)].
68 EC(c1,c2).  [clausify(1)].
83 -PP(x,y) | P(x,y).  [clausify(12)].
89 PP(c1,c2).  [resolve(60,a,61,a)].
100 -IMB(x,y) | -P(x,y).  [clausify(21)].
105 IMB(c1,c2).  [resolve(67,a,68,a)].
294 P(c1,c2).  [resolve(89,a,83,a)].
306 -P(c1,c2).  [resolve(105,a,100,a)].
307 $F.  [copy(306),unit_del(a,294)].

============================== end of proof ==========================

============================== STATISTICS ============================

Given=0. Generated=101. Kept=93. proofs=1.
Usable=0. Sos=0. Demods=2. Limbo=93, Disabled=250. Hints=0.
Kept_by_rule=0, Deleted_by_rule=0.
Forward_subsumed=7. Back_subsumed=0.
Sos_limit_deleted=0. Sos_displaced=0. Sos_removed=0.
New_demodulators=2 (2 lex), Back_demodulated=0. Back_unit_deleted=0.
Demod_attempts=407. Demod_rewrites=0.
Res_instance_prunes=0. Para_instance_prunes=0. Basic_paramod_prunes=0.
Nonunit_fsub_feature_tests=34. Nonunit_bsub_feature_tests=0.
Megabytes=0.76.
User_CPU=0.04, System_CPU=0.01, Wall_clock=0.

============================== end of statistics =====================

============================== end of search =========================

THEOREM PROVED

THEOREM PROVED

Exiting with 1 proof.

------ process 9671 exit (max_proofs) ------

Process 9671 exit (max_proofs) Mon Feb  3 12:05:04 2020

========================== MACLEOD SUMMARY ===========================
reasoner: /home/aidin12/macleod/Reasoning/prover9_bin/prover9
status: PROOF
execution finished: Mon Feb 03 12:05:07 2020
total CPU time used: 0
The command was "/home/aidin12/macleod/Reasoning/prover9_bin/prover9 -t100 -f /home/aidin12/macleod/ontologies/after/JEPD/PD/conversions/PD91.all.p9"
============================ end of footer ===========================
